Port monitor named: Port1_e1[4].prt

nx        = 101
ny        = 102
nz        = 32

nu        = 13
nv        = 41
iu        = 12
iv        = 31

idir      = 1
dcut      = 0.000000e+000
icut      = 9
type      = 0
frequency = 4.000000e+009

fcutoff   = 0.000000e+000
alpha     = 0.000000e+000
beta      = 1.444317e+002
accuracy  = 3.159901e-011

type          = QTEM
wave imp.     = 2.290751e+002
wave imp.sig. = 6.479800e-008
line imp.     = 4.028616e+001

ref. port     = 0

0.000000e+000  0.000000e+000  0.000000e+000  0.000000e+000  0.000000e+000  0.000000e+000  0.000000e+000  0.000000e+000  0.000000e+000  0.000000e+000  0.000000e+000  0.000000e+000  0.000000e+000  
-1.159284e+002  -1.159159e+002  -1.158982e+002  -1.158857e+002  0.000000e+000  -8.055865e+001  -7.845843e+001  -7.440342e+001  -5.954194e+001  -1.899539e+001  1.242005e+001  2.658362e+001  0.000000e+000  
-2.132011e+002  -2.130279e+002  -2.127828e+002  -2.126092e+002  0.000000e+000  -1.905709e+002  -1.838694e+002  -1.711062e+002  -1.253788e+002  -2.571127e+001  3.643067e+001  6.050827e+001  0.000000e+000  
-2.364931e+002  -2.360005e+002  -2.353020e+002  -2.348066e+002  0.000000e+000  -2.346003e+002  -2.251287e+002  -2.072320e+002  -1.438954e+002  -2.255429e+001  4.619755e+001  7.124071e+001  0.000000e+000  
-2.601561e+002  -2.590377e+002  -2.574481e+002  -2.563183e+002  0.000000e+000  -2.882885e+002  -2.749947e+002  -2.500872e+002  -1.630242e+002  -1.688414e+001  5.775641e+001  8.304132e+001  0.000000e+000  
-2.848449e+002  -2.824080e+002  -2.789317e+002  -2.764506e+002  0.000000e+000  -3.554953e+002  -3.366924e+002  -3.018549e+002  -1.818876e+002  -7.851008e+000  7.134395e+001  9.593070e+001  0.000000e+000  
-3.077450e+002  -3.030108e+002  -2.962177e+002  -2.913367e+002  0.000000e+000  -4.276533e+002  -4.019807e+002  -3.551039e+002  -1.964917e+002  3.295849e+000  8.467009e+001  1.077358e+002  0.000000e+000  
-3.341640e+002  -3.250632e+002  -3.118814e+002  -3.023036e+002  0.000000e+000  -5.186045e+002  -4.828236e+002  -4.189463e+002  -2.081797e+002  1.838325e+001  9.974043e+001  1.202805e+002  0.000000e+000  
-3.674709e+002  -3.501205e+002  -3.246050e+002  -3.057090e+002  0.000000e+000  -6.356965e+002  -5.842440e+002  -4.956861e+002  -2.144935e+002  3.826523e+001  1.166376e+002  1.335002e+002  0.000000e+000  
-4.140383e+002  -3.813334e+002  -3.320474e+002  -2.943351e+002  0.000000e+000  -7.903052e+002  -7.128039e+002  -5.871855e+002  -2.117328e+002  6.386666e+001  1.353931e+002  1.472974e+002  0.000000e+000  
-4.857344e+002  -4.252043e+002  -3.303682e+002  -2.536161e+002  0.000000e+000  -1.001312e+003  -8.765276e+002  -6.930261e+002  -1.944780e+002  9.612229e+001  1.559648e+002  1.615376e+002  0.000000e+000  
-6.238237e+002  -5.070586e+002  -3.112695e+002  -1.350502e+002  0.000000e+000  -1.351096e+003  -1.114669e+003  -8.217327e+002  -1.479975e+002  1.418638e+002  1.813749e+002  1.780468e+002  0.000000e+000  
-8.782928e+002  -6.676238e+002  -2.724088e+002  1.598183e+002  0.000000e+000  -1.922135e+003  -1.406378e+003  -9.206179e+002  -5.778869e+001  1.980422e+002  2.085427e+002  1.945855e+002  0.000000e+000  
-1.342889e+003  -1.012323e+003  -2.703918e+002  8.868152e+002  0.000000e+000  -2.974946e+003  -1.671380e+003  -8.782353e+002  9.413976e+001  2.644057e+002  2.368050e+002  2.107708e+002  0.000000e+000  
-2.137221e+003  -1.767762e+003  -6.834837e+002  2.327050e+003  0.000000e+000  -4.404516e+003  -1.462682e+003  -4.477825e+002  3.214949e+002  3.389554e+002  2.652134e+002  2.261653e+002  0.000000e+000  
-3.299693e+003  -3.236931e+003  -3.022409e+003  -2.282657e+003  -1.692452e+003  -1.473325e+001  5.385061e+002  6.505404e+002  6.144306e+002  4.172642e+002  2.925545e+002  2.402961e+002  0.000000e+000  
-4.522889e+003  -4.855859e+003  -5.884698e+003  -9.012718e+003  0.000000e+000  6.200849e+003  2.950872e+003  1.866696e+003  9.143686e+002  4.925742e+002  3.174408e+002  2.526816e+002  0.000000e+000  
-5.410323e+003  -5.775922e+003  -6.644174e+003  -8.219506e+003  0.000000e+000  4.887443e+003  3.349674e+003  2.417513e+003  1.153692e+003  5.576978e+002  3.384767e+002  2.628654e+002  0.000000e+000  
-5.928818e+003  -6.189764e+003  -6.692468e+003  -7.279171e+003  0.000000e+000  3.828171e+003  3.187622e+003  2.556935e+003  1.314284e+003  6.072529e+002  3.544382e+002  2.704507e+002  0.000000e+000  
-6.182705e+003  -6.358028e+003  -6.652631e+003  -6.921045e+003  0.000000e+000  3.368488e+003  3.019144e+003  2.558111e+003  1.403497e+003  6.380212e+002  3.643966e+002  2.751309e+002  0.000000e+000  
-6.257453e+003  -6.403084e+003  -6.634876e+003  -6.827061e+003  0.000000e+000  3.236917e+003  2.957245e+003  2.547329e+003  1.431815e+003  6.484296e+002  3.677802e+002  2.767130e+002  0.000000e+000  
-6.182705e+003  -6.358028e+003  -6.652631e+003  -6.921045e+003  0.000000e+000  3.368488e+003  3.019144e+003  2.558111e+003  1.403497e+003  6.380212e+002  3.643966e+002  2.751309e+002  0.000000e+000  
-5.928818e+003  -6.189764e+003  -6.692468e+003  -7.279171e+003  0.000000e+000  3.828171e+003  3.187622e+003  2.556935e+003  1.314284e+003  6.072529e+002  3.544382e+002  2.704507e+002  0.000000e+000  
-5.410323e+003  -5.775922e+003  -6.644174e+003  -8.219506e+003  0.000000e+000  4.887443e+003  3.349674e+003  2.417513e+003  1.153692e+003  5.576978e+002  3.384767e+002  2.628654e+002  0.000000e+000  
-4.522889e+003  -4.855859e+003  -5.884698e+003  -9.012718e+003  0.000000e+000  6.200849e+003  2.950872e+003  1.866696e+003  9.143686e+002  4.925742e+002  3.174408e+002  2.526816e+002  0.000000e+000  
-3.299693e+003  -3.236931e+003  -3.022409e+003  -2.282657e+003  -1.692452e+003  -1.473325e+001  5.385061e+002  6.505404e+002  6.144306e+002  4.172642e+002  2.925545e+002  2.402961e+002  0.000000e+000  
-2.137221e+003  -1.767762e+003  -6.834837e+002  2.327050e+003  0.000000e+000  -4.404516e+003  -1.462682e+003  -4.477825e+002  3.214949e+002  3.389554e+002  2.652134e+002  2.261653e+002  0.000000e+000  
-1.342889e+003  -1.012323e+003  -2.703918e+002  8.868152e+002  0.000000e+000  -2.974946e+003  -1.671380e+003  -8.782353e+002  9.413976e+001  2.644057e+002  2.368050e+002  2.107708e+002  0.000000e+000  
-8.782928e+002  -6.676238e+002  -2.724088e+002  1.598183e+002  0.000000e+000  -1.922135e+003  -1.406378e+003  -9.206179e+002  -5.778869e+001  1.980422e+002  2.085427e+002  1.945855e+002  0.000000e+000  
-6.238237e+002  -5.070586e+002  -3.112695e+002  -1.350502e+002  0.000000e+000  -1.351096e+003  -1.114669e+003  -8.217327e+002  -1.479975e+002  1.418638e+002  1.813749e+002  1.780468e+002  0.000000e+000  
-4.857344e+002  -4.252043e+002  -3.303682e+002  -2.536161e+002  0.000000e+000  -1.001312e+003  -8.765276e+002  -6.930261e+002  -1.944780e+002  9.612229e+001  1.559648e+002  1.615376e+002  0.000000e+000  
-4.140383e+002  -3.813334e+002  -3.320474e+002  -2.943351e+002  0.000000e+000  -7.903052e+002  -7.128039e+002  -5.871855e+002  -2.117328e+002  6.386666e+001  1.353931e+002  1.472974e+002  0.000000e+000  
-3.674709e+002  -3.501205e+002  -3.246050e+002  -3.057090e+002  0.000000e+000  -6.356965e+002  -5.842440e+002  -4.956861e+002  -2.144935e+002  3.826523e+001  1.166376e+002  1.335002e+002  0.000000e+000  
-3.341640e+002  -3.250632e+002  -3.118814e+002  -3.023036e+002  0.000000e+000  -5.186045e+002  -4.828236e+002  -4.189463e+002  -2.081797e+002  1.838325e+001  9.974043e+001  1.202805e+002  0.000000e+000  
-3.077450e+002  -3.030108e+002  -2.962177e+002  -2.913367e+002  0.000000e+000  -4.276533e+002  -4.019807e+002  -3.551039e+002  -1.964917e+002  3.295849e+000  8.467009e+001  1.077358e+002  0.000000e+000  
-2.848449e+002  -2.824080e+002  -2.789317e+002  -2.764506e+002  0.000000e+000  -3.554953e+002  -3.366924e+002  -3.018549e+002  -1.818876e+002  -7.851008e+000  7.134395e+001  9.593070e+001  0.000000e+000  
-2.601561e+002  -2.590377e+002  -2.574481e+002  -2.563183e+002  0.000000e+000  -2.882885e+002  -2.749947e+002  -2.500872e+002  -1.630242e+002  -1.688414e+001  5.775641e+001  8.304132e+001  0.000000e+000  
-2.364931e+002  -2.360005e+002  -2.353020e+002  -2.348066e+002  0.000000e+000  -2.346003e+002  -2.251287e+002  -2.072320e+002  -1.438954e+002  -2.255429e+001  4.619755e+001  7.124071e+001  0.000000e+000  
-2.132011e+002  -2.130279e+002  -2.127828e+002  -2.126092e+002  0.000000e+000  -1.905709e+002  -1.838694e+002  -1.711062e+002  -1.253788e+002  -2.571127e+001  3.643067e+001  6.050827e+001  0.000000e+000  
-1.159284e+002  -1.159159e+002  -1.158982e+002  -1.158857e+002  0.000000e+000  -8.055865e+001  -7.845843e+001  -7.440342e+001  -5.954194e+001  -1.899539e+001  1.242005e+001  2.658362e+001  0.000000e+000  
0.000000e+000  0.000000e+000  0.000000e+000  0.000000e+000  0.000000e+000  0.000000e+000  0.000000e+000  0.000000e+000  0.000000e+000  0.000000e+000  0.000000e+000  0.000000e+000  0.000000e+000  

0.000000e+000  -4.178648e-003  -5.910173e-003  -4.179605e-003  0.000000e+000  0.000000e+000  -1.233168e+001  -2.424909e+001  -3.536706e+001  -6.960252e+001  -7.094284e+001  -4.214675e+001  0.000000e+000  
0.000000e+000  -6.326367e-002  -8.950145e-002  -6.331086e-002  0.000000e+000  0.000000e+000  -2.191020e+001  -4.274280e+001  -6.153723e+001  -1.099295e+002  -9.964725e+001  -5.508700e+001  0.000000e+000  
0.000000e+000  -5.288297e-001  -7.486983e-001  -5.300049e-001  0.000000e+000  0.000000e+000  -3.929445e+001  -7.585119e+001  -1.073372e+002  -1.663104e+002  -1.319404e+002  -6.759767e+001  0.000000e+000  
0.000000e+000  -1.038495e+000  -1.471517e+000  -1.042620e+000  0.000000e+000  0.000000e+000  -4.874993e+001  -9.371728e+001  -1.317503e+002  -1.927260e+002  -1.456896e+002  -7.260504e+001  0.000000e+000  
0.000000e+000  -2.195842e+000  -3.116342e+000  -2.211750e+000  0.000000e+000  0.000000e+000  -6.202116e+001  -1.185825e+002  -1.653091e+002  -2.245402e+002  -1.606161e+002  -7.766044e+001  0.000000e+000  
0.000000e+000  -4.528808e+000  -6.444415e+000  -4.587128e+000  0.000000e+000  0.000000e+000  -7.938819e+001  -1.507595e+002  -2.080922e+002  -2.595934e+002  -1.752683e+002  -8.220813e+001  0.000000e+000  
0.000000e+000  -8.694647e+000  -1.242205e+001  -8.882248e+000  0.000000e+000  0.000000e+000  -1.011834e+002  -1.905561e+002  -2.600841e+002  -2.965795e+002  -1.891059e+002  -8.612910e+001  0.000000e+000  
0.000000e+000  -1.670296e+001  -2.402148e+001  -1.731031e+001  0.000000e+000  0.000000e+000  -1.315603e+002  -2.447859e+002  -3.291722e+002  -3.385224e+002  -2.029400e+002  -8.962014e+001  0.000000e+000  
0.000000e+000  -3.197060e+001  -4.647403e+001  -3.393805e+001  0.000000e+000  0.000000e+000  -1.752425e+002  -3.199692e+002  -4.213461e+002  -3.853145e+002  -2.162657e+002  -9.248529e+001  0.000000e+000  
0.000000e+000  -6.074952e+001  -8.984366e+001  -6.712335e+001  0.000000e+000  0.000000e+000  -2.410401e+002  -4.266167e+002  -5.444187e+002  -4.363345e+002  -2.284261e+002  -9.450664e+001  0.000000e+000  
0.000000e+000  -1.176449e+002  -1.789853e+002  -1.392672e+002  0.000000e+000  0.000000e+000  -3.542047e+002  -5.930290e+002  -7.189848e+002  -4.937983e+002  -2.392916e+002  -9.551497e+001  0.000000e+000  
0.000000e+000  -2.344038e+002  -3.747650e+002  -3.154790e+002  0.000000e+000  0.000000e+000  -5.823047e+002  -8.756438e+002  -9.699507e+002  -5.547724e+002  -2.469193e+002  -9.486660e+001  0.000000e+000  
0.000000e+000  -4.450608e+002  -7.699603e+002  -7.476889e+002  0.000000e+000  0.000000e+000  -1.079902e+003  -1.344292e+003  -1.291353e+003  -6.085836e+002  -2.489378e+002  -9.216308e+001  0.000000e+000  
0.000000e+000  -7.756041e+002  -1.511851e+003  -1.904855e+003  0.000000e+000  0.000000e+000  -2.337582e+003  -2.109498e+003  -1.653556e+003  -6.443884e+002  -2.435898e+002  -8.712455e+001  0.000000e+000  
0.000000e+000  -1.145025e+003  -2.596053e+003  -4.915281e+003  -8.354003e+003  -8.914840e+003  -5.175864e+003  -3.088638e+003  -1.940090e+003  -6.480387e+002  -2.293212e+002  -7.956993e+001  0.000000e+000  
0.000000e+000  -1.207738e+003  -2.810450e+003  -5.654740e+003  -1.182688e+004  -1.125027e+004  -5.709469e+003  -3.196646e+003  -1.926586e+003  -6.065270e+002  -2.051989e+002  -6.946127e+001  0.000000e+000  
0.000000e+000  -8.747299e+002  -1.781533e+003  -2.526614e+003  0.000000e+000  0.000000e+000  -2.573741e+003  -2.150545e+003  -1.571767e+003  -5.177496e+002  -1.713284e+002  -5.693576e+001  0.000000e+000  
0.000000e+000  -5.091084e+002  -9.132403e+002  -9.512401e+002  0.000000e+000  0.000000e+000  -1.090032e+003  -1.251132e+003  -1.100915e+003  -3.923179e+002  -1.289345e+002  -4.231219e+001  0.000000e+000  
0.000000e+000  -2.481490e+002  -4.105156e+002  -3.645191e+002  0.000000e+000  0.000000e+000  -4.719944e+002  -6.425994e+002  -6.379557e+002  -2.435227e+002  -8.004613e+001  -2.606923e+001  0.000000e+000  
0.000000e+000  -7.281886e+001  -1.159003e+002  -9.609576e+001  0.000000e+000  0.000000e+000  -1.349239e+002  -1.977595e+002  -2.077961e+002  -8.243040e+001  -2.713474e+001  -8.805839e+000  0.000000e+000  
0.000000e+000  7.281886e+001  1.159003e+002  9.609576e+001  0.000000e+000  0.000000e+000  1.349239e+002  1.977595e+002  2.077961e+002  8.243040e+001  2.713474e+001  8.805839e+000  0.000000e+000  
0.000000e+000  2.481490e+002  4.105156e+002  3.645191e+002  0.000000e+000  0.000000e+000  4.719944e+002  6.425994e+002  6.379557e+002  2.435227e+002  8.004613e+001  2.606923e+001  0.000000e+000  
0.000000e+000  5.091084e+002  9.132403e+002  9.512401e+002  0.000000e+000  0.000000e+000  1.090032e+003  1.251132e+003  1.100915e+003  3.923179e+002  1.289345e+002  4.231219e+001  0.000000e+000  
0.000000e+000  8.747299e+002  1.781533e+003  2.526614e+003  0.000000e+000  0.000000e+000  2.573741e+003  2.150545e+003  1.571767e+003  5.177496e+002  1.713284e+002  5.693576e+001  0.000000e+000  
0.000000e+000  1.207738e+003  2.810450e+003  5.654740e+003  1.182688e+004  1.125027e+004  5.709469e+003  3.196646e+003  1.926586e+003  6.065270e+002  2.051989e+002  6.946127e+001  0.000000e+000  
0.000000e+000  1.145025e+003  2.596053e+003  4.915281e+003  8.354003e+003  8.914840e+003  5.175864e+003  3.088638e+003  1.940090e+003  6.480387e+002  2.293212e+002  7.956993e+001  0.000000e+000  
0.000000e+000  7.756041e+002  1.511851e+003  1.904855e+003  0.000000e+000  0.000000e+000  2.337582e+003  2.109498e+003  1.653556e+003  6.443884e+002  2.435898e+002  8.712455e+001  0.000000e+000  
0.000000e+000  4.450608e+002  7.699603e+002  7.476889e+002  0.000000e+000  0.000000e+000  1.079902e+003  1.344292e+003  1.291353e+003  6.085836e+002  2.489378e+002  9.216308e+001  0.000000e+000  
0.000000e+000  2.344038e+002  3.747650e+002  3.154790e+002  0.000000e+000  0.000000e+000  5.823047e+002  8.756438e+002  9.699507e+002  5.547724e+002  2.469193e+002  9.486660e+001  0.000000e+000  
0.000000e+000  1.176449e+002  1.789853e+002  1.392672e+002  0.000000e+000  0.000000e+000  3.542047e+002  5.930290e+002  7.189848e+002  4.937983e+002  2.392916e+002  9.551497e+001  0.000000e+000  
0.000000e+000  6.074952e+001  8.984366e+001  6.712335e+001  0.000000e+000  0.000000e+000  2.410401e+002  4.266167e+002  5.444187e+002  4.363345e+002  2.284261e+002  9.450664e+001  0.000000e+000  
0.000000e+000  3.197060e+001  4.647403e+001  3.393805e+001  0.000000e+000  0.000000e+000  1.752425e+002  3.199692e+002  4.213461e+002  3.853145e+002  2.162657e+002  9.248529e+001  0.000000e+000  
0.000000e+000  1.670296e+001  2.402148e+001  1.731031e+001  0.000000e+000  0.000000e+000  1.315603e+002  2.447859e+002  3.291722e+002  3.385224e+002  2.029400e+002  8.962014e+001  0.000000e+000  
0.000000e+000  8.694647e+000  1.242205e+001  8.882248e+000  0.000000e+000  0.000000e+000  1.011834e+002  1.905561e+002  2.600841e+002  2.965795e+002  1.891059e+002  8.612910e+001  0.000000e+000  
0.000000e+000  4.528808e+000  6.444415e+000  4.587128e+000  0.000000e+000  0.000000e+000  7.938819e+001  1.507595e+002  2.080922e+002  2.595934e+002  1.752683e+002  8.220813e+001  0.000000e+000  
0.000000e+000  2.195842e+000  3.116342e+000  2.211750e+000  0.000000e+000  0.000000e+000  6.202116e+001  1.185825e+002  1.653091e+002  2.245402e+002  1.606161e+002  7.766044e+001  0.000000e+000  
0.000000e+000  1.038495e+000  1.471517e+000  1.042620e+000  0.000000e+000  0.000000e+000  4.874993e+001  9.371728e+001  1.317503e+002  1.927260e+002  1.456896e+002  7.260504e+001  0.000000e+000  
0.000000e+000  5.288297e-001  7.486983e-001  5.300049e-001  0.000000e+000  0.000000e+000  3.929445e+001  7.585119e+001  1.073372e+002  1.663104e+002  1.319404e+002  6.759767e+001  0.000000e+000  
0.000000e+000  6.326367e-002  8.950144e-002  6.331085e-002  0.000000e+000  0.000000e+000  2.191020e+001  4.274280e+001  6.153723e+001  1.099295e+002  9.964725e+001  5.508700e+001  0.000000e+000  
0.000000e+000  4.178647e-003  5.910173e-003  4.179604e-003  0.000000e+000  0.000000e+000  1.233168e+001  2.424909e+001  3.536706e+001  6.960252e+001  7.094284e+001  4.214675e+001  0.000000e+000  
0.000000e+000  0.000000e+000  0.000000e+000  0.000000e+000  0.000000e+000  0.000000e+000  0.000000e+000  0.000000e+000  0.000000e+000  0.000000e+000  0.000000e+000  0.000000e+000  0.000000e+000  

0.000000e+000  0.000000e+000  0.000000e+000  0.000000e+000  0.000000e+000  0.000000e+000  0.000000e+000  0.000000e+000  0.000000e+000  0.000000e+000  0.000000e+000  0.000000e+000  0.000000e+000  
0.000000e+000  0.000000e+000  0.000000e+000  0.000000e+000  0.000000e+000  0.000000e+000  0.000000e+000  0.000000e+000  0.000000e+000  0.000000e+000  0.000000e+000  0.000000e+000  0.000000e+000  
0.000000e+000  0.000000e+000  0.000000e+000  0.000000e+000  0.000000e+000  0.000000e+000  0.000000e+000  0.000000e+000  0.000000e+000  0.000000e+000  0.000000e+000  0.000000e+000  0.000000e+000  
0.000000e+000  0.000000e+000  0.000000e+000  0.000000e+000  0.000000e+000  0.000000e+000  0.000000e+000  0.000000e+000  0.000000e+000  0.000000e+000  0.000000e+000  0.000000e+000  0.000000e+000  
0.000000e+000  0.000000e+000  0.000000e+000  0.000000e+000  0.000000e+000  0.000000e+000  0.000000e+000  0.000000e+000  0.000000e+000  0.000000e+000  0.000000e+000  0.000000e+000  0.000000e+000  
0.000000e+000  0.000000e+000  0.000000e+000  0.000000e+000  0.000000e+000  0.000000e+000  0.000000e+000  0.000000e+000  0.000000e+000  0.000000e+000  0.000000e+000  0.000000e+000  0.000000e+000  
0.000000e+000  0.000000e+000  0.000000e+000  0.000000e+000  0.000000e+000  0.000000e+000  0.000000e+000  0.000000e+000  0.000000e+000  0.000000e+000  0.000000e+000  0.000000e+000  0.000000e+000  
0.000000e+000  0.000000e+000  0.000000e+000  0.000000e+000  0.000000e+000  0.000000e+000  0.000000e+000  0.000000e+000  0.000000e+000  0.000000e+000  0.000000e+000  0.000000e+000  0.000000e+000  
0.000000e+000  0.000000e+000  0.000000e+000  0.000000e+000  0.000000e+000  0.000000e+000  0.000000e+000  0.000000e+000  0.000000e+000  0.000000e+000  0.000000e+000  0.000000e+000  0.000000e+000  
0.000000e+000  0.000000e+000  0.000000e+000  0.000000e+000  0.000000e+000  0.000000e+000  0.000000e+000  0.000000e+000  0.000000e+000  0.000000e+000  0.000000e+000  0.000000e+000  0.000000e+000  
0.000000e+000  0.000000e+000  0.000000e+000  0.000000e+000  0.000000e+000  0.000000e+000  0.000000e+000  0.000000e+000  0.000000e+000  0.000000e+000  0.000000e+000  0.000000e+000  0.000000e+000  
0.000000e+000  0.000000e+000  0.000000e+000  0.000000e+000  0.000000e+000  0.000000e+000  0.000000e+000  0.000000e+000  0.000000e+000  0.000000e+000  0.000000e+000  0.000000e+000  0.000000e+000  
0.000000e+000  0.000000e+000  0.000000e+000  0.000000e+000  0.000000e+000  0.000000e+000  0.000000e+000  0.000000e+000  0.000000e+000  0.000000e+000  0.000000e+000  0.000000e+000  0.000000e+000  
0.000000e+000  0.000000e+000  0.000000e+000  0.000000e+000  0.000000e+000  0.000000e+000  0.000000e+000  0.000000e+000  0.000000e+000  0.000000e+000  0.000000e+000  0.000000e+000  0.000000e+000  
0.000000e+000  0.000000e+000  0.000000e+000  0.000000e+000  0.000000e+000  0.000000e+000  0.000000e+000  0.000000e+000  0.000000e+000  0.000000e+000  0.000000e+000  0.000000e+000  0.000000e+000  
0.000000e+000  0.000000e+000  0.000000e+000  0.000000e+000  0.000000e+000  0.000000e+000  0.000000e+000  0.000000e+000  0.000000e+000  0.000000e+000  0.000000e+000  0.000000e+000  0.000000e+000  
0.000000e+000  0.000000e+000  0.000000e+000  0.000000e+000  0.000000e+000  0.000000e+000  0.000000e+000  0.000000e+000  0.000000e+000  0.000000e+000  0.000000e+000  0.000000e+000  0.000000e+000  
0.000000e+000  0.000000e+000  0.000000e+000  0.000000e+000  0.000000e+000  0.000000e+000  0.000000e+000  0.000000e+000  0.000000e+000  0.000000e+000  0.000000e+000  0.000000e+000  0.000000e+000  
0.000000e+000  0.000000e+000  0.000000e+000  0.000000e+000  0.000000e+000  0.000000e+000  0.000000e+000  0.000000e+000  0.000000e+000  0.000000e+000  0.000000e+000  0.000000e+000  0.000000e+000  
0.000000e+000  0.000000e+000  0.000000e+000  0.000000e+000  0.000000e+000  0.000000e+000  0.000000e+000  0.000000e+000  0.000000e+000  0.000000e+000  0.000000e+000  0.000000e+000  0.000000e+000  
0.000000e+000  0.000000e+000  0.000000e+000  0.000000e+000  0.000000e+000  0.000000e+000  0.000000e+000  0.000000e+000  0.000000e+000  0.000000e+000  0.000000e+000  0.000000e+000  0.000000e+000  
0.000000e+000  0.000000e+000  0.000000e+000  0.000000e+000  0.000000e+000  0.000000e+000  0.000000e+000  0.000000e+000  0.000000e+000  0.000000e+000  0.000000e+000  0.000000e+000  0.000000e+000  
0.000000e+000  0.000000e+000  0.000000e+000  0.000000e+000  0.000000e+000  0.000000e+000  0.000000e+000  0.000000e+000  0.000000e+000  0.000000e+000  0.000000e+000  0.000000e+000  0.000000e+000  
0.000000e+000  0.000000e+000  0.000000e+000  0.000000e+000  0.000000e+000  0.000000e+000  0.000000e+000  0.000000e+000  0.000000e+000  0.000000e+000  0.000000e+000  0.000000e+000  0.000000e+000  
0.000000e+000  0.000000e+000  0.000000e+000  0.000000e+000  0.000000e+000  0.000000e+000  0.000000e+000  0.000000e+000  0.000000e+000  0.000000e+000  0.000000e+000  0.000000e+000  0.000000e+000  
0.000000e+000  0.000000e+000  0.000000e+000  0.000000e+000  0.000000e+000  0.000000e+000  0.000000e+000  0.000000e+000  0.000000e+000  0.000000e+000  0.000000e+000  0.000000e+000  0.000000e+000  
0.000000e+000  0.000000e+000  0.000000e+000  0.000000e+000  0.000000e+000  0.000000e+000  0.000000e+000  0.000000e+000  0.000000e+000  0.000000e+000  0.000000e+000  0.000000e+000  0.000000e+000  
0.000000e+000  0.000000e+000  0.000000e+000  0.000000e+000  0.000000e+000  0.000000e+000  0.000000e+000  0.000000e+000  0.000000e+000  0.000000e+000  0.000000e+000  0.000000e+000  0.000000e+000  
0.000000e+000  0.000000e+000  0.000000e+000  0.000000e+000  0.000000e+000  0.000000e+000  0.000000e+000  0.000000e+000  0.000000e+000  0.000000e+000  0.000000e+000  0.000000e+000  0.000000e+000  
0.000000e+000  0.000000e+000  0.000000e+000  0.000000e+000  0.000000e+000  0.000000e+000  0.000000e+000  0.000000e+000  0.000000e+000  0.000000e+000  0.000000e+000  0.000000e+000  0.000000e+000  
0.000000e+000  0.000000e+000  0.000000e+000  0.000000e+000  0.000000e+000  0.000000e+000  0.000000e+000  0.000000e+000  0.000000e+000  0.000000e+000  0.000000e+000  0.000000e+000  0.000000e+000  
0.000000e+000  0.000000e+000  0.000000e+000  0.000000e+000  0.000000e+000  0.000000e+000  0.000000e+000  0.000000e+000  0.000000e+000  0.000000e+000  0.000000e+000  0.000000e+000  0.000000e+000  
0.000000e+000  0.000000e+000  0.000000e+000  0.000000e+000  0.000000e+000  0.000000e+000  0.000000e+000  0.000000e+000  0.000000e+000  0.000000e+000  0.000000e+000  0.000000e+000  0.000000e+000  
0.000000e+000  0.000000e+000  0.000000e+000  0.000000e+000  0.000000e+000  0.000000e+000  0.000000e+000  0.000000e+000  0.000000e+000  0.000000e+000  0.000000e+000  0.000000e+000  0.000000e+000  
0.000000e+000  0.000000e+000  0.000000e+000  0.000000e+000  0.000000e+000  0.000000e+000  0.000000e+000  0.000000e+000  0.000000e+000  0.000000e+000  0.000000e+000  0.000000e+000  0.000000e+000  
0.000000e+000  0.000000e+000  0.000000e+000  0.000000e+000  0.000000e+000  0.000000e+000  0.000000e+000  0.000000e+000  0.000000e+000  0.000000e+000  0.000000e+000  0.000000e+000  0.000000e+000  
0.000000e+000  0.000000e+000  0.000000e+000  0.000000e+000  0.000000e+000  0.000000e+000  0.000000e+000  0.000000e+000  0.000000e+000  0.000000e+000  0.000000e+000  0.000000e+000  0.000000e+000  
0.000000e+000  0.000000e+000  0.000000e+000  0.000000e+000  0.000000e+000  0.000000e+000  0.000000e+000  0.000000e+000  0.000000e+000  0.000000e+000  0.000000e+000  0.000000e+000  0.000000e+000  
0.000000e+000  0.000000e+000  0.000000e+000  0.000000e+000  0.000000e+000  0.000000e+000  0.000000e+000  0.000000e+000  0.000000e+000  0.000000e+000  0.000000e+000  0.000000e+000  0.000000e+000  
0.000000e+000  0.000000e+000  0.000000e+000  0.000000e+000  0.000000e+000  0.000000e+000  0.000000e+000  0.000000e+000  0.000000e+000  0.000000e+000  0.000000e+000  0.000000e+000  0.000000e+000  
0.000000e+000  0.000000e+000  0.000000e+000  0.000000e+000  0.000000e+000  0.000000e+000  0.000000e+000  0.000000e+000  0.000000e+000  0.000000e+000  0.000000e+000  0.000000e+000  0.000000e+000  

0.000000e+000  0.000000e+000  0.000000e+000  0.000000e+000  0.000000e+000  0.000000e+000  0.000000e+000  0.000000e+000  0.000000e+000  0.000000e+000  0.000000e+000  0.000000e+000  0.000000e+000  
0.000000e+000  0.000000e+000  0.000000e+000  0.000000e+000  0.000000e+000  0.000000e+000  0.000000e+000  0.000000e+000  0.000000e+000  0.000000e+000  0.000000e+000  0.000000e+000  0.000000e+000  
0.000000e+000  0.000000e+000  0.000000e+000  0.000000e+000  0.000000e+000  0.000000e+000  0.000000e+000  0.000000e+000  0.000000e+000  0.000000e+000  0.000000e+000  0.000000e+000  0.000000e+000  
0.000000e+000  0.000000e+000  0.000000e+000  0.000000e+000  0.000000e+000  0.000000e+000  0.000000e+000  0.000000e+000  0.000000e+000  0.000000e+000  0.000000e+000  0.000000e+000  0.000000e+000  
0.000000e+000  0.000000e+000  0.000000e+000  0.000000e+000  0.000000e+000  0.000000e+000  0.000000e+000  0.000000e+000  0.000000e+000  0.000000e+000  0.000000e+000  0.000000e+000  0.000000e+000  
0.000000e+000  0.000000e+000  0.000000e+000  0.000000e+000  0.000000e+000  0.000000e+000  0.000000e+000  0.000000e+000  0.000000e+000  0.000000e+000  0.000000e+000  0.000000e+000  0.000000e+000  
0.000000e+000  0.000000e+000  0.000000e+000  0.000000e+000  0.000000e+000  0.000000e+000  0.000000e+000  0.000000e+000  0.000000e+000  0.000000e+000  0.000000e+000  0.000000e+000  0.000000e+000  
0.000000e+000  0.000000e+000  0.000000e+000  0.000000e+000  0.000000e+000  0.000000e+000  0.000000e+000  0.000000e+000  0.000000e+000  0.000000e+000  0.000000e+000  0.000000e+000  0.000000e+000  
0.000000e+000  0.000000e+000  0.000000e+000  0.000000e+000  0.000000e+000  0.000000e+000  0.000000e+000  0.000000e+000  0.000000e+000  0.000000e+000  0.000000e+000  0.000000e+000  0.000000e+000  
0.000000e+000  0.000000e+000  0.000000e+000  0.000000e+000  0.000000e+000  0.000000e+000  0.000000e+000  0.000000e+000  0.000000e+000  0.000000e+000  0.000000e+000  0.000000e+000  0.000000e+000  
0.000000e+000  0.000000e+000  0.000000e+000  0.000000e+000  0.000000e+000  0.000000e+000  0.000000e+000  0.000000e+000  0.000000e+000  0.000000e+000  0.000000e+000  0.000000e+000  0.000000e+000  
0.000000e+000  0.000000e+000  0.000000e+000  0.000000e+000  0.000000e+000  0.000000e+000  0.000000e+000  0.000000e+000  0.000000e+000  0.000000e+000  0.000000e+000  0.000000e+000  0.000000e+000  
0.000000e+000  0.000000e+000  0.000000e+000  0.000000e+000  0.000000e+000  0.000000e+000  0.000000e+000  0.000000e+000  0.000000e+000  0.000000e+000  0.000000e+000  0.000000e+000  0.000000e+000  
0.000000e+000  0.000000e+000  0.000000e+000  0.000000e+000  0.000000e+000  0.000000e+000  0.000000e+000  0.000000e+000  0.000000e+000  0.000000e+000  0.000000e+000  0.000000e+000  0.000000e+000  
0.000000e+000  0.000000e+000  0.000000e+000  0.000000e+000  0.000000e+000  0.000000e+000  0.000000e+000  0.000000e+000  0.000000e+000  0.000000e+000  0.000000e+000  0.000000e+000  0.000000e+000  
0.000000e+000  0.000000e+000  0.000000e+000  0.000000e+000  0.000000e+000  0.000000e+000  0.000000e+000  0.000000e+000  0.000000e+000  0.000000e+000  0.000000e+000  0.000000e+000  0.000000e+000  
0.000000e+000  0.000000e+000  0.000000e+000  0.000000e+000  0.000000e+000  0.000000e+000  0.000000e+000  0.000000e+000  0.000000e+000  0.000000e+000  0.000000e+000  0.000000e+000  0.000000e+000  
0.000000e+000  0.000000e+000  0.000000e+000  0.000000e+000  0.000000e+000  0.000000e+000  0.000000e+000  0.000000e+000  0.000000e+000  0.000000e+000  0.000000e+000  0.000000e+000  0.000000e+000  
0.000000e+000  0.000000e+000  0.000000e+000  0.000000e+000  0.000000e+000  0.000000e+000  0.000000e+000  0.000000e+000  0.000000e+000  0.000000e+000  0.000000e+000  0.000000e+000  0.000000e+000  
0.000000e+000  0.000000e+000  0.000000e+000  0.000000e+000  0.000000e+000  0.000000e+000  0.000000e+000  0.000000e+000  0.000000e+000  0.000000e+000  0.000000e+000  0.000000e+000  0.000000e+000  
0.000000e+000  0.000000e+000  0.000000e+000  0.000000e+000  0.000000e+000  0.000000e+000  0.000000e+000  0.000000e+000  0.000000e+000  0.000000e+000  0.000000e+000  0.000000e+000  0.000000e+000  
0.000000e+000  0.000000e+000  0.000000e+000  0.000000e+000  0.000000e+000  0.000000e+000  0.000000e+000  0.000000e+000  0.000000e+000  0.000000e+000  0.000000e+000  0.000000e+000  0.000000e+000  
0.000000e+000  0.000000e+000  0.000000e+000  0.000000e+000  0.000000e+000  0.000000e+000  0.000000e+000  0.000000e+000  0.000000e+000  0.000000e+000  0.000000e+000  0.000000e+000  0.000000e+000  
0.000000e+000  0.000000e+000  0.000000e+000  0.000000e+000  0.000000e+000  0.000000e+000  0.000000e+000  0.000000e+000  0.000000e+000  0.000000e+000  0.000000e+000  0.000000e+000  0.000000e+000  
0.000000e+000  0.000000e+000  0.000000e+000  0.000000e+000  0.000000e+000  0.000000e+000  0.000000e+000  0.000000e+000  0.000000e+000  0.000000e+000  0.000000e+000  0.000000e+000  0.000000e+000  
0.000000e+000  0.000000e+000  0.000000e+000  0.000000e+000  0.000000e+000  0.000000e+000  0.000000e+000  0.000000e+000  0.000000e+000  0.000000e+000  0.000000e+000  0.000000e+000  0.000000e+000  
0.000000e+000  0.000000e+000  0.000000e+000  0.000000e+000  0.000000e+000  0.000000e+000  0.000000e+000  0.000000e+000  0.000000e+000  0.000000e+000  0.000000e+000  0.000000e+000  0.000000e+000  
0.000000e+000  0.000000e+000  0.000000e+000  0.000000e+000  0.000000e+000  0.000000e+000  0.000000e+000  0.000000e+000  0.000000e+000  0.000000e+000  0.000000e+000  0.000000e+000  0.000000e+000  
0.000000e+000  0.000000e+000  0.000000e+000  0.000000e+000  0.000000e+000  0.000000e+000  0.000000e+000  0.000000e+000  0.000000e+000  0.000000e+000  0.000000e+000  0.000000e+000  0.000000e+000  
0.000000e+000  0.000000e+000  0.000000e+000  0.000000e+000  0.000000e+000  0.000000e+000  0.000000e+000  0.000000e+000  0.000000e+000  0.000000e+000  0.000000e+000  0.000000e+000  0.000000e+000  
0.000000e+000  0.000000e+000  0.000000e+000  0.000000e+000  0.000000e+000  0.000000e+000  0.000000e+000  0.000000e+000  0.000000e+000  0.000000e+000  0.000000e+000  0.000000e+000  0.000000e+000  
0.000000e+000  0.000000e+000  0.000000e+000  0.000000e+000  0.000000e+000  0.000000e+000  0.000000e+000  0.000000e+000  0.000000e+000  0.000000e+000  0.000000e+000  0.000000e+000  0.000000e+000  
0.000000e+000  0.000000e+000  0.000000e+000  0.000000e+000  0.000000e+000  0.000000e+000  0.000000e+000  0.000000e+000  0.000000e+000  0.000000e+000  0.000000e+000  0.000000e+000  0.000000e+000  
0.000000e+000  0.000000e+000  0.000000e+000  0.000000e+000  0.000000e+000  0.000000e+000  0.000000e+000  0.000000e+000  0.000000e+000  0.000000e+000  0.000000e+000  0.000000e+000  0.000000e+000  
0.000000e+000  0.000000e+000  0.000000e+000  0.000000e+000  0.000000e+000  0.000000e+000  0.000000e+000  0.000000e+000  0.000000e+000  0.000000e+000  0.000000e+000  0.000000e+000  0.000000e+000  
0.000000e+000  0.000000e+000  0.000000e+000  0.000000e+000  0.000000e+000  0.000000e+000  0.000000e+000  0.000000e+000  0.000000e+000  0.000000e+000  0.000000e+000  0.000000e+000  0.000000e+000  
0.000000e+000  0.000000e+000  0.000000e+000  0.000000e+000  0.000000e+000  0.000000e+000  0.000000e+000  0.000000e+000  0.000000e+000  0.000000e+000  0.000000e+000  0.000000e+000  0.000000e+000  
0.000000e+000  0.000000e+000  0.000000e+000  0.000000e+000  0.000000e+000  0.000000e+000  0.000000e+000  0.000000e+000  0.000000e+000  0.000000e+000  0.000000e+000  0.000000e+000  0.000000e+000  
0.000000e+000  0.000000e+000  0.000000e+000  0.000000e+000  0.000000e+000  0.000000e+000  0.000000e+000  0.000000e+000  0.000000e+000  0.000000e+000  0.000000e+000  0.000000e+000  0.000000e+000  
0.000000e+000  0.000000e+000  0.000000e+000  0.000000e+000  0.000000e+000  0.000000e+000  0.000000e+000  0.000000e+000  0.000000e+000  0.000000e+000  0.000000e+000  0.000000e+000  0.000000e+000  
0.000000e+000  0.000000e+000  0.000000e+000  0.000000e+000  0.000000e+000  0.000000e+000  0.000000e+000  0.000000e+000  0.000000e+000  0.000000e+000  0.000000e+000  0.000000e+000  0.000000e+000  

0.000000e+000  0.000000e+000  0.000000e+000  0.000000e+000  0.000000e+000  0.000000e+000  0.000000e+000  0.000000e+000  0.000000e+000  0.000000e+000  0.000000e+000  0.000000e+000  0.000000e+000  
0.000000e+000  0.000000e+000  0.000000e+000  0.000000e+000  0.000000e+000  0.000000e+000  0.000000e+000  0.000000e+000  0.000000e+000  0.000000e+000  0.000000e+000  0.000000e+000  0.000000e+000  
0.000000e+000  0.000000e+000  0.000000e+000  0.000000e+000  0.000000e+000  0.000000e+000  0.000000e+000  0.000000e+000  0.000000e+000  0.000000e+000  0.000000e+000  0.000000e+000  0.000000e+000  
0.000000e+000  0.000000e+000  0.000000e+000  0.000000e+000  0.000000e+000  0.000000e+000  0.000000e+000  0.000000e+000  0.000000e+000  0.000000e+000  0.000000e+000  0.000000e+000  0.000000e+000  
0.000000e+000  0.000000e+000  0.000000e+000  0.000000e+000  0.000000e+000  0.000000e+000  0.000000e+000  0.000000e+000  0.000000e+000  0.000000e+000  0.000000e+000  0.000000e+000  0.000000e+000  
0.000000e+000  0.000000e+000  0.000000e+000  0.000000e+000  0.000000e+000  0.000000e+000  0.000000e+000  0.000000e+000  0.000000e+000  0.000000e+000  0.000000e+000  0.000000e+000  0.000000e+000  
0.000000e+000  0.000000e+000  0.000000e+000  0.000000e+000  0.000000e+000  0.000000e+000  0.000000e+000  0.000000e+000  0.000000e+000  0.000000e+000  0.000000e+000  0.000000e+000  0.000000e+000  
0.000000e+000  0.000000e+000  0.000000e+000  0.000000e+000  0.000000e+000  0.000000e+000  0.000000e+000  0.000000e+000  0.000000e+000  0.000000e+000  0.000000e+000  0.000000e+000  0.000000e+000  
0.000000e+000  0.000000e+000  0.000000e+000  0.000000e+000  0.000000e+000  0.000000e+000  0.000000e+000  0.000000e+000  0.000000e+000  0.000000e+000  0.000000e+000  0.000000e+000  0.000000e+000  
0.000000e+000  0.000000e+000  0.000000e+000  0.000000e+000  0.000000e+000  0.000000e+000  0.000000e+000  0.000000e+000  0.000000e+000  0.000000e+000  0.000000e+000  0.000000e+000  0.000000e+000  
0.000000e+000  0.000000e+000  0.000000e+000  0.000000e+000  0.000000e+000  0.000000e+000  0.000000e+000  0.000000e+000  0.000000e+000  0.000000e+000  0.000000e+000  0.000000e+000  0.000000e+000  
0.000000e+000  0.000000e+000  0.000000e+000  0.000000e+000  0.000000e+000  0.000000e+000  0.000000e+000  0.000000e+000  0.000000e+000  0.000000e+000  0.000000e+000  0.000000e+000  0.000000e+000  
0.000000e+000  0.000000e+000  0.000000e+000  0.000000e+000  0.000000e+000  0.000000e+000  0.000000e+000  0.000000e+000  0.000000e+000  0.000000e+000  0.000000e+000  0.000000e+000  0.000000e+000  
0.000000e+000  0.000000e+000  0.000000e+000  0.000000e+000  0.000000e+000  0.000000e+000  0.000000e+000  0.000000e+000  0.000000e+000  0.000000e+000  0.000000e+000  0.000000e+000  0.000000e+000  
0.000000e+000  0.000000e+000  0.000000e+000  0.000000e+000  0.000000e+000  0.000000e+000  0.000000e+000  0.000000e+000  0.000000e+000  0.000000e+000  0.000000e+000  0.000000e+000  0.000000e+000  
0.000000e+000  0.000000e+000  0.000000e+000  0.000000e+000  0.000000e+000  0.000000e+000  0.000000e+000  0.000000e+000  0.000000e+000  0.000000e+000  0.000000e+000  0.000000e+000  0.000000e+000  
0.000000e+000  0.000000e+000  0.000000e+000  0.000000e+000  0.000000e+000  0.000000e+000  0.000000e+000  0.000000e+000  0.000000e+000  0.000000e+000  0.000000e+000  0.000000e+000  0.000000e+000  
0.000000e+000  0.000000e+000  0.000000e+000  0.000000e+000  0.000000e+000  0.000000e+000  0.000000e+000  0.000000e+000  0.000000e+000  0.000000e+000  0.000000e+000  0.000000e+000  0.000000e+000  
0.000000e+000  0.000000e+000  0.000000e+000  0.000000e+000  0.000000e+000  0.000000e+000  0.000000e+000  0.000000e+000  0.000000e+000  0.000000e+000  0.000000e+000  0.000000e+000  0.000000e+000  
0.000000e+000  0.000000e+000  0.000000e+000  0.000000e+000  0.000000e+000  0.000000e+000  0.000000e+000  0.000000e+000  0.000000e+000  0.000000e+000  0.000000e+000  0.000000e+000  0.000000e+000  
0.000000e+000  0.000000e+000  0.000000e+000  0.000000e+000  0.000000e+000  0.000000e+000  0.000000e+000  0.000000e+000  0.000000e+000  0.000000e+000  0.000000e+000  0.000000e+000  0.000000e+000  
0.000000e+000  0.000000e+000  0.000000e+000  0.000000e+000  0.000000e+000  0.000000e+000  0.000000e+000  0.000000e+000  0.000000e+000  0.000000e+000  0.000000e+000  0.000000e+000  0.000000e+000  
0.000000e+000  0.000000e+000  0.000000e+000  0.000000e+000  0.000000e+000  0.000000e+000  0.000000e+000  0.000000e+000  0.000000e+000  0.000000e+000  0.000000e+000  0.000000e+000  0.000000e+000  
0.000000e+000  0.000000e+000  0.000000e+000  0.000000e+000  0.000000e+000  0.000000e+000  0.000000e+000  0.000000e+000  0.000000e+000  0.000000e+000  0.000000e+000  0.000000e+000  0.000000e+000  
0.000000e+000  0.000000e+000  0.000000e+000  0.000000e+000  0.000000e+000  0.000000e+000  0.000000e+000  0.000000e+000  0.000000e+000  0.000000e+000  0.000000e+000  0.000000e+000  0.000000e+000  
0.000000e+000  0.000000e+000  0.000000e+000  0.000000e+000  0.000000e+000  0.000000e+000  0.000000e+000  0.000000e+000  0.000000e+000  0.000000e+000  0.000000e+000  0.000000e+000  0.000000e+000  
0.000000e+000  0.000000e+000  0.000000e+000  0.000000e+000  0.000000e+000  0.000000e+000  0.000000e+000  0.000000e+000  0.000000e+000  0.000000e+000  0.000000e+000  0.000000e+000  0.000000e+000  
0.000000e+000  0.000000e+000  0.000000e+000  0.000000e+000  0.000000e+000  0.000000e+000  0.000000e+000  0.000000e+000  0.000000e+000  0.000000e+000  0.000000e+000  0.000000e+000  0.000000e+000  
0.000000e+000  0.000000e+000  0.000000e+000  0.000000e+000  0.000000e+000  0.000000e+000  0.000000e+000  0.000000e+000  0.000000e+000  0.000000e+000  0.000000e+000  0.000000e+000  0.000000e+000  
0.000000e+000  0.000000e+000  0.000000e+000  0.000000e+000  0.000000e+000  0.000000e+000  0.000000e+000  0.000000e+000  0.000000e+000  0.000000e+000  0.000000e+000  0.000000e+000  0.000000e+000  
0.000000e+000  0.000000e+000  0.000000e+000  0.000000e+000  0.000000e+000  0.000000e+000  0.000000e+000  0.000000e+000  0.000000e+000  0.000000e+000  0.000000e+000  0.000000e+000  0.000000e+000  
0.000000e+000  0.000000e+000  0.000000e+000  0.000000e+000  0.000000e+000  0.000000e+000  0.000000e+000  0.000000e+000  0.000000e+000  0.000000e+000  0.000000e+000  0.000000e+000  0.000000e+000  
0.000000e+000  0.000000e+000  0.000000e+000  0.000000e+000  0.000000e+000  0.000000e+000  0.000000e+000  0.000000e+000  0.000000e+000  0.000000e+000  0.000000e+000  0.000000e+000  0.000000e+000  
0.000000e+000  0.000000e+000  0.000000e+000  0.000000e+000  0.000000e+000  0.000000e+000  0.000000e+000  0.000000e+000  0.000000e+000  0.000000e+000  0.000000e+000  0.000000e+000  0.000000e+000  
0.000000e+000  0.000000e+000  0.000000e+000  0.000000e+000  0.000000e+000  0.000000e+000  0.000000e+000  0.000000e+000  0.000000e+000  0.000000e+000  0.000000e+000  0.000000e+000  0.000000e+000  
0.000000e+000  0.000000e+000  0.000000e+000  0.000000e+000  0.000000e+000  0.000000e+000  0.000000e+000  0.000000e+000  0.000000e+000  0.000000e+000  0.000000e+000  0.000000e+000  0.000000e+000  
0.000000e+000  0.000000e+000  0.000000e+000  0.000000e+000  0.000000e+000  0.000000e+000  0.000000e+000  0.000000e+000  0.000000e+000  0.000000e+000  0.000000e+000  0.000000e+000  0.000000e+000  
0.000000e+000  0.000000e+000  0.000000e+000  0.000000e+000  0.000000e+000  0.000000e+000  0.000000e+000  0.000000e+000  0.000000e+000  0.000000e+000  0.000000e+000  0.000000e+000  0.000000e+000  
0.000000e+000  0.000000e+000  0.000000e+000  0.000000e+000  0.000000e+000  0.000000e+000  0.000000e+000  0.000000e+000  0.000000e+000  0.000000e+000  0.000000e+000  0.000000e+000  0.000000e+000  
0.000000e+000  0.000000e+000  0.000000e+000  0.000000e+000  0.000000e+000  0.000000e+000  0.000000e+000  0.000000e+000  0.000000e+000  0.000000e+000  0.000000e+000  0.000000e+000  0.000000e+000  
0.000000e+000  0.000000e+000  0.000000e+000  0.000000e+000  0.000000e+000  0.000000e+000  0.000000e+000  0.000000e+000  0.000000e+000  0.000000e+000  0.000000e+000  0.000000e+000  0.000000e+000  

0.000000e+000  0.000000e+000  0.000000e+000  0.000000e+000  0.000000e+000  0.000000e+000  0.000000e+000  0.000000e+000  0.000000e+000  0.000000e+000  0.000000e+000  0.000000e+000  0.000000e+000  
0.000000e+000  -1.643995e-005  -2.314415e-005  -1.644066e-005  0.000000e+000  0.000000e+000  -9.251929e-003  -1.813844e-002  -2.632574e-002  -5.000074e-002  -4.873241e-002  -2.817273e-002  0.000000e+000  
0.000000e+000  -2.275241e-004  -3.220991e-004  -2.277459e-004  0.000000e+000  0.000000e+000  -2.426175e-002  -4.723289e-002  -6.777655e-002  -1.180370e-001  -1.058014e-001  -5.844895e-002  0.000000e+000  
0.000000e+000  -6.479165e-004  -9.175277e-004  -6.498408e-004  0.000000e+000  0.000000e+000  -3.123947e-002  -6.056577e-002  -8.633562e-002  -1.427089e-001  -1.233053e-001  -6.695714e-002  0.000000e+000  
0.000000e+000  -1.472951e-003  -2.088221e-003  -1.480053e-003  0.000000e+000  0.000000e+000  -4.015279e-002  -7.750077e-002  -1.097018e-001  -1.712903e-001  -1.424018e-001  -7.595197e-002  0.000000e+000  
0.000000e+000  -3.215981e-003  -4.566995e-003  -3.243596e-003  0.000000e+000  0.000000e+000  -5.189920e-002  -9.963757e-002  -1.398921e-001  -2.044917e-001  -1.631335e-001  -8.539734e-002  0.000000e+000  
0.000000e+000  -6.267412e-003  -8.926012e-003  -6.359651e-003  0.000000e+000  0.000000e+000  -6.518960e-002  -1.244055e-001  -1.731763e-001  -2.369352e-001  -1.820273e-001  -9.373329e-002  0.000000e+000  
0.000000e+000  -1.211045e-002  -1.732739e-002  -1.240963e-002  0.000000e+000  0.000000e+000  -8.283044e-002  -1.567851e-001  -2.159058e-001  -2.736653e-001  -2.020096e-001  -1.022888e-001  0.000000e+000  
0.000000e+000  -2.328648e-002  -3.356837e-002  -2.425577e-002  0.000000e+000  0.000000e+000  -1.069246e-001  -1.999643e-001  -2.713884e-001  -3.150075e-001  -2.229392e-001  -1.109876e-001  0.000000e+000  
0.000000e+000  -4.452194e-002  -6.496802e-002  -4.766177e-002  0.000000e+000  0.000000e+000  -1.410994e-001  -2.588598e-001  -3.440278e-001  -3.611016e-001  -2.445936e-001  -1.197325e-001  0.000000e+000  
0.000000e+000  -8.438052e-002  -1.255709e-001  -9.455370e-002  0.000000e+000  0.000000e+000  -1.921934e-001  -3.414241e-001  -4.394654e-001  -4.117495e-001  -2.666534e-001  -1.284092e-001  0.000000e+000  
0.000000e+000  -1.702247e-001  -2.622411e-001  -2.075084e-001  0.000000e+000  0.000000e+000  -2.880049e-001  -4.803172e-001  -5.836388e-001  -4.739203e-001  -2.916976e-001  -1.380280e-001  0.000000e+000  
0.000000e+000  -3.341721e-001  -5.454979e-001  -4.731113e-001  0.000000e+000  0.000000e+000  -4.731451e-001  -7.024667e-001  -7.748874e-001  -5.385843e-001  -3.159266e-001  -1.471817e-001  0.000000e+000  
0.000000e+000  -6.207589e-001  -1.112131e+000  -1.139147e+000  0.000000e+000  0.000000e+000  -8.856684e-001  -1.071282e+000  -1.013155e+000  -6.012935e-001  -3.384142e-001  -1.556568e-001  0.000000e+000  
0.000000e+000  -1.036349e+000  -2.142433e+000  -2.970641e+000  0.000000e+000  0.000000e+000  -1.950633e+000  -1.667921e+000  -1.266822e+000  -6.552116e-001  -3.581999e-001  -1.632535e-001  0.000000e+000  
0.000000e+000  -1.381566e+000  -3.449290e+000  -8.123693e+000  -2.309556e+001  -1.335094e+001  -4.805647e+000  -2.376212e+000  -1.430011e+000  -6.920717e-001  -3.744807e-001  -1.698069e-001  0.000000e+000  
0.000000e+000  -1.039771e+000  -2.147337e+000  -2.974269e+000  0.000000e+000  0.000000e+000  -1.971654e+000  -1.705834e+000  -1.317803e+000  -7.066075e-001  -3.868654e-001  -1.752040e-001  0.000000e+000  
0.000000e+000  -6.295406e-001  -1.124691e+000  -1.148158e+000  0.000000e+000  0.000000e+000  -9.284424e-001  -1.150693e+000  -1.119825e+000  -7.050747e-001  -3.955453e-001  -1.793903e-001  0.000000e+000  
0.000000e+000  -3.533117e-001  -5.730339e-001  -4.929648e-001  0.000000e+000  0.000000e+000  -5.434126e-001  -8.321672e-001  -9.473860e-001  -6.965985e-001  -4.010777e-001  -1.823573e-001  0.000000e+000  
0.000000e+000  -2.104529e-001  -3.208152e-001  -2.503618e-001  0.000000e+000  0.000000e+000  -3.959071e-001  -6.759006e-001  -8.387468e-001  -6.885649e-001  -4.040865e-001  -1.841234e-001  0.000000e+000  
0.000000e+000  -1.675557e-001  -2.492133e-001  -1.875131e-001  0.000000e+000  0.000000e+000  -3.566454e-001  -6.292673e-001  -8.022809e-001  -6.854046e-001  -4.050335e-001  -1.847090e-001  0.000000e+000  
0.000000e+000  -2.104530e-001  -3.208150e-001  -2.503620e-001  0.000000e+000  0.000000e+000  -3.959073e-001  -6.759006e-001  -8.387469e-001  -6.885650e-001  -4.040865e-001  -1.841234e-001  0.000000e+000  
0.000000e+000  -3.533116e-001  -5.730341e-001  -4.929647e-001  0.000000e+000  0.000000e+000  -5.434124e-001  -8.321672e-001  -9.473860e-001  -6.965986e-001  -4.010776e-001  -1.823575e-001  0.000000e+000  
0.000000e+000  -6.295406e-001  -1.124691e+000  -1.148158e+000  0.000000e+000  0.000000e+000  -9.284426e-001  -1.150693e+000  -1.119825e+000  -7.050749e-001  -3.955454e-001  -1.793902e-001  0.000000e+000  
0.000000e+000  -1.039771e+000  -2.147337e+000  -2.974269e+000  0.000000e+000  0.000000e+000  -1.971654e+000  -1.705834e+000  -1.317803e+000  -7.066075e-001  -3.868654e-001  -1.752041e-001  0.000000e+000  
0.000000e+000  -1.381566e+000  -3.449290e+000  -8.123693e+000  -2.309556e+001  -1.335094e+001  -4.805647e+000  -2.376212e+000  -1.430011e+000  -6.920717e-001  -3.744806e-001  -1.698068e-001  0.000000e+000  
0.000000e+000  -1.036349e+000  -2.142433e+000  -2.970641e+000  0.000000e+000  0.000000e+000  -1.950633e+000  -1.667921e+000  -1.266822e+000  -6.552114e-001  -3.581998e-001  -1.632535e-001  0.000000e+000  
0.000000e+000  -6.207591e-001  -1.112131e+000  -1.139146e+000  0.000000e+000  0.000000e+000  -8.856684e-001  -1.071282e+000  -1.013155e+000  -6.012934e-001  -3.384140e-001  -1.556567e-001  0.000000e+000  
0.000000e+000  -3.341719e-001  -5.454979e-001  -4.731115e-001  0.000000e+000  0.000000e+000  -4.731454e-001  -7.024666e-001  -7.748874e-001  -5.385842e-001  -3.159267e-001  -1.471817e-001  0.000000e+000  
0.000000e+000  -1.702246e-001  -2.622411e-001  -2.075085e-001  0.000000e+000  0.000000e+000  -2.880046e-001  -4.803171e-001  -5.836387e-001  -4.739205e-001  -2.916976e-001  -1.380282e-001  0.000000e+000  
0.000000e+000  -8.438073e-002  -1.255710e-001  -9.455341e-002  0.000000e+000  0.000000e+000  -1.921936e-001  -3.414239e-001  -4.394654e-001  -4.117497e-001  -2.666535e-001  -1.284093e-001  0.000000e+000  
0.000000e+000  -4.452190e-002  -6.496785e-002  -4.766218e-002  0.000000e+000  0.000000e+000  -1.410992e-001  -2.588598e-001  -3.440276e-001  -3.611015e-001  -2.445937e-001  -1.197325e-001  0.000000e+000  
0.000000e+000  -2.328639e-002  -3.356847e-002  -2.425556e-002  0.000000e+000  0.000000e+000  -1.069246e-001  -1.999644e-001  -2.713883e-001  -3.150076e-001  -2.229393e-001  -1.109876e-001  0.000000e+000  
0.000000e+000  -1.211063e-002  -1.732741e-002  -1.240980e-002  0.000000e+000  0.000000e+000  -8.283014e-002  -1.567852e-001  -2.159057e-001  -2.736650e-001  -2.020096e-001  -1.022887e-001  0.000000e+000  
0.000000e+000  -6.267503e-003  -8.926087e-003  -6.359539e-003  0.000000e+000  0.000000e+000  -6.518963e-002  -1.244054e-001  -1.731763e-001  -2.369353e-001  -1.820273e-001  -9.373321e-002  0.000000e+000  
0.000000e+000  -3.215787e-003  -4.567281e-003  -3.243815e-003  0.000000e+000  0.000000e+000  -5.189935e-002  -9.963770e-002  -1.398921e-001  -2.044917e-001  -1.631334e-001  -8.539737e-002  0.000000e+000  
0.000000e+000  -1.473187e-003  -2.088079e-003  -1.480063e-003  0.000000e+000  0.000000e+000  -4.015285e-002  -7.750074e-002  -1.097020e-001  -1.712903e-001  -1.424017e-001  -7.595214e-002  0.000000e+000  
0.000000e+000  -6.478938e-004  -9.177629e-004  -6.497650e-004  0.000000e+000  0.000000e+000  -3.123939e-002  -6.056596e-002  -8.633574e-002  -1.427089e-001  -1.233053e-001  -6.695726e-002  0.000000e+000  
0.000000e+000  -2.275423e-004  -3.219928e-004  -2.277948e-004  0.000000e+000  0.000000e+000  -2.426168e-002  -4.723286e-002  -6.777663e-002  -1.180369e-001  -1.058015e-001  -5.844892e-002  0.000000e+000  
0.000000e+000  -1.646412e-005  -2.331019e-005  -1.645221e-005  0.000000e+000  0.000000e+000  -9.251897e-003  -1.813839e-002  -2.632571e-002  -5.000070e-002  -4.873238e-002  -2.817273e-002  0.000000e+000  
0.000000e+000  0.000000e+000  0.000000e+000  0.000000e+000  0.000000e+000  0.000000e+000  0.000000e+000  0.000000e+000  0.000000e+000  0.000000e+000  0.000000e+000  0.000000e+000  0.000000e+000  

