Port monitor named: Port1_h1[4].prt

nx        = 101
ny        = 102
nz        = 32

nu        = 13
nv        = 41
iu        = 12
iv        = 31

idir      = 1
dcut      = 0.000000e+000
icut      = 9
type      = 1
frequency = 4.000000e+009

fcutoff   = 0.000000e+000
alpha     = 0.000000e+000
beta      = 1.444317e+002
accuracy  = 3.159901e-011

type          = QTEM
wave imp.     = 2.290751e+002
wave imp.sig. = 6.479800e-008
line imp.     = 4.028616e+001

ref. port     = 0

0.000000e+000  1.951674e-005  2.760130e-005  1.952113e-005  0.000000e+000  0.000000e+000  5.662345e-002  1.113434e-001  1.623900e-001  3.195395e-001  3.256375e-001  1.934401e-001  0.000000e+000  
0.000000e+000  2.954679e-004  4.180188e-004  2.956901e-004  0.000000e+000  0.000000e+000  1.006357e-001  1.963164e-001  2.826259e-001  5.047048e-001  4.573631e-001  2.528024e-001  0.000000e+000  
0.000000e+000  2.469854e-003  3.496762e-003  2.475436e-003  0.000000e+000  0.000000e+000  1.805523e-001  3.485085e-001  4.931376e-001  7.635770e-001  6.055218e-001  3.101736e-001  0.000000e+000  
0.000000e+000  4.850140e-003  6.872704e-003  4.869639e-003  0.000000e+000  0.000000e+000  2.240302e-001  4.306531e-001  6.053698e-001  8.848572e-001  6.685934e-001  3.331325e-001  0.000000e+000  
0.000000e+000  1.025518e-002  1.455478e-002  1.033044e-002  0.000000e+000  0.000000e+000  2.850679e-001  5.450014e-001  7.596733e-001  1.030913e+000  7.370541e-001  3.563066e-001  0.000000e+000  
0.000000e+000  2.114995e-002  3.009844e-002  2.142596e-002  0.000000e+000  0.000000e+000  3.649646e-001  6.930063e-001  9.564212e-001  1.191821e+000  8.042422e-001  3.771474e-001  0.000000e+000  
0.000000e+000  4.060261e-002  5.801670e-002  4.149032e-002  0.000000e+000  0.000000e+000  4.652627e-001  8.760963e-001  1.195546e+000  1.361580e+000  8.676801e-001  3.951101e-001  0.000000e+000  
0.000000e+000  7.799313e-002  1.121906e-001  8.086704e-002  0.000000e+000  0.000000e+000  6.051090e-001  1.125650e+000  1.513329e+000  1.554054e+000  9.310815e-001  4.110957e-001  0.000000e+000  
0.000000e+000  1.492616e-001  2.170504e-001  1.585715e-001  0.000000e+000  0.000000e+000  8.063235e-001  1.471734e+000  1.937321e+000  1.768724e+000  9.921258e-001  4.242050e-001  0.000000e+000  
0.000000e+000  2.835514e-001  4.195880e-001  3.137120e-001  0.000000e+000  0.000000e+000  1.109659e+000  1.962852e+000  2.503428e+000  2.002700e+000  1.047795e+000  4.334391e-001  0.000000e+000  
0.000000e+000  5.488768e-001  8.358310e-001  6.511915e-001  0.000000e+000  0.000000e+000  1.631955e+000  2.729584e+000  3.306264e+000  2.266074e+000  1.097481e+000  4.380198e-001  0.000000e+000  
0.000000e+000  1.092721e+000  1.749720e+000  1.476362e+000  0.000000e+000  0.000000e+000  2.686398e+000  4.032560e+000  4.459924e+000  2.545231e+000  1.132260e+000  4.349958e-001  0.000000e+000  
0.000000e+000  2.071613e+000  3.592887e+000  3.503626e+000  0.000000e+000  0.000000e+000  4.990770e+000  6.194320e+000  5.935691e+000  2.791069e+000  1.141271e+000  4.225463e-001  0.000000e+000  
0.000000e+000  3.599566e+000  7.044368e+000  8.943092e+000  0.000000e+000  0.000000e+000  1.082493e+001  9.722555e+000  7.594039e+000  2.953695e+000  1.116472e+000  3.993933e-001  0.000000e+000  
0.000000e+000  5.280061e+000  1.203758e+001  2.313082e+001  4.066079e+001  4.218892e+001  2.403145e+001  1.421442e+001  8.892933e+000  2.968228e+000  1.050776e+000  3.647129e-001  0.000000e+000  
0.000000e+000  5.479842e+000  1.268763e+001  2.520763e+001  5.162885e+001  5.002855e+001  2.575117e+001  1.453374e+001  8.796300e+000  2.775562e+000  9.399681e-001  3.183383e-001  0.000000e+000  
0.000000e+000  3.948289e+000  8.017648e+000  1.132323e+001  0.000000e+000  0.000000e+000  1.163791e+001  9.764392e+000  7.162808e+000  2.367537e+000  7.846047e-001  2.609043e-001  0.000000e+000  
0.000000e+000  2.293229e+000  4.106490e+000  4.267155e+000  0.000000e+000  0.000000e+000  4.936083e+000  5.681234e+000  5.012779e+000  1.793044e+000  5.903337e-001  1.938746e-001  0.000000e+000  
0.000000e+000  1.116722e+000  1.845393e+000  1.636264e+000  0.000000e+000  0.000000e+000  2.139805e+000  2.918894e+000  2.903689e+000  1.112642e+000  3.664417e-001  1.194414e-001  0.000000e+000  
0.000000e+000  3.275765e-001  5.209578e-001  4.314976e-001  0.000000e+000  0.000000e+000  6.120508e-001  8.984721e-001  9.456583e-001  3.765639e-001  1.242104e-001  4.034434e-002  0.000000e+000  
0.000000e+000  -3.275765e-001  -5.209578e-001  -4.314976e-001  0.000000e+000  0.000000e+000  -6.120508e-001  -8.984721e-001  -9.456583e-001  -3.765639e-001  -1.242104e-001  -4.034434e-002  0.000000e+000  
0.000000e+000  -1.116722e+000  -1.845393e+000  -1.636264e+000  0.000000e+000  0.000000e+000  -2.139806e+000  -2.918894e+000  -2.903689e+000  -1.112642e+000  -3.664417e-001  -1.194414e-001  0.000000e+000  
0.000000e+000  -2.293229e+000  -4.106490e+000  -4.267155e+000  0.000000e+000  0.000000e+000  -4.936083e+000  -5.681234e+000  -5.012779e+000  -1.793044e+000  -5.903337e-001  -1.938746e-001  0.000000e+000  
0.000000e+000  -3.948289e+000  -8.017648e+000  -1.132323e+001  0.000000e+000  0.000000e+000  -1.163791e+001  -9.764392e+000  -7.162808e+000  -2.367537e+000  -7.846047e-001  -2.609043e-001  0.000000e+000  
0.000000e+000  -5.479842e+000  -1.268763e+001  -2.520763e+001  -5.162885e+001  -5.002855e+001  -2.575117e+001  -1.453374e+001  -8.796300e+000  -2.775562e+000  -9.399681e-001  -3.183384e-001  0.000000e+000  
0.000000e+000  -5.280061e+000  -1.203758e+001  -2.313082e+001  -4.066079e+001  -4.218892e+001  -2.403145e+001  -1.421442e+001  -8.892933e+000  -2.968228e+000  -1.050776e+000  -3.647129e-001  0.000000e+000  
0.000000e+000  -3.599566e+000  -7.044368e+000  -8.943092e+000  0.000000e+000  0.000000e+000  -1.082493e+001  -9.722555e+000  -7.594039e+000  -2.953695e+000  -1.116472e+000  -3.993933e-001  0.000000e+000  
0.000000e+000  -2.071613e+000  -3.592887e+000  -3.503626e+000  0.000000e+000  0.000000e+000  -4.990770e+000  -6.194320e+000  -5.935691e+000  -2.791069e+000  -1.141271e+000  -4.225463e-001  0.000000e+000  
0.000000e+000  -1.092721e+000  -1.749720e+000  -1.476362e+000  0.000000e+000  0.000000e+000  -2.686398e+000  -4.032560e+000  -4.459924e+000  -2.545231e+000  -1.132260e+000  -4.349958e-001  0.000000e+000  
0.000000e+000  -5.488767e-001  -8.358310e-001  -6.511915e-001  0.000000e+000  0.000000e+000  -1.631955e+000  -2.729584e+000  -3.306264e+000  -2.266074e+000  -1.097481e+000  -4.380198e-001  0.000000e+000  
0.000000e+000  -2.835514e-001  -4.195880e-001  -3.137119e-001  0.000000e+000  0.000000e+000  -1.109659e+000  -1.962852e+000  -2.503428e+000  -2.002700e+000  -1.047795e+000  -4.334391e-001  0.000000e+000  
0.000000e+000  -1.492617e-001  -2.170504e-001  -1.585715e-001  0.000000e+000  0.000000e+000  -8.063235e-001  -1.471734e+000  -1.937321e+000  -1.768724e+000  -9.921258e-001  -4.242050e-001  0.000000e+000  
0.000000e+000  -7.799309e-002  -1.121906e-001  -8.086699e-002  0.000000e+000  0.000000e+000  -6.051090e-001  -1.125650e+000  -1.513329e+000  -1.554054e+000  -9.310815e-001  -4.110957e-001  0.000000e+000  
0.000000e+000  -4.060263e-002  -5.801669e-002  -4.149036e-002  0.000000e+000  0.000000e+000  -4.652627e-001  -8.760963e-001  -1.195546e+000  -1.361580e+000  -8.676801e-001  -3.951101e-001  0.000000e+000  
0.000000e+000  -2.115000e-002  -3.009841e-002  -2.142591e-002  0.000000e+000  0.000000e+000  -3.649645e-001  -6.930062e-001  -9.564213e-001  -1.191821e+000  -8.042422e-001  -3.771474e-001  0.000000e+000  
0.000000e+000  -1.025513e-002  -1.455484e-002  -1.033047e-002  0.000000e+000  0.000000e+000  -2.850679e-001  -5.450014e-001  -7.596733e-001  -1.030913e+000  -7.370541e-001  -3.563066e-001  0.000000e+000  
0.000000e+000  -4.850171e-003  -6.872658e-003  -4.869649e-003  0.000000e+000  0.000000e+000  -2.240303e-001  -4.306531e-001  -6.053698e-001  -8.848572e-001  -6.685933e-001  -3.331325e-001  0.000000e+000  
0.000000e+000  -2.469849e-003  -3.496804e-003  -2.475421e-003  0.000000e+000  0.000000e+000  -1.805523e-001  -3.485085e-001  -4.931376e-001  -7.635770e-001  -6.055218e-001  -3.101736e-001  0.000000e+000  
0.000000e+000  -2.954677e-004  -4.180108e-004  -2.956911e-004  0.000000e+000  0.000000e+000  -1.006357e-001  -1.963164e-001  -2.826259e-001  -5.047048e-001  -4.573631e-001  -2.528024e-001  0.000000e+000  
0.000000e+000  -1.951733e-005  -2.760541e-005  -1.952141e-005  0.000000e+000  0.000000e+000  -5.662345e-002  -1.113434e-001  -1.623900e-001  -3.195395e-001  -3.256375e-001  -1.934401e-001  0.000000e+000  
0.000000e+000  0.000000e+000  0.000000e+000  0.000000e+000  0.000000e+000  0.000000e+000  0.000000e+000  0.000000e+000  0.000000e+000  0.000000e+000  0.000000e+000  0.000000e+000  0.000000e+000  

0.000000e+000  0.000000e+000  0.000000e+000  0.000000e+000  0.000000e+000  0.000000e+000  0.000000e+000  0.000000e+000  0.000000e+000  0.000000e+000  0.000000e+000  0.000000e+000  0.000000e+000  
-5.301565e-001  -5.300981e-001  -5.300156e-001  -5.299571e-001  0.000000e+000  -3.695350e-001  -3.598858e-001  -3.412563e-001  -2.729846e-001  -8.683718e-002  5.730178e-002  1.222599e-001  0.000000e+000  
-9.750232e-001  -9.742145e-001  -9.730694e-001  -9.722588e-001  0.000000e+000  -8.744686e-001  -8.436638e-001  -7.849994e-001  -5.748417e-001  -1.172812e-001  1.677612e-001  2.781427e-001  0.000000e+000  
-1.081594e+000  -1.079293e+000  -1.076031e+000  -1.073717e+000  0.000000e+000  -1.076673e+000  -1.033124e+000  -9.508457e-001  -6.596994e-001  -1.026684e-001  2.126466e-001  3.274318e-001  0.000000e+000  
-1.189912e+000  -1.184689e+000  -1.177264e+000  -1.171987e+000  0.000000e+000  -1.323285e+000  -1.262148e+000  -1.147614e+000  -7.473297e-001  -7.650590e-002  2.657540e-001  3.816176e-001  0.000000e+000  
-1.303037e+000  -1.291657e+000  -1.275421e+000  -1.263831e+000  0.000000e+000  -1.632065e+000  -1.545568e+000  -1.385338e+000  -8.336827e-001  -3.489099e-002  3.281678e-001  4.407936e-001  0.000000e+000  
-1.408149e+000  -1.386042e+000  -1.354315e+000  -1.331513e+000  0.000000e+000  -1.963676e+000  -1.845542e+000  -1.629892e+000  -9.004444e-001  1.641669e-002  3.893684e-001  4.949837e-001  0.000000e+000  
-1.529706e+000  -1.487214e+000  -1.425649e+000  -1.380899e+000  0.000000e+000  -2.381763e+000  -2.217048e+000  -1.923116e+000  -9.537196e-001  8.582326e-002  4.585666e-001  5.525618e-001  0.000000e+000  
-1.683438e+000  -1.602446e+000  -1.483279e+000  -1.394972e+000  0.000000e+000  -2.920183e+000  -2.683187e+000  -2.275560e+000  -9.821798e-001  1.772457e-001  5.361391e-001  6.132302e-001  0.000000e+000  
-1.899086e+000  -1.746473e+000  -1.516301e+000  -1.339994e+000  0.000000e+000  -3.631403e+000  -3.274128e+000  -2.695677e+000  -9.687787e-001  2.949225e-001  6.222262e-001  6.765402e-001  0.000000e+000  
-2.232009e+000  -1.949728e+000  -1.506886e+000  -1.147842e+000  0.000000e+000  -4.602605e+000  -4.026702e+000  -3.181272e+000  -8.885610e-001  4.431314e-001  7.166305e-001  7.418750e-001  0.000000e+000  
-2.874380e+000  -2.330494e+000  -1.416541e+000  -5.913197e-001  0.000000e+000  -6.213918e+000  -5.121016e+000  -3.770508e+000  -6.736031e-001  6.532220e-001  8.332116e-001  8.176088e-001  0.000000e+000  
-4.058863e+000  -3.079889e+000  -1.236590e+000  7.907886e-001  0.000000e+000  -8.847971e+000  -6.459559e+000  -4.218946e+000  -2.573664e-001  9.111223e-001  9.578228e-001  8.934664e-001  0.000000e+000  
-6.219812e+000  -4.691708e+000  -1.239956e+000  4.199788e+000  0.000000e+000  -1.371301e+001  -7.666103e+000  -4.009173e+000  4.425532e-001  1.215596e+000  1.087412e+000  9.676913e-001  0.000000e+000  
-9.905026e+000  -8.224278e+000  -3.230547e+000  1.095790e+001  0.000000e+000  -2.034259e+001  -6.654477e+000  -1.998750e+000  1.488115e+000  1.557356e+000  1.217626e+000  1.038279e+000  0.000000e+000  
-1.526487e+001  -1.506475e+001  -1.441386e+001  -1.233507e+001  -4.654361e+000  9.768269e-001  2.759521e+000  3.090622e+000  2.831439e+000  1.915975e+000  1.342898e+000  1.103061e+000  0.000000e+000  
-2.081541e+001  -2.234671e+001  -2.701617e+001  -4.089984e+001  0.000000e+000  2.815486e+001  1.352717e+001  8.584040e+000  4.199386e+000  2.260430e+000  1.456878e+000  1.159833e+000  0.000000e+000  
-2.482179e+001  -2.647670e+001  -3.038758e+001  -3.744338e+001  0.000000e+000  2.223741e+001  1.529130e+001  1.105935e+001  5.288100e+000  2.557998e+000  1.553187e+000  1.206507e+000  0.000000e+000  
-2.715795e+001  -2.833437e+001  -3.059533e+001  -3.322610e+001  0.000000e+000  1.744029e+001  1.454209e+001  1.167909e+001  6.017713e+000  2.784277e+000  1.626244e+000  1.241268e+000  0.000000e+000  
-2.830091e+001  -2.909001e+001  -3.041436e+001  -3.161907e+001  0.000000e+000  1.535612e+001  1.377269e+001  1.167865e+001  6.422750e+000  2.924713e+000  1.671815e+000  1.262715e+000  0.000000e+000  
-2.863731e+001  -2.929242e+001  -3.033427e+001  -3.119722e+001  0.000000e+000  1.475923e+001  1.349052e+001  1.162810e+001  6.551280e+000  2.972212e+000  1.687298e+000  1.269965e+000  0.000000e+000  
-2.830091e+001  -2.909001e+001  -3.041436e+001  -3.161907e+001  0.000000e+000  1.535612e+001  1.377269e+001  1.167865e+001  6.422750e+000  2.924713e+000  1.671815e+000  1.262715e+000  0.000000e+000  
-2.715795e+001  -2.833437e+001  -3.059533e+001  -3.322610e+001  0.000000e+000  1.744029e+001  1.454209e+001  1.167909e+001  6.017713e+000  2.784277e+000  1.626244e+000  1.241268e+000  0.000000e+000  
-2.482179e+001  -2.647670e+001  -3.038758e+001  -3.744338e+001  0.000000e+000  2.223741e+001  1.529130e+001  1.105935e+001  5.288100e+000  2.557998e+000  1.553187e+000  1.206507e+000  0.000000e+000  
-2.081541e+001  -2.234671e+001  -2.701617e+001  -4.089984e+001  0.000000e+000  2.815486e+001  1.352717e+001  8.584040e+000  4.199386e+000  2.260430e+000  1.456878e+000  1.159833e+000  0.000000e+000  
-1.526487e+001  -1.506475e+001  -1.441386e+001  -1.233507e+001  -4.654361e+000  9.768269e-001  2.759521e+000  3.090622e+000  2.831439e+000  1.915975e+000  1.342898e+000  1.103061e+000  0.000000e+000  
-9.905026e+000  -8.224278e+000  -3.230547e+000  1.095790e+001  0.000000e+000  -2.034259e+001  -6.654477e+000  -1.998750e+000  1.488115e+000  1.557356e+000  1.217626e+000  1.038279e+000  0.000000e+000  
-6.219812e+000  -4.691708e+000  -1.239956e+000  4.199788e+000  0.000000e+000  -1.371301e+001  -7.666103e+000  -4.009173e+000  4.425532e-001  1.215596e+000  1.087412e+000  9.676913e-001  0.000000e+000  
-4.058863e+000  -3.079889e+000  -1.236590e+000  7.907886e-001  0.000000e+000  -8.847971e+000  -6.459559e+000  -4.218946e+000  -2.573664e-001  9.111223e-001  9.578228e-001  8.934664e-001  0.000000e+000  
-2.874380e+000  -2.330494e+000  -1.416541e+000  -5.913197e-001  0.000000e+000  -6.213918e+000  -5.121016e+000  -3.770508e+000  -6.736031e-001  6.532220e-001  8.332116e-001  8.176088e-001  0.000000e+000  
-2.232009e+000  -1.949728e+000  -1.506886e+000  -1.147842e+000  0.000000e+000  -4.602605e+000  -4.026702e+000  -3.181272e+000  -8.885610e-001  4.431314e-001  7.166305e-001  7.418750e-001  0.000000e+000  
-1.899086e+000  -1.746473e+000  -1.516301e+000  -1.339994e+000  0.000000e+000  -3.631403e+000  -3.274128e+000  -2.695677e+000  -9.687787e-001  2.949225e-001  6.222262e-001  6.765402e-001  0.000000e+000  
-1.683438e+000  -1.602446e+000  -1.483279e+000  -1.394972e+000  0.000000e+000  -2.920183e+000  -2.683187e+000  -2.275560e+000  -9.821798e-001  1.772457e-001  5.361391e-001  6.132302e-001  0.000000e+000  
-1.529706e+000  -1.487214e+000  -1.425649e+000  -1.380899e+000  0.000000e+000  -2.381763e+000  -2.217048e+000  -1.923116e+000  -9.537196e-001  8.582326e-002  4.585666e-001  5.525618e-001  0.000000e+000  
-1.408149e+000  -1.386042e+000  -1.354315e+000  -1.331513e+000  0.000000e+000  -1.963676e+000  -1.845542e+000  -1.629892e+000  -9.004444e-001  1.641669e-002  3.893684e-001  4.949837e-001  0.000000e+000  
-1.303037e+000  -1.291657e+000  -1.275421e+000  -1.263831e+000  0.000000e+000  -1.632065e+000  -1.545568e+000  -1.385338e+000  -8.336827e-001  -3.489099e-002  3.281678e-001  4.407936e-001  0.000000e+000  
-1.189912e+000  -1.184689e+000  -1.177264e+000  -1.171987e+000  0.000000e+000  -1.323285e+000  -1.262148e+000  -1.147614e+000  -7.473297e-001  -7.650589e-002  2.657540e-001  3.816176e-001  0.000000e+000  
-1.081594e+000  -1.079293e+000  -1.076031e+000  -1.073717e+000  0.000000e+000  -1.076673e+000  -1.033124e+000  -9.508457e-001  -6.596993e-001  -1.026684e-001  2.126466e-001  3.274318e-001  0.000000e+000  
-9.750232e-001  -9.742145e-001  -9.730695e-001  -9.722588e-001  0.000000e+000  -8.744686e-001  -8.436638e-001  -7.849994e-001  -5.748417e-001  -1.172812e-001  1.677612e-001  2.781427e-001  0.000000e+000  
-5.301565e-001  -5.300981e-001  -5.300155e-001  -5.299571e-001  0.000000e+000  -3.695350e-001  -3.598857e-001  -3.412563e-001  -2.729846e-001  -8.683718e-002  5.730178e-002  1.222599e-001  0.000000e+000  
0.000000e+000  0.000000e+000  0.000000e+000  0.000000e+000  0.000000e+000  0.000000e+000  0.000000e+000  0.000000e+000  0.000000e+000  0.000000e+000  0.000000e+000  0.000000e+000  0.000000e+000  

0.000000e+000  0.000000e+000  0.000000e+000  0.000000e+000  0.000000e+000  0.000000e+000  0.000000e+000  0.000000e+000  0.000000e+000  0.000000e+000  0.000000e+000  0.000000e+000  0.000000e+000  
0.000000e+000  0.000000e+000  0.000000e+000  0.000000e+000  0.000000e+000  0.000000e+000  0.000000e+000  0.000000e+000  0.000000e+000  0.000000e+000  0.000000e+000  0.000000e+000  0.000000e+000  
0.000000e+000  0.000000e+000  0.000000e+000  0.000000e+000  0.000000e+000  0.000000e+000  0.000000e+000  0.000000e+000  0.000000e+000  0.000000e+000  0.000000e+000  0.000000e+000  0.000000e+000  
0.000000e+000  0.000000e+000  0.000000e+000  0.000000e+000  0.000000e+000  0.000000e+000  0.000000e+000  0.000000e+000  0.000000e+000  0.000000e+000  0.000000e+000  0.000000e+000  0.000000e+000  
0.000000e+000  0.000000e+000  0.000000e+000  0.000000e+000  0.000000e+000  0.000000e+000  0.000000e+000  0.000000e+000  0.000000e+000  0.000000e+000  0.000000e+000  0.000000e+000  0.000000e+000  
0.000000e+000  0.000000e+000  0.000000e+000  0.000000e+000  0.000000e+000  0.000000e+000  0.000000e+000  0.000000e+000  0.000000e+000  0.000000e+000  0.000000e+000  0.000000e+000  0.000000e+000  
0.000000e+000  0.000000e+000  0.000000e+000  0.000000e+000  0.000000e+000  0.000000e+000  0.000000e+000  0.000000e+000  0.000000e+000  0.000000e+000  0.000000e+000  0.000000e+000  0.000000e+000  
0.000000e+000  0.000000e+000  0.000000e+000  0.000000e+000  0.000000e+000  0.000000e+000  0.000000e+000  0.000000e+000  0.000000e+000  0.000000e+000  0.000000e+000  0.000000e+000  0.000000e+000  
0.000000e+000  0.000000e+000  0.000000e+000  0.000000e+000  0.000000e+000  0.000000e+000  0.000000e+000  0.000000e+000  0.000000e+000  0.000000e+000  0.000000e+000  0.000000e+000  0.000000e+000  
0.000000e+000  0.000000e+000  0.000000e+000  0.000000e+000  0.000000e+000  0.000000e+000  0.000000e+000  0.000000e+000  0.000000e+000  0.000000e+000  0.000000e+000  0.000000e+000  0.000000e+000  
0.000000e+000  0.000000e+000  0.000000e+000  0.000000e+000  0.000000e+000  0.000000e+000  0.000000e+000  0.000000e+000  0.000000e+000  0.000000e+000  0.000000e+000  0.000000e+000  0.000000e+000  
0.000000e+000  0.000000e+000  0.000000e+000  0.000000e+000  0.000000e+000  0.000000e+000  0.000000e+000  0.000000e+000  0.000000e+000  0.000000e+000  0.000000e+000  0.000000e+000  0.000000e+000  
0.000000e+000  0.000000e+000  0.000000e+000  0.000000e+000  0.000000e+000  0.000000e+000  0.000000e+000  0.000000e+000  0.000000e+000  0.000000e+000  0.000000e+000  0.000000e+000  0.000000e+000  
0.000000e+000  0.000000e+000  0.000000e+000  0.000000e+000  0.000000e+000  0.000000e+000  0.000000e+000  0.000000e+000  0.000000e+000  0.000000e+000  0.000000e+000  0.000000e+000  0.000000e+000  
0.000000e+000  0.000000e+000  0.000000e+000  0.000000e+000  0.000000e+000  0.000000e+000  0.000000e+000  0.000000e+000  0.000000e+000  0.000000e+000  0.000000e+000  0.000000e+000  0.000000e+000  
0.000000e+000  0.000000e+000  0.000000e+000  0.000000e+000  0.000000e+000  0.000000e+000  0.000000e+000  0.000000e+000  0.000000e+000  0.000000e+000  0.000000e+000  0.000000e+000  0.000000e+000  
0.000000e+000  0.000000e+000  0.000000e+000  0.000000e+000  0.000000e+000  0.000000e+000  0.000000e+000  0.000000e+000  0.000000e+000  0.000000e+000  0.000000e+000  0.000000e+000  0.000000e+000  
0.000000e+000  0.000000e+000  0.000000e+000  0.000000e+000  0.000000e+000  0.000000e+000  0.000000e+000  0.000000e+000  0.000000e+000  0.000000e+000  0.000000e+000  0.000000e+000  0.000000e+000  
0.000000e+000  0.000000e+000  0.000000e+000  0.000000e+000  0.000000e+000  0.000000e+000  0.000000e+000  0.000000e+000  0.000000e+000  0.000000e+000  0.000000e+000  0.000000e+000  0.000000e+000  
0.000000e+000  0.000000e+000  0.000000e+000  0.000000e+000  0.000000e+000  0.000000e+000  0.000000e+000  0.000000e+000  0.000000e+000  0.000000e+000  0.000000e+000  0.000000e+000  0.000000e+000  
0.000000e+000  0.000000e+000  0.000000e+000  0.000000e+000  0.000000e+000  0.000000e+000  0.000000e+000  0.000000e+000  0.000000e+000  0.000000e+000  0.000000e+000  0.000000e+000  0.000000e+000  
0.000000e+000  0.000000e+000  0.000000e+000  0.000000e+000  0.000000e+000  0.000000e+000  0.000000e+000  0.000000e+000  0.000000e+000  0.000000e+000  0.000000e+000  0.000000e+000  0.000000e+000  
0.000000e+000  0.000000e+000  0.000000e+000  0.000000e+000  0.000000e+000  0.000000e+000  0.000000e+000  0.000000e+000  0.000000e+000  0.000000e+000  0.000000e+000  0.000000e+000  0.000000e+000  
0.000000e+000  0.000000e+000  0.000000e+000  0.000000e+000  0.000000e+000  0.000000e+000  0.000000e+000  0.000000e+000  0.000000e+000  0.000000e+000  0.000000e+000  0.000000e+000  0.000000e+000  
0.000000e+000  0.000000e+000  0.000000e+000  0.000000e+000  0.000000e+000  0.000000e+000  0.000000e+000  0.000000e+000  0.000000e+000  0.000000e+000  0.000000e+000  0.000000e+000  0.000000e+000  
0.000000e+000  0.000000e+000  0.000000e+000  0.000000e+000  0.000000e+000  0.000000e+000  0.000000e+000  0.000000e+000  0.000000e+000  0.000000e+000  0.000000e+000  0.000000e+000  0.000000e+000  
0.000000e+000  0.000000e+000  0.000000e+000  0.000000e+000  0.000000e+000  0.000000e+000  0.000000e+000  0.000000e+000  0.000000e+000  0.000000e+000  0.000000e+000  0.000000e+000  0.000000e+000  
0.000000e+000  0.000000e+000  0.000000e+000  0.000000e+000  0.000000e+000  0.000000e+000  0.000000e+000  0.000000e+000  0.000000e+000  0.000000e+000  0.000000e+000  0.000000e+000  0.000000e+000  
0.000000e+000  0.000000e+000  0.000000e+000  0.000000e+000  0.000000e+000  0.000000e+000  0.000000e+000  0.000000e+000  0.000000e+000  0.000000e+000  0.000000e+000  0.000000e+000  0.000000e+000  
0.000000e+000  0.000000e+000  0.000000e+000  0.000000e+000  0.000000e+000  0.000000e+000  0.000000e+000  0.000000e+000  0.000000e+000  0.000000e+000  0.000000e+000  0.000000e+000  0.000000e+000  
0.000000e+000  0.000000e+000  0.000000e+000  0.000000e+000  0.000000e+000  0.000000e+000  0.000000e+000  0.000000e+000  0.000000e+000  0.000000e+000  0.000000e+000  0.000000e+000  0.000000e+000  
0.000000e+000  0.000000e+000  0.000000e+000  0.000000e+000  0.000000e+000  0.000000e+000  0.000000e+000  0.000000e+000  0.000000e+000  0.000000e+000  0.000000e+000  0.000000e+000  0.000000e+000  
0.000000e+000  0.000000e+000  0.000000e+000  0.000000e+000  0.000000e+000  0.000000e+000  0.000000e+000  0.000000e+000  0.000000e+000  0.000000e+000  0.000000e+000  0.000000e+000  0.000000e+000  
0.000000e+000  0.000000e+000  0.000000e+000  0.000000e+000  0.000000e+000  0.000000e+000  0.000000e+000  0.000000e+000  0.000000e+000  0.000000e+000  0.000000e+000  0.000000e+000  0.000000e+000  
0.000000e+000  0.000000e+000  0.000000e+000  0.000000e+000  0.000000e+000  0.000000e+000  0.000000e+000  0.000000e+000  0.000000e+000  0.000000e+000  0.000000e+000  0.000000e+000  0.000000e+000  
0.000000e+000  0.000000e+000  0.000000e+000  0.000000e+000  0.000000e+000  0.000000e+000  0.000000e+000  0.000000e+000  0.000000e+000  0.000000e+000  0.000000e+000  0.000000e+000  0.000000e+000  
0.000000e+000  0.000000e+000  0.000000e+000  0.000000e+000  0.000000e+000  0.000000e+000  0.000000e+000  0.000000e+000  0.000000e+000  0.000000e+000  0.000000e+000  0.000000e+000  0.000000e+000  
0.000000e+000  0.000000e+000  0.000000e+000  0.000000e+000  0.000000e+000  0.000000e+000  0.000000e+000  0.000000e+000  0.000000e+000  0.000000e+000  0.000000e+000  0.000000e+000  0.000000e+000  
0.000000e+000  0.000000e+000  0.000000e+000  0.000000e+000  0.000000e+000  0.000000e+000  0.000000e+000  0.000000e+000  0.000000e+000  0.000000e+000  0.000000e+000  0.000000e+000  0.000000e+000  
0.000000e+000  0.000000e+000  0.000000e+000  0.000000e+000  0.000000e+000  0.000000e+000  0.000000e+000  0.000000e+000  0.000000e+000  0.000000e+000  0.000000e+000  0.000000e+000  0.000000e+000  
0.000000e+000  0.000000e+000  0.000000e+000  0.000000e+000  0.000000e+000  0.000000e+000  0.000000e+000  0.000000e+000  0.000000e+000  0.000000e+000  0.000000e+000  0.000000e+000  0.000000e+000  

0.000000e+000  0.000000e+000  0.000000e+000  0.000000e+000  0.000000e+000  0.000000e+000  0.000000e+000  0.000000e+000  0.000000e+000  0.000000e+000  0.000000e+000  0.000000e+000  0.000000e+000  
0.000000e+000  0.000000e+000  0.000000e+000  0.000000e+000  0.000000e+000  0.000000e+000  0.000000e+000  0.000000e+000  0.000000e+000  0.000000e+000  0.000000e+000  0.000000e+000  0.000000e+000  
0.000000e+000  0.000000e+000  0.000000e+000  0.000000e+000  0.000000e+000  0.000000e+000  0.000000e+000  0.000000e+000  0.000000e+000  0.000000e+000  0.000000e+000  0.000000e+000  0.000000e+000  
0.000000e+000  0.000000e+000  0.000000e+000  0.000000e+000  0.000000e+000  0.000000e+000  0.000000e+000  0.000000e+000  0.000000e+000  0.000000e+000  0.000000e+000  0.000000e+000  0.000000e+000  
0.000000e+000  0.000000e+000  0.000000e+000  0.000000e+000  0.000000e+000  0.000000e+000  0.000000e+000  0.000000e+000  0.000000e+000  0.000000e+000  0.000000e+000  0.000000e+000  0.000000e+000  
0.000000e+000  0.000000e+000  0.000000e+000  0.000000e+000  0.000000e+000  0.000000e+000  0.000000e+000  0.000000e+000  0.000000e+000  0.000000e+000  0.000000e+000  0.000000e+000  0.000000e+000  
0.000000e+000  0.000000e+000  0.000000e+000  0.000000e+000  0.000000e+000  0.000000e+000  0.000000e+000  0.000000e+000  0.000000e+000  0.000000e+000  0.000000e+000  0.000000e+000  0.000000e+000  
0.000000e+000  0.000000e+000  0.000000e+000  0.000000e+000  0.000000e+000  0.000000e+000  0.000000e+000  0.000000e+000  0.000000e+000  0.000000e+000  0.000000e+000  0.000000e+000  0.000000e+000  
0.000000e+000  0.000000e+000  0.000000e+000  0.000000e+000  0.000000e+000  0.000000e+000  0.000000e+000  0.000000e+000  0.000000e+000  0.000000e+000  0.000000e+000  0.000000e+000  0.000000e+000  
0.000000e+000  0.000000e+000  0.000000e+000  0.000000e+000  0.000000e+000  0.000000e+000  0.000000e+000  0.000000e+000  0.000000e+000  0.000000e+000  0.000000e+000  0.000000e+000  0.000000e+000  
0.000000e+000  0.000000e+000  0.000000e+000  0.000000e+000  0.000000e+000  0.000000e+000  0.000000e+000  0.000000e+000  0.000000e+000  0.000000e+000  0.000000e+000  0.000000e+000  0.000000e+000  
0.000000e+000  0.000000e+000  0.000000e+000  0.000000e+000  0.000000e+000  0.000000e+000  0.000000e+000  0.000000e+000  0.000000e+000  0.000000e+000  0.000000e+000  0.000000e+000  0.000000e+000  
0.000000e+000  0.000000e+000  0.000000e+000  0.000000e+000  0.000000e+000  0.000000e+000  0.000000e+000  0.000000e+000  0.000000e+000  0.000000e+000  0.000000e+000  0.000000e+000  0.000000e+000  
0.000000e+000  0.000000e+000  0.000000e+000  0.000000e+000  0.000000e+000  0.000000e+000  0.000000e+000  0.000000e+000  0.000000e+000  0.000000e+000  0.000000e+000  0.000000e+000  0.000000e+000  
0.000000e+000  0.000000e+000  0.000000e+000  0.000000e+000  0.000000e+000  0.000000e+000  0.000000e+000  0.000000e+000  0.000000e+000  0.000000e+000  0.000000e+000  0.000000e+000  0.000000e+000  
0.000000e+000  0.000000e+000  0.000000e+000  0.000000e+000  0.000000e+000  0.000000e+000  0.000000e+000  0.000000e+000  0.000000e+000  0.000000e+000  0.000000e+000  0.000000e+000  0.000000e+000  
0.000000e+000  0.000000e+000  0.000000e+000  0.000000e+000  0.000000e+000  0.000000e+000  0.000000e+000  0.000000e+000  0.000000e+000  0.000000e+000  0.000000e+000  0.000000e+000  0.000000e+000  
0.000000e+000  0.000000e+000  0.000000e+000  0.000000e+000  0.000000e+000  0.000000e+000  0.000000e+000  0.000000e+000  0.000000e+000  0.000000e+000  0.000000e+000  0.000000e+000  0.000000e+000  
0.000000e+000  0.000000e+000  0.000000e+000  0.000000e+000  0.000000e+000  0.000000e+000  0.000000e+000  0.000000e+000  0.000000e+000  0.000000e+000  0.000000e+000  0.000000e+000  0.000000e+000  
0.000000e+000  0.000000e+000  0.000000e+000  0.000000e+000  0.000000e+000  0.000000e+000  0.000000e+000  0.000000e+000  0.000000e+000  0.000000e+000  0.000000e+000  0.000000e+000  0.000000e+000  
0.000000e+000  0.000000e+000  0.000000e+000  0.000000e+000  0.000000e+000  0.000000e+000  0.000000e+000  0.000000e+000  0.000000e+000  0.000000e+000  0.000000e+000  0.000000e+000  0.000000e+000  
0.000000e+000  0.000000e+000  0.000000e+000  0.000000e+000  0.000000e+000  0.000000e+000  0.000000e+000  0.000000e+000  0.000000e+000  0.000000e+000  0.000000e+000  0.000000e+000  0.000000e+000  
0.000000e+000  0.000000e+000  0.000000e+000  0.000000e+000  0.000000e+000  0.000000e+000  0.000000e+000  0.000000e+000  0.000000e+000  0.000000e+000  0.000000e+000  0.000000e+000  0.000000e+000  
0.000000e+000  0.000000e+000  0.000000e+000  0.000000e+000  0.000000e+000  0.000000e+000  0.000000e+000  0.000000e+000  0.000000e+000  0.000000e+000  0.000000e+000  0.000000e+000  0.000000e+000  
0.000000e+000  0.000000e+000  0.000000e+000  0.000000e+000  0.000000e+000  0.000000e+000  0.000000e+000  0.000000e+000  0.000000e+000  0.000000e+000  0.000000e+000  0.000000e+000  0.000000e+000  
0.000000e+000  0.000000e+000  0.000000e+000  0.000000e+000  0.000000e+000  0.000000e+000  0.000000e+000  0.000000e+000  0.000000e+000  0.000000e+000  0.000000e+000  0.000000e+000  0.000000e+000  
0.000000e+000  0.000000e+000  0.000000e+000  0.000000e+000  0.000000e+000  0.000000e+000  0.000000e+000  0.000000e+000  0.000000e+000  0.000000e+000  0.000000e+000  0.000000e+000  0.000000e+000  
0.000000e+000  0.000000e+000  0.000000e+000  0.000000e+000  0.000000e+000  0.000000e+000  0.000000e+000  0.000000e+000  0.000000e+000  0.000000e+000  0.000000e+000  0.000000e+000  0.000000e+000  
0.000000e+000  0.000000e+000  0.000000e+000  0.000000e+000  0.000000e+000  0.000000e+000  0.000000e+000  0.000000e+000  0.000000e+000  0.000000e+000  0.000000e+000  0.000000e+000  0.000000e+000  
0.000000e+000  0.000000e+000  0.000000e+000  0.000000e+000  0.000000e+000  0.000000e+000  0.000000e+000  0.000000e+000  0.000000e+000  0.000000e+000  0.000000e+000  0.000000e+000  0.000000e+000  
0.000000e+000  0.000000e+000  0.000000e+000  0.000000e+000  0.000000e+000  0.000000e+000  0.000000e+000  0.000000e+000  0.000000e+000  0.000000e+000  0.000000e+000  0.000000e+000  0.000000e+000  
0.000000e+000  0.000000e+000  0.000000e+000  0.000000e+000  0.000000e+000  0.000000e+000  0.000000e+000  0.000000e+000  0.000000e+000  0.000000e+000  0.000000e+000  0.000000e+000  0.000000e+000  
0.000000e+000  0.000000e+000  0.000000e+000  0.000000e+000  0.000000e+000  0.000000e+000  0.000000e+000  0.000000e+000  0.000000e+000  0.000000e+000  0.000000e+000  0.000000e+000  0.000000e+000  
0.000000e+000  0.000000e+000  0.000000e+000  0.000000e+000  0.000000e+000  0.000000e+000  0.000000e+000  0.000000e+000  0.000000e+000  0.000000e+000  0.000000e+000  0.000000e+000  0.000000e+000  
0.000000e+000  0.000000e+000  0.000000e+000  0.000000e+000  0.000000e+000  0.000000e+000  0.000000e+000  0.000000e+000  0.000000e+000  0.000000e+000  0.000000e+000  0.000000e+000  0.000000e+000  
0.000000e+000  0.000000e+000  0.000000e+000  0.000000e+000  0.000000e+000  0.000000e+000  0.000000e+000  0.000000e+000  0.000000e+000  0.000000e+000  0.000000e+000  0.000000e+000  0.000000e+000  
0.000000e+000  0.000000e+000  0.000000e+000  0.000000e+000  0.000000e+000  0.000000e+000  0.000000e+000  0.000000e+000  0.000000e+000  0.000000e+000  0.000000e+000  0.000000e+000  0.000000e+000  
0.000000e+000  0.000000e+000  0.000000e+000  0.000000e+000  0.000000e+000  0.000000e+000  0.000000e+000  0.000000e+000  0.000000e+000  0.000000e+000  0.000000e+000  0.000000e+000  0.000000e+000  
0.000000e+000  0.000000e+000  0.000000e+000  0.000000e+000  0.000000e+000  0.000000e+000  0.000000e+000  0.000000e+000  0.000000e+000  0.000000e+000  0.000000e+000  0.000000e+000  0.000000e+000  
0.000000e+000  0.000000e+000  0.000000e+000  0.000000e+000  0.000000e+000  0.000000e+000  0.000000e+000  0.000000e+000  0.000000e+000  0.000000e+000  0.000000e+000  0.000000e+000  0.000000e+000  
0.000000e+000  0.000000e+000  0.000000e+000  0.000000e+000  0.000000e+000  0.000000e+000  0.000000e+000  0.000000e+000  0.000000e+000  0.000000e+000  0.000000e+000  0.000000e+000  0.000000e+000  

0.000000e+000  0.000000e+000  0.000000e+000  0.000000e+000  0.000000e+000  0.000000e+000  0.000000e+000  0.000000e+000  0.000000e+000  0.000000e+000  0.000000e+000  0.000000e+000  0.000000e+000  
0.000000e+000  0.000000e+000  0.000000e+000  0.000000e+000  0.000000e+000  0.000000e+000  0.000000e+000  0.000000e+000  0.000000e+000  0.000000e+000  0.000000e+000  0.000000e+000  0.000000e+000  
0.000000e+000  0.000000e+000  0.000000e+000  0.000000e+000  0.000000e+000  0.000000e+000  0.000000e+000  0.000000e+000  0.000000e+000  0.000000e+000  0.000000e+000  0.000000e+000  0.000000e+000  
0.000000e+000  0.000000e+000  0.000000e+000  0.000000e+000  0.000000e+000  0.000000e+000  0.000000e+000  0.000000e+000  0.000000e+000  0.000000e+000  0.000000e+000  0.000000e+000  0.000000e+000  
0.000000e+000  0.000000e+000  0.000000e+000  0.000000e+000  0.000000e+000  0.000000e+000  0.000000e+000  0.000000e+000  0.000000e+000  0.000000e+000  0.000000e+000  0.000000e+000  0.000000e+000  
0.000000e+000  0.000000e+000  0.000000e+000  0.000000e+000  0.000000e+000  0.000000e+000  0.000000e+000  0.000000e+000  0.000000e+000  0.000000e+000  0.000000e+000  0.000000e+000  0.000000e+000  
0.000000e+000  0.000000e+000  0.000000e+000  0.000000e+000  0.000000e+000  0.000000e+000  0.000000e+000  0.000000e+000  0.000000e+000  0.000000e+000  0.000000e+000  0.000000e+000  0.000000e+000  
0.000000e+000  0.000000e+000  0.000000e+000  0.000000e+000  0.000000e+000  0.000000e+000  0.000000e+000  0.000000e+000  0.000000e+000  0.000000e+000  0.000000e+000  0.000000e+000  0.000000e+000  
0.000000e+000  0.000000e+000  0.000000e+000  0.000000e+000  0.000000e+000  0.000000e+000  0.000000e+000  0.000000e+000  0.000000e+000  0.000000e+000  0.000000e+000  0.000000e+000  0.000000e+000  
0.000000e+000  0.000000e+000  0.000000e+000  0.000000e+000  0.000000e+000  0.000000e+000  0.000000e+000  0.000000e+000  0.000000e+000  0.000000e+000  0.000000e+000  0.000000e+000  0.000000e+000  
0.000000e+000  0.000000e+000  0.000000e+000  0.000000e+000  0.000000e+000  0.000000e+000  0.000000e+000  0.000000e+000  0.000000e+000  0.000000e+000  0.000000e+000  0.000000e+000  0.000000e+000  
0.000000e+000  0.000000e+000  0.000000e+000  0.000000e+000  0.000000e+000  0.000000e+000  0.000000e+000  0.000000e+000  0.000000e+000  0.000000e+000  0.000000e+000  0.000000e+000  0.000000e+000  
0.000000e+000  0.000000e+000  0.000000e+000  0.000000e+000  0.000000e+000  0.000000e+000  0.000000e+000  0.000000e+000  0.000000e+000  0.000000e+000  0.000000e+000  0.000000e+000  0.000000e+000  
0.000000e+000  0.000000e+000  0.000000e+000  0.000000e+000  0.000000e+000  0.000000e+000  0.000000e+000  0.000000e+000  0.000000e+000  0.000000e+000  0.000000e+000  0.000000e+000  0.000000e+000  
0.000000e+000  0.000000e+000  0.000000e+000  0.000000e+000  0.000000e+000  0.000000e+000  0.000000e+000  0.000000e+000  0.000000e+000  0.000000e+000  0.000000e+000  0.000000e+000  0.000000e+000  
0.000000e+000  0.000000e+000  0.000000e+000  0.000000e+000  0.000000e+000  0.000000e+000  0.000000e+000  0.000000e+000  0.000000e+000  0.000000e+000  0.000000e+000  0.000000e+000  0.000000e+000  
0.000000e+000  0.000000e+000  0.000000e+000  0.000000e+000  0.000000e+000  0.000000e+000  0.000000e+000  0.000000e+000  0.000000e+000  0.000000e+000  0.000000e+000  0.000000e+000  0.000000e+000  
0.000000e+000  0.000000e+000  0.000000e+000  0.000000e+000  0.000000e+000  0.000000e+000  0.000000e+000  0.000000e+000  0.000000e+000  0.000000e+000  0.000000e+000  0.000000e+000  0.000000e+000  
0.000000e+000  0.000000e+000  0.000000e+000  0.000000e+000  0.000000e+000  0.000000e+000  0.000000e+000  0.000000e+000  0.000000e+000  0.000000e+000  0.000000e+000  0.000000e+000  0.000000e+000  
0.000000e+000  0.000000e+000  0.000000e+000  0.000000e+000  0.000000e+000  0.000000e+000  0.000000e+000  0.000000e+000  0.000000e+000  0.000000e+000  0.000000e+000  0.000000e+000  0.000000e+000  
0.000000e+000  0.000000e+000  0.000000e+000  0.000000e+000  0.000000e+000  0.000000e+000  0.000000e+000  0.000000e+000  0.000000e+000  0.000000e+000  0.000000e+000  0.000000e+000  0.000000e+000  
0.000000e+000  0.000000e+000  0.000000e+000  0.000000e+000  0.000000e+000  0.000000e+000  0.000000e+000  0.000000e+000  0.000000e+000  0.000000e+000  0.000000e+000  0.000000e+000  0.000000e+000  
0.000000e+000  0.000000e+000  0.000000e+000  0.000000e+000  0.000000e+000  0.000000e+000  0.000000e+000  0.000000e+000  0.000000e+000  0.000000e+000  0.000000e+000  0.000000e+000  0.000000e+000  
0.000000e+000  0.000000e+000  0.000000e+000  0.000000e+000  0.000000e+000  0.000000e+000  0.000000e+000  0.000000e+000  0.000000e+000  0.000000e+000  0.000000e+000  0.000000e+000  0.000000e+000  
0.000000e+000  0.000000e+000  0.000000e+000  0.000000e+000  0.000000e+000  0.000000e+000  0.000000e+000  0.000000e+000  0.000000e+000  0.000000e+000  0.000000e+000  0.000000e+000  0.000000e+000  
0.000000e+000  0.000000e+000  0.000000e+000  0.000000e+000  0.000000e+000  0.000000e+000  0.000000e+000  0.000000e+000  0.000000e+000  0.000000e+000  0.000000e+000  0.000000e+000  0.000000e+000  
0.000000e+000  0.000000e+000  0.000000e+000  0.000000e+000  0.000000e+000  0.000000e+000  0.000000e+000  0.000000e+000  0.000000e+000  0.000000e+000  0.000000e+000  0.000000e+000  0.000000e+000  
0.000000e+000  0.000000e+000  0.000000e+000  0.000000e+000  0.000000e+000  0.000000e+000  0.000000e+000  0.000000e+000  0.000000e+000  0.000000e+000  0.000000e+000  0.000000e+000  0.000000e+000  
0.000000e+000  0.000000e+000  0.000000e+000  0.000000e+000  0.000000e+000  0.000000e+000  0.000000e+000  0.000000e+000  0.000000e+000  0.000000e+000  0.000000e+000  0.000000e+000  0.000000e+000  
0.000000e+000  0.000000e+000  0.000000e+000  0.000000e+000  0.000000e+000  0.000000e+000  0.000000e+000  0.000000e+000  0.000000e+000  0.000000e+000  0.000000e+000  0.000000e+000  0.000000e+000  
0.000000e+000  0.000000e+000  0.000000e+000  0.000000e+000  0.000000e+000  0.000000e+000  0.000000e+000  0.000000e+000  0.000000e+000  0.000000e+000  0.000000e+000  0.000000e+000  0.000000e+000  
0.000000e+000  0.000000e+000  0.000000e+000  0.000000e+000  0.000000e+000  0.000000e+000  0.000000e+000  0.000000e+000  0.000000e+000  0.000000e+000  0.000000e+000  0.000000e+000  0.000000e+000  
0.000000e+000  0.000000e+000  0.000000e+000  0.000000e+000  0.000000e+000  0.000000e+000  0.000000e+000  0.000000e+000  0.000000e+000  0.000000e+000  0.000000e+000  0.000000e+000  0.000000e+000  
0.000000e+000  0.000000e+000  0.000000e+000  0.000000e+000  0.000000e+000  0.000000e+000  0.000000e+000  0.000000e+000  0.000000e+000  0.000000e+000  0.000000e+000  0.000000e+000  0.000000e+000  
0.000000e+000  0.000000e+000  0.000000e+000  0.000000e+000  0.000000e+000  0.000000e+000  0.000000e+000  0.000000e+000  0.000000e+000  0.000000e+000  0.000000e+000  0.000000e+000  0.000000e+000  
0.000000e+000  0.000000e+000  0.000000e+000  0.000000e+000  0.000000e+000  0.000000e+000  0.000000e+000  0.000000e+000  0.000000e+000  0.000000e+000  0.000000e+000  0.000000e+000  0.000000e+000  
0.000000e+000  0.000000e+000  0.000000e+000  0.000000e+000  0.000000e+000  0.000000e+000  0.000000e+000  0.000000e+000  0.000000e+000  0.000000e+000  0.000000e+000  0.000000e+000  0.000000e+000  
0.000000e+000  0.000000e+000  0.000000e+000  0.000000e+000  0.000000e+000  0.000000e+000  0.000000e+000  0.000000e+000  0.000000e+000  0.000000e+000  0.000000e+000  0.000000e+000  0.000000e+000  
0.000000e+000  0.000000e+000  0.000000e+000  0.000000e+000  0.000000e+000  0.000000e+000  0.000000e+000  0.000000e+000  0.000000e+000  0.000000e+000  0.000000e+000  0.000000e+000  0.000000e+000  
0.000000e+000  0.000000e+000  0.000000e+000  0.000000e+000  0.000000e+000  0.000000e+000  0.000000e+000  0.000000e+000  0.000000e+000  0.000000e+000  0.000000e+000  0.000000e+000  0.000000e+000  
0.000000e+000  0.000000e+000  0.000000e+000  0.000000e+000  0.000000e+000  0.000000e+000  0.000000e+000  0.000000e+000  0.000000e+000  0.000000e+000  0.000000e+000  0.000000e+000  0.000000e+000  

-2.871422e+000  -2.871422e+000  -2.871422e+000  -2.871423e+000  0.000000e+000  -4.888324e-001  -4.874243e-001  -4.846556e-001  -4.741974e-001  -4.377658e-001  -3.973591e-001  -3.733574e-001  0.000000e+000  
-2.828564e+000  -2.828568e+000  -2.828575e+000  -2.828580e+000  0.000000e+000  -5.307274e-001  -5.282245e-001  -5.233421e-001  -5.051380e-001  -4.475937e-001  -3.908438e-001  -3.594783e-001  0.000000e+000  
-2.783736e+000  -2.783776e+000  -2.783832e+000  -2.783871e+000  0.000000e+000  -5.871245e-001  -5.826332e-001  -5.739642e-001  -5.421957e-001  -4.551347e-001  -3.800051e-001  -3.415241e-001  0.000000e+000  
-2.764603e+000  -2.764680e+000  -2.764790e+000  -2.764868e+000  0.000000e+000  -6.138487e-001  -6.082755e-001  -5.975624e-001  -5.585614e-001  -4.576725e-001  -3.747191e-001  -3.333909e-001  0.000000e+000  
-2.743558e+000  -2.743722e+000  -2.743955e+000  -2.744120e+000  0.000000e+000  -6.466968e-001  -6.396045e-001  -6.260457e-001  -5.771002e-001  -4.595591e-001  -3.681142e-001  -3.239123e-001  0.000000e+000  
-2.722247e+000  -2.722585e+000  -2.723066e+000  -2.723409e+000  0.000000e+000  -6.841826e-001  -6.751016e-001  -6.578592e-001  -5.962328e-001  -4.603471e-001  -3.605694e-001  -3.137836e-001  0.000000e+000  
-2.701095e+000  -2.701745e+000  -2.702672e+000  -2.703336e+000  0.000000e+000  -7.256419e-001  -7.140640e-001  -6.922643e-001  -6.152248e-001  -4.599868e-001  -3.523424e-001  -3.033299e-001  0.000000e+000  
-2.678149e+000  -2.679397e+000  -2.681191e+000  -2.682483e+000  0.000000e+000  -7.759333e-001  -7.608733e-001  -7.328611e-001  -6.353375e-001  -4.581598e-001  -3.426544e-001  -2.916608e-001  0.000000e+000  
-2.652956e+000  -2.655346e+000  -2.658817e+000  -2.661349e+000  0.000000e+000  -8.376005e-001  -8.175290e-001  -7.808999e-001  -6.560454e-001  -4.544011e-001  -3.313288e-001  -2.787111e-001  0.000000e+000  
-2.624644e+000  -2.629187e+000  -2.635898e+000  -2.640903e+000  0.000000e+000  -9.142976e-001  -8.866679e-001  -8.378084e-001  -6.764626e-001  -4.481567e-001  -3.181859e-001  -2.644253e-001  0.000000e+000  
-2.589303e+000  -2.598110e+000  -2.611481e+000  -2.621854e+000  0.000000e+000  -1.018154e+000  -9.775024e-001  -9.095439e-001  -6.964515e-001  -4.381428e-001  -3.020185e-001  -2.476925e-001  0.000000e+000  
-2.541300e+000  -2.558880e+000  -2.586890e+000  -2.610345e+000  0.000000e+000  -1.167361e+000  -1.100400e+000  -9.999742e-001  -7.125405e-001  -4.224485e-001  -2.820233e-001  -2.280755e-001  0.000000e+000  
-2.474149e+000  -2.507641e+000  -2.565258e+000  -2.620679e+000  0.000000e+000  -1.379909e+000  -1.255401e+000  -1.101095e+000  -7.186185e-001  -4.005674e-001  -2.590401e-001  -2.066395e-001  0.000000e+000  
-2.371978e+000  -2.430727e+000  -2.544237e+000  -2.684815e+000  0.000000e+000  -1.709554e+000  -1.439225e+000  -1.197000e+000  -7.078761e-001  -3.713843e-001  -2.329499e-001  -1.834239e-001  0.000000e+000  
-2.209594e+000  -2.297552e+000  -2.494579e+000  -2.855372e+000  -2.936958e+000  -2.199049e+000  -1.598132e+000  -1.244259e+000  -6.720288e-001  -3.340083e-001  -2.037384e-001  -1.585159e-001  0.000000e+000  
-1.957887e+000  -2.053891e+000  -2.279613e+000  -2.745344e+000  -3.010862e+000  -2.162959e+000  -1.528450e+000  -1.168855e+000  -6.039737e-001  -2.880398e-001  -1.715246e-001  -1.320549e-001  0.000000e+000  
-1.608967e+000  -1.679244e+000  -1.823230e+000  -2.029154e+000  0.000000e+000  -1.491313e+000  -1.204176e+000  -9.627516e-001  -5.032111e-001  -2.338234e-001  -1.365798e-001  -1.042331e-001  0.000000e+000  
-1.188776e+000  -1.229850e+000  -1.303785e+000  -1.381165e+000  0.000000e+000  -9.602666e-001  -8.383889e-001  -6.979135e-001  -3.764515e-001  -1.724855e-001  -9.932772e-002  -7.529241e-002  0.000000e+000  
-7.267778e-001  -7.468356e-001  -7.800899e-001  -8.097036e-001  0.000000e+000  -5.435045e-001  -4.906392e-001  -4.184542e-001  -2.322812e-001  -1.057340e-001  -6.032568e-002  -4.551861e-002  0.000000e+000  
-2.442730e-001  -2.501634e-001  -2.595538e-001  -2.673556e-001  0.000000e+000  -1.764239e-001  -1.612981e-001  -1.390763e-001  -7.844890e-002  -3.562335e-002  -2.023216e-002  -1.523078e-002  0.000000e+000  
2.442730e-001  2.501634e-001  2.595538e-001  2.673556e-001  0.000000e+000  1.764239e-001  1.612981e-001  1.390763e-001  7.844890e-002  3.562335e-002  2.023216e-002  1.523079e-002  0.000000e+000  
7.267778e-001  7.468356e-001  7.800899e-001  8.097036e-001  0.000000e+000  5.435045e-001  4.906392e-001  4.184542e-001  2.322812e-001  1.057340e-001  6.032568e-002  4.551861e-002  0.000000e+000  
1.188776e+000  1.229850e+000  1.303785e+000  1.381165e+000  0.000000e+000  9.602666e-001  8.383889e-001  6.979135e-001  3.764515e-001  1.724855e-001  9.932772e-002  7.529241e-002  0.000000e+000  
1.608967e+000  1.679244e+000  1.823230e+000  2.029154e+000  0.000000e+000  1.491313e+000  1.204176e+000  9.627516e-001  5.032111e-001  2.338234e-001  1.365798e-001  1.042331e-001  0.000000e+000  
1.957887e+000  2.053891e+000  2.279613e+000  2.745344e+000  3.010862e+000  2.162959e+000  1.528450e+000  1.168855e+000  6.039737e-001  2.880398e-001  1.715246e-001  1.320549e-001  0.000000e+000  
2.209594e+000  2.297552e+000  2.494579e+000  2.855372e+000  2.936958e+000  2.199049e+000  1.598132e+000  1.244259e+000  6.720288e-001  3.340083e-001  2.037384e-001  1.585159e-001  0.000000e+000  
2.371978e+000  2.430727e+000  2.544237e+000  2.684815e+000  0.000000e+000  1.709554e+000  1.439225e+000  1.197000e+000  7.078761e-001  3.713843e-001  2.329499e-001  1.834239e-001  0.000000e+000  
2.474149e+000  2.507641e+000  2.565258e+000  2.620679e+000  0.000000e+000  1.379909e+000  1.255401e+000  1.101095e+000  7.186185e-001  4.005674e-001  2.590401e-001  2.066395e-001  0.000000e+000  
2.541300e+000  2.558880e+000  2.586890e+000  2.610345e+000  0.000000e+000  1.167361e+000  1.100400e+000  9.999742e-001  7.125405e-001  4.224485e-001  2.820233e-001  2.280755e-001  0.000000e+000  
2.589303e+000  2.598110e+000  2.611481e+000  2.621854e+000  0.000000e+000  1.018154e+000  9.775024e-001  9.095439e-001  6.964515e-001  4.381428e-001  3.020185e-001  2.476925e-001  0.000000e+000  
2.624644e+000  2.629187e+000  2.635898e+000  2.640903e+000  0.000000e+000  9.142976e-001  8.866679e-001  8.378084e-001  6.764626e-001  4.481567e-001  3.181859e-001  2.644253e-001  0.000000e+000  
2.652956e+000  2.655346e+000  2.658817e+000  2.661349e+000  0.000000e+000  8.376005e-001  8.175290e-001  7.808999e-001  6.560454e-001  4.544011e-001  3.313288e-001  2.787111e-001  0.000000e+000  
2.678149e+000  2.679397e+000  2.681191e+000  2.682483e+000  0.000000e+000  7.759333e-001  7.608733e-001  7.328611e-001  6.353375e-001  4.581598e-001  3.426544e-001  2.916608e-001  0.000000e+000  
2.701095e+000  2.701745e+000  2.702672e+000  2.703336e+000  0.000000e+000  7.256419e-001  7.140640e-001  6.922643e-001  6.152248e-001  4.599868e-001  3.523424e-001  3.033299e-001  0.000000e+000  
2.722247e+000  2.722585e+000  2.723066e+000  2.723409e+000  0.000000e+000  6.841826e-001  6.751016e-001  6.578592e-001  5.962328e-001  4.603471e-001  3.605694e-001  3.137836e-001  0.000000e+000  
2.743558e+000  2.743722e+000  2.743955e+000  2.744120e+000  0.000000e+000  6.466968e-001  6.396045e-001  6.260457e-001  5.771002e-001  4.595591e-001  3.681142e-001  3.239123e-001  0.000000e+000  
2.764603e+000  2.764680e+000  2.764790e+000  2.764868e+000  0.000000e+000  6.138487e-001  6.082755e-001  5.975624e-001  5.585614e-001  4.576725e-001  3.747191e-001  3.333909e-001  0.000000e+000  
2.783736e+000  2.783776e+000  2.783832e+000  2.783871e+000  0.000000e+000  5.871245e-001  5.826332e-001  5.739642e-001  5.421957e-001  4.551347e-001  3.800051e-001  3.415241e-001  0.000000e+000  
2.828564e+000  2.828568e+000  2.828575e+000  2.828580e+000  0.000000e+000  5.307274e-001  5.282245e-001  5.233421e-001  5.051380e-001  4.475937e-001  3.908438e-001  3.594783e-001  0.000000e+000  
2.871422e+000  2.871422e+000  2.871422e+000  2.871423e+000  0.000000e+000  4.888324e-001  4.874243e-001  4.846556e-001  4.741974e-001  4.377658e-001  3.973591e-001  3.733574e-001  0.000000e+000  
0.000000e+000  0.000000e+000  0.000000e+000  0.000000e+000  0.000000e+000  0.000000e+000  0.000000e+000  0.000000e+000  0.000000e+000  0.000000e+000  0.000000e+000  0.000000e+000  0.000000e+000  

