30/Sep/2022 13:21:47  Build version: 2019.0 Release from 2018-09-20 (change 633648)

30/Sep/2022 13:21:47  Starting adaptive port meshing.
                      
                      ------------------------------------------------------------------------------
30/Sep/2022 13:21:47  Mode calculation for port 1:
                      
                      ------------------------------------------------------------------------------

                      ------------------------------------------------------------------------------

                      ------------------------------------------------------------------------------
30/Sep/2022 13:21:50  Using generalized port mode solver.
                      
                      ------------------------------------------------------------------------------
30/Sep/2022 13:21:50  Using electric shielding for port 1.
                      
                      ------------------------------------------------------------------------------
30/Sep/2022 13:21:50  Port mode solver: Detected dispersive material(s) at port 1. 
                      Using a constant approximation of dispersive material(s) at 4 GHz and neglecting loss terms.  More...
                      
                      ------------------------------------------------------------------------------
30/Sep/2022 13:21:50    --------------------------------- F-Calc 4 ---------------------------------
                        Port   Mode   Type        Z-Wave        Z-Wave-Sigma  Z-Line        F-Cutoff
                        1      1      QTEM        256           1.68e-007     22.5          ---
                        ----------------------------------------------------------------------------
                      
30/Sep/2022 13:21:50  Pass 1 successfully completed. 

                      ------------------------------------------------------------------------------

                      ------------------------------------------------------------------------------
30/Sep/2022 13:21:55    --------------------------------- F-Calc 4 ---------------------------------
                        Port   Mode   Type        Z-Wave        Z-Wave-Sigma  Z-Line        F-Cutoff
                        1      1      QTEM        281           1.03e-007     22.7          ---
                        ----------------------------------------------------------------------------
                      
30/Sep/2022 13:21:55  Pass 2 successfully completed. Delta (Line Imp.): 0.88%

                      ------------------------------------------------------------------------------

                      ------------------------------------------------------------------------------
30/Sep/2022 13:22:01    --------------------------------- F-Calc 4 ---------------------------------
                        Port   Mode   Type        Z-Wave        Z-Wave-Sigma  Z-Line        F-Cutoff
                        1      1      QTEM        307           3.09e-008     22.8          ---
                        ----------------------------------------------------------------------------
                      
30/Sep/2022 13:22:02  Pass 3 successfully completed. Delta (Line Imp.): 0.29%
30/Sep/2022 13:22:02  Adaptive port meshing finished. 
                      
                      ------------------------------------------------------------------------------
30/Sep/2022 13:22:02  The following farfield monitor(s) have been adjusted to model box [-14.2662,
                      14.2662, -1.50372, 32.2662, -1.36619, 9.51379].
                        farfield (f=2), farfield (f=4), farfield (f=6)
                      
                      ------------------------------------------------------------------------------
30/Sep/2022 13:22:02  
                      Solver started at: 01:22 PM Friday, 30. September 2022 (SE Asia Standard Time)
                      
                        Module:  Time Domain: S-Parameter (Win 64)
                        Version: 2019.0 Release from 2018-09-20 (change 633648)
                      

                      ------------------------------------------------------------------------------

                      ------------------------------------------------------------------------------
30/Sep/2022 13:22:02  ======================================================================
                       Solver cycle: 1
                      ======================================================================
                      
                      Stimulation at port 1 (mode 1) 
                      
                      
                      
                      ------------------------------------------------------------------------------
30/Sep/2022 13:22:02  Units settings: 
                      
                        Dimensions: mm
                        Frequency:  GHz
                        Time:       ns
                      
                      ------------------------------------------------------------------------------
30/Sep/2022 13:22:26  Mesh statistics:
                      
                         Hexahedral mesh type: PBA [Version: default]
                      
                         Parallelization type: domain decomposition
                            Number of parallel working threads: 3
                            Number of calculation domains used: 3
                      
                         Used point accuracy enhancement value: 75.00%.
                         Used point accuracy enhancement value: 0.00%.
30/Sep/2022 13:22:04     current system memory usage reached 80%
                         PBA fill limit: 97.69% (inverse)
30/Sep/2022 13:22:03     current system memory usage reached 80%

30/Sep/2022 13:22:27  Using generalized port mode solver.
                      
                      ------------------------------------------------------------------------------
30/Sep/2022 13:22:27  Using electric shielding for port 1.
                      
                      ------------------------------------------------------------------------------
30/Sep/2022 13:22:27  Port mode solver: Detected dispersive material(s) at port 1. 
                      Using a constant approximation of dispersive material(s) at 4 GHz and neglecting loss terms.  More...
                      
                      ------------------------------------------------------------------------------
30/Sep/2022 13:22:27  Boundary conditions: 
                      
                        YZsymmetry: none
                        XZsymmetry: none
                        XYsymmetry: none
                      
                        Xmin: expanded open, 4 Layer, depth 12.924 mm
                        Xmax: expanded open, 4 Layer, depth 12.924 mm
                      
                        Ymin: expanded open, 4 Layer, depth 11.7193 mm
                        Ymax: expanded open, 4 Layer, depth 12.897 mm
                      
                        Zmin: expanded open, 4 Layer, depth 12.924 mm
                        Zmax: expanded open, 4 Layer, depth 11.7203 mm
                      
                        PML-Type: Convolution PML
                      
                      ------------------------------------------------------------------------------
30/Sep/2022 13:22:27  Frequency settings: 
                      
                        Fmin:         2
                        Fmax:         6
                        Nfsteps(lin): 1001
                      
                      ------------------------------------------------------------------------------
30/Sep/2022 13:22:27  Waveguide boundaries:
                      
30/Sep/2022 13:22:27  Port: 1
                      
30/Sep/2022 13:22:27    --------------------------------- F-Calc 4 ---------------------------------
                        Port   Mode   Type        Z-Wave        Z-Wave-Sigma  Z-Line        F-Cutoff
                        1      1      QTEM        256           1.68e-007     22.8          ---
                        ----------------------------------------------------------------------------
                      
30/Sep/2022 13:22:27  Field update statistics:
                      
                        Number of components in total: 	1423387
                        Number of TST elements:		1431
                        Number of lossy metal components:	28692
                        Number of disp. elements:		44313
                      
                      Subcycling state:      Automatically deactivated
                      
                      ------------------------------------------------------------------------------
30/Sep/2022 13:24:03  
                      --------------------------------------------------------------------------------
30/Sep/2022 13:24:03  Steady state energy criterion met, solver finished successfully.
                      
                      ------------------------------------------------------------------------------
30/Sep/2022 13:24:03  Frequency domain results normalized to default signal.
                      
                      
                      ------------------------------------------------------------------------------
30/Sep/2022 13:24:03  
                        ----------------------------------------------------------------------------
                                            Peak memory used (kB)         Free physical memory (kB) 
                                                                          At begin     Minimum      
                        ----------------------------------------------------------------------------
                        CAD preparation     22408                         1964384      1964384      
                        Matrices calc.      321777                        1764648      1499023      
                        Solver run total    154432                        1978772      1497724      
                        ----------------------------------------------------------------------------
                      
                      --------------------------------------------------------------------------------
                      Solver Statistics:
                      
                        Hardware:
                           Computer name:                 	DESKTOP-OA7SINK 
                      
                           Number of CPU threads:               4
                           Hardware info:                  	Hardware Accelerator Device not activated
                      
                        Number of mesh cells:             	230996
                        Excitation duration:              	1.77727437e+000 ns 
                        Calculation time for excitation:  	52 	s
                        Number of calculated pulse widths:	1.77805 
                        Steady state accuracy limit:      	-40	dB 
                        Simulated number of time steps:   	17271 
                        Maximum number of time steps:     	194268 
                        Time step width:
                           without subcycles:             	1.82970755e-004 ns
                           used:                          	1.82970755e-004 ns
                      
                        CAD preparation time:             	0      	s
                        Matrix calculation time:          	24 	s
                        Solver setup time:                	1 	s
                        Solver loop time:                 	95 	s
                        Solver post processing time:      	0 	s
                                                          	------------
                        Total solver time:                	120 	s  ( = 0 h, 2 m, 0 s )
                      
                      ------------------------------------------------------------------------------
30/Sep/2022 13:24:03  
                        Adaptive port meshing time:          	16     	s
                        Total solver time (all cycles):      	120    	s  ( = 0 h, 2 m, 0 s )
                        solver initialization and clean-up:  	1      	s
                                                             	------------
                        Total simulation time:               	137    	s  ( = 0 h, 2 m, 17 s )
                      
                      ------------------------------------------------------------------------------
30/Sep/2022 13:24:03  Solver finished at: 01:24 PM Friday, 30. September 2022
                      
                      
                      
                      ------------------------------------------------------------------------------
