Port monitor named: Port1_h1[4].prt

nx        = 87
ny        = 80
nz        = 35

nu        = 16
nv        = 43
iu        = 12
iv        = 23

idir      = 1
dcut      = 0.000000e+000
icut      = 9
type      = 1
frequency = 4.000000e+009

fcutoff   = 0.000000e+000
alpha     = 0.000000e+000
beta      = 1.422610e+002
accuracy  = 6.188139e-011

type          = QTEM
wave imp.     = 2.561250e+002
wave imp.sig. = 1.684164e-007
line imp.     = 2.276108e+001

ref. port     = 0

-0.000000e+000  5.868509e-006  8.300174e-006  5.873871e-006  -0.000000e+000  -0.000000e+000  -0.000000e+000  -0.000000e+000  -0.000000e+000  3.114242e-002  6.148461e-002  9.027461e-002  2.074787e-001  2.131058e-001  1.271893e-001  -0.000000e+000  
-0.000000e+000  1.441648e-004  2.041955e-004  1.446117e-004  -0.000000e+000  -0.000000e+000  -0.000000e+000  -0.000000e+000  -0.000000e+000  6.058113e-002  1.186213e-001  1.718334e-001  3.440501e-001  3.113858e-001  1.725351e-001  -0.000000e+000  
-0.000000e+000  3.502780e-003  4.977619e-003  3.538011e-003  -0.000000e+000  -0.000000e+000  -0.000000e+000  -0.000000e+000  -0.000000e+000  1.764005e-001  3.399399e-001  4.800608e-001  7.071716e-001  5.155447e-001  2.531276e-001  -0.000000e+000  
-0.000000e+000  4.499067e-002  6.457268e-002  4.642242e-002  -0.000000e+000  -0.000000e+000  -0.000000e+000  -0.000000e+000  -0.000000e+000  4.657392e-001  8.729623e-001  1.188650e+000  1.147534e+000  6.729927e-001  2.981019e-001  -0.000000e+000  
-0.000000e+000  8.681006e-002  1.260456e-001  9.193080e-002  -0.000000e+000  -0.000000e+000  -0.000000e+000  -0.000000e+000  -0.000000e+000  6.152738e-001  1.132189e+000  1.512654e+000  1.299130e+000  7.201238e-001  3.103080e-001  -0.000000e+000  
-0.000000e+000  1.826073e-001  2.707478e-001  2.030471e-001  -0.000000e+000  -0.000000e+000  -0.000000e+000  -0.000000e+000  -0.000000e+000  8.637292e-001  1.528906e+000  1.969333e+000  1.462050e+000  7.631826e-001  3.200129e-001  -0.000000e+000  
-0.000000e+000  3.221802e-001  4.918478e-001  3.850768e-001  -0.000000e+000  -0.000000e+000  -0.000000e+000  -0.000000e+000  -0.000000e+000  1.171651e+000  1.957218e+000  2.399474e+000  1.577822e+000  7.883505e-001  3.245159e-001  -0.000000e+000  
-0.000000e+000  5.065101e-001  7.940701e-001  6.487748e-001  -0.000000e+000  -0.000000e+000  -0.000000e+000  -0.000000e+000  -0.000000e+000  1.579716e+000  2.474893e+000  2.878415e+000  1.693138e+000  8.113639e-001  3.280914e-001  -0.000000e+000  
-0.000000e+000  1.023364e+000  1.725567e+000  1.604699e+000  -0.000000e+000  -0.000000e+000  -0.000000e+000  -0.000000e+000  -0.000000e+000  2.860279e+000  3.722566e+000  3.772781e+000  1.849807e+000  8.344003e-001  3.292382e-001  -0.000000e+000  
-0.000000e+000  1.904864e+000  3.592245e+000  4.247695e+000  -0.000000e+000  -0.000000e+000  -0.000000e+000  -0.000000e+000  -0.000000e+000  6.144414e+000  5.786984e+000  4.797893e+000  1.975432e+000  8.438795e-001  3.257499e-001  -0.000000e+000  
-0.000000e+000  2.961918e+000  6.440470e+000  1.143028e+001  1.836532e+001  2.441904e+001  2.557671e+001  2.615205e+001  2.309866e+001  1.307902e+001  8.320513e+000  5.626325e+000  2.039908e+000  8.373462e-001  3.176975e-001  -0.000000e+000  
-0.000000e+000  3.496762e+000  7.778656e+000  1.387196e+001  2.218512e+001  2.565314e+001  2.610236e+001  2.549773e+001  2.209884e+001  1.425581e+001  9.108339e+000  5.917121e+000  2.039122e+000  8.171553e-001  3.060646e-001  -0.000000e+000  
-0.000000e+000  3.345671e+000  7.534459e+000  1.437195e+001  3.022723e+001  2.953540e+001  2.756482e+001  2.729584e+001  2.445386e+001  1.337609e+001  8.402790e+000  5.619552e+000  1.970526e+000  7.822551e-001  2.902400e-001  -0.000000e+000  
-0.000000e+000  2.426521e+000  4.887363e+000  6.935176e+000  -0.000000e+000  -0.000000e+000  -0.000000e+000  -0.000000e+000  -0.000000e+000  6.554538e+000  5.939141e+000  4.792490e+000  1.834334e+000  7.311736e-001  2.695693e-001  -0.000000e+000  
-0.000000e+000  1.439765e+000  2.558808e+000  2.648085e+000  -0.000000e+000  -0.000000e+000  -0.000000e+000  -0.000000e+000  -0.000000e+000  3.095745e+000  3.863039e+000  3.776153e+000  1.638733e+000  6.630863e-001  2.436648e-001  -0.000000e+000  
-0.000000e+000  7.727863e-001  1.258341e+000  1.096616e+000  -0.000000e+000  -0.000000e+000  -0.000000e+000  -0.000000e+000  -0.000000e+000  1.688962e+000  2.541959e+000  2.847942e+000  1.408491e+000  5.818064e-001  2.136199e-001  -0.000000e+000  
-0.000000e+000  3.925323e-001  6.043262e-001  4.793179e-001  -0.000000e+000  -0.000000e+000  -0.000000e+000  -0.000000e+000  -0.000000e+000  1.019372e+000  1.704446e+000  2.079605e+000  1.159571e+000  4.896808e-001  1.799331e-001  -0.000000e+000  
-0.000000e+000  1.927589e-001  2.867175e-001  2.160153e-001  -0.000000e+000  -0.000000e+000  -0.000000e+000  -0.000000e+000  -0.000000e+000  6.448659e-001  1.141120e+000  1.463071e+000  9.025993e-001  3.890631e-001  1.431881e-001  -0.000000e+000  
-0.000000e+000  9.165928e-002  1.335814e-001  9.788399e-002  -0.000000e+000  -0.000000e+000  -0.000000e+000  -0.000000e+000  -0.000000e+000  4.016976e-001  7.321534e-001  9.648721e-001  6.436195e-001  2.821547e-001  1.040248e-001  -0.000000e+000  
-0.000000e+000  4.023674e-002  5.797696e-002  4.187506e-002  -0.000000e+000  -0.000000e+000  -0.000000e+000  -0.000000e+000  -0.000000e+000  2.215662e-001  4.098178e-001  5.478602e-001  3.853340e-001  1.709504e-001  6.311668e-002  -0.000000e+000  
-0.000000e+000  1.128413e-002  1.617675e-002  1.161192e-002  -0.000000e+000  -0.000000e+000  -0.000000e+000  -0.000000e+000  -0.000000e+000  7.094074e-002  1.320135e-001  1.775576e-001  1.282665e-001  5.725518e-002  2.115610e-002  -0.000000e+000  
-0.000000e+000  -1.128414e-002  -1.617672e-002  -1.161191e-002  -0.000000e+000  -0.000000e+000  -0.000000e+000  -0.000000e+000  -0.000000e+000  -7.094074e-002  -1.320136e-001  -1.775576e-001  -1.282665e-001  -5.725518e-002  -2.115611e-002  -0.000000e+000  
-0.000000e+000  -4.023677e-002  -5.797695e-002  -4.187508e-002  -0.000000e+000  -0.000000e+000  -0.000000e+000  -0.000000e+000  -0.000000e+000  -2.215663e-001  -4.098178e-001  -5.478603e-001  -3.853340e-001  -1.709503e-001  -6.311670e-002  -0.000000e+000  
-0.000000e+000  -9.165922e-002  -1.335814e-001  -9.788402e-002  -0.000000e+000  -0.000000e+000  -0.000000e+000  -0.000000e+000  -0.000000e+000  -4.016975e-001  -7.321535e-001  -9.648721e-001  -6.436195e-001  -2.821547e-001  -1.040248e-001  -0.000000e+000  
-0.000000e+000  -1.927589e-001  -2.867175e-001  -2.160153e-001  -0.000000e+000  -0.000000e+000  -0.000000e+000  -0.000000e+000  -0.000000e+000  -6.448660e-001  -1.141120e+000  -1.463071e+000  -9.025993e-001  -3.890630e-001  -1.431881e-001  -0.000000e+000  
-0.000000e+000  -3.925322e-001  -6.043263e-001  -4.793179e-001  -0.000000e+000  -0.000000e+000  -0.000000e+000  -0.000000e+000  -0.000000e+000  -1.019372e+000  -1.704446e+000  -2.079605e+000  -1.159571e+000  -4.896808e-001  -1.799331e-001  -0.000000e+000  
-0.000000e+000  -7.727863e-001  -1.258341e+000  -1.096616e+000  -0.000000e+000  -0.000000e+000  -0.000000e+000  -0.000000e+000  -0.000000e+000  -1.688962e+000  -2.541959e+000  -2.847942e+000  -1.408491e+000  -5.818064e-001  -2.136199e-001  -0.000000e+000  
-0.000000e+000  -1.439765e+000  -2.558808e+000  -2.648085e+000  -0.000000e+000  -0.000000e+000  -0.000000e+000  -0.000000e+000  -0.000000e+000  -3.095745e+000  -3.863039e+000  -3.776153e+000  -1.638733e+000  -6.630863e-001  -2.436649e-001  -0.000000e+000  
-0.000000e+000  -2.426522e+000  -4.887363e+000  -6.935176e+000  -0.000000e+000  -0.000000e+000  -0.000000e+000  -0.000000e+000  -0.000000e+000  -6.554538e+000  -5.939141e+000  -4.792490e+000  -1.834334e+000  -7.311736e-001  -2.695694e-001  -0.000000e+000  
-0.000000e+000  -3.345670e+000  -7.534459e+000  -1.437195e+001  -3.022723e+001  -2.953540e+001  -2.756482e+001  -2.729584e+001  -2.445386e+001  -1.337609e+001  -8.402790e+000  -5.619552e+000  -1.970526e+000  -7.822551e-001  -2.902400e-001  -0.000000e+000  
-0.000000e+000  -3.496762e+000  -7.778656e+000  -1.387196e+001  -2.218512e+001  -2.565314e+001  -2.610236e+001  -2.549773e+001  -2.209884e+001  -1.425581e+001  -9.108339e+000  -5.917121e+000  -2.039122e+000  -8.171553e-001  -3.060646e-001  -0.000000e+000  
-0.000000e+000  -2.961918e+000  -6.440470e+000  -1.143028e+001  -1.836532e+001  -2.441904e+001  -2.557671e+001  -2.615205e+001  -2.309866e+001  -1.307902e+001  -8.320513e+000  -5.626325e+000  -2.039908e+000  -8.373462e-001  -3.176975e-001  -0.000000e+000  
-0.000000e+000  -1.904864e+000  -3.592245e+000  -4.247695e+000  -0.000000e+000  -0.000000e+000  -0.000000e+000  -0.000000e+000  -0.000000e+000  -6.144414e+000  -5.786984e+000  -4.797893e+000  -1.975432e+000  -8.438795e-001  -3.257499e-001  -0.000000e+000  
-0.000000e+000  -1.023364e+000  -1.725567e+000  -1.604699e+000  -0.000000e+000  -0.000000e+000  -0.000000e+000  -0.000000e+000  -0.000000e+000  -2.860279e+000  -3.722566e+000  -3.772781e+000  -1.849807e+000  -8.344003e-001  -3.292382e-001  -0.000000e+000  
-0.000000e+000  -5.065101e-001  -7.940700e-001  -6.487749e-001  -0.000000e+000  -0.000000e+000  -0.000000e+000  -0.000000e+000  -0.000000e+000  -1.579716e+000  -2.474893e+000  -2.878415e+000  -1.693138e+000  -8.113640e-001  -3.280914e-001  -0.000000e+000  
-0.000000e+000  -3.221802e-001  -4.918480e-001  -3.850765e-001  -0.000000e+000  -0.000000e+000  -0.000000e+000  -0.000000e+000  -0.000000e+000  -1.171651e+000  -1.957219e+000  -2.399474e+000  -1.577822e+000  -7.883501e-001  -3.245162e-001  -0.000000e+000  
-0.000000e+000  -1.826073e-001  -2.707477e-001  -2.030472e-001  -0.000000e+000  -0.000000e+000  -0.000000e+000  -0.000000e+000  -0.000000e+000  -8.637291e-001  -1.528905e+000  -1.969333e+000  -1.462050e+000  -7.631827e-001  -3.200128e-001  -0.000000e+000  
-0.000000e+000  -8.681005e-002  -1.260457e-001  -9.193077e-002  -0.000000e+000  -0.000000e+000  -0.000000e+000  -0.000000e+000  -0.000000e+000  -6.152738e-001  -1.132189e+000  -1.512654e+000  -1.299130e+000  -7.201238e-001  -3.103080e-001  -0.000000e+000  
-0.000000e+000  -4.499066e-002  -6.457269e-002  -4.642243e-002  -0.000000e+000  -0.000000e+000  -0.000000e+000  -0.000000e+000  -0.000000e+000  -4.657393e-001  -8.729622e-001  -1.188650e+000  -1.147534e+000  -6.729927e-001  -2.981019e-001  -0.000000e+000  
-0.000000e+000  -3.502777e-003  -4.977617e-003  -3.538009e-003  -0.000000e+000  -0.000000e+000  -0.000000e+000  -0.000000e+000  -0.000000e+000  -1.764005e-001  -3.399399e-001  -4.800608e-001  -7.071716e-001  -5.155447e-001  -2.531276e-001  -0.000000e+000  
-0.000000e+000  -1.441709e-004  -2.041954e-004  -1.446166e-004  -0.000000e+000  -0.000000e+000  -0.000000e+000  -0.000000e+000  -0.000000e+000  -6.058113e-002  -1.186213e-001  -1.718335e-001  -3.440501e-001  -3.113858e-001  -1.725351e-001  -0.000000e+000  
-0.000000e+000  -5.865981e-006  -8.299261e-006  -5.872953e-006  -0.000000e+000  -0.000000e+000  -0.000000e+000  -0.000000e+000  -0.000000e+000  -3.114242e-002  -6.148461e-002  -9.027461e-002  -2.074787e-001  -2.131058e-001  -1.271893e-001  -0.000000e+000  
-0.000000e+000  -0.000000e+000  -0.000000e+000  -0.000000e+000  -0.000000e+000  -0.000000e+000  -0.000000e+000  -0.000000e+000  -0.000000e+000  -0.000000e+000  -0.000000e+000  -0.000000e+000  -0.000000e+000  -0.000000e+000  -0.000000e+000  -0.000000e+000  

-0.000000e+000  -0.000000e+000  -0.000000e+000  -0.000000e+000  -0.000000e+000  -0.000000e+000  -0.000000e+000  -0.000000e+000  -0.000000e+000  -0.000000e+000  -0.000000e+000  -0.000000e+000  -0.000000e+000  -0.000000e+000  -0.000000e+000  -0.000000e+000  
-1.132215e+000  -1.132193e+000  -1.132162e+000  -1.132141e+000  -0.000000e+000  -0.000000e+000  -0.000000e+000  -0.000000e+000  -2.784547e-001  -2.735133e-001  -2.639225e-001  -2.201209e-001  -8.981626e-002  8.657829e-003  5.409323e-002  -0.000000e+000  
-2.235345e+000  -2.234789e+000  -2.234000e+000  -2.233438e+000  -0.000000e+000  -0.000000e+000  -0.000000e+000  -0.000000e+000  -7.415620e-001  -7.211441e-001  -6.821275e-001  -5.082746e-001  -1.444063e-001  7.043505e-002  1.552449e-001  -0.000000e+000  
-3.201270e+000  -3.189079e+000  -3.171568e+000  -3.158966e+000  -0.000000e+000  -0.000000e+000  -0.000000e+000  -0.000000e+000  -1.805583e+000  -1.714985e+000  -1.548085e+000  -8.382029e-001  -5.444180e-002  2.398442e-001  3.239068e-001  -0.000000e+000  
-3.417157e+000  -3.377909e+000  -3.320216e+000  -3.277506e+000  -0.000000e+000  -0.000000e+000  -0.000000e+000  -0.000000e+000  -2.297795e+000  -2.148248e+000  -1.889001e+000  -8.522723e-001  9.485208e-003  2.908468e-001  3.637153e-001  -0.000000e+000  
-3.675081e+000  -3.585173e+000  -3.449368e+000  -3.345085e+000  -0.000000e+000  -0.000000e+000  -0.000000e+000  -0.000000e+000  -2.941686e+000  -2.693210e+000  -2.296462e+000  -8.352100e-001  9.092055e-002  3.479726e-001  4.059097e-001  -0.000000e+000  
-4.032396e+000  -3.841901e+000  -3.540141e+000  -3.291710e+000  -0.000000e+000  -0.000000e+000  -0.000000e+000  -0.000000e+000  -3.836772e+000  -3.388949e+000  -2.766034e+000  -7.645250e-001  1.925197e-001  4.110122e-001  4.501106e-001  -0.000000e+000  
-4.221567e+000  -3.970131e+000  -3.557893e+000  -3.198214e+000  -0.000000e+000  -0.000000e+000  -0.000000e+000  -0.000000e+000  -4.289182e+000  -3.696060e+000  -2.943621e+000  -7.163308e-001  2.363927e-001  4.360696e-001  4.670913e-001  -0.000000e+000  
-4.920533e+000  -4.435823e+000  -3.562292e+000  -2.665901e+000  -0.000000e+000  -0.000000e+000  -0.000000e+000  -0.000000e+000  -5.906738e+000  -4.627099e+000  -3.380325e+000  -5.208756e-001  3.690142e-001  5.064299e-001  5.132743e-001  -0.000000e+000  
-6.167316e+000  -5.340595e+000  -3.590039e+000  -1.111705e+000  -0.000000e+000  -0.000000e+000  -0.000000e+000  -0.000000e+000  -8.811335e+000  -5.529571e+000  -3.466641e+000  -1.891738e-001  5.243858e-001  5.809357e-001  5.601317e-001  -0.000000e+000  
-8.350119e+000  -7.292496e+000  -4.443155e+000  2.740845e+000  -0.000000e+000  -0.000000e+000  -0.000000e+000  -0.000000e+000  -1.260822e+001  -5.216639e+000  -2.516155e+000  3.090747e-001  6.997220e-001  6.581613e-001  6.069307e-001  -0.000000e+000  
-1.124207e+001  -1.066822e+001  -9.232592e+000  -6.612931e+000  -2.515913e+000  -1.193026e+000  -6.295823e-001  -1.330558e+000  -2.437058e+000  -1.093111e+000  -1.933789e-001  8.691836e-001  8.640969e-001  7.264639e-001  6.471663e-001  -0.000000e+000  
-1.462749e+001  -1.478853e+001  -1.504818e+001  -1.450830e+001  -5.885673e+000  -1.725350e+000  -1.581682e-001  1.768476e+000  4.374883e+000  3.370226e+000  2.564477e+000  1.477208e+000  1.031940e+000  7.940336e-001  6.861609e-001  -0.000000e+000  
-1.786426e+001  -1.881449e+001  -2.155163e+001  -2.924321e+001  -0.000000e+000  -0.000000e+000  -0.000000e+000  -0.000000e+000  1.520525e+001  7.683476e+000  4.966939e+000  2.049160e+000  1.195583e+000  8.593763e-001  7.233279e-001  -0.000000e+000  
-2.040234e+001  -2.138873e+001  -2.371665e+001  -2.800311e+001  -0.000000e+000  -0.000000e+000  -0.000000e+000  -0.000000e+000  1.190917e+001  8.222463e+000  6.009561e+000  2.543549e+000  1.358491e+000  9.252926e-001  7.604781e-001  -0.000000e+000  
-2.194063e+001  -2.260742e+001  -2.390757e+001  -2.545878e+001  -0.000000e+000  -0.000000e+000  -0.000000e+000  -0.000000e+000  8.970508e+000  7.471027e+000  6.062896e+000  2.897419e+000  1.502481e+000  9.853431e-001  7.941849e-001  -0.000000e+000  
-2.279773e+001  -2.317789e+001  -2.383176e+001  -2.444894e+001  -0.000000e+000  -0.000000e+000  -0.000000e+000  -0.000000e+000  7.359065e+000  6.645354e+000  5.752655e+000  3.132395e+000  1.624298e+000  1.038155e+000  8.238254e-001  -0.000000e+000  
-2.325972e+001  -2.345945e+001  -2.377698e+001  -2.404023e+001  -0.000000e+000  -0.000000e+000  -0.000000e+000  -0.000000e+000  6.381892e+000  5.982708e+000  5.382264e+000  3.279698e+000  1.722813e+000  1.082639e+000  8.488516e-001  -0.000000e+000  
-2.350672e+001  -2.360779e+001  -2.376089e+001  -2.387900e+001  -0.000000e+000  -0.000000e+000  -0.000000e+000  -0.000000e+000  5.761340e+000  5.502148e+000  5.066234e+000  3.367228e+000  1.798177e+000  1.117978e+000  8.688034e-001  -0.000000e+000  
-2.363721e+001  -2.368862e+001  -2.376420e+001  -2.382020e+001  -0.000000e+000  -0.000000e+000  -0.000000e+000  -0.000000e+000  5.373679e+000  5.181678e+000  4.838104e+000  3.415969e+000  1.851124e+000  1.143592e+000  8.833174e-001  -0.000000e+000  
-2.370077e+001  -2.372972e+001  -2.377151e+001  -2.380177e+001  -0.000000e+000  -0.000000e+000  -0.000000e+000  -0.000000e+000  5.159450e+000  4.998899e+000  4.702790e+000  3.439948e+000  1.882483e+000  1.159103e+000  8.921313e-001  -0.000000e+000  
-2.371984e+001  -2.374240e+001  -2.377475e+001  -2.379797e+001  -0.000000e+000  -0.000000e+000  -0.000000e+000  -0.000000e+000  5.090793e+000  4.939563e+000  4.658139e+000  3.447090e+000  1.892863e+000  1.164296e+000  8.950868e-001  -0.000000e+000  
-2.370077e+001  -2.372972e+001  -2.377151e+001  -2.380177e+001  -0.000000e+000  -0.000000e+000  -0.000000e+000  -0.000000e+000  5.159450e+000  4.998899e+000  4.702790e+000  3.439948e+000  1.882483e+000  1.159103e+000  8.921313e-001  -0.000000e+000  
-2.363721e+001  -2.368862e+001  -2.376420e+001  -2.382020e+001  -0.000000e+000  -0.000000e+000  -0.000000e+000  -0.000000e+000  5.373679e+000  5.181678e+000  4.838104e+000  3.415969e+000  1.851124e+000  1.143592e+000  8.833174e-001  -0.000000e+000  
-2.350672e+001  -2.360779e+001  -2.376089e+001  -2.387900e+001  -0.000000e+000  -0.000000e+000  -0.000000e+000  -0.000000e+000  5.761340e+000  5.502148e+000  5.066234e+000  3.367228e+000  1.798177e+000  1.117978e+000  8.688034e-001  -0.000000e+000  
-2.325972e+001  -2.345945e+001  -2.377698e+001  -2.404023e+001  -0.000000e+000  -0.000000e+000  -0.000000e+000  -0.000000e+000  6.381892e+000  5.982708e+000  5.382264e+000  3.279698e+000  1.722813e+000  1.082639e+000  8.488516e-001  -0.000000e+000  
-2.279773e+001  -2.317789e+001  -2.383176e+001  -2.444894e+001  -0.000000e+000  -0.000000e+000  -0.000000e+000  -0.000000e+000  7.359065e+000  6.645354e+000  5.752655e+000  3.132395e+000  1.624298e+000  1.038155e+000  8.238254e-001  -0.000000e+000  
-2.194063e+001  -2.260742e+001  -2.390757e+001  -2.545878e+001  -0.000000e+000  -0.000000e+000  -0.000000e+000  -0.000000e+000  8.970508e+000  7.471027e+000  6.062896e+000  2.897419e+000  1.502481e+000  9.853431e-001  7.941849e-001  -0.000000e+000  
-2.040234e+001  -2.138873e+001  -2.371665e+001  -2.800311e+001  -0.000000e+000  -0.000000e+000  -0.000000e+000  -0.000000e+000  1.190917e+001  8.222462e+000  6.009561e+000  2.543549e+000  1.358491e+000  9.252926e-001  7.604781e-001  -0.000000e+000  
-1.786426e+001  -1.881449e+001  -2.155163e+001  -2.924321e+001  -0.000000e+000  -0.000000e+000  -0.000000e+000  -0.000000e+000  1.520525e+001  7.683476e+000  4.966939e+000  2.049160e+000  1.195583e+000  8.593763e-001  7.233279e-001  -0.000000e+000  
-1.462749e+001  -1.478853e+001  -1.504818e+001  -1.450830e+001  -5.885673e+000  -1.725350e+000  -1.581683e-001  1.768476e+000  4.374883e+000  3.370226e+000  2.564477e+000  1.477208e+000  1.031940e+000  7.940336e-001  6.861609e-001  -0.000000e+000  
-1.124207e+001  -1.066822e+001  -9.232592e+000  -6.612931e+000  -2.515913e+000  -1.193026e+000  -6.295824e-001  -1.330558e+000  -2.437058e+000  -1.093111e+000  -1.933789e-001  8.691836e-001  8.640969e-001  7.264639e-001  6.471663e-001  -0.000000e+000  
-8.350119e+000  -7.292496e+000  -4.443155e+000  2.740845e+000  -0.000000e+000  -0.000000e+000  -0.000000e+000  -0.000000e+000  -1.260822e+001  -5.216639e+000  -2.516155e+000  3.090747e-001  6.997220e-001  6.581613e-001  6.069307e-001  -0.000000e+000  
-6.167316e+000  -5.340595e+000  -3.590039e+000  -1.111705e+000  -0.000000e+000  -0.000000e+000  -0.000000e+000  -0.000000e+000  -8.811335e+000  -5.529571e+000  -3.466641e+000  -1.891738e-001  5.243858e-001  5.809357e-001  5.601317e-001  -0.000000e+000  
-4.920533e+000  -4.435823e+000  -3.562292e+000  -2.665901e+000  -0.000000e+000  -0.000000e+000  -0.000000e+000  -0.000000e+000  -5.906738e+000  -4.627099e+000  -3.380325e+000  -5.208756e-001  3.690142e-001  5.064299e-001  5.132743e-001  -0.000000e+000  
-4.221567e+000  -3.970131e+000  -3.557893e+000  -3.198214e+000  -0.000000e+000  -0.000000e+000  -0.000000e+000  -0.000000e+000  -4.289182e+000  -3.696060e+000  -2.943621e+000  -7.163308e-001  2.363927e-001  4.360696e-001  4.670913e-001  -0.000000e+000  
-4.032396e+000  -3.841901e+000  -3.540141e+000  -3.291710e+000  -0.000000e+000  -0.000000e+000  -0.000000e+000  -0.000000e+000  -3.836772e+000  -3.388949e+000  -2.766035e+000  -7.645250e-001  1.925197e-001  4.110122e-001  4.501106e-001  -0.000000e+000  
-3.675081e+000  -3.585173e+000  -3.449368e+000  -3.345085e+000  -0.000000e+000  -0.000000e+000  -0.000000e+000  -0.000000e+000  -2.941686e+000  -2.693210e+000  -2.296462e+000  -8.352100e-001  9.092055e-002  3.479726e-001  4.059097e-001  -0.000000e+000  
-3.417157e+000  -3.377909e+000  -3.320216e+000  -3.277506e+000  -0.000000e+000  -0.000000e+000  -0.000000e+000  -0.000000e+000  -2.297795e+000  -2.148248e+000  -1.889001e+000  -8.522723e-001  9.485209e-003  2.908468e-001  3.637153e-001  -0.000000e+000  
-3.201270e+000  -3.189079e+000  -3.171568e+000  -3.158966e+000  -0.000000e+000  -0.000000e+000  -0.000000e+000  -0.000000e+000  -1.805583e+000  -1.714985e+000  -1.548084e+000  -8.382029e-001  -5.444180e-002  2.398442e-001  3.239068e-001  -0.000000e+000  
-2.235345e+000  -2.234789e+000  -2.234000e+000  -2.233438e+000  -0.000000e+000  -0.000000e+000  -0.000000e+000  -0.000000e+000  -7.415620e-001  -7.211441e-001  -6.821275e-001  -5.082746e-001  -1.444063e-001  7.043504e-002  1.552449e-001  -0.000000e+000  
-1.132215e+000  -1.132193e+000  -1.132162e+000  -1.132141e+000  -0.000000e+000  -0.000000e+000  -0.000000e+000  -0.000000e+000  -2.784547e-001  -2.735132e-001  -2.639225e-001  -2.201209e-001  -8.981626e-002  8.657829e-003  5.409323e-002  -0.000000e+000  
-0.000000e+000  -0.000000e+000  -0.000000e+000  -0.000000e+000  -0.000000e+000  -0.000000e+000  -0.000000e+000  -0.000000e+000  -0.000000e+000  -0.000000e+000  -0.000000e+000  -0.000000e+000  -0.000000e+000  -0.000000e+000  -0.000000e+000  -0.000000e+000  

0.000000e+000  0.000000e+000  0.000000e+000  0.000000e+000  0.000000e+000  0.000000e+000  0.000000e+000  0.000000e+000  0.000000e+000  0.000000e+000  0.000000e+000  0.000000e+000  0.000000e+000  0.000000e+000  0.000000e+000  0.000000e+000  
0.000000e+000  0.000000e+000  0.000000e+000  0.000000e+000  0.000000e+000  0.000000e+000  0.000000e+000  0.000000e+000  0.000000e+000  0.000000e+000  0.000000e+000  0.000000e+000  0.000000e+000  0.000000e+000  0.000000e+000  0.000000e+000  
0.000000e+000  0.000000e+000  0.000000e+000  0.000000e+000  0.000000e+000  0.000000e+000  0.000000e+000  0.000000e+000  0.000000e+000  0.000000e+000  0.000000e+000  0.000000e+000  0.000000e+000  0.000000e+000  0.000000e+000  0.000000e+000  
0.000000e+000  0.000000e+000  0.000000e+000  0.000000e+000  0.000000e+000  0.000000e+000  0.000000e+000  0.000000e+000  0.000000e+000  0.000000e+000  0.000000e+000  0.000000e+000  0.000000e+000  0.000000e+000  0.000000e+000  0.000000e+000  
0.000000e+000  0.000000e+000  0.000000e+000  0.000000e+000  0.000000e+000  0.000000e+000  0.000000e+000  0.000000e+000  0.000000e+000  0.000000e+000  0.000000e+000  0.000000e+000  0.000000e+000  0.000000e+000  0.000000e+000  0.000000e+000  
0.000000e+000  0.000000e+000  0.000000e+000  0.000000e+000  0.000000e+000  0.000000e+000  0.000000e+000  0.000000e+000  0.000000e+000  0.000000e+000  0.000000e+000  0.000000e+000  0.000000e+000  0.000000e+000  0.000000e+000  0.000000e+000  
0.000000e+000  0.000000e+000  0.000000e+000  0.000000e+000  0.000000e+000  0.000000e+000  0.000000e+000  0.000000e+000  0.000000e+000  0.000000e+000  0.000000e+000  0.000000e+000  0.000000e+000  0.000000e+000  0.000000e+000  0.000000e+000  
0.000000e+000  0.000000e+000  0.000000e+000  0.000000e+000  0.000000e+000  0.000000e+000  0.000000e+000  0.000000e+000  0.000000e+000  0.000000e+000  0.000000e+000  0.000000e+000  0.000000e+000  0.000000e+000  0.000000e+000  0.000000e+000  
0.000000e+000  0.000000e+000  0.000000e+000  0.000000e+000  0.000000e+000  0.000000e+000  0.000000e+000  0.000000e+000  0.000000e+000  0.000000e+000  0.000000e+000  0.000000e+000  0.000000e+000  0.000000e+000  0.000000e+000  0.000000e+000  
0.000000e+000  0.000000e+000  0.000000e+000  0.000000e+000  0.000000e+000  0.000000e+000  0.000000e+000  0.000000e+000  0.000000e+000  0.000000e+000  0.000000e+000  0.000000e+000  0.000000e+000  0.000000e+000  0.000000e+000  0.000000e+000  
0.000000e+000  0.000000e+000  0.000000e+000  0.000000e+000  0.000000e+000  0.000000e+000  0.000000e+000  0.000000e+000  0.000000e+000  0.000000e+000  0.000000e+000  0.000000e+000  0.000000e+000  0.000000e+000  0.000000e+000  0.000000e+000  
0.000000e+000  0.000000e+000  0.000000e+000  0.000000e+000  0.000000e+000  0.000000e+000  0.000000e+000  0.000000e+000  0.000000e+000  0.000000e+000  0.000000e+000  0.000000e+000  0.000000e+000  0.000000e+000  0.000000e+000  0.000000e+000  
0.000000e+000  0.000000e+000  0.000000e+000  0.000000e+000  0.000000e+000  0.000000e+000  0.000000e+000  0.000000e+000  0.000000e+000  0.000000e+000  0.000000e+000  0.000000e+000  0.000000e+000  0.000000e+000  0.000000e+000  0.000000e+000  
0.000000e+000  0.000000e+000  0.000000e+000  0.000000e+000  0.000000e+000  0.000000e+000  0.000000e+000  0.000000e+000  0.000000e+000  0.000000e+000  0.000000e+000  0.000000e+000  0.000000e+000  0.000000e+000  0.000000e+000  0.000000e+000  
0.000000e+000  0.000000e+000  0.000000e+000  0.000000e+000  0.000000e+000  0.000000e+000  0.000000e+000  0.000000e+000  0.000000e+000  0.000000e+000  0.000000e+000  0.000000e+000  0.000000e+000  0.000000e+000  0.000000e+000  0.000000e+000  
0.000000e+000  0.000000e+000  0.000000e+000  0.000000e+000  0.000000e+000  0.000000e+000  0.000000e+000  0.000000e+000  0.000000e+000  0.000000e+000  0.000000e+000  0.000000e+000  0.000000e+000  0.000000e+000  0.000000e+000  0.000000e+000  
0.000000e+000  0.000000e+000  0.000000e+000  0.000000e+000  0.000000e+000  0.000000e+000  0.000000e+000  0.000000e+000  0.000000e+000  0.000000e+000  0.000000e+000  0.000000e+000  0.000000e+000  0.000000e+000  0.000000e+000  0.000000e+000  
0.000000e+000  0.000000e+000  0.000000e+000  0.000000e+000  0.000000e+000  0.000000e+000  0.000000e+000  0.000000e+000  0.000000e+000  0.000000e+000  0.000000e+000  0.000000e+000  0.000000e+000  0.000000e+000  0.000000e+000  0.000000e+000  
0.000000e+000  0.000000e+000  0.000000e+000  0.000000e+000  0.000000e+000  0.000000e+000  0.000000e+000  0.000000e+000  0.000000e+000  0.000000e+000  0.000000e+000  0.000000e+000  0.000000e+000  0.000000e+000  0.000000e+000  0.000000e+000  
0.000000e+000  0.000000e+000  0.000000e+000  0.000000e+000  0.000000e+000  0.000000e+000  0.000000e+000  0.000000e+000  0.000000e+000  0.000000e+000  0.000000e+000  0.000000e+000  0.000000e+000  0.000000e+000  0.000000e+000  0.000000e+000  
0.000000e+000  0.000000e+000  0.000000e+000  0.000000e+000  0.000000e+000  0.000000e+000  0.000000e+000  0.000000e+000  0.000000e+000  0.000000e+000  0.000000e+000  0.000000e+000  0.000000e+000  0.000000e+000  0.000000e+000  0.000000e+000  
0.000000e+000  0.000000e+000  0.000000e+000  0.000000e+000  0.000000e+000  0.000000e+000  0.000000e+000  0.000000e+000  0.000000e+000  0.000000e+000  0.000000e+000  0.000000e+000  0.000000e+000  0.000000e+000  0.000000e+000  0.000000e+000  
0.000000e+000  0.000000e+000  0.000000e+000  0.000000e+000  0.000000e+000  0.000000e+000  0.000000e+000  0.000000e+000  0.000000e+000  0.000000e+000  0.000000e+000  0.000000e+000  0.000000e+000  0.000000e+000  0.000000e+000  0.000000e+000  
0.000000e+000  0.000000e+000  0.000000e+000  0.000000e+000  0.000000e+000  0.000000e+000  0.000000e+000  0.000000e+000  0.000000e+000  0.000000e+000  0.000000e+000  0.000000e+000  0.000000e+000  0.000000e+000  0.000000e+000  0.000000e+000  
0.000000e+000  0.000000e+000  0.000000e+000  0.000000e+000  0.000000e+000  0.000000e+000  0.000000e+000  0.000000e+000  0.000000e+000  0.000000e+000  0.000000e+000  0.000000e+000  0.000000e+000  0.000000e+000  0.000000e+000  0.000000e+000  
0.000000e+000  0.000000e+000  0.000000e+000  0.000000e+000  0.000000e+000  0.000000e+000  0.000000e+000  0.000000e+000  0.000000e+000  0.000000e+000  0.000000e+000  0.000000e+000  0.000000e+000  0.000000e+000  0.000000e+000  0.000000e+000  
0.000000e+000  0.000000e+000  0.000000e+000  0.000000e+000  0.000000e+000  0.000000e+000  0.000000e+000  0.000000e+000  0.000000e+000  0.000000e+000  0.000000e+000  0.000000e+000  0.000000e+000  0.000000e+000  0.000000e+000  0.000000e+000  
0.000000e+000  0.000000e+000  0.000000e+000  0.000000e+000  0.000000e+000  0.000000e+000  0.000000e+000  0.000000e+000  0.000000e+000  0.000000e+000  0.000000e+000  0.000000e+000  0.000000e+000  0.000000e+000  0.000000e+000  0.000000e+000  
0.000000e+000  0.000000e+000  0.000000e+000  0.000000e+000  0.000000e+000  0.000000e+000  0.000000e+000  0.000000e+000  0.000000e+000  0.000000e+000  0.000000e+000  0.000000e+000  0.000000e+000  0.000000e+000  0.000000e+000  0.000000e+000  
0.000000e+000  0.000000e+000  0.000000e+000  0.000000e+000  0.000000e+000  0.000000e+000  0.000000e+000  0.000000e+000  0.000000e+000  0.000000e+000  0.000000e+000  0.000000e+000  0.000000e+000  0.000000e+000  0.000000e+000  0.000000e+000  
0.000000e+000  0.000000e+000  0.000000e+000  0.000000e+000  0.000000e+000  0.000000e+000  0.000000e+000  0.000000e+000  0.000000e+000  0.000000e+000  0.000000e+000  0.000000e+000  0.000000e+000  0.000000e+000  0.000000e+000  0.000000e+000  
0.000000e+000  0.000000e+000  0.000000e+000  0.000000e+000  0.000000e+000  0.000000e+000  0.000000e+000  0.000000e+000  0.000000e+000  0.000000e+000  0.000000e+000  0.000000e+000  0.000000e+000  0.000000e+000  0.000000e+000  0.000000e+000  
0.000000e+000  0.000000e+000  0.000000e+000  0.000000e+000  0.000000e+000  0.000000e+000  0.000000e+000  0.000000e+000  0.000000e+000  0.000000e+000  0.000000e+000  0.000000e+000  0.000000e+000  0.000000e+000  0.000000e+000  0.000000e+000  
0.000000e+000  0.000000e+000  0.000000e+000  0.000000e+000  0.000000e+000  0.000000e+000  0.000000e+000  0.000000e+000  0.000000e+000  0.000000e+000  0.000000e+000  0.000000e+000  0.000000e+000  0.000000e+000  0.000000e+000  0.000000e+000  
0.000000e+000  0.000000e+000  0.000000e+000  0.000000e+000  0.000000e+000  0.000000e+000  0.000000e+000  0.000000e+000  0.000000e+000  0.000000e+000  0.000000e+000  0.000000e+000  0.000000e+000  0.000000e+000  0.000000e+000  0.000000e+000  
0.000000e+000  0.000000e+000  0.000000e+000  0.000000e+000  0.000000e+000  0.000000e+000  0.000000e+000  0.000000e+000  0.000000e+000  0.000000e+000  0.000000e+000  0.000000e+000  0.000000e+000  0.000000e+000  0.000000e+000  0.000000e+000  
0.000000e+000  0.000000e+000  0.000000e+000  0.000000e+000  0.000000e+000  0.000000e+000  0.000000e+000  0.000000e+000  0.000000e+000  0.000000e+000  0.000000e+000  0.000000e+000  0.000000e+000  0.000000e+000  0.000000e+000  0.000000e+000  
0.000000e+000  0.000000e+000  0.000000e+000  0.000000e+000  0.000000e+000  0.000000e+000  0.000000e+000  0.000000e+000  0.000000e+000  0.000000e+000  0.000000e+000  0.000000e+000  0.000000e+000  0.000000e+000  0.000000e+000  0.000000e+000  
0.000000e+000  0.000000e+000  0.000000e+000  0.000000e+000  0.000000e+000  0.000000e+000  0.000000e+000  0.000000e+000  0.000000e+000  0.000000e+000  0.000000e+000  0.000000e+000  0.000000e+000  0.000000e+000  0.000000e+000  0.000000e+000  
0.000000e+000  0.000000e+000  0.000000e+000  0.000000e+000  0.000000e+000  0.000000e+000  0.000000e+000  0.000000e+000  0.000000e+000  0.000000e+000  0.000000e+000  0.000000e+000  0.000000e+000  0.000000e+000  0.000000e+000  0.000000e+000  
0.000000e+000  0.000000e+000  0.000000e+000  0.000000e+000  0.000000e+000  0.000000e+000  0.000000e+000  0.000000e+000  0.000000e+000  0.000000e+000  0.000000e+000  0.000000e+000  0.000000e+000  0.000000e+000  0.000000e+000  0.000000e+000  
0.000000e+000  0.000000e+000  0.000000e+000  0.000000e+000  0.000000e+000  0.000000e+000  0.000000e+000  0.000000e+000  0.000000e+000  0.000000e+000  0.000000e+000  0.000000e+000  0.000000e+000  0.000000e+000  0.000000e+000  0.000000e+000  
0.000000e+000  0.000000e+000  0.000000e+000  0.000000e+000  0.000000e+000  0.000000e+000  0.000000e+000  0.000000e+000  0.000000e+000  0.000000e+000  0.000000e+000  0.000000e+000  0.000000e+000  0.000000e+000  0.000000e+000  0.000000e+000  

0.000000e+000  0.000000e+000  0.000000e+000  0.000000e+000  0.000000e+000  0.000000e+000  0.000000e+000  0.000000e+000  0.000000e+000  0.000000e+000  0.000000e+000  0.000000e+000  0.000000e+000  0.000000e+000  0.000000e+000  0.000000e+000  
0.000000e+000  0.000000e+000  0.000000e+000  0.000000e+000  0.000000e+000  0.000000e+000  0.000000e+000  0.000000e+000  0.000000e+000  0.000000e+000  0.000000e+000  0.000000e+000  0.000000e+000  0.000000e+000  0.000000e+000  0.000000e+000  
0.000000e+000  0.000000e+000  0.000000e+000  0.000000e+000  0.000000e+000  0.000000e+000  0.000000e+000  0.000000e+000  0.000000e+000  0.000000e+000  0.000000e+000  0.000000e+000  0.000000e+000  0.000000e+000  0.000000e+000  0.000000e+000  
0.000000e+000  0.000000e+000  0.000000e+000  0.000000e+000  0.000000e+000  0.000000e+000  0.000000e+000  0.000000e+000  0.000000e+000  0.000000e+000  0.000000e+000  0.000000e+000  0.000000e+000  0.000000e+000  0.000000e+000  0.000000e+000  
0.000000e+000  0.000000e+000  0.000000e+000  0.000000e+000  0.000000e+000  0.000000e+000  0.000000e+000  0.000000e+000  0.000000e+000  0.000000e+000  0.000000e+000  0.000000e+000  0.000000e+000  0.000000e+000  0.000000e+000  0.000000e+000  
0.000000e+000  0.000000e+000  0.000000e+000  0.000000e+000  0.000000e+000  0.000000e+000  0.000000e+000  0.000000e+000  0.000000e+000  0.000000e+000  0.000000e+000  0.000000e+000  0.000000e+000  0.000000e+000  0.000000e+000  0.000000e+000  
0.000000e+000  0.000000e+000  0.000000e+000  0.000000e+000  0.000000e+000  0.000000e+000  0.000000e+000  0.000000e+000  0.000000e+000  0.000000e+000  0.000000e+000  0.000000e+000  0.000000e+000  0.000000e+000  0.000000e+000  0.000000e+000  
0.000000e+000  0.000000e+000  0.000000e+000  0.000000e+000  0.000000e+000  0.000000e+000  0.000000e+000  0.000000e+000  0.000000e+000  0.000000e+000  0.000000e+000  0.000000e+000  0.000000e+000  0.000000e+000  0.000000e+000  0.000000e+000  
0.000000e+000  0.000000e+000  0.000000e+000  0.000000e+000  0.000000e+000  0.000000e+000  0.000000e+000  0.000000e+000  0.000000e+000  0.000000e+000  0.000000e+000  0.000000e+000  0.000000e+000  0.000000e+000  0.000000e+000  0.000000e+000  
0.000000e+000  0.000000e+000  0.000000e+000  0.000000e+000  0.000000e+000  0.000000e+000  0.000000e+000  0.000000e+000  0.000000e+000  0.000000e+000  0.000000e+000  0.000000e+000  0.000000e+000  0.000000e+000  0.000000e+000  0.000000e+000  
0.000000e+000  0.000000e+000  0.000000e+000  0.000000e+000  0.000000e+000  0.000000e+000  0.000000e+000  0.000000e+000  0.000000e+000  0.000000e+000  0.000000e+000  0.000000e+000  0.000000e+000  0.000000e+000  0.000000e+000  0.000000e+000  
0.000000e+000  0.000000e+000  0.000000e+000  0.000000e+000  0.000000e+000  0.000000e+000  0.000000e+000  0.000000e+000  0.000000e+000  0.000000e+000  0.000000e+000  0.000000e+000  0.000000e+000  0.000000e+000  0.000000e+000  0.000000e+000  
0.000000e+000  0.000000e+000  0.000000e+000  0.000000e+000  0.000000e+000  0.000000e+000  0.000000e+000  0.000000e+000  0.000000e+000  0.000000e+000  0.000000e+000  0.000000e+000  0.000000e+000  0.000000e+000  0.000000e+000  0.000000e+000  
0.000000e+000  0.000000e+000  0.000000e+000  0.000000e+000  0.000000e+000  0.000000e+000  0.000000e+000  0.000000e+000  0.000000e+000  0.000000e+000  0.000000e+000  0.000000e+000  0.000000e+000  0.000000e+000  0.000000e+000  0.000000e+000  
0.000000e+000  0.000000e+000  0.000000e+000  0.000000e+000  0.000000e+000  0.000000e+000  0.000000e+000  0.000000e+000  0.000000e+000  0.000000e+000  0.000000e+000  0.000000e+000  0.000000e+000  0.000000e+000  0.000000e+000  0.000000e+000  
0.000000e+000  0.000000e+000  0.000000e+000  0.000000e+000  0.000000e+000  0.000000e+000  0.000000e+000  0.000000e+000  0.000000e+000  0.000000e+000  0.000000e+000  0.000000e+000  0.000000e+000  0.000000e+000  0.000000e+000  0.000000e+000  
0.000000e+000  0.000000e+000  0.000000e+000  0.000000e+000  0.000000e+000  0.000000e+000  0.000000e+000  0.000000e+000  0.000000e+000  0.000000e+000  0.000000e+000  0.000000e+000  0.000000e+000  0.000000e+000  0.000000e+000  0.000000e+000  
0.000000e+000  0.000000e+000  0.000000e+000  0.000000e+000  0.000000e+000  0.000000e+000  0.000000e+000  0.000000e+000  0.000000e+000  0.000000e+000  0.000000e+000  0.000000e+000  0.000000e+000  0.000000e+000  0.000000e+000  0.000000e+000  
0.000000e+000  0.000000e+000  0.000000e+000  0.000000e+000  0.000000e+000  0.000000e+000  0.000000e+000  0.000000e+000  0.000000e+000  0.000000e+000  0.000000e+000  0.000000e+000  0.000000e+000  0.000000e+000  0.000000e+000  0.000000e+000  
0.000000e+000  0.000000e+000  0.000000e+000  0.000000e+000  0.000000e+000  0.000000e+000  0.000000e+000  0.000000e+000  0.000000e+000  0.000000e+000  0.000000e+000  0.000000e+000  0.000000e+000  0.000000e+000  0.000000e+000  0.000000e+000  
0.000000e+000  0.000000e+000  0.000000e+000  0.000000e+000  0.000000e+000  0.000000e+000  0.000000e+000  0.000000e+000  0.000000e+000  0.000000e+000  0.000000e+000  0.000000e+000  0.000000e+000  0.000000e+000  0.000000e+000  0.000000e+000  
0.000000e+000  0.000000e+000  0.000000e+000  0.000000e+000  0.000000e+000  0.000000e+000  0.000000e+000  0.000000e+000  0.000000e+000  0.000000e+000  0.000000e+000  0.000000e+000  0.000000e+000  0.000000e+000  0.000000e+000  0.000000e+000  
0.000000e+000  0.000000e+000  0.000000e+000  0.000000e+000  0.000000e+000  0.000000e+000  0.000000e+000  0.000000e+000  0.000000e+000  0.000000e+000  0.000000e+000  0.000000e+000  0.000000e+000  0.000000e+000  0.000000e+000  0.000000e+000  
0.000000e+000  0.000000e+000  0.000000e+000  0.000000e+000  0.000000e+000  0.000000e+000  0.000000e+000  0.000000e+000  0.000000e+000  0.000000e+000  0.000000e+000  0.000000e+000  0.000000e+000  0.000000e+000  0.000000e+000  0.000000e+000  
0.000000e+000  0.000000e+000  0.000000e+000  0.000000e+000  0.000000e+000  0.000000e+000  0.000000e+000  0.000000e+000  0.000000e+000  0.000000e+000  0.000000e+000  0.000000e+000  0.000000e+000  0.000000e+000  0.000000e+000  0.000000e+000  
0.000000e+000  0.000000e+000  0.000000e+000  0.000000e+000  0.000000e+000  0.000000e+000  0.000000e+000  0.000000e+000  0.000000e+000  0.000000e+000  0.000000e+000  0.000000e+000  0.000000e+000  0.000000e+000  0.000000e+000  0.000000e+000  
0.000000e+000  0.000000e+000  0.000000e+000  0.000000e+000  0.000000e+000  0.000000e+000  0.000000e+000  0.000000e+000  0.000000e+000  0.000000e+000  0.000000e+000  0.000000e+000  0.000000e+000  0.000000e+000  0.000000e+000  0.000000e+000  
0.000000e+000  0.000000e+000  0.000000e+000  0.000000e+000  0.000000e+000  0.000000e+000  0.000000e+000  0.000000e+000  0.000000e+000  0.000000e+000  0.000000e+000  0.000000e+000  0.000000e+000  0.000000e+000  0.000000e+000  0.000000e+000  
0.000000e+000  0.000000e+000  0.000000e+000  0.000000e+000  0.000000e+000  0.000000e+000  0.000000e+000  0.000000e+000  0.000000e+000  0.000000e+000  0.000000e+000  0.000000e+000  0.000000e+000  0.000000e+000  0.000000e+000  0.000000e+000  
0.000000e+000  0.000000e+000  0.000000e+000  0.000000e+000  0.000000e+000  0.000000e+000  0.000000e+000  0.000000e+000  0.000000e+000  0.000000e+000  0.000000e+000  0.000000e+000  0.000000e+000  0.000000e+000  0.000000e+000  0.000000e+000  
0.000000e+000  0.000000e+000  0.000000e+000  0.000000e+000  0.000000e+000  0.000000e+000  0.000000e+000  0.000000e+000  0.000000e+000  0.000000e+000  0.000000e+000  0.000000e+000  0.000000e+000  0.000000e+000  0.000000e+000  0.000000e+000  
0.000000e+000  0.000000e+000  0.000000e+000  0.000000e+000  0.000000e+000  0.000000e+000  0.000000e+000  0.000000e+000  0.000000e+000  0.000000e+000  0.000000e+000  0.000000e+000  0.000000e+000  0.000000e+000  0.000000e+000  0.000000e+000  
0.000000e+000  0.000000e+000  0.000000e+000  0.000000e+000  0.000000e+000  0.000000e+000  0.000000e+000  0.000000e+000  0.000000e+000  0.000000e+000  0.000000e+000  0.000000e+000  0.000000e+000  0.000000e+000  0.000000e+000  0.000000e+000  
0.000000e+000  0.000000e+000  0.000000e+000  0.000000e+000  0.000000e+000  0.000000e+000  0.000000e+000  0.000000e+000  0.000000e+000  0.000000e+000  0.000000e+000  0.000000e+000  0.000000e+000  0.000000e+000  0.000000e+000  0.000000e+000  
0.000000e+000  0.000000e+000  0.000000e+000  0.000000e+000  0.000000e+000  0.000000e+000  0.000000e+000  0.000000e+000  0.000000e+000  0.000000e+000  0.000000e+000  0.000000e+000  0.000000e+000  0.000000e+000  0.000000e+000  0.000000e+000  
0.000000e+000  0.000000e+000  0.000000e+000  0.000000e+000  0.000000e+000  0.000000e+000  0.000000e+000  0.000000e+000  0.000000e+000  0.000000e+000  0.000000e+000  0.000000e+000  0.000000e+000  0.000000e+000  0.000000e+000  0.000000e+000  
0.000000e+000  0.000000e+000  0.000000e+000  0.000000e+000  0.000000e+000  0.000000e+000  0.000000e+000  0.000000e+000  0.000000e+000  0.000000e+000  0.000000e+000  0.000000e+000  0.000000e+000  0.000000e+000  0.000000e+000  0.000000e+000  
0.000000e+000  0.000000e+000  0.000000e+000  0.000000e+000  0.000000e+000  0.000000e+000  0.000000e+000  0.000000e+000  0.000000e+000  0.000000e+000  0.000000e+000  0.000000e+000  0.000000e+000  0.000000e+000  0.000000e+000  0.000000e+000  
0.000000e+000  0.000000e+000  0.000000e+000  0.000000e+000  0.000000e+000  0.000000e+000  0.000000e+000  0.000000e+000  0.000000e+000  0.000000e+000  0.000000e+000  0.000000e+000  0.000000e+000  0.000000e+000  0.000000e+000  0.000000e+000  
0.000000e+000  0.000000e+000  0.000000e+000  0.000000e+000  0.000000e+000  0.000000e+000  0.000000e+000  0.000000e+000  0.000000e+000  0.000000e+000  0.000000e+000  0.000000e+000  0.000000e+000  0.000000e+000  0.000000e+000  0.000000e+000  
0.000000e+000  0.000000e+000  0.000000e+000  0.000000e+000  0.000000e+000  0.000000e+000  0.000000e+000  0.000000e+000  0.000000e+000  0.000000e+000  0.000000e+000  0.000000e+000  0.000000e+000  0.000000e+000  0.000000e+000  0.000000e+000  
0.000000e+000  0.000000e+000  0.000000e+000  0.000000e+000  0.000000e+000  0.000000e+000  0.000000e+000  0.000000e+000  0.000000e+000  0.000000e+000  0.000000e+000  0.000000e+000  0.000000e+000  0.000000e+000  0.000000e+000  0.000000e+000  
0.000000e+000  0.000000e+000  0.000000e+000  0.000000e+000  0.000000e+000  0.000000e+000  0.000000e+000  0.000000e+000  0.000000e+000  0.000000e+000  0.000000e+000  0.000000e+000  0.000000e+000  0.000000e+000  0.000000e+000  0.000000e+000  

0.000000e+000  0.000000e+000  0.000000e+000  0.000000e+000  0.000000e+000  0.000000e+000  0.000000e+000  0.000000e+000  0.000000e+000  0.000000e+000  0.000000e+000  0.000000e+000  0.000000e+000  0.000000e+000  0.000000e+000  0.000000e+000  
0.000000e+000  0.000000e+000  0.000000e+000  0.000000e+000  0.000000e+000  0.000000e+000  0.000000e+000  0.000000e+000  0.000000e+000  0.000000e+000  0.000000e+000  0.000000e+000  0.000000e+000  0.000000e+000  0.000000e+000  0.000000e+000  
0.000000e+000  0.000000e+000  0.000000e+000  0.000000e+000  0.000000e+000  0.000000e+000  0.000000e+000  0.000000e+000  0.000000e+000  0.000000e+000  0.000000e+000  0.000000e+000  0.000000e+000  0.000000e+000  0.000000e+000  0.000000e+000  
0.000000e+000  0.000000e+000  0.000000e+000  0.000000e+000  0.000000e+000  0.000000e+000  0.000000e+000  0.000000e+000  0.000000e+000  0.000000e+000  0.000000e+000  0.000000e+000  0.000000e+000  0.000000e+000  0.000000e+000  0.000000e+000  
0.000000e+000  0.000000e+000  0.000000e+000  0.000000e+000  0.000000e+000  0.000000e+000  0.000000e+000  0.000000e+000  0.000000e+000  0.000000e+000  0.000000e+000  0.000000e+000  0.000000e+000  0.000000e+000  0.000000e+000  0.000000e+000  
0.000000e+000  0.000000e+000  0.000000e+000  0.000000e+000  0.000000e+000  0.000000e+000  0.000000e+000  0.000000e+000  0.000000e+000  0.000000e+000  0.000000e+000  0.000000e+000  0.000000e+000  0.000000e+000  0.000000e+000  0.000000e+000  
0.000000e+000  0.000000e+000  0.000000e+000  0.000000e+000  0.000000e+000  0.000000e+000  0.000000e+000  0.000000e+000  0.000000e+000  0.000000e+000  0.000000e+000  0.000000e+000  0.000000e+000  0.000000e+000  0.000000e+000  0.000000e+000  
0.000000e+000  0.000000e+000  0.000000e+000  0.000000e+000  0.000000e+000  0.000000e+000  0.000000e+000  0.000000e+000  0.000000e+000  0.000000e+000  0.000000e+000  0.000000e+000  0.000000e+000  0.000000e+000  0.000000e+000  0.000000e+000  
0.000000e+000  0.000000e+000  0.000000e+000  0.000000e+000  0.000000e+000  0.000000e+000  0.000000e+000  0.000000e+000  0.000000e+000  0.000000e+000  0.000000e+000  0.000000e+000  0.000000e+000  0.000000e+000  0.000000e+000  0.000000e+000  
0.000000e+000  0.000000e+000  0.000000e+000  0.000000e+000  0.000000e+000  0.000000e+000  0.000000e+000  0.000000e+000  0.000000e+000  0.000000e+000  0.000000e+000  0.000000e+000  0.000000e+000  0.000000e+000  0.000000e+000  0.000000e+000  
0.000000e+000  0.000000e+000  0.000000e+000  0.000000e+000  0.000000e+000  0.000000e+000  0.000000e+000  0.000000e+000  0.000000e+000  0.000000e+000  0.000000e+000  0.000000e+000  0.000000e+000  0.000000e+000  0.000000e+000  0.000000e+000  
0.000000e+000  0.000000e+000  0.000000e+000  0.000000e+000  0.000000e+000  0.000000e+000  0.000000e+000  0.000000e+000  0.000000e+000  0.000000e+000  0.000000e+000  0.000000e+000  0.000000e+000  0.000000e+000  0.000000e+000  0.000000e+000  
0.000000e+000  0.000000e+000  0.000000e+000  0.000000e+000  0.000000e+000  0.000000e+000  0.000000e+000  0.000000e+000  0.000000e+000  0.000000e+000  0.000000e+000  0.000000e+000  0.000000e+000  0.000000e+000  0.000000e+000  0.000000e+000  
0.000000e+000  0.000000e+000  0.000000e+000  0.000000e+000  0.000000e+000  0.000000e+000  0.000000e+000  0.000000e+000  0.000000e+000  0.000000e+000  0.000000e+000  0.000000e+000  0.000000e+000  0.000000e+000  0.000000e+000  0.000000e+000  
0.000000e+000  0.000000e+000  0.000000e+000  0.000000e+000  0.000000e+000  0.000000e+000  0.000000e+000  0.000000e+000  0.000000e+000  0.000000e+000  0.000000e+000  0.000000e+000  0.000000e+000  0.000000e+000  0.000000e+000  0.000000e+000  
0.000000e+000  0.000000e+000  0.000000e+000  0.000000e+000  0.000000e+000  0.000000e+000  0.000000e+000  0.000000e+000  0.000000e+000  0.000000e+000  0.000000e+000  0.000000e+000  0.000000e+000  0.000000e+000  0.000000e+000  0.000000e+000  
0.000000e+000  0.000000e+000  0.000000e+000  0.000000e+000  0.000000e+000  0.000000e+000  0.000000e+000  0.000000e+000  0.000000e+000  0.000000e+000  0.000000e+000  0.000000e+000  0.000000e+000  0.000000e+000  0.000000e+000  0.000000e+000  
0.000000e+000  0.000000e+000  0.000000e+000  0.000000e+000  0.000000e+000  0.000000e+000  0.000000e+000  0.000000e+000  0.000000e+000  0.000000e+000  0.000000e+000  0.000000e+000  0.000000e+000  0.000000e+000  0.000000e+000  0.000000e+000  
0.000000e+000  0.000000e+000  0.000000e+000  0.000000e+000  0.000000e+000  0.000000e+000  0.000000e+000  0.000000e+000  0.000000e+000  0.000000e+000  0.000000e+000  0.000000e+000  0.000000e+000  0.000000e+000  0.000000e+000  0.000000e+000  
0.000000e+000  0.000000e+000  0.000000e+000  0.000000e+000  0.000000e+000  0.000000e+000  0.000000e+000  0.000000e+000  0.000000e+000  0.000000e+000  0.000000e+000  0.000000e+000  0.000000e+000  0.000000e+000  0.000000e+000  0.000000e+000  
0.000000e+000  0.000000e+000  0.000000e+000  0.000000e+000  0.000000e+000  0.000000e+000  0.000000e+000  0.000000e+000  0.000000e+000  0.000000e+000  0.000000e+000  0.000000e+000  0.000000e+000  0.000000e+000  0.000000e+000  0.000000e+000  
0.000000e+000  0.000000e+000  0.000000e+000  0.000000e+000  0.000000e+000  0.000000e+000  0.000000e+000  0.000000e+000  0.000000e+000  0.000000e+000  0.000000e+000  0.000000e+000  0.000000e+000  0.000000e+000  0.000000e+000  0.000000e+000  
0.000000e+000  0.000000e+000  0.000000e+000  0.000000e+000  0.000000e+000  0.000000e+000  0.000000e+000  0.000000e+000  0.000000e+000  0.000000e+000  0.000000e+000  0.000000e+000  0.000000e+000  0.000000e+000  0.000000e+000  0.000000e+000  
0.000000e+000  0.000000e+000  0.000000e+000  0.000000e+000  0.000000e+000  0.000000e+000  0.000000e+000  0.000000e+000  0.000000e+000  0.000000e+000  0.000000e+000  0.000000e+000  0.000000e+000  0.000000e+000  0.000000e+000  0.000000e+000  
0.000000e+000  0.000000e+000  0.000000e+000  0.000000e+000  0.000000e+000  0.000000e+000  0.000000e+000  0.000000e+000  0.000000e+000  0.000000e+000  0.000000e+000  0.000000e+000  0.000000e+000  0.000000e+000  0.000000e+000  0.000000e+000  
0.000000e+000  0.000000e+000  0.000000e+000  0.000000e+000  0.000000e+000  0.000000e+000  0.000000e+000  0.000000e+000  0.000000e+000  0.000000e+000  0.000000e+000  0.000000e+000  0.000000e+000  0.000000e+000  0.000000e+000  0.000000e+000  
0.000000e+000  0.000000e+000  0.000000e+000  0.000000e+000  0.000000e+000  0.000000e+000  0.000000e+000  0.000000e+000  0.000000e+000  0.000000e+000  0.000000e+000  0.000000e+000  0.000000e+000  0.000000e+000  0.000000e+000  0.000000e+000  
0.000000e+000  0.000000e+000  0.000000e+000  0.000000e+000  0.000000e+000  0.000000e+000  0.000000e+000  0.000000e+000  0.000000e+000  0.000000e+000  0.000000e+000  0.000000e+000  0.000000e+000  0.000000e+000  0.000000e+000  0.000000e+000  
0.000000e+000  0.000000e+000  0.000000e+000  0.000000e+000  0.000000e+000  0.000000e+000  0.000000e+000  0.000000e+000  0.000000e+000  0.000000e+000  0.000000e+000  0.000000e+000  0.000000e+000  0.000000e+000  0.000000e+000  0.000000e+000  
0.000000e+000  0.000000e+000  0.000000e+000  0.000000e+000  0.000000e+000  0.000000e+000  0.000000e+000  0.000000e+000  0.000000e+000  0.000000e+000  0.000000e+000  0.000000e+000  0.000000e+000  0.000000e+000  0.000000e+000  0.000000e+000  
0.000000e+000  0.000000e+000  0.000000e+000  0.000000e+000  0.000000e+000  0.000000e+000  0.000000e+000  0.000000e+000  0.000000e+000  0.000000e+000  0.000000e+000  0.000000e+000  0.000000e+000  0.000000e+000  0.000000e+000  0.000000e+000  
0.000000e+000  0.000000e+000  0.000000e+000  0.000000e+000  0.000000e+000  0.000000e+000  0.000000e+000  0.000000e+000  0.000000e+000  0.000000e+000  0.000000e+000  0.000000e+000  0.000000e+000  0.000000e+000  0.000000e+000  0.000000e+000  
0.000000e+000  0.000000e+000  0.000000e+000  0.000000e+000  0.000000e+000  0.000000e+000  0.000000e+000  0.000000e+000  0.000000e+000  0.000000e+000  0.000000e+000  0.000000e+000  0.000000e+000  0.000000e+000  0.000000e+000  0.000000e+000  
0.000000e+000  0.000000e+000  0.000000e+000  0.000000e+000  0.000000e+000  0.000000e+000  0.000000e+000  0.000000e+000  0.000000e+000  0.000000e+000  0.000000e+000  0.000000e+000  0.000000e+000  0.000000e+000  0.000000e+000  0.000000e+000  
0.000000e+000  0.000000e+000  0.000000e+000  0.000000e+000  0.000000e+000  0.000000e+000  0.000000e+000  0.000000e+000  0.000000e+000  0.000000e+000  0.000000e+000  0.000000e+000  0.000000e+000  0.000000e+000  0.000000e+000  0.000000e+000  
0.000000e+000  0.000000e+000  0.000000e+000  0.000000e+000  0.000000e+000  0.000000e+000  0.000000e+000  0.000000e+000  0.000000e+000  0.000000e+000  0.000000e+000  0.000000e+000  0.000000e+000  0.000000e+000  0.000000e+000  0.000000e+000  
0.000000e+000  0.000000e+000  0.000000e+000  0.000000e+000  0.000000e+000  0.000000e+000  0.000000e+000  0.000000e+000  0.000000e+000  0.000000e+000  0.000000e+000  0.000000e+000  0.000000e+000  0.000000e+000  0.000000e+000  0.000000e+000  
0.000000e+000  0.000000e+000  0.000000e+000  0.000000e+000  0.000000e+000  0.000000e+000  0.000000e+000  0.000000e+000  0.000000e+000  0.000000e+000  0.000000e+000  0.000000e+000  0.000000e+000  0.000000e+000  0.000000e+000  0.000000e+000  
0.000000e+000  0.000000e+000  0.000000e+000  0.000000e+000  0.000000e+000  0.000000e+000  0.000000e+000  0.000000e+000  0.000000e+000  0.000000e+000  0.000000e+000  0.000000e+000  0.000000e+000  0.000000e+000  0.000000e+000  0.000000e+000  
0.000000e+000  0.000000e+000  0.000000e+000  0.000000e+000  0.000000e+000  0.000000e+000  0.000000e+000  0.000000e+000  0.000000e+000  0.000000e+000  0.000000e+000  0.000000e+000  0.000000e+000  0.000000e+000  0.000000e+000  0.000000e+000  
0.000000e+000  0.000000e+000  0.000000e+000  0.000000e+000  0.000000e+000  0.000000e+000  0.000000e+000  0.000000e+000  0.000000e+000  0.000000e+000  0.000000e+000  0.000000e+000  0.000000e+000  0.000000e+000  0.000000e+000  0.000000e+000  
0.000000e+000  0.000000e+000  0.000000e+000  0.000000e+000  0.000000e+000  0.000000e+000  0.000000e+000  0.000000e+000  0.000000e+000  0.000000e+000  0.000000e+000  0.000000e+000  0.000000e+000  0.000000e+000  0.000000e+000  0.000000e+000  
0.000000e+000  0.000000e+000  0.000000e+000  0.000000e+000  0.000000e+000  0.000000e+000  0.000000e+000  0.000000e+000  0.000000e+000  0.000000e+000  0.000000e+000  0.000000e+000  0.000000e+000  0.000000e+000  0.000000e+000  0.000000e+000  

-5.013146e+000  -5.013147e+000  -5.013147e+000  -5.013147e+000  -0.000000e+000  -0.000000e+000  -0.000000e+000  -0.000000e+000  -4.114558e-001  -4.106850e-001  -4.091634e-001  -4.020151e-001  -3.728284e-001  -3.413468e-001  -3.225576e-001  -0.000000e+000  
-4.880472e+000  -4.880474e+000  -4.880477e+000  -4.880479e+000  -0.000000e+000  -0.000000e+000  -0.000000e+000  -0.000000e+000  -4.525092e-001  -4.510098e-001  -4.480740e-001  -4.344671e-001  -3.860683e-001  -3.400683e-001  -3.145805e-001  -0.000000e+000  
-4.631088e+000  -4.631137e+000  -4.631206e+000  -4.631255e+000  -0.000000e+000  -0.000000e+000  -0.000000e+000  -0.000000e+000  -5.566118e-001  -5.522457e-001  -5.438319e-001  -5.058159e-001  -4.063352e-001  -3.301765e-001  -2.927839e-001  -0.000000e+000  
-4.430316e+000  -4.430942e+000  -4.431838e+000  -4.432480e+000  -0.000000e+000  -0.000000e+000  -0.000000e+000  -0.000000e+000  -6.993280e-001  -6.877998e-001  -6.661920e-001  -5.720591e-001  -4.106323e-001  -3.112167e-001  -2.671812e-001  -0.000000e+000  
-4.363442e+000  -4.364652e+000  -4.366401e+000  -4.367669e+000  -0.000000e+000  -0.000000e+000  -0.000000e+000  -0.000000e+000  -7.561942e-001  -7.409642e-001  -7.129395e-001  -5.931469e-001  -4.103956e-001  -3.040183e-001  -2.581801e-001  -0.000000e+000  
-4.291940e+000  -4.294496e+000  -4.298255e+000  -4.301042e+000  -0.000000e+000  -0.000000e+000  -0.000000e+000  -0.000000e+000  -8.289972e-001  -8.076162e-001  -7.697709e-001  -6.138114e-001  -4.081434e-001  -2.954063e-001  -2.481348e-001  -0.000000e+000  
-4.238574e+000  -4.243113e+000  -4.249949e+000  -4.255199e+000  -0.000000e+000  -0.000000e+000  -0.000000e+000  -0.000000e+000  -8.942952e-001  -8.652903e-001  -8.168417e-001  -6.268174e-001  -4.048656e-001  -2.884116e-001  -2.404750e-001  -0.000000e+000  
-4.183029e+000  -4.190208e+000  -4.201263e+000  -4.210050e+000  -0.000000e+000  -0.000000e+000  -0.000000e+000  -0.000000e+000  -9.673364e-001  -9.282276e-001  -8.669632e-001  -6.390099e-001  -4.008388e-001  -2.809861e-001  -2.325217e-001  -0.000000e+000  
-4.090945e+000  -4.105718e+000  -4.129890e+000  -4.151231e+000  -0.000000e+000  -0.000000e+000  -0.000000e+000  -0.000000e+000  -1.113652e+000  -1.042833e+000  -9.506785e-001  -6.519015e-001  -3.916971e-001  -2.684429e-001  -2.198095e-001  -0.000000e+000  
-3.978998e+000  -4.007468e+000  -4.058655e+000  -4.113593e+000  -0.000000e+000  -0.000000e+000  -0.000000e+000  -0.000000e+000  -1.331936e+000  -1.179782e+000  -1.036518e+000  -6.565753e-001  -3.787073e-001  -2.540546e-001  -2.059369e-001  -0.000000e+000  
-3.840895e+000  -3.888321e+000  -3.985029e+000  -4.130758e+000  -3.976440e+000  -3.390373e+000  -2.789421e+000  -2.179632e+000  -1.624797e+000  -1.300866e+000  -1.094890e+000  -6.493858e-001  -3.624585e-001  -2.387727e-001  -1.918448e-001  -0.000000e+000  
-3.668489e+000  -3.731965e+000  -3.871330e+000  -4.109650e+000  -4.004978e+000  -3.405778e+000  -2.799124e+000  -2.207073e+000  -1.677128e+000  -1.324372e+000  -1.098991e+000  -6.305369e-001  -3.437313e-001  -2.230296e-001  -1.778203e-001  -0.000000e+000  
-3.438692e+000  -3.507365e+000  -3.669217e+000  -4.010707e+000  -4.092915e+000  -3.430126e+000  -2.798121e+000  -2.167273e+000  -1.581849e+000  -1.251169e+000  -1.043338e+000  -5.985140e-001  -3.213673e-001  -2.058224e-001  -1.629509e-001  -0.000000e+000  
-3.136694e+000  -3.188600e+000  -3.295641e+000  -3.451749e+000  -0.000000e+000  -0.000000e+000  -0.000000e+000  -0.000000e+000  -1.240795e+000  -1.078727e+000  -9.318380e-001  -5.525155e-001  -2.945326e-001  -1.865343e-001  -1.467164e-001  -0.000000e+000  
-2.770317e+000  -2.801614e+000  -2.857953e+000  -2.917177e+000  -0.000000e+000  -0.000000e+000  -0.000000e+000  -0.000000e+000  -9.644248e-001  -8.878705e-001  -7.923254e-001  -4.934583e-001  -2.629911e-001  -1.650509e-001  -1.290596e-001  -0.000000e+000  
-2.370825e+000  -2.387748e+000  -2.415505e+000  -2.439913e+000  -0.000000e+000  -0.000000e+000  -0.000000e+000  -0.000000e+000  -7.562323e-001  -7.144619e-001  -6.515888e-001  -4.261900e-001  -2.281074e-001  -1.421735e-001  -1.106202e-001  -0.000000e+000  
-1.952853e+000  -1.961482e+000  -1.974822e+000  -1.985456e+000  -0.000000e+000  -0.000000e+000  -0.000000e+000  -0.000000e+000  -5.854297e-001  -5.602172e-001  -5.180579e-001  -3.534698e-001  -1.903962e-001  -1.180701e-001  -9.149275e-002  -0.000000e+000  
-1.524970e+000  -1.529216e+000  -1.535547e+000  -1.540331e+000  -0.000000e+000  -0.000000e+000  -0.000000e+000  -0.000000e+000  -4.373019e-001  -4.213514e-001  -3.931252e-001  -2.773322e-001  -1.503985e-001  -9.293406e-002  -7.178430e-002  -0.000000e+000  
-1.091841e+000  -1.093862e+000  -1.096812e+000  -1.098977e+000  -0.000000e+000  -0.000000e+000  -0.000000e+000  -0.000000e+000  -3.035744e-001  -2.936383e-001  -2.755278e-001  -1.991640e-001  -1.086516e-001  -6.697771e-002  -5.161266e-002  -0.000000e+000  
-6.559743e-001  -6.568621e-001  -6.581424e-001  -6.590681e-001  -0.000000e+000  -0.000000e+000  -0.000000e+000  -0.000000e+000  -1.788430e-001  -1.733624e-001  -1.632251e-001  -1.198652e-001  -6.567583e-002  -4.042676e-002  -3.110409e-002  -0.000000e+000  
-2.187890e-001  -2.190380e-001  -2.193953e-001  -2.196519e-001  -0.000000e+000  -0.000000e+000  -0.000000e+000  -0.000000e+000  -5.908324e-002  -5.732846e-002  -5.406295e-002  -4.001030e-002  -2.197224e-002  -1.351577e-002  -1.039090e-002  -0.000000e+000  
2.187890e-001  2.190380e-001  2.193953e-001  2.196519e-001  -0.000000e+000  -0.000000e+000  -0.000000e+000  -0.000000e+000  5.908324e-002  5.732846e-002  5.406295e-002  4.001030e-002  2.197224e-002  1.351577e-002  1.039090e-002  -0.000000e+000  
6.559743e-001  6.568621e-001  6.581424e-001  6.590681e-001  -0.000000e+000  -0.000000e+000  -0.000000e+000  -0.000000e+000  1.788430e-001  1.733624e-001  1.632251e-001  1.198652e-001  6.567583e-002  4.042676e-002  3.110409e-002  -0.000000e+000  
1.091841e+000  1.093862e+000  1.096812e+000  1.098977e+000  -0.000000e+000  -0.000000e+000  -0.000000e+000  -0.000000e+000  3.035743e-001  2.936382e-001  2.755278e-001  1.991640e-001  1.086516e-001  6.697771e-002  5.161267e-002  -0.000000e+000  
1.524970e+000  1.529216e+000  1.535547e+000  1.540331e+000  -0.000000e+000  -0.000000e+000  -0.000000e+000  -0.000000e+000  4.373019e-001  4.213514e-001  3.931252e-001  2.773322e-001  1.503985e-001  9.293406e-002  7.178430e-002  -0.000000e+000  
1.952853e+000  1.961482e+000  1.974822e+000  1.985456e+000  -0.000000e+000  -0.000000e+000  -0.000000e+000  -0.000000e+000  5.854297e-001  5.602172e-001  5.180579e-001  3.534698e-001  1.903962e-001  1.180701e-001  9.149275e-002  -0.000000e+000  
2.370825e+000  2.387748e+000  2.415505e+000  2.439913e+000  -0.000000e+000  -0.000000e+000  -0.000000e+000  -0.000000e+000  7.562323e-001  7.144619e-001  6.515888e-001  4.261900e-001  2.281074e-001  1.421735e-001  1.106202e-001  -0.000000e+000  
2.770317e+000  2.801614e+000  2.857953e+000  2.917177e+000  -0.000000e+000  -0.000000e+000  -0.000000e+000  -0.000000e+000  9.644248e-001  8.878705e-001  7.923254e-001  4.934583e-001  2.629911e-001  1.650509e-001  1.290596e-001  -0.000000e+000  
3.136694e+000  3.188600e+000  3.295641e+000  3.451749e+000  -0.000000e+000  -0.000000e+000  -0.000000e+000  -0.000000e+000  1.240795e+000  1.078727e+000  9.318380e-001  5.525155e-001  2.945326e-001  1.865343e-001  1.467164e-001  -0.000000e+000  
3.438692e+000  3.507365e+000  3.669217e+000  4.010707e+000  4.092915e+000  3.430126e+000  2.798121e+000  2.167273e+000  1.581849e+000  1.251169e+000  1.043338e+000  5.985140e-001  3.213673e-001  2.058224e-001  1.629509e-001  -0.000000e+000  
3.668489e+000  3.731965e+000  3.871330e+000  4.109650e+000  4.004978e+000  3.405778e+000  2.799124e+000  2.207073e+000  1.677128e+000  1.324372e+000  1.098991e+000  6.305369e-001  3.437313e-001  2.230296e-001  1.778203e-001  -0.000000e+000  
3.840895e+000  3.888321e+000  3.985029e+000  4.130758e+000  3.976440e+000  3.390373e+000  2.789421e+000  2.179632e+000  1.624797e+000  1.300866e+000  1.094890e+000  6.493858e-001  3.624585e-001  2.387727e-001  1.918448e-001  -0.000000e+000  
3.978998e+000  4.007468e+000  4.058655e+000  4.113593e+000  -0.000000e+000  -0.000000e+000  -0.000000e+000  -0.000000e+000  1.331936e+000  1.179782e+000  1.036518e+000  6.565753e-001  3.787073e-001  2.540546e-001  2.059369e-001  -0.000000e+000  
4.090945e+000  4.105718e+000  4.129890e+000  4.151231e+000  -0.000000e+000  -0.000000e+000  -0.000000e+000  -0.000000e+000  1.113652e+000  1.042833e+000  9.506785e-001  6.519015e-001  3.916971e-001  2.684429e-001  2.198095e-001  -0.000000e+000  
4.183029e+000  4.190208e+000  4.201263e+000  4.210050e+000  -0.000000e+000  -0.000000e+000  -0.000000e+000  -0.000000e+000  9.673364e-001  9.282276e-001  8.669632e-001  6.390099e-001  4.008388e-001  2.809861e-001  2.325217e-001  -0.000000e+000  
4.238574e+000  4.243113e+000  4.249949e+000  4.255199e+000  -0.000000e+000  -0.000000e+000  -0.000000e+000  -0.000000e+000  8.942952e-001  8.652903e-001  8.168417e-001  6.268174e-001  4.048656e-001  2.884116e-001  2.404750e-001  -0.000000e+000  
4.291940e+000  4.294496e+000  4.298255e+000  4.301042e+000  -0.000000e+000  -0.000000e+000  -0.000000e+000  -0.000000e+000  8.289972e-001  8.076162e-001  7.697709e-001  6.138114e-001  4.081434e-001  2.954063e-001  2.481348e-001  -0.000000e+000  
4.363442e+000  4.364652e+000  4.366401e+000  4.367669e+000  -0.000000e+000  -0.000000e+000  -0.000000e+000  -0.000000e+000  7.561942e-001  7.409642e-001  7.129395e-001  5.931469e-001  4.103956e-001  3.040183e-001  2.581801e-001  -0.000000e+000  
4.430316e+000  4.430942e+000  4.431838e+000  4.432480e+000  -0.000000e+000  -0.000000e+000  -0.000000e+000  -0.000000e+000  6.993280e-001  6.877998e-001  6.661920e-001  5.720591e-001  4.106323e-001  3.112167e-001  2.671812e-001  -0.000000e+000  
4.631088e+000  4.631137e+000  4.631206e+000  4.631255e+000  -0.000000e+000  -0.000000e+000  -0.000000e+000  -0.000000e+000  5.566118e-001  5.522457e-001  5.438319e-001  5.058159e-001  4.063352e-001  3.301765e-001  2.927839e-001  -0.000000e+000  
4.880472e+000  4.880474e+000  4.880477e+000  4.880479e+000  -0.000000e+000  -0.000000e+000  -0.000000e+000  -0.000000e+000  4.525092e-001  4.510098e-001  4.480740e-001  4.344671e-001  3.860683e-001  3.400683e-001  3.145805e-001  -0.000000e+000  
5.013146e+000  5.013147e+000  5.013147e+000  5.013147e+000  -0.000000e+000  -0.000000e+000  -0.000000e+000  -0.000000e+000  4.114558e-001  4.106850e-001  4.091634e-001  4.020151e-001  3.728284e-001  3.413468e-001  3.225576e-001  -0.000000e+000  
-0.000000e+000  -0.000000e+000  -0.000000e+000  -0.000000e+000  -0.000000e+000  -0.000000e+000  -0.000000e+000  -0.000000e+000  -0.000000e+000  -0.000000e+000  -0.000000e+000  -0.000000e+000  -0.000000e+000  -0.000000e+000  -0.000000e+000  -0.000000e+000  

