Port monitor named: Port1_e1[4].prt

nx        = 87
ny        = 80
nz        = 35

nu        = 16
nv        = 43
iu        = 12
iv        = 23

idir      = 1
dcut      = 0.000000e+000
icut      = 9
type      = 0
frequency = 4.000000e+009

fcutoff   = 0.000000e+000
alpha     = 0.000000e+000
beta      = 1.422610e+002
accuracy  = 6.188139e-011

type          = QTEM
wave imp.     = 2.561250e+002
wave imp.sig. = 1.684164e-007
line imp.     = 2.276108e+001

ref. port     = 0

-0.000000e+000  -0.000000e+000  -0.000000e+000  -0.000000e+000  -0.000000e+000  -0.000000e+000  -0.000000e+000  -0.000000e+000  -0.000000e+000  -0.000000e+000  -0.000000e+000  -0.000000e+000  -0.000000e+000  -0.000000e+000  -0.000000e+000  -0.000000e+000  
-2.513573e+002  -2.513529e+002  -2.513466e+002  -2.513421e+002  -0.000000e+000  -0.000000e+000  -0.000000e+000  -0.000000e+000  -6.180360e+001  -6.070707e+001  -5.857885e+001  -4.885905e+001  -1.994046e+001  1.915821e+000  1.200073e+001  -0.000000e+000  
-4.962409e+002  -4.961280e+002  -4.959676e+002  -4.958536e+002  -0.000000e+000  -0.000000e+000  -0.000000e+000  -0.000000e+000  -1.645824e+002  -1.600520e+002  -1.513949e+002  -1.128192e+002  -3.206522e+001  1.562073e+001  3.444643e+001  -0.000000e+000  
-7.103038e+002  -7.078251e+002  -7.042674e+002  -7.017097e+002  -0.000000e+000  -0.000000e+000  -0.000000e+000  -0.000000e+000  -4.006918e+002  -3.805924e+002  -3.435640e+002  -1.860640e+002  -1.211328e+001  5.321466e+001  7.187802e+001  -0.000000e+000  
-7.573362e+002  -7.493460e+002  -7.376236e+002  -7.289667e+002  -0.000000e+000  -0.000000e+000  -0.000000e+000  -0.000000e+000  -5.099006e+002  -4.767274e+002  -4.192147e+002  -1.892002e+002  2.070843e+000  6.453391e+001  8.071345e+001  -0.000000e+000  
-8.128806e+002  -7.945477e+002  -7.669477e+002  -7.458463e+002  -0.000000e+000  -0.000000e+000  -0.000000e+000  -0.000000e+000  -6.527557e+002  -5.976452e+002  -5.096348e+002  -1.854319e+002  2.014061e+001  7.721245e+001  9.007860e+001  -0.000000e+000  
-8.886444e+002  -8.496842e+002  -7.883178e+002  -7.381996e+002  -0.000000e+000  -0.000000e+000  -0.000000e+000  -0.000000e+000  -8.513251e+002  -7.520184e+002  -6.138503e+002  -1.697698e+002  4.268569e+001  9.120386e+001  9.988927e+001  -0.000000e+000  
-9.283293e+002  -8.767821e+002  -7.928887e+002  -7.204949e+002  -0.000000e+000  -0.000000e+000  -0.000000e+000  -0.000000e+000  -9.516789e+002  -8.201643e+002  -6.532734e+002  -1.590857e+002  5.242158e+001  9.676538e+001  1.036583e+002  -0.000000e+000  
-1.074000e+003  -9.738950e+002  -7.956756e+002  -6.162846e+002  -0.000000e+000  -0.000000e+000  -0.000000e+000  -0.000000e+000  -1.310451e+003  -1.026773e+003  -7.502641e+002  -1.157455e+002  8.185287e+001  1.123822e+002  1.139092e+002  -0.000000e+000  
-1.332767e+003  -1.159157e+003  -7.992013e+002  -3.075071e+002  -0.000000e+000  -0.000000e+000  -0.000000e+000  -0.000000e+000  -1.954543e+003  -1.227166e+003  -7.696568e+002  -4.217624e+001  1.163353e+002  1.289198e+002  1.243099e+002  -0.000000e+000  
-1.788068e+003  -1.555574e+003  -9.520193e+002  4.711590e+002  -0.000000e+000  -0.000000e+000  -0.000000e+000  -0.000000e+000  -2.796101e+003  -1.158455e+003  -5.593045e+002  6.835613e+001  1.552518e+002  1.460618e+002  1.346979e+002  -0.000000e+000  
-2.402355e+003  -2.247808e+003  -1.850134e+003  -1.059522e+003  -1.058782e+003  -4.660002e+002  -2.156051e+002  -3.221355e+002  -5.501396e+002  -2.460999e+002  -4.463387e+001  1.926484e+002  1.917392e+002  1.612236e+002  1.436292e+002  -0.000000e+000  
-3.149897e+003  -3.150548e+003  -3.089484e+003  -2.556288e+003  -2.069082e+003  -6.340790e+002  -1.204435e+002  3.640698e+002  9.618242e+002  7.447243e+002  5.676124e+002  3.276341e+002  2.290007e+002  1.762234e+002  1.522852e+002  -0.000000e+000  
-3.895071e+003  -4.105247e+003  -4.738348e+003  -6.650734e+003  -0.000000e+000  -0.000000e+000  -0.000000e+000  -0.000000e+000  3.378689e+003  1.705424e+003  1.101978e+003  4.546680e+002  2.653336e+002  1.907294e+002  1.605356e+002  -0.000000e+000  
-4.487832e+003  -4.716705e+003  -5.265340e+003  -6.290043e+003  -0.000000e+000  -0.000000e+000  -0.000000e+000  -0.000000e+000  2.645625e+003  1.825863e+003  1.334097e+003  5.645041e+002  3.015071e+002  2.053632e+002  1.687824e+002  -0.000000e+000  
-4.848773e+003  -5.005307e+003  -5.312809e+003  -5.682625e+003  -0.000000e+000  -0.000000e+000  -0.000000e+000  -0.000000e+000  1.992472e+003  1.659112e+003  1.346191e+003  6.431353e+002  3.334819e+002  2.186953e+002  1.762650e+002  -0.000000e+000  
-5.049999e+003  -5.139654e+003  -5.294477e+003  -5.441292e+003  -0.000000e+000  -0.000000e+000  -0.000000e+000  -0.000000e+000  1.634379e+003  1.475742e+003  1.277381e+003  6.953550e+002  3.605347e+002  2.304205e+002  1.828449e+002  -0.000000e+000  
-5.158255e+003  -5.205460e+003  -5.280679e+003  -5.343204e+003  -0.000000e+000  -0.000000e+000  -0.000000e+000  -0.000000e+000  1.417264e+003  1.328556e+003  1.195148e+003  7.280953e+002  3.824136e+002  2.402970e+002  1.884006e+002  -0.000000e+000  
-5.215920e+003  -5.239836e+003  -5.276110e+003  -5.304133e+003  -0.000000e+000  -0.000000e+000  -0.000000e+000  -0.000000e+000  1.279399e+003  1.221809e+003  1.124965e+003  7.475530e+002  3.991513e+002  2.481433e+002  1.928298e+002  -0.000000e+000  
-5.246245e+003  -5.258417e+003  -5.276327e+003  -5.289605e+003  -0.000000e+000  -0.000000e+000  -0.000000e+000  -0.000000e+000  1.193279e+003  1.150623e+003  1.074298e+003  7.583898e+002  4.109107e+002  2.538306e+002  1.960519e+002  -0.000000e+000  
-5.260954e+003  -5.267810e+003  -5.277712e+003  -5.284884e+003  -0.000000e+000  -0.000000e+000  -0.000000e+000  -0.000000e+000  1.145688e+003  1.110022e+003  1.044243e+003  7.637220e+002  4.178755e+002  2.572744e+002  1.980086e+002  -0.000000e+000  
-5.265354e+003  -5.270699e+003  -5.278364e+003  -5.283867e+003  -0.000000e+000  -0.000000e+000  -0.000000e+000  -0.000000e+000  1.130437e+003  1.096842e+003  1.034326e+003  7.653104e+002  4.201808e+002  2.584274e+002  1.986647e+002  -0.000000e+000  
-5.260954e+003  -5.267810e+003  -5.277712e+003  -5.284884e+003  -0.000000e+000  -0.000000e+000  -0.000000e+000  -0.000000e+000  1.145688e+003  1.110022e+003  1.044243e+003  7.637220e+002  4.178755e+002  2.572744e+002  1.980086e+002  -0.000000e+000  
-5.246245e+003  -5.258417e+003  -5.276327e+003  -5.289605e+003  -0.000000e+000  -0.000000e+000  -0.000000e+000  -0.000000e+000  1.193279e+003  1.150623e+003  1.074298e+003  7.583898e+002  4.109107e+002  2.538306e+002  1.960519e+002  -0.000000e+000  
-5.215920e+003  -5.239836e+003  -5.276110e+003  -5.304133e+003  -0.000000e+000  -0.000000e+000  -0.000000e+000  -0.000000e+000  1.279399e+003  1.221809e+003  1.124965e+003  7.475530e+002  3.991513e+002  2.481433e+002  1.928298e+002  -0.000000e+000  
-5.158255e+003  -5.205460e+003  -5.280679e+003  -5.343204e+003  -0.000000e+000  -0.000000e+000  -0.000000e+000  -0.000000e+000  1.417264e+003  1.328556e+003  1.195148e+003  7.280953e+002  3.824136e+002  2.402970e+002  1.884006e+002  -0.000000e+000  
-5.049999e+003  -5.139654e+003  -5.294477e+003  -5.441292e+003  -0.000000e+000  -0.000000e+000  -0.000000e+000  -0.000000e+000  1.634379e+003  1.475742e+003  1.277381e+003  6.953550e+002  3.605347e+002  2.304205e+002  1.828449e+002  -0.000000e+000  
-4.848773e+003  -5.005307e+003  -5.312809e+003  -5.682625e+003  -0.000000e+000  -0.000000e+000  -0.000000e+000  -0.000000e+000  1.992472e+003  1.659112e+003  1.346191e+003  6.431353e+002  3.334819e+002  2.186953e+002  1.762650e+002  -0.000000e+000  
-4.487832e+003  -4.716705e+003  -5.265340e+003  -6.290043e+003  -0.000000e+000  -0.000000e+000  -0.000000e+000  -0.000000e+000  2.645625e+003  1.825863e+003  1.334097e+003  5.645041e+002  3.015071e+002  2.053632e+002  1.687824e+002  -0.000000e+000  
-3.895071e+003  -4.105247e+003  -4.738348e+003  -6.650734e+003  -0.000000e+000  -0.000000e+000  -0.000000e+000  -0.000000e+000  3.378689e+003  1.705424e+003  1.101978e+003  4.546680e+002  2.653336e+002  1.907294e+002  1.605356e+002  -0.000000e+000  
-3.149897e+003  -3.150548e+003  -3.089484e+003  -2.556288e+003  -2.069082e+003  -6.340790e+002  -1.204435e+002  3.640698e+002  9.618242e+002  7.447243e+002  5.676124e+002  3.276341e+002  2.290007e+002  1.762234e+002  1.522852e+002  -0.000000e+000  
-2.402355e+003  -2.247808e+003  -1.850134e+003  -1.059522e+003  -1.058782e+003  -4.660002e+002  -2.156051e+002  -3.221355e+002  -5.501396e+002  -2.460999e+002  -4.463387e+001  1.926484e+002  1.917392e+002  1.612236e+002  1.436292e+002  -0.000000e+000  
-1.788068e+003  -1.555574e+003  -9.520193e+002  4.711590e+002  -0.000000e+000  -0.000000e+000  -0.000000e+000  -0.000000e+000  -2.796101e+003  -1.158455e+003  -5.593045e+002  6.835613e+001  1.552518e+002  1.460618e+002  1.346979e+002  -0.000000e+000  
-1.332767e+003  -1.159157e+003  -7.992013e+002  -3.075071e+002  -0.000000e+000  -0.000000e+000  -0.000000e+000  -0.000000e+000  -1.954543e+003  -1.227166e+003  -7.696568e+002  -4.217624e+001  1.163353e+002  1.289198e+002  1.243099e+002  -0.000000e+000  
-1.074000e+003  -9.738950e+002  -7.956756e+002  -6.162846e+002  -0.000000e+000  -0.000000e+000  -0.000000e+000  -0.000000e+000  -1.310451e+003  -1.026773e+003  -7.502641e+002  -1.157455e+002  8.185287e+001  1.123822e+002  1.139092e+002  -0.000000e+000  
-9.283293e+002  -8.767821e+002  -7.928887e+002  -7.204949e+002  -0.000000e+000  -0.000000e+000  -0.000000e+000  -0.000000e+000  -9.516789e+002  -8.201643e+002  -6.532734e+002  -1.590857e+002  5.242158e+001  9.676538e+001  1.036583e+002  -0.000000e+000  
-8.886444e+002  -8.496842e+002  -7.883178e+002  -7.381996e+002  -0.000000e+000  -0.000000e+000  -0.000000e+000  -0.000000e+000  -8.513251e+002  -7.520184e+002  -6.138503e+002  -1.697698e+002  4.268569e+001  9.120386e+001  9.988927e+001  -0.000000e+000  
-8.128806e+002  -7.945477e+002  -7.669477e+002  -7.458463e+002  -0.000000e+000  -0.000000e+000  -0.000000e+000  -0.000000e+000  -6.527557e+002  -5.976452e+002  -5.096348e+002  -1.854319e+002  2.014061e+001  7.721245e+001  9.007860e+001  -0.000000e+000  
-7.573362e+002  -7.493460e+002  -7.376236e+002  -7.289667e+002  -0.000000e+000  -0.000000e+000  -0.000000e+000  -0.000000e+000  -5.099006e+002  -4.767274e+002  -4.192147e+002  -1.892002e+002  2.070843e+000  6.453391e+001  8.071345e+001  -0.000000e+000  
-7.103038e+002  -7.078251e+002  -7.042674e+002  -7.017097e+002  -0.000000e+000  -0.000000e+000  -0.000000e+000  -0.000000e+000  -4.006918e+002  -3.805924e+002  -3.435640e+002  -1.860640e+002  -1.211328e+001  5.321466e+001  7.187802e+001  -0.000000e+000  
-4.962409e+002  -4.961280e+002  -4.959676e+002  -4.958536e+002  -0.000000e+000  -0.000000e+000  -0.000000e+000  -0.000000e+000  -1.645824e+002  -1.600520e+002  -1.513949e+002  -1.128192e+002  -3.206522e+001  1.562073e+001  3.444643e+001  -0.000000e+000  
-2.513573e+002  -2.513529e+002  -2.513466e+002  -2.513421e+002  -0.000000e+000  -0.000000e+000  -0.000000e+000  -0.000000e+000  -6.180360e+001  -6.070707e+001  -5.857885e+001  -4.885905e+001  -1.994046e+001  1.915821e+000  1.200073e+001  -0.000000e+000  
-0.000000e+000  -0.000000e+000  -0.000000e+000  -0.000000e+000  -0.000000e+000  -0.000000e+000  -0.000000e+000  -0.000000e+000  -0.000000e+000  -0.000000e+000  -0.000000e+000  -0.000000e+000  -0.000000e+000  -0.000000e+000  -0.000000e+000  -0.000000e+000  

-0.000000e+000  -1.192228e-003  -1.686802e-003  -1.193285e-003  -0.000000e+000  -0.000000e+000  -0.000000e+000  -0.000000e+000  -0.000000e+000  -6.911290e+000  -1.364501e+001  -2.003430e+001  -4.604610e+001  -4.729609e+001  -2.822844e+001  -0.000000e+000  
-0.000000e+000  -2.929243e-002  -4.148534e-002  -2.937864e-002  -0.000000e+000  -0.000000e+000  -0.000000e+000  -0.000000e+000  -0.000000e+000  -1.344371e+001  -2.632365e+001  -3.813238e+001  -7.635498e+001  -6.910882e+001  -3.829317e+001  -0.000000e+000  
-0.000000e+000  -7.118300e-001  -1.011295e+000  -7.186154e-001  -0.000000e+000  -0.000000e+000  -0.000000e+000  -0.000000e+000  -0.000000e+000  -3.914164e+001  -7.543015e+001  -1.065233e+002  -1.569419e+002  -1.144226e+002  -5.618213e+001  -0.000000e+000  
-0.000000e+000  -9.147842e+000  -1.311952e+001  -9.423592e+000  -0.000000e+000  -0.000000e+000  -0.000000e+000  -0.000000e+000  -0.000000e+000  -1.033316e+002  -1.936855e+002  -2.637353e+002  -2.546759e+002  -1.493730e+002  -6.616666e+001  -0.000000e+000  
-0.000000e+000  -1.766221e+001  -2.561085e+001  -1.864844e+001  -0.000000e+000  -0.000000e+000  -0.000000e+000  -0.000000e+000  -0.000000e+000  -1.365020e+002  -2.511932e+002  -3.356201e+002  -2.883228e+002  -1.598359e+002  -6.887668e+001  -0.000000e+000  
-0.000000e+000  -3.719760e+001  -5.502143e+001  -4.113424e+001  -0.000000e+000  -0.000000e+000  -0.000000e+000  -0.000000e+000  -0.000000e+000  -1.916078e+002  -3.391960e+002  -4.369411e+002  -3.244854e+002  -1.693956e+002  -7.103164e+001  -0.000000e+000  
-0.000000e+000  -6.574572e+001  -9.998821e+001  -7.785932e+001  -0.000000e+000  -0.000000e+000  -0.000000e+000  -0.000000e+000  -0.000000e+000  -2.598904e+002  -4.341992e+002  -5.323769e+002  -3.501851e+002  -1.749840e+002  -7.203189e+001  -0.000000e+000  
-0.000000e+000  -1.035387e+002  -1.614975e+002  -1.309384e+002  -0.000000e+000  -0.000000e+000  -0.000000e+000  -0.000000e+000  -0.000000e+000  -3.503716e+002  -5.490188e+002  -6.386430e+002  -3.757851e+002  -1.800945e+002  -7.282613e+001  -0.000000e+000  
-0.000000e+000  -2.102929e+002  -3.515587e+002  -3.222558e+002  -0.000000e+000  -0.000000e+000  -0.000000e+000  -0.000000e+000  -0.000000e+000  -6.342537e+002  -8.257257e+002  -8.371035e+002  -4.105724e+002  -1.852119e+002  -7.308177e+001  -0.000000e+000  
-0.000000e+000  -3.954277e+002  -7.354266e+002  -8.466477e+002  -0.000000e+000  -0.000000e+000  -0.000000e+000  -0.000000e+000  -0.000000e+000  -1.362154e+003  -1.283563e+003  -1.064640e+003  -4.384780e+002  -1.873209e+002  -7.230857e+001  -0.000000e+000  
-0.000000e+000  -6.278388e+002  -1.338818e+003  -2.269619e+003  -3.337289e+003  -5.076225e+003  -5.548742e+003  -5.757723e+003  -5.111633e+003  -2.898554e+003  -1.845669e+003  -1.248684e+003  -4.528189e+002  -1.858757e+002  -7.052216e+001  -0.000000e+000  
-0.000000e+000  -7.719726e+002  -1.709727e+003  -3.007036e+003  -4.578265e+003  -5.629108e+003  -5.782301e+003  -5.658241e+003  -4.905595e+003  -3.164771e+003  -2.022073e+003  -1.313620e+003  -4.526774e+002  -1.813985e+002  -6.794085e+001  -0.000000e+000  
-0.000000e+000  -7.712501e+002  -1.766449e+003  -3.504118e+003  -7.741947e+003  -6.967991e+003  -6.261538e+003  -6.110398e+003  -5.445682e+003  -2.974661e+003  -1.866982e+003  -1.247939e+003  -4.374814e+002  -1.736558e+002  -6.442895e+001  -0.000000e+000  
-0.000000e+000  -5.679939e+002  -1.154276e+003  -1.655247e+003  -0.000000e+000  -0.000000e+000  -0.000000e+000  -0.000000e+000  -0.000000e+000  -1.457163e+003  -1.319710e+003  -1.064453e+003  -4.072712e+002  -1.623202e+002  -5.984120e+001  -0.000000e+000  
-0.000000e+000  -3.390678e+002  -6.055485e+002  -6.304516e+002  -0.000000e+000  -0.000000e+000  -0.000000e+000  -0.000000e+000  -0.000000e+000  -6.880769e+002  -8.583429e+002  -8.387838e+002  -3.638610e+002  -1.472084e+002  -5.409140e+001  -0.000000e+000  
-0.000000e+000  -1.825063e+002  -2.980008e+002  -2.605971e+002  -0.000000e+000  -0.000000e+000  -0.000000e+000  -0.000000e+000  -0.000000e+000  -3.753249e+002  -5.647651e+002  -6.326257e+002  -3.127501e+002  -1.291665e+002  -4.742223e+001  -0.000000e+000  
-0.000000e+000  -9.283682e+001  -1.431557e+002  -1.137650e+002  -0.000000e+000  -0.000000e+000  -0.000000e+000  -0.000000e+000  -0.000000e+000  -2.264947e+002  -3.786654e+002  -4.619574e+002  -2.574853e+002  -1.087156e+002  -3.994438e+001  -0.000000e+000  
-0.000000e+000  -4.562431e+001  -6.792633e+001  -5.123255e+001  -0.000000e+000  -0.000000e+000  -0.000000e+000  -0.000000e+000  -0.000000e+000  -1.432697e+002  -2.535041e+002  -3.250029e+002  -2.004279e+002  -8.637829e+001  -3.178740e+001  -0.000000e+000  
-0.000000e+000  -2.170414e+001  -3.164816e+001  -2.320522e+001  -0.000000e+000  -0.000000e+000  -0.000000e+000  -0.000000e+000  -0.000000e+000  -8.924016e+001  -1.626462e+002  -2.143338e+002  -1.429215e+002  -6.264350e+001  -2.309338e+001  -0.000000e+000  
-0.000000e+000  -9.529855e+000  -1.373617e+001  -9.924947e+000  -0.000000e+000  -0.000000e+000  -0.000000e+000  -0.000000e+000  -0.000000e+000  -4.922114e+001  -9.103858e+001  -1.216996e+002  -8.556757e+001  -3.795436e+001  -1.401189e+001  -0.000000e+000  
-0.000000e+000  -2.672859e+000  -3.832685e+000  -2.751888e+000  -0.000000e+000  -0.000000e+000  -0.000000e+000  -0.000000e+000  -0.000000e+000  -1.575934e+001  -2.932581e+001  -3.944190e+001  -2.848308e+001  -1.271182e+001  -4.696662e+000  -0.000000e+000  
-0.000000e+000  2.672859e+000  3.832685e+000  2.751888e+000  -0.000000e+000  -0.000000e+000  -0.000000e+000  -0.000000e+000  -0.000000e+000  1.575934e+001  2.932581e+001  3.944190e+001  2.848308e+001  1.271182e+001  4.696662e+000  -0.000000e+000  
-0.000000e+000  9.529855e+000  1.373617e+001  9.924947e+000  -0.000000e+000  -0.000000e+000  -0.000000e+000  -0.000000e+000  -0.000000e+000  4.922114e+001  9.103858e+001  1.216996e+002  8.556757e+001  3.795436e+001  1.401189e+001  -0.000000e+000  
-0.000000e+000  2.170414e+001  3.164816e+001  2.320522e+001  -0.000000e+000  -0.000000e+000  -0.000000e+000  -0.000000e+000  -0.000000e+000  8.924016e+001  1.626462e+002  2.143338e+002  1.429215e+002  6.264350e+001  2.309338e+001  -0.000000e+000  
-0.000000e+000  4.562431e+001  6.792633e+001  5.123255e+001  -0.000000e+000  -0.000000e+000  -0.000000e+000  -0.000000e+000  -0.000000e+000  1.432697e+002  2.535041e+002  3.250029e+002  2.004279e+002  8.637829e+001  3.178740e+001  -0.000000e+000  
-0.000000e+000  9.283682e+001  1.431557e+002  1.137650e+002  -0.000000e+000  -0.000000e+000  -0.000000e+000  -0.000000e+000  -0.000000e+000  2.264947e+002  3.786654e+002  4.619574e+002  2.574853e+002  1.087156e+002  3.994438e+001  -0.000000e+000  
-0.000000e+000  1.825063e+002  2.980008e+002  2.605971e+002  -0.000000e+000  -0.000000e+000  -0.000000e+000  -0.000000e+000  -0.000000e+000  3.753249e+002  5.647651e+002  6.326257e+002  3.127501e+002  1.291665e+002  4.742223e+001  -0.000000e+000  
-0.000000e+000  3.390678e+002  6.055485e+002  6.304516e+002  -0.000000e+000  -0.000000e+000  -0.000000e+000  -0.000000e+000  -0.000000e+000  6.880769e+002  8.583429e+002  8.387838e+002  3.638610e+002  1.472084e+002  5.409140e+001  -0.000000e+000  
-0.000000e+000  5.679939e+002  1.154276e+003  1.655247e+003  -0.000000e+000  -0.000000e+000  -0.000000e+000  -0.000000e+000  -0.000000e+000  1.457163e+003  1.319710e+003  1.064453e+003  4.072712e+002  1.623202e+002  5.984120e+001  -0.000000e+000  
-0.000000e+000  7.712501e+002  1.766449e+003  3.504118e+003  7.741947e+003  6.967991e+003  6.261538e+003  6.110398e+003  5.445682e+003  2.974661e+003  1.866982e+003  1.247939e+003  4.374814e+002  1.736558e+002  6.442895e+001  -0.000000e+000  
-0.000000e+000  7.719726e+002  1.709727e+003  3.007036e+003  4.578265e+003  5.629108e+003  5.782301e+003  5.658241e+003  4.905595e+003  3.164771e+003  2.022073e+003  1.313620e+003  4.526774e+002  1.813985e+002  6.794085e+001  -0.000000e+000  
-0.000000e+000  6.278388e+002  1.338818e+003  2.269619e+003  3.337289e+003  5.076225e+003  5.548742e+003  5.757723e+003  5.111633e+003  2.898554e+003  1.845669e+003  1.248684e+003  4.528189e+002  1.858757e+002  7.052216e+001  -0.000000e+000  
-0.000000e+000  3.954277e+002  7.354266e+002  8.466477e+002  -0.000000e+000  -0.000000e+000  -0.000000e+000  -0.000000e+000  -0.000000e+000  1.362154e+003  1.283563e+003  1.064640e+003  4.384780e+002  1.873209e+002  7.230857e+001  -0.000000e+000  
-0.000000e+000  2.102929e+002  3.515587e+002  3.222558e+002  -0.000000e+000  -0.000000e+000  -0.000000e+000  -0.000000e+000  -0.000000e+000  6.342537e+002  8.257257e+002  8.371035e+002  4.105724e+002  1.852119e+002  7.308177e+001  -0.000000e+000  
-0.000000e+000  1.035387e+002  1.614975e+002  1.309384e+002  -0.000000e+000  -0.000000e+000  -0.000000e+000  -0.000000e+000  -0.000000e+000  3.503716e+002  5.490188e+002  6.386430e+002  3.757851e+002  1.800945e+002  7.282613e+001  -0.000000e+000  
-0.000000e+000  6.574572e+001  9.998821e+001  7.785932e+001  -0.000000e+000  -0.000000e+000  -0.000000e+000  -0.000000e+000  -0.000000e+000  2.598904e+002  4.341992e+002  5.323769e+002  3.501851e+002  1.749840e+002  7.203189e+001  -0.000000e+000  
-0.000000e+000  3.719760e+001  5.502143e+001  4.113424e+001  -0.000000e+000  -0.000000e+000  -0.000000e+000  -0.000000e+000  -0.000000e+000  1.916078e+002  3.391960e+002  4.369411e+002  3.244854e+002  1.693956e+002  7.103164e+001  -0.000000e+000  
-0.000000e+000  1.766221e+001  2.561085e+001  1.864844e+001  -0.000000e+000  -0.000000e+000  -0.000000e+000  -0.000000e+000  -0.000000e+000  1.365020e+002  2.511932e+002  3.356201e+002  2.883228e+002  1.598359e+002  6.887668e+001  -0.000000e+000  
-0.000000e+000  9.147842e+000  1.311952e+001  9.423592e+000  -0.000000e+000  -0.000000e+000  -0.000000e+000  -0.000000e+000  -0.000000e+000  1.033316e+002  1.936855e+002  2.637353e+002  2.546759e+002  1.493730e+002  6.616666e+001  -0.000000e+000  
-0.000000e+000  7.118300e-001  1.011295e+000  7.186154e-001  -0.000000e+000  -0.000000e+000  -0.000000e+000  -0.000000e+000  -0.000000e+000  3.914164e+001  7.543015e+001  1.065233e+002  1.569419e+002  1.144226e+002  5.618213e+001  -0.000000e+000  
-0.000000e+000  2.929243e-002  4.148534e-002  2.937864e-002  -0.000000e+000  -0.000000e+000  -0.000000e+000  -0.000000e+000  -0.000000e+000  1.344371e+001  2.632365e+001  3.813238e+001  7.635498e+001  6.910882e+001  3.829317e+001  -0.000000e+000  
-0.000000e+000  1.192227e-003  1.686802e-003  1.193284e-003  -0.000000e+000  -0.000000e+000  -0.000000e+000  -0.000000e+000  -0.000000e+000  6.911290e+000  1.364501e+001  2.003430e+001  4.604610e+001  4.729609e+001  2.822844e+001  -0.000000e+000  
-0.000000e+000  -0.000000e+000  -0.000000e+000  -0.000000e+000  -0.000000e+000  -0.000000e+000  -0.000000e+000  -0.000000e+000  -0.000000e+000  -0.000000e+000  -0.000000e+000  -0.000000e+000  -0.000000e+000  -0.000000e+000  -0.000000e+000  -0.000000e+000  

0.000000e+000  0.000000e+000  0.000000e+000  0.000000e+000  0.000000e+000  0.000000e+000  0.000000e+000  0.000000e+000  0.000000e+000  0.000000e+000  0.000000e+000  0.000000e+000  0.000000e+000  0.000000e+000  0.000000e+000  0.000000e+000  
0.000000e+000  0.000000e+000  0.000000e+000  0.000000e+000  0.000000e+000  0.000000e+000  0.000000e+000  0.000000e+000  0.000000e+000  0.000000e+000  0.000000e+000  0.000000e+000  0.000000e+000  0.000000e+000  0.000000e+000  0.000000e+000  
0.000000e+000  0.000000e+000  0.000000e+000  0.000000e+000  0.000000e+000  0.000000e+000  0.000000e+000  0.000000e+000  0.000000e+000  0.000000e+000  0.000000e+000  0.000000e+000  0.000000e+000  0.000000e+000  0.000000e+000  0.000000e+000  
0.000000e+000  0.000000e+000  0.000000e+000  0.000000e+000  0.000000e+000  0.000000e+000  0.000000e+000  0.000000e+000  0.000000e+000  0.000000e+000  0.000000e+000  0.000000e+000  0.000000e+000  0.000000e+000  0.000000e+000  0.000000e+000  
0.000000e+000  0.000000e+000  0.000000e+000  0.000000e+000  0.000000e+000  0.000000e+000  0.000000e+000  0.000000e+000  0.000000e+000  0.000000e+000  0.000000e+000  0.000000e+000  0.000000e+000  0.000000e+000  0.000000e+000  0.000000e+000  
0.000000e+000  0.000000e+000  0.000000e+000  0.000000e+000  0.000000e+000  0.000000e+000  0.000000e+000  0.000000e+000  0.000000e+000  0.000000e+000  0.000000e+000  0.000000e+000  0.000000e+000  0.000000e+000  0.000000e+000  0.000000e+000  
0.000000e+000  0.000000e+000  0.000000e+000  0.000000e+000  0.000000e+000  0.000000e+000  0.000000e+000  0.000000e+000  0.000000e+000  0.000000e+000  0.000000e+000  0.000000e+000  0.000000e+000  0.000000e+000  0.000000e+000  0.000000e+000  
0.000000e+000  0.000000e+000  0.000000e+000  0.000000e+000  0.000000e+000  0.000000e+000  0.000000e+000  0.000000e+000  0.000000e+000  0.000000e+000  0.000000e+000  0.000000e+000  0.000000e+000  0.000000e+000  0.000000e+000  0.000000e+000  
0.000000e+000  0.000000e+000  0.000000e+000  0.000000e+000  0.000000e+000  0.000000e+000  0.000000e+000  0.000000e+000  0.000000e+000  0.000000e+000  0.000000e+000  0.000000e+000  0.000000e+000  0.000000e+000  0.000000e+000  0.000000e+000  
0.000000e+000  0.000000e+000  0.000000e+000  0.000000e+000  0.000000e+000  0.000000e+000  0.000000e+000  0.000000e+000  0.000000e+000  0.000000e+000  0.000000e+000  0.000000e+000  0.000000e+000  0.000000e+000  0.000000e+000  0.000000e+000  
0.000000e+000  0.000000e+000  0.000000e+000  0.000000e+000  0.000000e+000  0.000000e+000  0.000000e+000  0.000000e+000  0.000000e+000  0.000000e+000  0.000000e+000  0.000000e+000  0.000000e+000  0.000000e+000  0.000000e+000  0.000000e+000  
0.000000e+000  0.000000e+000  0.000000e+000  0.000000e+000  0.000000e+000  0.000000e+000  0.000000e+000  0.000000e+000  0.000000e+000  0.000000e+000  0.000000e+000  0.000000e+000  0.000000e+000  0.000000e+000  0.000000e+000  0.000000e+000  
0.000000e+000  0.000000e+000  0.000000e+000  0.000000e+000  0.000000e+000  0.000000e+000  0.000000e+000  0.000000e+000  0.000000e+000  0.000000e+000  0.000000e+000  0.000000e+000  0.000000e+000  0.000000e+000  0.000000e+000  0.000000e+000  
0.000000e+000  0.000000e+000  0.000000e+000  0.000000e+000  0.000000e+000  0.000000e+000  0.000000e+000  0.000000e+000  0.000000e+000  0.000000e+000  0.000000e+000  0.000000e+000  0.000000e+000  0.000000e+000  0.000000e+000  0.000000e+000  
0.000000e+000  0.000000e+000  0.000000e+000  0.000000e+000  0.000000e+000  0.000000e+000  0.000000e+000  0.000000e+000  0.000000e+000  0.000000e+000  0.000000e+000  0.000000e+000  0.000000e+000  0.000000e+000  0.000000e+000  0.000000e+000  
0.000000e+000  0.000000e+000  0.000000e+000  0.000000e+000  0.000000e+000  0.000000e+000  0.000000e+000  0.000000e+000  0.000000e+000  0.000000e+000  0.000000e+000  0.000000e+000  0.000000e+000  0.000000e+000  0.000000e+000  0.000000e+000  
0.000000e+000  0.000000e+000  0.000000e+000  0.000000e+000  0.000000e+000  0.000000e+000  0.000000e+000  0.000000e+000  0.000000e+000  0.000000e+000  0.000000e+000  0.000000e+000  0.000000e+000  0.000000e+000  0.000000e+000  0.000000e+000  
0.000000e+000  0.000000e+000  0.000000e+000  0.000000e+000  0.000000e+000  0.000000e+000  0.000000e+000  0.000000e+000  0.000000e+000  0.000000e+000  0.000000e+000  0.000000e+000  0.000000e+000  0.000000e+000  0.000000e+000  0.000000e+000  
0.000000e+000  0.000000e+000  0.000000e+000  0.000000e+000  0.000000e+000  0.000000e+000  0.000000e+000  0.000000e+000  0.000000e+000  0.000000e+000  0.000000e+000  0.000000e+000  0.000000e+000  0.000000e+000  0.000000e+000  0.000000e+000  
0.000000e+000  0.000000e+000  0.000000e+000  0.000000e+000  0.000000e+000  0.000000e+000  0.000000e+000  0.000000e+000  0.000000e+000  0.000000e+000  0.000000e+000  0.000000e+000  0.000000e+000  0.000000e+000  0.000000e+000  0.000000e+000  
0.000000e+000  0.000000e+000  0.000000e+000  0.000000e+000  0.000000e+000  0.000000e+000  0.000000e+000  0.000000e+000  0.000000e+000  0.000000e+000  0.000000e+000  0.000000e+000  0.000000e+000  0.000000e+000  0.000000e+000  0.000000e+000  
0.000000e+000  0.000000e+000  0.000000e+000  0.000000e+000  0.000000e+000  0.000000e+000  0.000000e+000  0.000000e+000  0.000000e+000  0.000000e+000  0.000000e+000  0.000000e+000  0.000000e+000  0.000000e+000  0.000000e+000  0.000000e+000  
0.000000e+000  0.000000e+000  0.000000e+000  0.000000e+000  0.000000e+000  0.000000e+000  0.000000e+000  0.000000e+000  0.000000e+000  0.000000e+000  0.000000e+000  0.000000e+000  0.000000e+000  0.000000e+000  0.000000e+000  0.000000e+000  
0.000000e+000  0.000000e+000  0.000000e+000  0.000000e+000  0.000000e+000  0.000000e+000  0.000000e+000  0.000000e+000  0.000000e+000  0.000000e+000  0.000000e+000  0.000000e+000  0.000000e+000  0.000000e+000  0.000000e+000  0.000000e+000  
0.000000e+000  0.000000e+000  0.000000e+000  0.000000e+000  0.000000e+000  0.000000e+000  0.000000e+000  0.000000e+000  0.000000e+000  0.000000e+000  0.000000e+000  0.000000e+000  0.000000e+000  0.000000e+000  0.000000e+000  0.000000e+000  
0.000000e+000  0.000000e+000  0.000000e+000  0.000000e+000  0.000000e+000  0.000000e+000  0.000000e+000  0.000000e+000  0.000000e+000  0.000000e+000  0.000000e+000  0.000000e+000  0.000000e+000  0.000000e+000  0.000000e+000  0.000000e+000  
0.000000e+000  0.000000e+000  0.000000e+000  0.000000e+000  0.000000e+000  0.000000e+000  0.000000e+000  0.000000e+000  0.000000e+000  0.000000e+000  0.000000e+000  0.000000e+000  0.000000e+000  0.000000e+000  0.000000e+000  0.000000e+000  
0.000000e+000  0.000000e+000  0.000000e+000  0.000000e+000  0.000000e+000  0.000000e+000  0.000000e+000  0.000000e+000  0.000000e+000  0.000000e+000  0.000000e+000  0.000000e+000  0.000000e+000  0.000000e+000  0.000000e+000  0.000000e+000  
0.000000e+000  0.000000e+000  0.000000e+000  0.000000e+000  0.000000e+000  0.000000e+000  0.000000e+000  0.000000e+000  0.000000e+000  0.000000e+000  0.000000e+000  0.000000e+000  0.000000e+000  0.000000e+000  0.000000e+000  0.000000e+000  
0.000000e+000  0.000000e+000  0.000000e+000  0.000000e+000  0.000000e+000  0.000000e+000  0.000000e+000  0.000000e+000  0.000000e+000  0.000000e+000  0.000000e+000  0.000000e+000  0.000000e+000  0.000000e+000  0.000000e+000  0.000000e+000  
0.000000e+000  0.000000e+000  0.000000e+000  0.000000e+000  0.000000e+000  0.000000e+000  0.000000e+000  0.000000e+000  0.000000e+000  0.000000e+000  0.000000e+000  0.000000e+000  0.000000e+000  0.000000e+000  0.000000e+000  0.000000e+000  
0.000000e+000  0.000000e+000  0.000000e+000  0.000000e+000  0.000000e+000  0.000000e+000  0.000000e+000  0.000000e+000  0.000000e+000  0.000000e+000  0.000000e+000  0.000000e+000  0.000000e+000  0.000000e+000  0.000000e+000  0.000000e+000  
0.000000e+000  0.000000e+000  0.000000e+000  0.000000e+000  0.000000e+000  0.000000e+000  0.000000e+000  0.000000e+000  0.000000e+000  0.000000e+000  0.000000e+000  0.000000e+000  0.000000e+000  0.000000e+000  0.000000e+000  0.000000e+000  
0.000000e+000  0.000000e+000  0.000000e+000  0.000000e+000  0.000000e+000  0.000000e+000  0.000000e+000  0.000000e+000  0.000000e+000  0.000000e+000  0.000000e+000  0.000000e+000  0.000000e+000  0.000000e+000  0.000000e+000  0.000000e+000  
0.000000e+000  0.000000e+000  0.000000e+000  0.000000e+000  0.000000e+000  0.000000e+000  0.000000e+000  0.000000e+000  0.000000e+000  0.000000e+000  0.000000e+000  0.000000e+000  0.000000e+000  0.000000e+000  0.000000e+000  0.000000e+000  
0.000000e+000  0.000000e+000  0.000000e+000  0.000000e+000  0.000000e+000  0.000000e+000  0.000000e+000  0.000000e+000  0.000000e+000  0.000000e+000  0.000000e+000  0.000000e+000  0.000000e+000  0.000000e+000  0.000000e+000  0.000000e+000  
0.000000e+000  0.000000e+000  0.000000e+000  0.000000e+000  0.000000e+000  0.000000e+000  0.000000e+000  0.000000e+000  0.000000e+000  0.000000e+000  0.000000e+000  0.000000e+000  0.000000e+000  0.000000e+000  0.000000e+000  0.000000e+000  
0.000000e+000  0.000000e+000  0.000000e+000  0.000000e+000  0.000000e+000  0.000000e+000  0.000000e+000  0.000000e+000  0.000000e+000  0.000000e+000  0.000000e+000  0.000000e+000  0.000000e+000  0.000000e+000  0.000000e+000  0.000000e+000  
0.000000e+000  0.000000e+000  0.000000e+000  0.000000e+000  0.000000e+000  0.000000e+000  0.000000e+000  0.000000e+000  0.000000e+000  0.000000e+000  0.000000e+000  0.000000e+000  0.000000e+000  0.000000e+000  0.000000e+000  0.000000e+000  
0.000000e+000  0.000000e+000  0.000000e+000  0.000000e+000  0.000000e+000  0.000000e+000  0.000000e+000  0.000000e+000  0.000000e+000  0.000000e+000  0.000000e+000  0.000000e+000  0.000000e+000  0.000000e+000  0.000000e+000  0.000000e+000  
0.000000e+000  0.000000e+000  0.000000e+000  0.000000e+000  0.000000e+000  0.000000e+000  0.000000e+000  0.000000e+000  0.000000e+000  0.000000e+000  0.000000e+000  0.000000e+000  0.000000e+000  0.000000e+000  0.000000e+000  0.000000e+000  
0.000000e+000  0.000000e+000  0.000000e+000  0.000000e+000  0.000000e+000  0.000000e+000  0.000000e+000  0.000000e+000  0.000000e+000  0.000000e+000  0.000000e+000  0.000000e+000  0.000000e+000  0.000000e+000  0.000000e+000  0.000000e+000  
0.000000e+000  0.000000e+000  0.000000e+000  0.000000e+000  0.000000e+000  0.000000e+000  0.000000e+000  0.000000e+000  0.000000e+000  0.000000e+000  0.000000e+000  0.000000e+000  0.000000e+000  0.000000e+000  0.000000e+000  0.000000e+000  

0.000000e+000  0.000000e+000  0.000000e+000  0.000000e+000  0.000000e+000  0.000000e+000  0.000000e+000  0.000000e+000  0.000000e+000  0.000000e+000  0.000000e+000  0.000000e+000  0.000000e+000  0.000000e+000  0.000000e+000  0.000000e+000  
0.000000e+000  0.000000e+000  0.000000e+000  0.000000e+000  0.000000e+000  0.000000e+000  0.000000e+000  0.000000e+000  0.000000e+000  0.000000e+000  0.000000e+000  0.000000e+000  0.000000e+000  0.000000e+000  0.000000e+000  0.000000e+000  
0.000000e+000  0.000000e+000  0.000000e+000  0.000000e+000  0.000000e+000  0.000000e+000  0.000000e+000  0.000000e+000  0.000000e+000  0.000000e+000  0.000000e+000  0.000000e+000  0.000000e+000  0.000000e+000  0.000000e+000  0.000000e+000  
0.000000e+000  0.000000e+000  0.000000e+000  0.000000e+000  0.000000e+000  0.000000e+000  0.000000e+000  0.000000e+000  0.000000e+000  0.000000e+000  0.000000e+000  0.000000e+000  0.000000e+000  0.000000e+000  0.000000e+000  0.000000e+000  
0.000000e+000  0.000000e+000  0.000000e+000  0.000000e+000  0.000000e+000  0.000000e+000  0.000000e+000  0.000000e+000  0.000000e+000  0.000000e+000  0.000000e+000  0.000000e+000  0.000000e+000  0.000000e+000  0.000000e+000  0.000000e+000  
0.000000e+000  0.000000e+000  0.000000e+000  0.000000e+000  0.000000e+000  0.000000e+000  0.000000e+000  0.000000e+000  0.000000e+000  0.000000e+000  0.000000e+000  0.000000e+000  0.000000e+000  0.000000e+000  0.000000e+000  0.000000e+000  
0.000000e+000  0.000000e+000  0.000000e+000  0.000000e+000  0.000000e+000  0.000000e+000  0.000000e+000  0.000000e+000  0.000000e+000  0.000000e+000  0.000000e+000  0.000000e+000  0.000000e+000  0.000000e+000  0.000000e+000  0.000000e+000  
0.000000e+000  0.000000e+000  0.000000e+000  0.000000e+000  0.000000e+000  0.000000e+000  0.000000e+000  0.000000e+000  0.000000e+000  0.000000e+000  0.000000e+000  0.000000e+000  0.000000e+000  0.000000e+000  0.000000e+000  0.000000e+000  
0.000000e+000  0.000000e+000  0.000000e+000  0.000000e+000  0.000000e+000  0.000000e+000  0.000000e+000  0.000000e+000  0.000000e+000  0.000000e+000  0.000000e+000  0.000000e+000  0.000000e+000  0.000000e+000  0.000000e+000  0.000000e+000  
0.000000e+000  0.000000e+000  0.000000e+000  0.000000e+000  0.000000e+000  0.000000e+000  0.000000e+000  0.000000e+000  0.000000e+000  0.000000e+000  0.000000e+000  0.000000e+000  0.000000e+000  0.000000e+000  0.000000e+000  0.000000e+000  
0.000000e+000  0.000000e+000  0.000000e+000  0.000000e+000  0.000000e+000  0.000000e+000  0.000000e+000  0.000000e+000  0.000000e+000  0.000000e+000  0.000000e+000  0.000000e+000  0.000000e+000  0.000000e+000  0.000000e+000  0.000000e+000  
0.000000e+000  0.000000e+000  0.000000e+000  0.000000e+000  0.000000e+000  0.000000e+000  0.000000e+000  0.000000e+000  0.000000e+000  0.000000e+000  0.000000e+000  0.000000e+000  0.000000e+000  0.000000e+000  0.000000e+000  0.000000e+000  
0.000000e+000  0.000000e+000  0.000000e+000  0.000000e+000  0.000000e+000  0.000000e+000  0.000000e+000  0.000000e+000  0.000000e+000  0.000000e+000  0.000000e+000  0.000000e+000  0.000000e+000  0.000000e+000  0.000000e+000  0.000000e+000  
0.000000e+000  0.000000e+000  0.000000e+000  0.000000e+000  0.000000e+000  0.000000e+000  0.000000e+000  0.000000e+000  0.000000e+000  0.000000e+000  0.000000e+000  0.000000e+000  0.000000e+000  0.000000e+000  0.000000e+000  0.000000e+000  
0.000000e+000  0.000000e+000  0.000000e+000  0.000000e+000  0.000000e+000  0.000000e+000  0.000000e+000  0.000000e+000  0.000000e+000  0.000000e+000  0.000000e+000  0.000000e+000  0.000000e+000  0.000000e+000  0.000000e+000  0.000000e+000  
0.000000e+000  0.000000e+000  0.000000e+000  0.000000e+000  0.000000e+000  0.000000e+000  0.000000e+000  0.000000e+000  0.000000e+000  0.000000e+000  0.000000e+000  0.000000e+000  0.000000e+000  0.000000e+000  0.000000e+000  0.000000e+000  
0.000000e+000  0.000000e+000  0.000000e+000  0.000000e+000  0.000000e+000  0.000000e+000  0.000000e+000  0.000000e+000  0.000000e+000  0.000000e+000  0.000000e+000  0.000000e+000  0.000000e+000  0.000000e+000  0.000000e+000  0.000000e+000  
0.000000e+000  0.000000e+000  0.000000e+000  0.000000e+000  0.000000e+000  0.000000e+000  0.000000e+000  0.000000e+000  0.000000e+000  0.000000e+000  0.000000e+000  0.000000e+000  0.000000e+000  0.000000e+000  0.000000e+000  0.000000e+000  
0.000000e+000  0.000000e+000  0.000000e+000  0.000000e+000  0.000000e+000  0.000000e+000  0.000000e+000  0.000000e+000  0.000000e+000  0.000000e+000  0.000000e+000  0.000000e+000  0.000000e+000  0.000000e+000  0.000000e+000  0.000000e+000  
0.000000e+000  0.000000e+000  0.000000e+000  0.000000e+000  0.000000e+000  0.000000e+000  0.000000e+000  0.000000e+000  0.000000e+000  0.000000e+000  0.000000e+000  0.000000e+000  0.000000e+000  0.000000e+000  0.000000e+000  0.000000e+000  
0.000000e+000  0.000000e+000  0.000000e+000  0.000000e+000  0.000000e+000  0.000000e+000  0.000000e+000  0.000000e+000  0.000000e+000  0.000000e+000  0.000000e+000  0.000000e+000  0.000000e+000  0.000000e+000  0.000000e+000  0.000000e+000  
0.000000e+000  0.000000e+000  0.000000e+000  0.000000e+000  0.000000e+000  0.000000e+000  0.000000e+000  0.000000e+000  0.000000e+000  0.000000e+000  0.000000e+000  0.000000e+000  0.000000e+000  0.000000e+000  0.000000e+000  0.000000e+000  
0.000000e+000  0.000000e+000  0.000000e+000  0.000000e+000  0.000000e+000  0.000000e+000  0.000000e+000  0.000000e+000  0.000000e+000  0.000000e+000  0.000000e+000  0.000000e+000  0.000000e+000  0.000000e+000  0.000000e+000  0.000000e+000  
0.000000e+000  0.000000e+000  0.000000e+000  0.000000e+000  0.000000e+000  0.000000e+000  0.000000e+000  0.000000e+000  0.000000e+000  0.000000e+000  0.000000e+000  0.000000e+000  0.000000e+000  0.000000e+000  0.000000e+000  0.000000e+000  
0.000000e+000  0.000000e+000  0.000000e+000  0.000000e+000  0.000000e+000  0.000000e+000  0.000000e+000  0.000000e+000  0.000000e+000  0.000000e+000  0.000000e+000  0.000000e+000  0.000000e+000  0.000000e+000  0.000000e+000  0.000000e+000  
0.000000e+000  0.000000e+000  0.000000e+000  0.000000e+000  0.000000e+000  0.000000e+000  0.000000e+000  0.000000e+000  0.000000e+000  0.000000e+000  0.000000e+000  0.000000e+000  0.000000e+000  0.000000e+000  0.000000e+000  0.000000e+000  
0.000000e+000  0.000000e+000  0.000000e+000  0.000000e+000  0.000000e+000  0.000000e+000  0.000000e+000  0.000000e+000  0.000000e+000  0.000000e+000  0.000000e+000  0.000000e+000  0.000000e+000  0.000000e+000  0.000000e+000  0.000000e+000  
0.000000e+000  0.000000e+000  0.000000e+000  0.000000e+000  0.000000e+000  0.000000e+000  0.000000e+000  0.000000e+000  0.000000e+000  0.000000e+000  0.000000e+000  0.000000e+000  0.000000e+000  0.000000e+000  0.000000e+000  0.000000e+000  
0.000000e+000  0.000000e+000  0.000000e+000  0.000000e+000  0.000000e+000  0.000000e+000  0.000000e+000  0.000000e+000  0.000000e+000  0.000000e+000  0.000000e+000  0.000000e+000  0.000000e+000  0.000000e+000  0.000000e+000  0.000000e+000  
0.000000e+000  0.000000e+000  0.000000e+000  0.000000e+000  0.000000e+000  0.000000e+000  0.000000e+000  0.000000e+000  0.000000e+000  0.000000e+000  0.000000e+000  0.000000e+000  0.000000e+000  0.000000e+000  0.000000e+000  0.000000e+000  
0.000000e+000  0.000000e+000  0.000000e+000  0.000000e+000  0.000000e+000  0.000000e+000  0.000000e+000  0.000000e+000  0.000000e+000  0.000000e+000  0.000000e+000  0.000000e+000  0.000000e+000  0.000000e+000  0.000000e+000  0.000000e+000  
0.000000e+000  0.000000e+000  0.000000e+000  0.000000e+000  0.000000e+000  0.000000e+000  0.000000e+000  0.000000e+000  0.000000e+000  0.000000e+000  0.000000e+000  0.000000e+000  0.000000e+000  0.000000e+000  0.000000e+000  0.000000e+000  
0.000000e+000  0.000000e+000  0.000000e+000  0.000000e+000  0.000000e+000  0.000000e+000  0.000000e+000  0.000000e+000  0.000000e+000  0.000000e+000  0.000000e+000  0.000000e+000  0.000000e+000  0.000000e+000  0.000000e+000  0.000000e+000  
0.000000e+000  0.000000e+000  0.000000e+000  0.000000e+000  0.000000e+000  0.000000e+000  0.000000e+000  0.000000e+000  0.000000e+000  0.000000e+000  0.000000e+000  0.000000e+000  0.000000e+000  0.000000e+000  0.000000e+000  0.000000e+000  
0.000000e+000  0.000000e+000  0.000000e+000  0.000000e+000  0.000000e+000  0.000000e+000  0.000000e+000  0.000000e+000  0.000000e+000  0.000000e+000  0.000000e+000  0.000000e+000  0.000000e+000  0.000000e+000  0.000000e+000  0.000000e+000  
0.000000e+000  0.000000e+000  0.000000e+000  0.000000e+000  0.000000e+000  0.000000e+000  0.000000e+000  0.000000e+000  0.000000e+000  0.000000e+000  0.000000e+000  0.000000e+000  0.000000e+000  0.000000e+000  0.000000e+000  0.000000e+000  
0.000000e+000  0.000000e+000  0.000000e+000  0.000000e+000  0.000000e+000  0.000000e+000  0.000000e+000  0.000000e+000  0.000000e+000  0.000000e+000  0.000000e+000  0.000000e+000  0.000000e+000  0.000000e+000  0.000000e+000  0.000000e+000  
0.000000e+000  0.000000e+000  0.000000e+000  0.000000e+000  0.000000e+000  0.000000e+000  0.000000e+000  0.000000e+000  0.000000e+000  0.000000e+000  0.000000e+000  0.000000e+000  0.000000e+000  0.000000e+000  0.000000e+000  0.000000e+000  
0.000000e+000  0.000000e+000  0.000000e+000  0.000000e+000  0.000000e+000  0.000000e+000  0.000000e+000  0.000000e+000  0.000000e+000  0.000000e+000  0.000000e+000  0.000000e+000  0.000000e+000  0.000000e+000  0.000000e+000  0.000000e+000  
0.000000e+000  0.000000e+000  0.000000e+000  0.000000e+000  0.000000e+000  0.000000e+000  0.000000e+000  0.000000e+000  0.000000e+000  0.000000e+000  0.000000e+000  0.000000e+000  0.000000e+000  0.000000e+000  0.000000e+000  0.000000e+000  
0.000000e+000  0.000000e+000  0.000000e+000  0.000000e+000  0.000000e+000  0.000000e+000  0.000000e+000  0.000000e+000  0.000000e+000  0.000000e+000  0.000000e+000  0.000000e+000  0.000000e+000  0.000000e+000  0.000000e+000  0.000000e+000  
0.000000e+000  0.000000e+000  0.000000e+000  0.000000e+000  0.000000e+000  0.000000e+000  0.000000e+000  0.000000e+000  0.000000e+000  0.000000e+000  0.000000e+000  0.000000e+000  0.000000e+000  0.000000e+000  0.000000e+000  0.000000e+000  
0.000000e+000  0.000000e+000  0.000000e+000  0.000000e+000  0.000000e+000  0.000000e+000  0.000000e+000  0.000000e+000  0.000000e+000  0.000000e+000  0.000000e+000  0.000000e+000  0.000000e+000  0.000000e+000  0.000000e+000  0.000000e+000  

0.000000e+000  0.000000e+000  0.000000e+000  0.000000e+000  0.000000e+000  0.000000e+000  0.000000e+000  0.000000e+000  0.000000e+000  0.000000e+000  0.000000e+000  0.000000e+000  0.000000e+000  0.000000e+000  0.000000e+000  0.000000e+000  
0.000000e+000  0.000000e+000  0.000000e+000  0.000000e+000  0.000000e+000  0.000000e+000  0.000000e+000  0.000000e+000  0.000000e+000  0.000000e+000  0.000000e+000  0.000000e+000  0.000000e+000  0.000000e+000  0.000000e+000  0.000000e+000  
0.000000e+000  0.000000e+000  0.000000e+000  0.000000e+000  0.000000e+000  0.000000e+000  0.000000e+000  0.000000e+000  0.000000e+000  0.000000e+000  0.000000e+000  0.000000e+000  0.000000e+000  0.000000e+000  0.000000e+000  0.000000e+000  
0.000000e+000  0.000000e+000  0.000000e+000  0.000000e+000  0.000000e+000  0.000000e+000  0.000000e+000  0.000000e+000  0.000000e+000  0.000000e+000  0.000000e+000  0.000000e+000  0.000000e+000  0.000000e+000  0.000000e+000  0.000000e+000  
0.000000e+000  0.000000e+000  0.000000e+000  0.000000e+000  0.000000e+000  0.000000e+000  0.000000e+000  0.000000e+000  0.000000e+000  0.000000e+000  0.000000e+000  0.000000e+000  0.000000e+000  0.000000e+000  0.000000e+000  0.000000e+000  
0.000000e+000  0.000000e+000  0.000000e+000  0.000000e+000  0.000000e+000  0.000000e+000  0.000000e+000  0.000000e+000  0.000000e+000  0.000000e+000  0.000000e+000  0.000000e+000  0.000000e+000  0.000000e+000  0.000000e+000  0.000000e+000  
0.000000e+000  0.000000e+000  0.000000e+000  0.000000e+000  0.000000e+000  0.000000e+000  0.000000e+000  0.000000e+000  0.000000e+000  0.000000e+000  0.000000e+000  0.000000e+000  0.000000e+000  0.000000e+000  0.000000e+000  0.000000e+000  
0.000000e+000  0.000000e+000  0.000000e+000  0.000000e+000  0.000000e+000  0.000000e+000  0.000000e+000  0.000000e+000  0.000000e+000  0.000000e+000  0.000000e+000  0.000000e+000  0.000000e+000  0.000000e+000  0.000000e+000  0.000000e+000  
0.000000e+000  0.000000e+000  0.000000e+000  0.000000e+000  0.000000e+000  0.000000e+000  0.000000e+000  0.000000e+000  0.000000e+000  0.000000e+000  0.000000e+000  0.000000e+000  0.000000e+000  0.000000e+000  0.000000e+000  0.000000e+000  
0.000000e+000  0.000000e+000  0.000000e+000  0.000000e+000  0.000000e+000  0.000000e+000  0.000000e+000  0.000000e+000  0.000000e+000  0.000000e+000  0.000000e+000  0.000000e+000  0.000000e+000  0.000000e+000  0.000000e+000  0.000000e+000  
0.000000e+000  0.000000e+000  0.000000e+000  0.000000e+000  0.000000e+000  0.000000e+000  0.000000e+000  0.000000e+000  0.000000e+000  0.000000e+000  0.000000e+000  0.000000e+000  0.000000e+000  0.000000e+000  0.000000e+000  0.000000e+000  
0.000000e+000  0.000000e+000  0.000000e+000  0.000000e+000  0.000000e+000  0.000000e+000  0.000000e+000  0.000000e+000  0.000000e+000  0.000000e+000  0.000000e+000  0.000000e+000  0.000000e+000  0.000000e+000  0.000000e+000  0.000000e+000  
0.000000e+000  0.000000e+000  0.000000e+000  0.000000e+000  0.000000e+000  0.000000e+000  0.000000e+000  0.000000e+000  0.000000e+000  0.000000e+000  0.000000e+000  0.000000e+000  0.000000e+000  0.000000e+000  0.000000e+000  0.000000e+000  
0.000000e+000  0.000000e+000  0.000000e+000  0.000000e+000  0.000000e+000  0.000000e+000  0.000000e+000  0.000000e+000  0.000000e+000  0.000000e+000  0.000000e+000  0.000000e+000  0.000000e+000  0.000000e+000  0.000000e+000  0.000000e+000  
0.000000e+000  0.000000e+000  0.000000e+000  0.000000e+000  0.000000e+000  0.000000e+000  0.000000e+000  0.000000e+000  0.000000e+000  0.000000e+000  0.000000e+000  0.000000e+000  0.000000e+000  0.000000e+000  0.000000e+000  0.000000e+000  
0.000000e+000  0.000000e+000  0.000000e+000  0.000000e+000  0.000000e+000  0.000000e+000  0.000000e+000  0.000000e+000  0.000000e+000  0.000000e+000  0.000000e+000  0.000000e+000  0.000000e+000  0.000000e+000  0.000000e+000  0.000000e+000  
0.000000e+000  0.000000e+000  0.000000e+000  0.000000e+000  0.000000e+000  0.000000e+000  0.000000e+000  0.000000e+000  0.000000e+000  0.000000e+000  0.000000e+000  0.000000e+000  0.000000e+000  0.000000e+000  0.000000e+000  0.000000e+000  
0.000000e+000  0.000000e+000  0.000000e+000  0.000000e+000  0.000000e+000  0.000000e+000  0.000000e+000  0.000000e+000  0.000000e+000  0.000000e+000  0.000000e+000  0.000000e+000  0.000000e+000  0.000000e+000  0.000000e+000  0.000000e+000  
0.000000e+000  0.000000e+000  0.000000e+000  0.000000e+000  0.000000e+000  0.000000e+000  0.000000e+000  0.000000e+000  0.000000e+000  0.000000e+000  0.000000e+000  0.000000e+000  0.000000e+000  0.000000e+000  0.000000e+000  0.000000e+000  
0.000000e+000  0.000000e+000  0.000000e+000  0.000000e+000  0.000000e+000  0.000000e+000  0.000000e+000  0.000000e+000  0.000000e+000  0.000000e+000  0.000000e+000  0.000000e+000  0.000000e+000  0.000000e+000  0.000000e+000  0.000000e+000  
0.000000e+000  0.000000e+000  0.000000e+000  0.000000e+000  0.000000e+000  0.000000e+000  0.000000e+000  0.000000e+000  0.000000e+000  0.000000e+000  0.000000e+000  0.000000e+000  0.000000e+000  0.000000e+000  0.000000e+000  0.000000e+000  
0.000000e+000  0.000000e+000  0.000000e+000  0.000000e+000  0.000000e+000  0.000000e+000  0.000000e+000  0.000000e+000  0.000000e+000  0.000000e+000  0.000000e+000  0.000000e+000  0.000000e+000  0.000000e+000  0.000000e+000  0.000000e+000  
0.000000e+000  0.000000e+000  0.000000e+000  0.000000e+000  0.000000e+000  0.000000e+000  0.000000e+000  0.000000e+000  0.000000e+000  0.000000e+000  0.000000e+000  0.000000e+000  0.000000e+000  0.000000e+000  0.000000e+000  0.000000e+000  
0.000000e+000  0.000000e+000  0.000000e+000  0.000000e+000  0.000000e+000  0.000000e+000  0.000000e+000  0.000000e+000  0.000000e+000  0.000000e+000  0.000000e+000  0.000000e+000  0.000000e+000  0.000000e+000  0.000000e+000  0.000000e+000  
0.000000e+000  0.000000e+000  0.000000e+000  0.000000e+000  0.000000e+000  0.000000e+000  0.000000e+000  0.000000e+000  0.000000e+000  0.000000e+000  0.000000e+000  0.000000e+000  0.000000e+000  0.000000e+000  0.000000e+000  0.000000e+000  
0.000000e+000  0.000000e+000  0.000000e+000  0.000000e+000  0.000000e+000  0.000000e+000  0.000000e+000  0.000000e+000  0.000000e+000  0.000000e+000  0.000000e+000  0.000000e+000  0.000000e+000  0.000000e+000  0.000000e+000  0.000000e+000  
0.000000e+000  0.000000e+000  0.000000e+000  0.000000e+000  0.000000e+000  0.000000e+000  0.000000e+000  0.000000e+000  0.000000e+000  0.000000e+000  0.000000e+000  0.000000e+000  0.000000e+000  0.000000e+000  0.000000e+000  0.000000e+000  
0.000000e+000  0.000000e+000  0.000000e+000  0.000000e+000  0.000000e+000  0.000000e+000  0.000000e+000  0.000000e+000  0.000000e+000  0.000000e+000  0.000000e+000  0.000000e+000  0.000000e+000  0.000000e+000  0.000000e+000  0.000000e+000  
0.000000e+000  0.000000e+000  0.000000e+000  0.000000e+000  0.000000e+000  0.000000e+000  0.000000e+000  0.000000e+000  0.000000e+000  0.000000e+000  0.000000e+000  0.000000e+000  0.000000e+000  0.000000e+000  0.000000e+000  0.000000e+000  
0.000000e+000  0.000000e+000  0.000000e+000  0.000000e+000  0.000000e+000  0.000000e+000  0.000000e+000  0.000000e+000  0.000000e+000  0.000000e+000  0.000000e+000  0.000000e+000  0.000000e+000  0.000000e+000  0.000000e+000  0.000000e+000  
0.000000e+000  0.000000e+000  0.000000e+000  0.000000e+000  0.000000e+000  0.000000e+000  0.000000e+000  0.000000e+000  0.000000e+000  0.000000e+000  0.000000e+000  0.000000e+000  0.000000e+000  0.000000e+000  0.000000e+000  0.000000e+000  
0.000000e+000  0.000000e+000  0.000000e+000  0.000000e+000  0.000000e+000  0.000000e+000  0.000000e+000  0.000000e+000  0.000000e+000  0.000000e+000  0.000000e+000  0.000000e+000  0.000000e+000  0.000000e+000  0.000000e+000  0.000000e+000  
0.000000e+000  0.000000e+000  0.000000e+000  0.000000e+000  0.000000e+000  0.000000e+000  0.000000e+000  0.000000e+000  0.000000e+000  0.000000e+000  0.000000e+000  0.000000e+000  0.000000e+000  0.000000e+000  0.000000e+000  0.000000e+000  
0.000000e+000  0.000000e+000  0.000000e+000  0.000000e+000  0.000000e+000  0.000000e+000  0.000000e+000  0.000000e+000  0.000000e+000  0.000000e+000  0.000000e+000  0.000000e+000  0.000000e+000  0.000000e+000  0.000000e+000  0.000000e+000  
0.000000e+000  0.000000e+000  0.000000e+000  0.000000e+000  0.000000e+000  0.000000e+000  0.000000e+000  0.000000e+000  0.000000e+000  0.000000e+000  0.000000e+000  0.000000e+000  0.000000e+000  0.000000e+000  0.000000e+000  0.000000e+000  
0.000000e+000  0.000000e+000  0.000000e+000  0.000000e+000  0.000000e+000  0.000000e+000  0.000000e+000  0.000000e+000  0.000000e+000  0.000000e+000  0.000000e+000  0.000000e+000  0.000000e+000  0.000000e+000  0.000000e+000  0.000000e+000  
0.000000e+000  0.000000e+000  0.000000e+000  0.000000e+000  0.000000e+000  0.000000e+000  0.000000e+000  0.000000e+000  0.000000e+000  0.000000e+000  0.000000e+000  0.000000e+000  0.000000e+000  0.000000e+000  0.000000e+000  0.000000e+000  
0.000000e+000  0.000000e+000  0.000000e+000  0.000000e+000  0.000000e+000  0.000000e+000  0.000000e+000  0.000000e+000  0.000000e+000  0.000000e+000  0.000000e+000  0.000000e+000  0.000000e+000  0.000000e+000  0.000000e+000  0.000000e+000  
0.000000e+000  0.000000e+000  0.000000e+000  0.000000e+000  0.000000e+000  0.000000e+000  0.000000e+000  0.000000e+000  0.000000e+000  0.000000e+000  0.000000e+000  0.000000e+000  0.000000e+000  0.000000e+000  0.000000e+000  0.000000e+000  
0.000000e+000  0.000000e+000  0.000000e+000  0.000000e+000  0.000000e+000  0.000000e+000  0.000000e+000  0.000000e+000  0.000000e+000  0.000000e+000  0.000000e+000  0.000000e+000  0.000000e+000  0.000000e+000  0.000000e+000  0.000000e+000  
0.000000e+000  0.000000e+000  0.000000e+000  0.000000e+000  0.000000e+000  0.000000e+000  0.000000e+000  0.000000e+000  0.000000e+000  0.000000e+000  0.000000e+000  0.000000e+000  0.000000e+000  0.000000e+000  0.000000e+000  0.000000e+000  
0.000000e+000  0.000000e+000  0.000000e+000  0.000000e+000  0.000000e+000  0.000000e+000  0.000000e+000  0.000000e+000  0.000000e+000  0.000000e+000  0.000000e+000  0.000000e+000  0.000000e+000  0.000000e+000  0.000000e+000  0.000000e+000  
0.000000e+000  0.000000e+000  0.000000e+000  0.000000e+000  0.000000e+000  0.000000e+000  0.000000e+000  0.000000e+000  0.000000e+000  0.000000e+000  0.000000e+000  0.000000e+000  0.000000e+000  0.000000e+000  0.000000e+000  0.000000e+000  

-0.000000e+000  -0.000000e+000  -0.000000e+000  -0.000000e+000  -0.000000e+000  -0.000000e+000  -0.000000e+000  -0.000000e+000  -0.000000e+000  -0.000000e+000  -0.000000e+000  -0.000000e+000  -0.000000e+000  -0.000000e+000  -0.000000e+000  -0.000000e+000  
-0.000000e+000  -2.498096e-005  -3.520473e-005  -2.501128e-005  -0.000000e+000  -0.000000e+000  -0.000000e+000  -0.000000e+000  -0.000000e+000  -5.644322e-004  -1.109486e-003  -1.617228e-003  -3.458604e-003  -3.288161e-003  -1.870506e-003  -0.000000e+000  
-0.000000e+000  -6.376771e-004  -9.040580e-004  -6.406465e-004  -0.000000e+000  -0.000000e+000  -0.000000e+000  -0.000000e+000  -0.000000e+000  -1.836788e-003  -3.577442e-003  -5.137703e-003  -9.339790e-003  -7.927938e-003  -4.254319e-003  -0.000000e+000  
-0.000000e+000  -1.407735e-002  -2.005349e-002  -1.429195e-002  -0.000000e+000  -0.000000e+000  -0.000000e+000  -0.000000e+000  -0.000000e+000  -5.971459e-003  -1.141687e-002  -1.594021e-002  -2.037736e-002  -1.429039e-002  -7.029860e-003  -0.000000e+000  
-0.000000e+000  -4.593107e-002  -6.614597e-002  -4.774174e-002  -0.000000e+000  -0.000000e+000  -0.000000e+000  -0.000000e+000  -0.000000e+000  -8.436518e-003  -1.585131e-002  -2.168796e-002  -2.352258e-002  -1.561957e-002  -7.545803e-003  -0.000000e+000  
-0.000000e+000  -1.069637e-001  -1.560580e-001  -1.144828e-001  -0.000000e+000  -0.000000e+000  -0.000000e+000  -0.000000e+000  -0.000000e+000  -1.193100e-002  -2.187787e-002  -2.917402e-002  -2.698256e-002  -1.696831e-002  -8.053824e-003  -0.000000e+000  
-0.000000e+000  -2.336536e-001  -3.488508e-001  -2.639590e-001  -0.000000e+000  -0.000000e+000  -0.000000e+000  -0.000000e+000  -0.000000e+000  -1.742057e-002  -3.057642e-002  -3.909321e-002  -3.069127e-002  -1.830169e-002  -8.545921e-003  -0.000000e+000  
-0.000000e+000  -3.158815e-001  -4.797981e-001  -3.725020e-001  -0.000000e+000  -0.000000e+000  -0.000000e+000  -0.000000e+000  -0.000000e+000  -2.058628e-002  -3.504371e-002  -4.363933e-002  -3.211549e-002  -1.878827e-002  -8.722675e-003  -0.000000e+000  
-0.000000e+000  -6.538668e-001  -1.040892e+000  -8.692098e-001  -0.000000e+000  -0.000000e+000  -0.000000e+000  -0.000000e+000  -0.000000e+000  -3.325988e-002  -5.102059e-002  -5.809435e-002  -3.594080e-002  -2.003266e-002  -9.176719e-003  -0.000000e+000  
-0.000000e+000  -1.294971e+000  -2.236893e+000  -2.158900e+000  -0.000000e+000  -0.000000e+000  -0.000000e+000  -0.000000e+000  -0.000000e+000  -6.148676e-002  -7.774820e-002  -7.610299e-002  -3.954691e-002  -2.115420e-002  -9.591473e-003  -0.000000e+000  
-0.000000e+000  -2.336798e+000  -4.591660e+000  -5.814592e+000  -0.000000e+000  -0.000000e+000  -0.000000e+000  -0.000000e+000  -0.000000e+000  -1.350643e-001  -1.224832e-001  -9.578766e-002  -4.254016e-002  -2.210374e-002  -9.960088e-003  -0.000000e+000  
-0.000000e+000  -3.323438e+000  -7.612400e+000  -1.470951e+001  -2.924093e+001  -1.144993e+001  -4.296267e+000  -1.599198e+000  -6.480288e-001  -3.030817e-001  -1.733087e-001  -1.087616e-001  -4.426063e-002  -2.276023e-002  -1.024001e-002  -0.000000e+000  
-0.000000e+000  -3.467099e+000  -8.182577e+000  -1.711990e+001  -4.075784e+001  -1.364180e+001  -4.713433e+000  -1.678674e+000  -6.635837e-001  -3.063362e-001  -1.742482e-001  -1.092089e-001  -4.488767e-002  -2.324011e-002  -1.047807e-002  -0.000000e+000  
-0.000000e+000  -2.521300e+000  -5.070379e+000  -6.714650e+000  -0.000000e+000  -0.000000e+000  -0.000000e+000  -0.000000e+000  -0.000000e+000  -1.371735e-001  -1.239054e-001  -9.700302e-002  -4.442889e-002  -2.354517e-002  -1.067489e-002  -0.000000e+000  
-0.000000e+000  -1.479494e+000  -2.607315e+000  -2.603311e+000  -0.000000e+000  -0.000000e+000  -0.000000e+000  -0.000000e+000  -0.000000e+000  -6.534967e-002  -8.166442e-002  -7.944155e-002  -4.304022e-002  -2.369939e-002  -1.084116e-002  -0.000000e+000  
-0.000000e+000  -7.883898e-001  -1.274366e+000  -1.089573e+000  -0.000000e+000  -0.000000e+000  -0.000000e+000  -0.000000e+000  -0.000000e+000  -3.674194e-002  -5.581007e-002  -6.318902e-002  -4.114545e-002  -2.371292e-002  -1.096686e-002  -0.000000e+000  
-0.000000e+000  -3.991814e-001  -6.113484e-001  -4.798988e-001  -0.000000e+000  -0.000000e+000  -0.000000e+000  -0.000000e+000  -0.000000e+000  -2.372210e-002  -4.029085e-002  -5.014208e-002  -3.910428e-002  -2.363014e-002  -1.105763e-002  -0.000000e+000  
-0.000000e+000  -1.967267e-001  -2.915461e-001  -2.183590e-001  -0.000000e+000  -0.000000e+000  -0.000000e+000  -0.000000e+000  -0.000000e+000  -1.701848e-002  -3.071847e-002  -4.040947e-002  -3.718083e-002  -2.349556e-002  -1.112033e-002  -0.000000e+000  
-0.000000e+000  -9.604913e-002  -1.395588e-001  -1.018489e-001  -0.000000e+000  -0.000000e+000  -0.000000e+000  -0.000000e+000  -0.000000e+000  -1.325007e-002  -2.469985e-002  -3.354057e-002  -3.555037e-002  -2.334793e-002  -1.116117e-002  -0.000000e+000  
-0.000000e+000  -4.784832e-002  -6.870007e-002  -4.941021e-002  -0.000000e+000  -0.000000e+000  -0.000000e+000  -0.000000e+000  -0.000000e+000  -1.107774e-002  -2.099881e-002  -2.902946e-002  -3.432404e-002  -2.321933e-002  -1.118584e-002  -0.000000e+000  
-0.000000e+000  -2.661315e-002  -3.793750e-002  -2.705915e-002  -0.000000e+000  -0.000000e+000  -0.000000e+000  -0.000000e+000  -0.000000e+000  -9.931660e-003  -1.897983e-002  -2.648175e-002  -3.356623e-002  -2.313272e-002  -1.119869e-002  -0.000000e+000  
-0.000000e+000  -2.064817e-002  -2.935352e-002  -2.087157e-002  -0.000000e+000  -0.000000e+000  -0.000000e+000  -0.000000e+000  -0.000000e+000  -9.572338e-003  -1.833685e-002  -2.565885e-002  -3.331022e-002  -2.310235e-002  -1.120254e-002  -0.000000e+000  
-0.000000e+000  -2.661313e-002  -3.793768e-002  -2.705922e-002  -0.000000e+000  -0.000000e+000  -0.000000e+000  -0.000000e+000  -0.000000e+000  -9.931681e-003  -1.897964e-002  -2.648167e-002  -3.356637e-002  -2.313267e-002  -1.119861e-002  -0.000000e+000  
-0.000000e+000  -4.784813e-002  -6.870031e-002  -4.941018e-002  -0.000000e+000  -0.000000e+000  -0.000000e+000  -0.000000e+000  -0.000000e+000  -1.107727e-002  -2.099878e-002  -2.902909e-002  -3.432410e-002  -2.321940e-002  -1.118561e-002  -0.000000e+000  
-0.000000e+000  -9.604935e-002  -1.395591e-001  -1.018487e-001  -0.000000e+000  -0.000000e+000  -0.000000e+000  -0.000000e+000  -0.000000e+000  -1.325008e-002  -2.469975e-002  -3.354049e-002  -3.555049e-002  -2.334790e-002  -1.116089e-002  -0.000000e+000  
-0.000000e+000  -1.967264e-001  -2.915463e-001  -2.183592e-001  -0.000000e+000  -0.000000e+000  -0.000000e+000  -0.000000e+000  -0.000000e+000  -1.701817e-002  -3.071821e-002  -4.040926e-002  -3.718061e-002  -2.349564e-002  -1.112028e-002  -0.000000e+000  
-0.000000e+000  -3.991817e-001  -6.113481e-001  -4.798990e-001  -0.000000e+000  -0.000000e+000  -0.000000e+000  -0.000000e+000  -0.000000e+000  -2.372241e-002  -4.029097e-002  -5.014227e-002  -3.910431e-002  -2.363039e-002  -1.105776e-002  -0.000000e+000  
-0.000000e+000  -7.883897e-001  -1.274366e+000  -1.089573e+000  -0.000000e+000  -0.000000e+000  -0.000000e+000  -0.000000e+000  -0.000000e+000  -3.674198e-002  -5.581004e-002  -6.318938e-002  -4.114527e-002  -2.371295e-002  -1.096706e-002  -0.000000e+000  
-0.000000e+000  -1.479494e+000  -2.607315e+000  -2.603311e+000  -0.000000e+000  -0.000000e+000  -0.000000e+000  -0.000000e+000  -0.000000e+000  -6.534974e-002  -8.166484e-002  -7.944173e-002  -4.304036e-002  -2.369930e-002  -1.084133e-002  -0.000000e+000  
-0.000000e+000  -2.521300e+000  -5.070379e+000  -6.714649e+000  -0.000000e+000  -0.000000e+000  -0.000000e+000  -0.000000e+000  -0.000000e+000  -1.371734e-001  -1.239054e-001  -9.700320e-002  -4.442910e-002  -2.354497e-002  -1.067462e-002  -0.000000e+000  
-0.000000e+000  -3.467099e+000  -8.182578e+000  -1.711990e+001  -4.075784e+001  -1.364180e+001  -4.713433e+000  -1.678674e+000  -6.635838e-001  -3.063363e-001  -1.742483e-001  -1.092087e-001  -4.488754e-002  -2.323969e-002  -1.047788e-002  -0.000000e+000  
-0.000000e+000  -3.323438e+000  -7.612399e+000  -1.470951e+001  -2.924093e+001  -1.144993e+001  -4.296268e+000  -1.599198e+000  -6.480284e-001  -3.030819e-001  -1.733086e-001  -1.087615e-001  -4.426081e-002  -2.276027e-002  -1.023993e-002  -0.000000e+000  
-0.000000e+000  -2.336798e+000  -4.591660e+000  -5.814592e+000  -0.000000e+000  -0.000000e+000  -0.000000e+000  -0.000000e+000  -0.000000e+000  -1.350643e-001  -1.224828e-001  -9.578737e-002  -4.253994e-002  -2.210364e-002  -9.960125e-003  -0.000000e+000  
-0.000000e+000  -1.294970e+000  -2.236893e+000  -2.158900e+000  -0.000000e+000  -0.000000e+000  -0.000000e+000  -0.000000e+000  -0.000000e+000  -6.148680e-002  -7.774837e-002  -7.610287e-002  -3.954680e-002  -2.115432e-002  -9.591623e-003  -0.000000e+000  
-0.000000e+000  -6.538669e-001  -1.040892e+000  -8.692099e-001  -0.000000e+000  -0.000000e+000  -0.000000e+000  -0.000000e+000  -0.000000e+000  -3.325970e-002  -5.102057e-002  -5.809437e-002  -3.594096e-002  -2.003284e-002  -9.176738e-003  -0.000000e+000  
-0.000000e+000  -3.158816e-001  -4.797983e-001  -3.725016e-001  -0.000000e+000  -0.000000e+000  -0.000000e+000  -0.000000e+000  -0.000000e+000  -2.058658e-002  -3.504461e-002  -4.363847e-002  -3.211469e-002  -1.878776e-002  -8.723001e-003  -0.000000e+000  
-0.000000e+000  -2.336537e-001  -3.488504e-001  -2.639596e-001  -0.000000e+000  -0.000000e+000  -0.000000e+000  -0.000000e+000  -0.000000e+000  -1.742050e-002  -3.057548e-002  -3.909423e-002  -3.069219e-002  -1.830237e-002  -8.545249e-003  -0.000000e+000  
-0.000000e+000  -1.069636e-001  -1.560583e-001  -1.144827e-001  -0.000000e+000  -0.000000e+000  -0.000000e+000  -0.000000e+000  -0.000000e+000  -1.193111e-002  -2.187828e-002  -2.917386e-002  -2.698273e-002  -1.696823e-002  -8.053875e-003  -0.000000e+000  
-0.000000e+000  -4.593106e-002  -6.614598e-002  -4.774186e-002  -0.000000e+000  -0.000000e+000  -0.000000e+000  -0.000000e+000  -0.000000e+000  -8.436899e-003  -1.585103e-002  -2.168804e-002  -2.352258e-002  -1.561951e-002  -7.545761e-003  -0.000000e+000  
-0.000000e+000  -1.407744e-002  -2.005334e-002  -1.429203e-002  -0.000000e+000  -0.000000e+000  -0.000000e+000  -0.000000e+000  -0.000000e+000  -5.971566e-003  -1.141714e-002  -1.594014e-002  -2.037727e-002  -1.429032e-002  -7.029919e-003  -0.000000e+000  
-0.000000e+000  -6.378598e-004  -9.040102e-004  -6.408454e-004  -0.000000e+000  -0.000000e+000  -0.000000e+000  -0.000000e+000  -0.000000e+000  -1.836667e-003  -3.577364e-003  -5.137808e-003  -9.339800e-003  -7.927950e-003  -4.254375e-003  -0.000000e+000  
-0.000000e+000  -2.485449e-005  -3.515901e-005  -2.496542e-005  -0.000000e+000  -0.000000e+000  -0.000000e+000  -0.000000e+000  -0.000000e+000  -5.643534e-004  -1.109326e-003  -1.617224e-003  -3.458665e-003  -3.288142e-003  -1.870516e-003  -0.000000e+000  
-0.000000e+000  -0.000000e+000  -0.000000e+000  -0.000000e+000  -0.000000e+000  -0.000000e+000  -0.000000e+000  -0.000000e+000  -0.000000e+000  -0.000000e+000  -0.000000e+000  -0.000000e+000  -0.000000e+000  -0.000000e+000  -0.000000e+000  -0.000000e+000  

