Port monitor named: Port1_e1[4].prt

nx        = 103
ny        = 98
nz        = 36

nu        = 17
nv        = 59
iu        = 12
iv        = 23

idir      = 1
dcut      = 0.000000e+000
icut      = 9
type      = 0
frequency = 4.000000e+009

fcutoff   = 0.000000e+000
alpha     = 0.000000e+000
beta      = 1.413779e+002
accuracy  = 1.766103e-011

type          = QTEM
wave imp.     = 2.538791e+002
wave imp.sig. = 1.157431e-007
line imp.     = 2.136488e+001

ref. port     = 0

0.000000e+000  0.000000e+000  0.000000e+000  0.000000e+000  0.000000e+000  0.000000e+000  0.000000e+000  0.000000e+000  0.000000e+000  0.000000e+000  0.000000e+000  0.000000e+000  0.000000e+000  0.000000e+000  0.000000e+000  0.000000e+000  0.000000e+000  
-3.008292e+001  -3.008289e+001  -3.008285e+001  -3.008282e+001  0.000000e+000  0.000000e+000  0.000000e+000  0.000000e+000  -6.138623e+000  -6.056395e+000  -5.895181e+000  -5.284901e+000  -3.225658e+000  -1.030747e+000  4.723250e-001  1.194451e+000  0.000000e+000  
-7.184739e+001  -7.184730e+001  -7.184718e+001  -7.184709e+001  0.000000e+000  0.000000e+000  0.000000e+000  0.000000e+000  -1.473446e+001  -1.453538e+001  -1.414519e+001  -1.266888e+001  -7.706603e+000  -2.441124e+000  1.153420e+000  2.877137e+000  0.000000e+000  
-1.135637e+002  -1.135635e+002  -1.135632e+002  -1.135630e+002  0.000000e+000  0.000000e+000  0.000000e+000  0.000000e+000  -2.352718e+001  -2.320368e+001  -2.257004e+001  -2.017516e+001  -1.218905e+001  -3.791881e+000  1.904415e+000  4.625696e+000  0.000000e+000  
-1.552038e+002  -1.552034e+002  -1.552028e+002  -1.552024e+002  0.000000e+000  0.000000e+000  0.000000e+000  0.000000e+000  -3.263950e+001  -3.217889e+001  -3.127760e+001  -2.787650e+001  -1.667089e+001  -5.046144e+000  2.766625e+000  6.478320e+000  0.000000e+000  
-1.967401e+002  -1.967392e+002  -1.967380e+002  -1.967371e+002  0.000000e+000  0.000000e+000  0.000000e+000  0.000000e+000  -4.220616e+001  -4.158958e+001  -4.038468e+001  -3.584774e+001  -2.114572e+001  -6.163970e+000  3.782258e+000  8.473020e+000  0.000000e+000  
-2.407696e+002  -2.407676e+002  -2.407648e+002  -2.407629e+002  0.000000e+000  0.000000e+000  0.000000e+000  0.000000e+000  -5.304625e+001  -5.223444e+001  -5.065092e+001  -4.470607e+001  -2.588302e+001  -7.154563e+000  5.078316e+000  1.079164e+001  0.000000e+000  
-2.846182e+002  -2.846139e+002  -2.846078e+002  -2.846035e+002  0.000000e+000  0.000000e+000  0.000000e+000  0.000000e+000  -6.478794e+001  -6.373800e+001  -6.169478e+001  -5.405309e+001  -3.057177e+001  -7.880884e+000  6.650853e+000  1.335835e+001  0.000000e+000  
-3.282555e+002  -3.282459e+002  -3.282324e+002  -3.282229e+002  0.000000e+000  0.000000e+000  0.000000e+000  0.000000e+000  -7.769217e+001  -7.634363e+001  -7.372698e+001  -6.398659e+001  -3.517035e+001  -8.274238e+000  8.555707e+000  1.621696e+001  0.000000e+000  
-5.544758e+002  -5.543348e+002  -5.541343e+002  -5.539917e+002  0.000000e+000  0.000000e+000  0.000000e+000  0.000000e+000  -1.703828e+002  -1.660403e+002  -1.577511e+002  -1.276836e+002  -5.690386e+001  -3.529235e+000  2.505881e+001  3.682686e+001  0.000000e+000  
-7.734109e+002  -7.705730e+002  -7.664956e+002  -7.635607e+002  0.000000e+000  0.000000e+000  0.000000e+000  0.000000e+000  -3.943593e+002  -3.753428e+002  -3.404992e+002  -2.209684e+002  -5.275102e+001  2.987814e+001  6.171172e+001  7.202626e+001  0.000000e+000  
-8.231438e+002  -8.141300e+002  -8.008748e+002  -7.910577e+002  0.000000e+000  0.000000e+000  0.000000e+000  0.000000e+000  -5.006425e+002  -4.682762e+002  -4.123460e+002  -2.319350e+002  -3.900441e+001  4.294203e+001  7.165284e+001  8.025582e+001  0.000000e+000  
-8.824457e+002  -8.618654e+002  -8.307569e+002  -8.068500e+002  0.000000e+000  0.000000e+000  0.000000e+000  0.000000e+000  -6.413925e+002  -5.863979e+002  -4.984869e+002  -2.362860e+002  -1.996597e+001  5.826486e+001  8.249797e+001  8.891760e+001  0.000000e+000  
-9.643536e+002  -9.208534e+002  -8.518624e+002  -7.949901e+002  0.000000e+000  0.000000e+000  0.000000e+000  0.000000e+000  -8.405144e+002  -7.396428e+002  -5.983495e+002  -2.274722e+002  5.596756e+000  7.589244e+001  9.416139e+001  9.792850e+001  0.000000e+000  
-1.007704e+003  -9.503198e+002  -8.560860e+002  -7.737265e+002  0.000000e+000  0.000000e+000  0.000000e+000  0.000000e+000  -9.430363e+002  -8.084480e+002  -6.362996e+002  -2.182944e+002  1.718796e+001  8.310188e+001  9.872702e+001  1.013815e+002  0.000000e+000  
-1.167660e+003  -1.057223e+003  -8.576105e+002  -6.521936e+002  0.000000e+000  0.000000e+000  0.000000e+000  0.000000e+000  -1.314830e+003  -1.019735e+003  -7.292752e+002  -1.751223e+002  5.358949e+001  1.038298e+002  1.113386e+002  1.107304e+002  0.000000e+000  
-1.452378e+003  -1.264778e+003  -8.650837e+002  -2.964434e+002  0.000000e+000  0.000000e+000  0.000000e+000  0.000000e+000  -1.999752e+003  -1.227065e+003  -7.404953e+002  -9.125782e+001  9.836109e+001  1.264458e+002  1.243933e+002  1.201558e+002  0.000000e+000  
-1.949434e+003  -1.712681e+003  -1.064119e+003  5.934393e+002  0.000000e+000  0.000000e+000  0.000000e+000  0.000000e+000  -2.942550e+003  -1.133095e+003  -5.012183e+002  4.463897e+001  1.506909e+002  1.504423e+002  1.376543e+002  1.295142e+002  0.000000e+000  
-2.498023e+003  -2.355232e+003  -1.966245e+003  -1.128858e+003  -9.250648e+002  -3.579641e+002  -1.487724e+002  -2.996476e+002  -6.095552e+002  -2.464613e+002  -2.893699e+001  1.772455e+002  1.932094e+002  1.688758e+002  1.475553e+002  1.363873e+002  0.000000e+000  
-3.136924e+003  -3.154336e+003  -3.154503e+003  -2.771337e+003  -1.870038e+003  -4.870520e+002  -6.717924e+001  3.751609e+002  1.035494e+003  7.265953e+002  5.256578e+002  3.206052e+002  2.368117e+002  1.873258e+002  1.572933e+002  1.430676e+002  0.000000e+000  
-3.763332e+003  -3.963120e+003  -4.586738e+003  -6.609116e+003  0.000000e+000  0.000000e+000  0.000000e+000  0.000000e+000  3.485620e+003  1.635839e+003  1.007801e+003  4.556022e+002  2.795551e+002  2.054139e+002  1.667399e+002  1.494864e+002  0.000000e+000  
-4.302830e+003  -4.537517e+003  -5.125955e+003  -6.311982e+003  0.000000e+000  0.000000e+000  0.000000e+000  0.000000e+000  2.763986e+003  1.797983e+003  1.252873e+003  5.760941e+002  3.235458e+002  2.244673e+002  1.766472e+002  1.561665e+002  0.000000e+000  
-4.658345e+003  -4.835610e+003  -5.199730e+003  -5.670650e+003  0.000000e+000  0.000000e+000  0.000000e+000  0.000000e+000  2.074866e+003  1.658455e+003  1.293252e+003  6.619989e+002  3.627307e+002  2.421983e+002  1.858849e+002  1.623599e+002  0.000000e+000  
-4.874163e+003  -4.986487e+003  -5.188094e+003  -5.391048e+003  0.000000e+000  0.000000e+000  0.000000e+000  0.000000e+000  1.686625e+003  1.483125e+003  1.245837e+003  7.180754e+002  3.962969e+002  2.582478e+002  1.943032e+002  1.679835e+002  0.000000e+000  
-5.000461e+003  -5.065628e+003  -5.172713e+003  -5.265809e+003  0.000000e+000  0.000000e+000  0.000000e+000  0.000000e+000  1.445845e+003  1.333034e+003  1.174075e+003  7.519619e+002  4.240670e+002  2.723439e+002  2.017693e+002  1.729611e+002  0.000000e+000  
-5.073693e+003  -5.109670e+003  -5.165476e+003  -5.209922e+003  0.000000e+000  0.000000e+000  0.000000e+000  0.000000e+000  1.287130e+003  1.216981e+003  1.105128e+003  7.708178e+002  4.462591e+002  2.842941e+002  2.081695e+002  1.772247e+002  0.000000e+000  
-5.119886e+003  -5.137854e+003  -5.164665e+003  -5.184903e+003  0.000000e+000  0.000000e+000  0.000000e+000  0.000000e+000  1.169011e+003  1.122448e+003  1.041883e+003  7.808383e+002  4.652039e+002  2.951158e+002  2.140355e+002  1.811325e+002  0.000000e+000  
-5.144671e+003  -5.153740e+003  -5.166958e+003  -5.176639e+003  0.000000e+000  0.000000e+000  0.000000e+000  0.000000e+000  1.095096e+003  1.060413e+003  9.976230e+002  7.844964e+002  4.781473e+002  3.028954e+002  2.182988e+002  1.839740e+002  0.000000e+000  
-5.156931e+003  -5.162014e+003  -5.169318e+003  -5.174575e+003  0.000000e+000  0.000000e+000  0.000000e+000  0.000000e+000  1.054290e+003  1.025347e+003  9.717563e+002  7.854005e+002  4.856621e+002  3.075784e+002  2.208857e+002  1.856991e+002  0.000000e+000  
-5.160642e+003  -5.164598e+003  -5.170250e+003  -5.174293e+003  0.000000e+000  0.000000e+000  0.000000e+000  0.000000e+000  1.041227e+003  1.014010e+003  9.632719e+002  7.854978e+002  4.881237e+002  3.091415e+002  2.217527e+002  1.862775e+002  0.000000e+000  
-5.156931e+003  -5.162014e+003  -5.169318e+003  -5.174575e+003  0.000000e+000  0.000000e+000  0.000000e+000  0.000000e+000  1.054290e+003  1.025347e+003  9.717563e+002  7.854005e+002  4.856621e+002  3.075784e+002  2.208857e+002  1.856991e+002  0.000000e+000  
-5.144671e+003  -5.153740e+003  -5.166958e+003  -5.176639e+003  0.000000e+000  0.000000e+000  0.000000e+000  0.000000e+000  1.095096e+003  1.060413e+003  9.976230e+002  7.844964e+002  4.781473e+002  3.028954e+002  2.182988e+002  1.839740e+002  0.000000e+000  
-5.119886e+003  -5.137854e+003  -5.164665e+003  -5.184903e+003  0.000000e+000  0.000000e+000  0.000000e+000  0.000000e+000  1.169011e+003  1.122448e+003  1.041883e+003  7.808383e+002  4.652039e+002  2.951158e+002  2.140355e+002  1.811325e+002  0.000000e+000  
-5.073693e+003  -5.109670e+003  -5.165476e+003  -5.209922e+003  0.000000e+000  0.000000e+000  0.000000e+000  0.000000e+000  1.287130e+003  1.216981e+003  1.105128e+003  7.708178e+002  4.462591e+002  2.842941e+002  2.081695e+002  1.772247e+002  0.000000e+000  
-5.000461e+003  -5.065628e+003  -5.172713e+003  -5.265809e+003  0.000000e+000  0.000000e+000  0.000000e+000  0.000000e+000  1.445845e+003  1.333034e+003  1.174075e+003  7.519619e+002  4.240670e+002  2.723439e+002  2.017693e+002  1.729611e+002  0.000000e+000  
-4.874163e+003  -4.986487e+003  -5.188094e+003  -5.391048e+003  0.000000e+000  0.000000e+000  0.000000e+000  0.000000e+000  1.686625e+003  1.483125e+003  1.245837e+003  7.180754e+002  3.962969e+002  2.582478e+002  1.943032e+002  1.679835e+002  0.000000e+000  
-4.658345e+003  -4.835610e+003  -5.199730e+003  -5.670650e+003  0.000000e+000  0.000000e+000  0.000000e+000  0.000000e+000  2.074866e+003  1.658455e+003  1.293252e+003  6.619989e+002  3.627307e+002  2.421983e+002  1.858849e+002  1.623599e+002  0.000000e+000  
-4.302830e+003  -4.537517e+003  -5.125955e+003  -6.311982e+003  0.000000e+000  0.000000e+000  0.000000e+000  0.000000e+000  2.763986e+003  1.797983e+003  1.252873e+003  5.760941e+002  3.235458e+002  2.244673e+002  1.766472e+002  1.561665e+002  0.000000e+000  
-3.763332e+003  -3.963120e+003  -4.586738e+003  -6.609116e+003  0.000000e+000  0.000000e+000  0.000000e+000  0.000000e+000  3.485620e+003  1.635839e+003  1.007801e+003  4.556022e+002  2.795551e+002  2.054139e+002  1.667399e+002  1.494864e+002  0.000000e+000  
-3.136924e+003  -3.154336e+003  -3.154503e+003  -2.771337e+003  -1.870038e+003  -4.870520e+002  -6.717924e+001  3.751609e+002  1.035494e+003  7.265953e+002  5.256578e+002  3.206052e+002  2.368117e+002  1.873258e+002  1.572933e+002  1.430676e+002  0.000000e+000  
-2.498023e+003  -2.355232e+003  -1.966245e+003  -1.128858e+003  -9.250648e+002  -3.579641e+002  -1.487724e+002  -2.996476e+002  -6.095552e+002  -2.464613e+002  -2.893699e+001  1.772455e+002  1.932094e+002  1.688758e+002  1.475553e+002  1.363873e+002  0.000000e+000  
-1.949434e+003  -1.712681e+003  -1.064119e+003  5.934393e+002  0.000000e+000  0.000000e+000  0.000000e+000  0.000000e+000  -2.942550e+003  -1.133095e+003  -5.012183e+002  4.463897e+001  1.506909e+002  1.504423e+002  1.376543e+002  1.295142e+002  0.000000e+000  
-1.452378e+003  -1.264778e+003  -8.650837e+002  -2.964434e+002  0.000000e+000  0.000000e+000  0.000000e+000  0.000000e+000  -1.999752e+003  -1.227065e+003  -7.404953e+002  -9.125782e+001  9.836109e+001  1.264458e+002  1.243933e+002  1.201558e+002  0.000000e+000  
-1.167660e+003  -1.057223e+003  -8.576105e+002  -6.521936e+002  0.000000e+000  0.000000e+000  0.000000e+000  0.000000e+000  -1.314830e+003  -1.019735e+003  -7.292752e+002  -1.751223e+002  5.358949e+001  1.038298e+002  1.113386e+002  1.107304e+002  0.000000e+000  
-1.007704e+003  -9.503198e+002  -8.560860e+002  -7.737265e+002  0.000000e+000  0.000000e+000  0.000000e+000  0.000000e+000  -9.430363e+002  -8.084480e+002  -6.362996e+002  -2.182944e+002  1.718796e+001  8.310188e+001  9.872702e+001  1.013815e+002  0.000000e+000  
-9.643536e+002  -9.208534e+002  -8.518624e+002  -7.949901e+002  0.000000e+000  0.000000e+000  0.000000e+000  0.000000e+000  -8.405144e+002  -7.396428e+002  -5.983495e+002  -2.274722e+002  5.596756e+000  7.589244e+001  9.416139e+001  9.792850e+001  0.000000e+000  
-8.824457e+002  -8.618654e+002  -8.307569e+002  -8.068500e+002  0.000000e+000  0.000000e+000  0.000000e+000  0.000000e+000  -6.413925e+002  -5.863979e+002  -4.984869e+002  -2.362860e+002  -1.996597e+001  5.826486e+001  8.249797e+001  8.891760e+001  0.000000e+000  
-8.231438e+002  -8.141300e+002  -8.008748e+002  -7.910577e+002  0.000000e+000  0.000000e+000  0.000000e+000  0.000000e+000  -5.006425e+002  -4.682762e+002  -4.123460e+002  -2.319350e+002  -3.900441e+001  4.294203e+001  7.165284e+001  8.025582e+001  0.000000e+000  
-7.734109e+002  -7.705730e+002  -7.664956e+002  -7.635607e+002  0.000000e+000  0.000000e+000  0.000000e+000  0.000000e+000  -3.943593e+002  -3.753428e+002  -3.404992e+002  -2.209684e+002  -5.275102e+001  2.987814e+001  6.171172e+001  7.202626e+001  0.000000e+000  
-5.544758e+002  -5.543348e+002  -5.541343e+002  -5.539917e+002  0.000000e+000  0.000000e+000  0.000000e+000  0.000000e+000  -1.703828e+002  -1.660403e+002  -1.577511e+002  -1.276836e+002  -5.690386e+001  -3.529235e+000  2.505881e+001  3.682686e+001  0.000000e+000  
-3.282555e+002  -3.282459e+002  -3.282324e+002  -3.282229e+002  0.000000e+000  0.000000e+000  0.000000e+000  0.000000e+000  -7.769217e+001  -7.634363e+001  -7.372698e+001  -6.398659e+001  -3.517035e+001  -8.274238e+000  8.555707e+000  1.621696e+001  0.000000e+000  
-2.846182e+002  -2.846139e+002  -2.846078e+002  -2.846035e+002  0.000000e+000  0.000000e+000  0.000000e+000  0.000000e+000  -6.478794e+001  -6.373800e+001  -6.169478e+001  -5.405309e+001  -3.057177e+001  -7.880884e+000  6.650853e+000  1.335835e+001  0.000000e+000  
-2.407696e+002  -2.407676e+002  -2.407648e+002  -2.407629e+002  0.000000e+000  0.000000e+000  0.000000e+000  0.000000e+000  -5.304625e+001  -5.223444e+001  -5.065092e+001  -4.470607e+001  -2.588302e+001  -7.154563e+000  5.078316e+000  1.079164e+001  0.000000e+000  
-1.967401e+002  -1.967392e+002  -1.967380e+002  -1.967371e+002  0.000000e+000  0.000000e+000  0.000000e+000  0.000000e+000  -4.220616e+001  -4.158958e+001  -4.038468e+001  -3.584774e+001  -2.114572e+001  -6.163970e+000  3.782258e+000  8.473020e+000  0.000000e+000  
-1.552038e+002  -1.552034e+002  -1.552028e+002  -1.552024e+002  0.000000e+000  0.000000e+000  0.000000e+000  0.000000e+000  -3.263950e+001  -3.217889e+001  -3.127760e+001  -2.787650e+001  -1.667089e+001  -5.046144e+000  2.766625e+000  6.478320e+000  0.000000e+000  
-1.135637e+002  -1.135635e+002  -1.135632e+002  -1.135630e+002  0.000000e+000  0.000000e+000  0.000000e+000  0.000000e+000  -2.352718e+001  -2.320368e+001  -2.257004e+001  -2.017516e+001  -1.218905e+001  -3.791881e+000  1.904415e+000  4.625696e+000  0.000000e+000  
-7.184739e+001  -7.184730e+001  -7.184718e+001  -7.184709e+001  0.000000e+000  0.000000e+000  0.000000e+000  0.000000e+000  -1.473446e+001  -1.453538e+001  -1.414519e+001  -1.266888e+001  -7.706603e+000  -2.441124e+000  1.153420e+000  2.877137e+000  0.000000e+000  
-3.008292e+001  -3.008289e+001  -3.008285e+001  -3.008282e+001  0.000000e+000  0.000000e+000  0.000000e+000  0.000000e+000  -6.138623e+000  -6.056395e+000  -5.895181e+000  -5.284901e+000  -3.225658e+000  -1.030747e+000  4.723250e-001  1.194451e+000  0.000000e+000  
0.000000e+000  0.000000e+000  0.000000e+000  0.000000e+000  0.000000e+000  0.000000e+000  0.000000e+000  0.000000e+000  0.000000e+000  0.000000e+000  0.000000e+000  0.000000e+000  0.000000e+000  0.000000e+000  0.000000e+000  0.000000e+000  0.000000e+000  

0.000000e+000  -7.197024e-005  -1.017843e-004  -7.197148e-005  0.000000e+000  0.000000e+000  0.000000e+000  0.000000e+000  0.000000e+000  -5.690572e+000  -1.126762e+001  -1.662218e+001  -3.564925e+001  -4.412919e+001  -3.770143e+001  -2.122930e+001  0.000000e+000  
0.000000e+000  -9.804577e-005  -1.386607e-004  -9.805053e-005  0.000000e+000  0.000000e+000  0.000000e+000  0.000000e+000  0.000000e+000  -5.758731e+000  -1.140125e+001  -1.681614e+001  -3.601886e+001  -4.449161e+001  -3.794961e+001  -2.134853e+001  0.000000e+000  
0.000000e+000  -1.857322e-004  -2.626746e-004  -1.857466e-004  0.000000e+000  0.000000e+000  0.000000e+000  0.000000e+000  0.000000e+000  -5.950614e+000  -1.177733e+001  -1.736174e+001  -3.705454e+001  -4.550258e+001  -3.863976e+001  -2.167948e+001  0.000000e+000  
0.000000e+000  -3.820820e-004  -5.403847e-004  -3.821361e-004  0.000000e+000  0.000000e+000  0.000000e+000  0.000000e+000  0.000000e+000  -6.262420e+000  -1.238806e+001  -1.824680e+001  -3.872134e+001  -4.711482e+001  -3.973343e+001  -2.220196e+001  0.000000e+000  
0.000000e+000  -8.019583e-004  -1.134282e-003  -8.021602e-004  0.000000e+000  0.000000e+000  0.000000e+000  0.000000e+000  0.000000e+000  -6.706372e+000  -1.325677e+001  -1.950373e+001  -4.106008e+001  -4.934674e+001  -4.123347e+001  -2.291460e+001  0.000000e+000  
0.000000e+000  -1.719151e-003  -2.431788e-003  -1.719923e-003  0.000000e+000  0.000000e+000  0.000000e+000  0.000000e+000  0.000000e+000  -7.319525e+000  -1.445497e+001  -2.123366e+001  -4.422596e+001  -5.231453e+001  -4.320374e+001  -2.384380e+001  0.000000e+000  
0.000000e+000  -3.801640e-003  -5.378503e-003  -3.804745e-003  0.000000e+000  0.000000e+000  0.000000e+000  0.000000e+000  0.000000e+000  -8.151667e+000  -1.607814e+001  -2.357017e+001  -4.840398e+001  -5.613866e+001  -4.570155e+001  -2.501039e+001  0.000000e+000  
0.000000e+000  -8.397501e-003  -1.188453e-002  -8.409956e-003  0.000000e+000  0.000000e+000  0.000000e+000  0.000000e+000  0.000000e+000  -9.227892e+000  -1.817252e+001  -2.657359e+001  -5.361596e+001  -6.077188e+001  -4.866875e+001  -2.637998e+001  0.000000e+000  
0.000000e+000  -4.022019e-002  -5.696985e-002  -4.035036e-002  0.000000e+000  0.000000e+000  0.000000e+000  0.000000e+000  0.000000e+000  -1.356463e+001  -2.658734e+001  -3.858409e+001  -7.368264e+001  -7.800162e+001  -5.945004e+001  -3.128777e+001  0.000000e+000  
0.000000e+000  -8.314136e-001  -1.181584e+000  -8.399304e-001  0.000000e+000  0.000000e+000  0.000000e+000  0.000000e+000  0.000000e+000  -3.704314e+001  -7.140458e+001  -1.009169e+002  -1.565496e+002  -1.354870e+002  -9.023971e+001  -4.396204e+001  0.000000e+000  
0.000000e+000  -1.029860e+001  -1.478397e+001  -1.063081e+001  0.000000e+000  0.000000e+000  0.000000e+000  0.000000e+000  0.000000e+000  -9.819783e+001  -1.834577e+002  -2.483062e+002  -2.736907e+002  -1.884194e+002  -1.106321e+002  -5.056939e+001  0.000000e+000  
0.000000e+000  -1.988324e+001  -2.887874e+001  -2.106982e+001  0.000000e+000  0.000000e+000  0.000000e+000  0.000000e+000  0.000000e+000  -1.313748e+002  -2.407887e+002  -3.192135e+002  -3.165142e+002  -2.051518e+002  -1.164944e+002  -5.232595e+001  0.000000e+000  
0.000000e+000  -4.176695e+001  -6.195763e+001  -4.649109e+001  0.000000e+000  0.000000e+000  0.000000e+000  0.000000e+000  0.000000e+000  -1.877468e+002  -3.309015e+002  -4.222670e+002  -3.645292e+002  -2.211255e+002  -1.214424e+002  -5.363669e+001  0.000000e+000  
0.000000e+000  -7.359319e+001  -1.124341e+002  -8.810163e+001  0.000000e+000  0.000000e+000  0.000000e+000  0.000000e+000  0.000000e+000  -2.588908e+002  -4.305546e+002  -5.225633e+002  -4.001244e+002  -2.310015e+002  -1.240090e+002  -5.416588e+001  0.000000e+000  
0.000000e+000  -1.156679e+002  -1.815288e+002  -1.484907e+002  0.000000e+000  0.000000e+000  0.000000e+000  0.000000e+000  0.000000e+000  -3.540210e+002  -5.522330e+002  -6.358496e+002  -4.361661e+002  -2.402820e+002  -1.262088e+002  -5.453957e+001  0.000000e+000  
0.000000e+000  -2.334485e+002  -3.944166e+002  -3.675750e+002  0.000000e+000  0.000000e+000  0.000000e+000  0.000000e+000  0.000000e+000  -6.574097e+002  -8.508572e+002  -8.542998e+002  -4.870830e+002  -2.505708e+002  -1.277464e+002  -5.441490e+001  0.000000e+000  
0.000000e+000  -4.335171e+002  -8.206886e+002  -9.740571e+002  0.000000e+000  0.000000e+000  0.000000e+000  0.000000e+000  0.000000e+000  -1.451816e+003  -1.351102e+003  -1.110233e+003  -5.292967e+002  -2.563222e+002  -1.273258e+002  -5.354695e+001  0.000000e+000  
0.000000e+000  -6.544266e+002  -1.425892e+003  -2.520950e+003  -4.015919e+003  -5.904638e+003  -6.324385e+003  -6.487880e+003  -5.749659e+003  -3.079592e+003  -1.919534e+003  -1.298515e+003  -5.499549e+002  -2.562773e+002  -1.250340e+002  -5.208815e+001  0.000000e+000  
0.000000e+000  -7.685917e+002  -1.736924e+003  -3.190545e+003  -5.209872e+003  -6.358090e+003  -6.491665e+003  -6.367157e+003  -5.506288e+003  -3.359563e+003  -2.087261e+003  -1.359472e+003  -5.526198e+002  -2.525393e+002  -1.217590e+002  -5.037266e+001  0.000000e+000  
0.000000e+000  -7.545924e+002  -1.736623e+003  -3.496717e+003  -8.261128e+003  -7.464209e+003  -6.827484e+003  -6.721005e+003  -6.024822e+003  -3.121374e+003  -1.932319e+003  -1.298846e+003  -5.386282e+002  -2.449379e+002  -1.171458e+002  -4.818751e+001  0.000000e+000  
0.000000e+000  -5.867137e+002  -1.212665e+003  -1.797754e+003  0.000000e+000  0.000000e+000  0.000000e+000  0.000000e+000  0.000000e+000  -1.623722e+003  -1.423836e+003  -1.127421e+003  -5.077632e+002  -2.329801e+002  -1.109082e+002  -4.540478e+001  0.000000e+000  
0.000000e+000  -3.801498e+002  -6.947703e+002  -7.539755e+002  0.000000e+000  0.000000e+000  0.000000e+000  0.000000e+000  0.000000e+000  -8.043675e+002  -9.614778e+002  -9.073178e+002  -4.613776e+002  -2.162394e+002  -1.028283e+002  -4.194425e+001  0.000000e+000  
0.000000e+000  -2.241340e+002  -3.743074e+002  -3.395323e+002  0.000000e+000  0.000000e+000  0.000000e+000  0.000000e+000  0.000000e+000  -4.511709e+002  -6.517159e+002  -7.020202e+002  -4.064111e+002  -1.958738e+002  -9.331337e+001  -3.796934e+001  0.000000e+000  
0.000000e+000  -1.252767e+002  -1.968739e+002  -1.609163e+002  0.000000e+000  0.000000e+000  0.000000e+000  0.000000e+000  0.000000e+000  -2.785642e+002  -4.504498e+002  -5.303804e+002  -3.473103e+002  -1.725486e+002  -8.250905e+001  -3.352224e+001  0.000000e+000  
0.000000e+000  -6.792346e+001  -1.026283e+002  -7.898462e+001  0.000000e+000  0.000000e+000  0.000000e+000  0.000000e+000  0.000000e+000  -1.828795e+002  -3.156212e+002  -3.931000e+002  -2.870861e+002  -1.469131e+002  -7.058452e+001  -2.865469e+001  0.000000e+000  
0.000000e+000  -3.410049e+001  -5.016576e+001  -3.720079e+001  0.000000e+000  0.000000e+000  0.000000e+000  0.000000e+000  0.000000e+000  -1.193231e+002  -2.142797e+002  -2.769617e+002  -2.234103e+002  -1.176812e+002  -5.684529e+001  -2.306965e+001  0.000000e+000  
0.000000e+000  -1.613090e+001  -2.335109e+001  -1.696072e+001  0.000000e+000  0.000000e+000  0.000000e+000  0.000000e+000  0.000000e+000  -7.444321e+001  -1.366266e+002  -1.804872e+002  -1.575327e+002  -8.502384e+001  -4.127758e+001  -1.675214e+001  0.000000e+000  
0.000000e+000  -7.061186e+000  -1.013130e+001  -7.279600e+000  0.000000e+000  0.000000e+000  0.000000e+000  0.000000e+000  0.000000e+000  -4.101318e+001  -7.610624e+001  -1.017218e+002  -9.359305e+001  -5.137503e+001  -2.503475e+001  -1.016164e+001  0.000000e+000  
0.000000e+000  -1.977803e+000  -2.826498e+000  -2.021491e+000  0.000000e+000  0.000000e+000  0.000000e+000  0.000000e+000  0.000000e+000  -1.311624e+001  -2.445227e+001  -3.285009e+001  -3.103319e+001  -1.718252e+001  -8.389459e+000  -3.405685e+000  0.000000e+000  
0.000000e+000  1.977803e+000  2.826498e+000  2.021491e+000  0.000000e+000  0.000000e+000  0.000000e+000  0.000000e+000  0.000000e+000  1.311624e+001  2.445227e+001  3.285009e+001  3.103319e+001  1.718252e+001  8.389459e+000  3.405685e+000  0.000000e+000  
0.000000e+000  7.061186e+000  1.013130e+001  7.279600e+000  0.000000e+000  0.000000e+000  0.000000e+000  0.000000e+000  0.000000e+000  4.101318e+001  7.610624e+001  1.017218e+002  9.359305e+001  5.137503e+001  2.503475e+001  1.016164e+001  0.000000e+000  
0.000000e+000  1.613090e+001  2.335109e+001  1.696072e+001  0.000000e+000  0.000000e+000  0.000000e+000  0.000000e+000  0.000000e+000  7.444321e+001  1.366266e+002  1.804872e+002  1.575327e+002  8.502384e+001  4.127758e+001  1.675214e+001  0.000000e+000  
0.000000e+000  3.410049e+001  5.016576e+001  3.720079e+001  0.000000e+000  0.000000e+000  0.000000e+000  0.000000e+000  0.000000e+000  1.193231e+002  2.142797e+002  2.769617e+002  2.234103e+002  1.176812e+002  5.684529e+001  2.306965e+001  0.000000e+000  
0.000000e+000  6.792346e+001  1.026283e+002  7.898462e+001  0.000000e+000  0.000000e+000  0.000000e+000  0.000000e+000  0.000000e+000  1.828795e+002  3.156212e+002  3.931000e+002  2.870861e+002  1.469131e+002  7.058452e+001  2.865469e+001  0.000000e+000  
0.000000e+000  1.252767e+002  1.968739e+002  1.609163e+002  0.000000e+000  0.000000e+000  0.000000e+000  0.000000e+000  0.000000e+000  2.785642e+002  4.504498e+002  5.303804e+002  3.473103e+002  1.725486e+002  8.250905e+001  3.352224e+001  0.000000e+000  
0.000000e+000  2.241340e+002  3.743074e+002  3.395323e+002  0.000000e+000  0.000000e+000  0.000000e+000  0.000000e+000  0.000000e+000  4.511709e+002  6.517159e+002  7.020202e+002  4.064111e+002  1.958738e+002  9.331337e+001  3.796934e+001  0.000000e+000  
0.000000e+000  3.801498e+002  6.947703e+002  7.539755e+002  0.000000e+000  0.000000e+000  0.000000e+000  0.000000e+000  0.000000e+000  8.043675e+002  9.614778e+002  9.073178e+002  4.613776e+002  2.162394e+002  1.028283e+002  4.194425e+001  0.000000e+000  
0.000000e+000  5.867137e+002  1.212665e+003  1.797754e+003  0.000000e+000  0.000000e+000  0.000000e+000  0.000000e+000  0.000000e+000  1.623722e+003  1.423836e+003  1.127421e+003  5.077632e+002  2.329801e+002  1.109082e+002  4.540478e+001  0.000000e+000  
0.000000e+000  7.545924e+002  1.736623e+003  3.496717e+003  8.261128e+003  7.464209e+003  6.827484e+003  6.721005e+003  6.024822e+003  3.121374e+003  1.932319e+003  1.298846e+003  5.386282e+002  2.449379e+002  1.171458e+002  4.818751e+001  0.000000e+000  
0.000000e+000  7.685917e+002  1.736924e+003  3.190545e+003  5.209872e+003  6.358090e+003  6.491665e+003  6.367157e+003  5.506288e+003  3.359563e+003  2.087261e+003  1.359472e+003  5.526198e+002  2.525393e+002  1.217590e+002  5.037266e+001  0.000000e+000  
0.000000e+000  6.544266e+002  1.425892e+003  2.520950e+003  4.015919e+003  5.904638e+003  6.324385e+003  6.487880e+003  5.749659e+003  3.079592e+003  1.919534e+003  1.298515e+003  5.499549e+002  2.562773e+002  1.250340e+002  5.208815e+001  0.000000e+000  
0.000000e+000  4.335171e+002  8.206886e+002  9.740571e+002  0.000000e+000  0.000000e+000  0.000000e+000  0.000000e+000  0.000000e+000  1.451816e+003  1.351102e+003  1.110233e+003  5.292967e+002  2.563222e+002  1.273258e+002  5.354695e+001  0.000000e+000  
0.000000e+000  2.334485e+002  3.944166e+002  3.675750e+002  0.000000e+000  0.000000e+000  0.000000e+000  0.000000e+000  0.000000e+000  6.574097e+002  8.508572e+002  8.542998e+002  4.870830e+002  2.505708e+002  1.277464e+002  5.441490e+001  0.000000e+000  
0.000000e+000  1.156679e+002  1.815288e+002  1.484907e+002  0.000000e+000  0.000000e+000  0.000000e+000  0.000000e+000  0.000000e+000  3.540210e+002  5.522330e+002  6.358496e+002  4.361661e+002  2.402820e+002  1.262088e+002  5.453957e+001  0.000000e+000  
0.000000e+000  7.359319e+001  1.124341e+002  8.810163e+001  0.000000e+000  0.000000e+000  0.000000e+000  0.000000e+000  0.000000e+000  2.588908e+002  4.305546e+002  5.225633e+002  4.001244e+002  2.310015e+002  1.240090e+002  5.416588e+001  0.000000e+000  
0.000000e+000  4.176695e+001  6.195763e+001  4.649109e+001  0.000000e+000  0.000000e+000  0.000000e+000  0.000000e+000  0.000000e+000  1.877468e+002  3.309015e+002  4.222670e+002  3.645292e+002  2.211255e+002  1.214424e+002  5.363669e+001  0.000000e+000  
0.000000e+000  1.988324e+001  2.887874e+001  2.106982e+001  0.000000e+000  0.000000e+000  0.000000e+000  0.000000e+000  0.000000e+000  1.313748e+002  2.407887e+002  3.192135e+002  3.165142e+002  2.051518e+002  1.164944e+002  5.232595e+001  0.000000e+000  
0.000000e+000  1.029860e+001  1.478397e+001  1.063081e+001  0.000000e+000  0.000000e+000  0.000000e+000  0.000000e+000  0.000000e+000  9.819783e+001  1.834577e+002  2.483062e+002  2.736907e+002  1.884194e+002  1.106321e+002  5.056939e+001  0.000000e+000  
0.000000e+000  8.314136e-001  1.181584e+000  8.399304e-001  0.000000e+000  0.000000e+000  0.000000e+000  0.000000e+000  0.000000e+000  3.704314e+001  7.140458e+001  1.009169e+002  1.565496e+002  1.354870e+002  9.023971e+001  4.396204e+001  0.000000e+000  
0.000000e+000  4.022019e-002  5.696985e-002  4.035036e-002  0.000000e+000  0.000000e+000  0.000000e+000  0.000000e+000  0.000000e+000  1.356463e+001  2.658734e+001  3.858409e+001  7.368264e+001  7.800162e+001  5.945004e+001  3.128777e+001  0.000000e+000  
0.000000e+000  8.397500e-003  1.188453e-002  8.409956e-003  0.000000e+000  0.000000e+000  0.000000e+000  0.000000e+000  0.000000e+000  9.227892e+000  1.817252e+001  2.657359e+001  5.361596e+001  6.077188e+001  4.866875e+001  2.637998e+001  0.000000e+000  
0.000000e+000  3.801640e-003  5.378503e-003  3.804745e-003  0.000000e+000  0.000000e+000  0.000000e+000  0.000000e+000  0.000000e+000  8.151667e+000  1.607814e+001  2.357017e+001  4.840398e+001  5.613866e+001  4.570155e+001  2.501039e+001  0.000000e+000  
0.000000e+000  1.719151e-003  2.431790e-003  1.719923e-003  0.000000e+000  0.000000e+000  0.000000e+000  0.000000e+000  0.000000e+000  7.319525e+000  1.445497e+001  2.123366e+001  4.422596e+001  5.231453e+001  4.320374e+001  2.384380e+001  0.000000e+000  
0.000000e+000  8.019601e-004  1.134283e-003  8.021610e-004  0.000000e+000  0.000000e+000  0.000000e+000  0.000000e+000  0.000000e+000  6.706372e+000  1.325677e+001  1.950373e+001  4.106008e+001  4.934674e+001  4.123347e+001  2.291460e+001  0.000000e+000  
0.000000e+000  3.820837e-004  5.403867e-004  3.821387e-004  0.000000e+000  0.000000e+000  0.000000e+000  0.000000e+000  0.000000e+000  6.262420e+000  1.238806e+001  1.824680e+001  3.872134e+001  4.711482e+001  3.973343e+001  2.220196e+001  0.000000e+000  
0.000000e+000  1.857338e-004  2.626774e-004  1.857479e-004  0.000000e+000  0.000000e+000  0.000000e+000  0.000000e+000  0.000000e+000  5.950614e+000  1.177733e+001  1.736174e+001  3.705454e+001  4.550258e+001  3.863976e+001  2.167948e+001  0.000000e+000  
0.000000e+000  9.804883e-005  1.386637e-004  9.805289e-005  0.000000e+000  0.000000e+000  0.000000e+000  0.000000e+000  0.000000e+000  5.758731e+000  1.140125e+001  1.681614e+001  3.601886e+001  4.449161e+001  3.794961e+001  2.134853e+001  0.000000e+000  
0.000000e+000  7.197370e-005  1.017878e-004  7.197483e-005  0.000000e+000  0.000000e+000  0.000000e+000  0.000000e+000  0.000000e+000  5.690572e+000  1.126762e+001  1.662218e+001  3.564925e+001  4.412919e+001  3.770143e+001  2.122930e+001  0.000000e+000  
0.000000e+000  0.000000e+000  0.000000e+000  0.000000e+000  0.000000e+000  0.000000e+000  0.000000e+000  0.000000e+000  0.000000e+000  0.000000e+000  0.000000e+000  0.000000e+000  0.000000e+000  0.000000e+000  0.000000e+000  0.000000e+000  0.000000e+000  

0.000000e+000  0.000000e+000  0.000000e+000  0.000000e+000  0.000000e+000  0.000000e+000  0.000000e+000  0.000000e+000  0.000000e+000  0.000000e+000  0.000000e+000  0.000000e+000  0.000000e+000  0.000000e+000  0.000000e+000  0.000000e+000  0.000000e+000  
0.000000e+000  0.000000e+000  0.000000e+000  0.000000e+000  0.000000e+000  0.000000e+000  0.000000e+000  0.000000e+000  0.000000e+000  0.000000e+000  0.000000e+000  0.000000e+000  0.000000e+000  0.000000e+000  0.000000e+000  0.000000e+000  0.000000e+000  
0.000000e+000  0.000000e+000  0.000000e+000  0.000000e+000  0.000000e+000  0.000000e+000  0.000000e+000  0.000000e+000  0.000000e+000  0.000000e+000  0.000000e+000  0.000000e+000  0.000000e+000  0.000000e+000  0.000000e+000  0.000000e+000  0.000000e+000  
0.000000e+000  0.000000e+000  0.000000e+000  0.000000e+000  0.000000e+000  0.000000e+000  0.000000e+000  0.000000e+000  0.000000e+000  0.000000e+000  0.000000e+000  0.000000e+000  0.000000e+000  0.000000e+000  0.000000e+000  0.000000e+000  0.000000e+000  
0.000000e+000  0.000000e+000  0.000000e+000  0.000000e+000  0.000000e+000  0.000000e+000  0.000000e+000  0.000000e+000  0.000000e+000  0.000000e+000  0.000000e+000  0.000000e+000  0.000000e+000  0.000000e+000  0.000000e+000  0.000000e+000  0.000000e+000  
0.000000e+000  0.000000e+000  0.000000e+000  0.000000e+000  0.000000e+000  0.000000e+000  0.000000e+000  0.000000e+000  0.000000e+000  0.000000e+000  0.000000e+000  0.000000e+000  0.000000e+000  0.000000e+000  0.000000e+000  0.000000e+000  0.000000e+000  
0.000000e+000  0.000000e+000  0.000000e+000  0.000000e+000  0.000000e+000  0.000000e+000  0.000000e+000  0.000000e+000  0.000000e+000  0.000000e+000  0.000000e+000  0.000000e+000  0.000000e+000  0.000000e+000  0.000000e+000  0.000000e+000  0.000000e+000  
0.000000e+000  0.000000e+000  0.000000e+000  0.000000e+000  0.000000e+000  0.000000e+000  0.000000e+000  0.000000e+000  0.000000e+000  0.000000e+000  0.000000e+000  0.000000e+000  0.000000e+000  0.000000e+000  0.000000e+000  0.000000e+000  0.000000e+000  
0.000000e+000  0.000000e+000  0.000000e+000  0.000000e+000  0.000000e+000  0.000000e+000  0.000000e+000  0.000000e+000  0.000000e+000  0.000000e+000  0.000000e+000  0.000000e+000  0.000000e+000  0.000000e+000  0.000000e+000  0.000000e+000  0.000000e+000  
0.000000e+000  0.000000e+000  0.000000e+000  0.000000e+000  0.000000e+000  0.000000e+000  0.000000e+000  0.000000e+000  0.000000e+000  0.000000e+000  0.000000e+000  0.000000e+000  0.000000e+000  0.000000e+000  0.000000e+000  0.000000e+000  0.000000e+000  
0.000000e+000  0.000000e+000  0.000000e+000  0.000000e+000  0.000000e+000  0.000000e+000  0.000000e+000  0.000000e+000  0.000000e+000  0.000000e+000  0.000000e+000  0.000000e+000  0.000000e+000  0.000000e+000  0.000000e+000  0.000000e+000  0.000000e+000  
0.000000e+000  0.000000e+000  0.000000e+000  0.000000e+000  0.000000e+000  0.000000e+000  0.000000e+000  0.000000e+000  0.000000e+000  0.000000e+000  0.000000e+000  0.000000e+000  0.000000e+000  0.000000e+000  0.000000e+000  0.000000e+000  0.000000e+000  
0.000000e+000  0.000000e+000  0.000000e+000  0.000000e+000  0.000000e+000  0.000000e+000  0.000000e+000  0.000000e+000  0.000000e+000  0.000000e+000  0.000000e+000  0.000000e+000  0.000000e+000  0.000000e+000  0.000000e+000  0.000000e+000  0.000000e+000  
0.000000e+000  0.000000e+000  0.000000e+000  0.000000e+000  0.000000e+000  0.000000e+000  0.000000e+000  0.000000e+000  0.000000e+000  0.000000e+000  0.000000e+000  0.000000e+000  0.000000e+000  0.000000e+000  0.000000e+000  0.000000e+000  0.000000e+000  
0.000000e+000  0.000000e+000  0.000000e+000  0.000000e+000  0.000000e+000  0.000000e+000  0.000000e+000  0.000000e+000  0.000000e+000  0.000000e+000  0.000000e+000  0.000000e+000  0.000000e+000  0.000000e+000  0.000000e+000  0.000000e+000  0.000000e+000  
0.000000e+000  0.000000e+000  0.000000e+000  0.000000e+000  0.000000e+000  0.000000e+000  0.000000e+000  0.000000e+000  0.000000e+000  0.000000e+000  0.000000e+000  0.000000e+000  0.000000e+000  0.000000e+000  0.000000e+000  0.000000e+000  0.000000e+000  
0.000000e+000  0.000000e+000  0.000000e+000  0.000000e+000  0.000000e+000  0.000000e+000  0.000000e+000  0.000000e+000  0.000000e+000  0.000000e+000  0.000000e+000  0.000000e+000  0.000000e+000  0.000000e+000  0.000000e+000  0.000000e+000  0.000000e+000  
0.000000e+000  0.000000e+000  0.000000e+000  0.000000e+000  0.000000e+000  0.000000e+000  0.000000e+000  0.000000e+000  0.000000e+000  0.000000e+000  0.000000e+000  0.000000e+000  0.000000e+000  0.000000e+000  0.000000e+000  0.000000e+000  0.000000e+000  
0.000000e+000  0.000000e+000  0.000000e+000  0.000000e+000  0.000000e+000  0.000000e+000  0.000000e+000  0.000000e+000  0.000000e+000  0.000000e+000  0.000000e+000  0.000000e+000  0.000000e+000  0.000000e+000  0.000000e+000  0.000000e+000  0.000000e+000  
0.000000e+000  0.000000e+000  0.000000e+000  0.000000e+000  0.000000e+000  0.000000e+000  0.000000e+000  0.000000e+000  0.000000e+000  0.000000e+000  0.000000e+000  0.000000e+000  0.000000e+000  0.000000e+000  0.000000e+000  0.000000e+000  0.000000e+000  
0.000000e+000  0.000000e+000  0.000000e+000  0.000000e+000  0.000000e+000  0.000000e+000  0.000000e+000  0.000000e+000  0.000000e+000  0.000000e+000  0.000000e+000  0.000000e+000  0.000000e+000  0.000000e+000  0.000000e+000  0.000000e+000  0.000000e+000  
0.000000e+000  0.000000e+000  0.000000e+000  0.000000e+000  0.000000e+000  0.000000e+000  0.000000e+000  0.000000e+000  0.000000e+000  0.000000e+000  0.000000e+000  0.000000e+000  0.000000e+000  0.000000e+000  0.000000e+000  0.000000e+000  0.000000e+000  
0.000000e+000  0.000000e+000  0.000000e+000  0.000000e+000  0.000000e+000  0.000000e+000  0.000000e+000  0.000000e+000  0.000000e+000  0.000000e+000  0.000000e+000  0.000000e+000  0.000000e+000  0.000000e+000  0.000000e+000  0.000000e+000  0.000000e+000  
0.000000e+000  0.000000e+000  0.000000e+000  0.000000e+000  0.000000e+000  0.000000e+000  0.000000e+000  0.000000e+000  0.000000e+000  0.000000e+000  0.000000e+000  0.000000e+000  0.000000e+000  0.000000e+000  0.000000e+000  0.000000e+000  0.000000e+000  
0.000000e+000  0.000000e+000  0.000000e+000  0.000000e+000  0.000000e+000  0.000000e+000  0.000000e+000  0.000000e+000  0.000000e+000  0.000000e+000  0.000000e+000  0.000000e+000  0.000000e+000  0.000000e+000  0.000000e+000  0.000000e+000  0.000000e+000  
0.000000e+000  0.000000e+000  0.000000e+000  0.000000e+000  0.000000e+000  0.000000e+000  0.000000e+000  0.000000e+000  0.000000e+000  0.000000e+000  0.000000e+000  0.000000e+000  0.000000e+000  0.000000e+000  0.000000e+000  0.000000e+000  0.000000e+000  
0.000000e+000  0.000000e+000  0.000000e+000  0.000000e+000  0.000000e+000  0.000000e+000  0.000000e+000  0.000000e+000  0.000000e+000  0.000000e+000  0.000000e+000  0.000000e+000  0.000000e+000  0.000000e+000  0.000000e+000  0.000000e+000  0.000000e+000  
0.000000e+000  0.000000e+000  0.000000e+000  0.000000e+000  0.000000e+000  0.000000e+000  0.000000e+000  0.000000e+000  0.000000e+000  0.000000e+000  0.000000e+000  0.000000e+000  0.000000e+000  0.000000e+000  0.000000e+000  0.000000e+000  0.000000e+000  
0.000000e+000  0.000000e+000  0.000000e+000  0.000000e+000  0.000000e+000  0.000000e+000  0.000000e+000  0.000000e+000  0.000000e+000  0.000000e+000  0.000000e+000  0.000000e+000  0.000000e+000  0.000000e+000  0.000000e+000  0.000000e+000  0.000000e+000  
0.000000e+000  0.000000e+000  0.000000e+000  0.000000e+000  0.000000e+000  0.000000e+000  0.000000e+000  0.000000e+000  0.000000e+000  0.000000e+000  0.000000e+000  0.000000e+000  0.000000e+000  0.000000e+000  0.000000e+000  0.000000e+000  0.000000e+000  
0.000000e+000  0.000000e+000  0.000000e+000  0.000000e+000  0.000000e+000  0.000000e+000  0.000000e+000  0.000000e+000  0.000000e+000  0.000000e+000  0.000000e+000  0.000000e+000  0.000000e+000  0.000000e+000  0.000000e+000  0.000000e+000  0.000000e+000  
0.000000e+000  0.000000e+000  0.000000e+000  0.000000e+000  0.000000e+000  0.000000e+000  0.000000e+000  0.000000e+000  0.000000e+000  0.000000e+000  0.000000e+000  0.000000e+000  0.000000e+000  0.000000e+000  0.000000e+000  0.000000e+000  0.000000e+000  
0.000000e+000  0.000000e+000  0.000000e+000  0.000000e+000  0.000000e+000  0.000000e+000  0.000000e+000  0.000000e+000  0.000000e+000  0.000000e+000  0.000000e+000  0.000000e+000  0.000000e+000  0.000000e+000  0.000000e+000  0.000000e+000  0.000000e+000  
0.000000e+000  0.000000e+000  0.000000e+000  0.000000e+000  0.000000e+000  0.000000e+000  0.000000e+000  0.000000e+000  0.000000e+000  0.000000e+000  0.000000e+000  0.000000e+000  0.000000e+000  0.000000e+000  0.000000e+000  0.000000e+000  0.000000e+000  
0.000000e+000  0.000000e+000  0.000000e+000  0.000000e+000  0.000000e+000  0.000000e+000  0.000000e+000  0.000000e+000  0.000000e+000  0.000000e+000  0.000000e+000  0.000000e+000  0.000000e+000  0.000000e+000  0.000000e+000  0.000000e+000  0.000000e+000  
0.000000e+000  0.000000e+000  0.000000e+000  0.000000e+000  0.000000e+000  0.000000e+000  0.000000e+000  0.000000e+000  0.000000e+000  0.000000e+000  0.000000e+000  0.000000e+000  0.000000e+000  0.000000e+000  0.000000e+000  0.000000e+000  0.000000e+000  
0.000000e+000  0.000000e+000  0.000000e+000  0.000000e+000  0.000000e+000  0.000000e+000  0.000000e+000  0.000000e+000  0.000000e+000  0.000000e+000  0.000000e+000  0.000000e+000  0.000000e+000  0.000000e+000  0.000000e+000  0.000000e+000  0.000000e+000  
0.000000e+000  0.000000e+000  0.000000e+000  0.000000e+000  0.000000e+000  0.000000e+000  0.000000e+000  0.000000e+000  0.000000e+000  0.000000e+000  0.000000e+000  0.000000e+000  0.000000e+000  0.000000e+000  0.000000e+000  0.000000e+000  0.000000e+000  
0.000000e+000  0.000000e+000  0.000000e+000  0.000000e+000  0.000000e+000  0.000000e+000  0.000000e+000  0.000000e+000  0.000000e+000  0.000000e+000  0.000000e+000  0.000000e+000  0.000000e+000  0.000000e+000  0.000000e+000  0.000000e+000  0.000000e+000  
0.000000e+000  0.000000e+000  0.000000e+000  0.000000e+000  0.000000e+000  0.000000e+000  0.000000e+000  0.000000e+000  0.000000e+000  0.000000e+000  0.000000e+000  0.000000e+000  0.000000e+000  0.000000e+000  0.000000e+000  0.000000e+000  0.000000e+000  
0.000000e+000  0.000000e+000  0.000000e+000  0.000000e+000  0.000000e+000  0.000000e+000  0.000000e+000  0.000000e+000  0.000000e+000  0.000000e+000  0.000000e+000  0.000000e+000  0.000000e+000  0.000000e+000  0.000000e+000  0.000000e+000  0.000000e+000  
0.000000e+000  0.000000e+000  0.000000e+000  0.000000e+000  0.000000e+000  0.000000e+000  0.000000e+000  0.000000e+000  0.000000e+000  0.000000e+000  0.000000e+000  0.000000e+000  0.000000e+000  0.000000e+000  0.000000e+000  0.000000e+000  0.000000e+000  
0.000000e+000  0.000000e+000  0.000000e+000  0.000000e+000  0.000000e+000  0.000000e+000  0.000000e+000  0.000000e+000  0.000000e+000  0.000000e+000  0.000000e+000  0.000000e+000  0.000000e+000  0.000000e+000  0.000000e+000  0.000000e+000  0.000000e+000  
0.000000e+000  0.000000e+000  0.000000e+000  0.000000e+000  0.000000e+000  0.000000e+000  0.000000e+000  0.000000e+000  0.000000e+000  0.000000e+000  0.000000e+000  0.000000e+000  0.000000e+000  0.000000e+000  0.000000e+000  0.000000e+000  0.000000e+000  
0.000000e+000  0.000000e+000  0.000000e+000  0.000000e+000  0.000000e+000  0.000000e+000  0.000000e+000  0.000000e+000  0.000000e+000  0.000000e+000  0.000000e+000  0.000000e+000  0.000000e+000  0.000000e+000  0.000000e+000  0.000000e+000  0.000000e+000  
0.000000e+000  0.000000e+000  0.000000e+000  0.000000e+000  0.000000e+000  0.000000e+000  0.000000e+000  0.000000e+000  0.000000e+000  0.000000e+000  0.000000e+000  0.000000e+000  0.000000e+000  0.000000e+000  0.000000e+000  0.000000e+000  0.000000e+000  
0.000000e+000  0.000000e+000  0.000000e+000  0.000000e+000  0.000000e+000  0.000000e+000  0.000000e+000  0.000000e+000  0.000000e+000  0.000000e+000  0.000000e+000  0.000000e+000  0.000000e+000  0.000000e+000  0.000000e+000  0.000000e+000  0.000000e+000  
0.000000e+000  0.000000e+000  0.000000e+000  0.000000e+000  0.000000e+000  0.000000e+000  0.000000e+000  0.000000e+000  0.000000e+000  0.000000e+000  0.000000e+000  0.000000e+000  0.000000e+000  0.000000e+000  0.000000e+000  0.000000e+000  0.000000e+000  
0.000000e+000  0.000000e+000  0.000000e+000  0.000000e+000  0.000000e+000  0.000000e+000  0.000000e+000  0.000000e+000  0.000000e+000  0.000000e+000  0.000000e+000  0.000000e+000  0.000000e+000  0.000000e+000  0.000000e+000  0.000000e+000  0.000000e+000  
0.000000e+000  0.000000e+000  0.000000e+000  0.000000e+000  0.000000e+000  0.000000e+000  0.000000e+000  0.000000e+000  0.000000e+000  0.000000e+000  0.000000e+000  0.000000e+000  0.000000e+000  0.000000e+000  0.000000e+000  0.000000e+000  0.000000e+000  
0.000000e+000  0.000000e+000  0.000000e+000  0.000000e+000  0.000000e+000  0.000000e+000  0.000000e+000  0.000000e+000  0.000000e+000  0.000000e+000  0.000000e+000  0.000000e+000  0.000000e+000  0.000000e+000  0.000000e+000  0.000000e+000  0.000000e+000  
0.000000e+000  0.000000e+000  0.000000e+000  0.000000e+000  0.000000e+000  0.000000e+000  0.000000e+000  0.000000e+000  0.000000e+000  0.000000e+000  0.000000e+000  0.000000e+000  0.000000e+000  0.000000e+000  0.000000e+000  0.000000e+000  0.000000e+000  
0.000000e+000  0.000000e+000  0.000000e+000  0.000000e+000  0.000000e+000  0.000000e+000  0.000000e+000  0.000000e+000  0.000000e+000  0.000000e+000  0.000000e+000  0.000000e+000  0.000000e+000  0.000000e+000  0.000000e+000  0.000000e+000  0.000000e+000  
0.000000e+000  0.000000e+000  0.000000e+000  0.000000e+000  0.000000e+000  0.000000e+000  0.000000e+000  0.000000e+000  0.000000e+000  0.000000e+000  0.000000e+000  0.000000e+000  0.000000e+000  0.000000e+000  0.000000e+000  0.000000e+000  0.000000e+000  
0.000000e+000  0.000000e+000  0.000000e+000  0.000000e+000  0.000000e+000  0.000000e+000  0.000000e+000  0.000000e+000  0.000000e+000  0.000000e+000  0.000000e+000  0.000000e+000  0.000000e+000  0.000000e+000  0.000000e+000  0.000000e+000  0.000000e+000  
0.000000e+000  0.000000e+000  0.000000e+000  0.000000e+000  0.000000e+000  0.000000e+000  0.000000e+000  0.000000e+000  0.000000e+000  0.000000e+000  0.000000e+000  0.000000e+000  0.000000e+000  0.000000e+000  0.000000e+000  0.000000e+000  0.000000e+000  
0.000000e+000  0.000000e+000  0.000000e+000  0.000000e+000  0.000000e+000  0.000000e+000  0.000000e+000  0.000000e+000  0.000000e+000  0.000000e+000  0.000000e+000  0.000000e+000  0.000000e+000  0.000000e+000  0.000000e+000  0.000000e+000  0.000000e+000  
0.000000e+000  0.000000e+000  0.000000e+000  0.000000e+000  0.000000e+000  0.000000e+000  0.000000e+000  0.000000e+000  0.000000e+000  0.000000e+000  0.000000e+000  0.000000e+000  0.000000e+000  0.000000e+000  0.000000e+000  0.000000e+000  0.000000e+000  
0.000000e+000  0.000000e+000  0.000000e+000  0.000000e+000  0.000000e+000  0.000000e+000  0.000000e+000  0.000000e+000  0.000000e+000  0.000000e+000  0.000000e+000  0.000000e+000  0.000000e+000  0.000000e+000  0.000000e+000  0.000000e+000  0.000000e+000  

0.000000e+000  0.000000e+000  0.000000e+000  0.000000e+000  0.000000e+000  0.000000e+000  0.000000e+000  0.000000e+000  0.000000e+000  0.000000e+000  0.000000e+000  0.000000e+000  0.000000e+000  0.000000e+000  0.000000e+000  0.000000e+000  0.000000e+000  
0.000000e+000  0.000000e+000  0.000000e+000  0.000000e+000  0.000000e+000  0.000000e+000  0.000000e+000  0.000000e+000  0.000000e+000  0.000000e+000  0.000000e+000  0.000000e+000  0.000000e+000  0.000000e+000  0.000000e+000  0.000000e+000  0.000000e+000  
0.000000e+000  0.000000e+000  0.000000e+000  0.000000e+000  0.000000e+000  0.000000e+000  0.000000e+000  0.000000e+000  0.000000e+000  0.000000e+000  0.000000e+000  0.000000e+000  0.000000e+000  0.000000e+000  0.000000e+000  0.000000e+000  0.000000e+000  
0.000000e+000  0.000000e+000  0.000000e+000  0.000000e+000  0.000000e+000  0.000000e+000  0.000000e+000  0.000000e+000  0.000000e+000  0.000000e+000  0.000000e+000  0.000000e+000  0.000000e+000  0.000000e+000  0.000000e+000  0.000000e+000  0.000000e+000  
0.000000e+000  0.000000e+000  0.000000e+000  0.000000e+000  0.000000e+000  0.000000e+000  0.000000e+000  0.000000e+000  0.000000e+000  0.000000e+000  0.000000e+000  0.000000e+000  0.000000e+000  0.000000e+000  0.000000e+000  0.000000e+000  0.000000e+000  
0.000000e+000  0.000000e+000  0.000000e+000  0.000000e+000  0.000000e+000  0.000000e+000  0.000000e+000  0.000000e+000  0.000000e+000  0.000000e+000  0.000000e+000  0.000000e+000  0.000000e+000  0.000000e+000  0.000000e+000  0.000000e+000  0.000000e+000  
0.000000e+000  0.000000e+000  0.000000e+000  0.000000e+000  0.000000e+000  0.000000e+000  0.000000e+000  0.000000e+000  0.000000e+000  0.000000e+000  0.000000e+000  0.000000e+000  0.000000e+000  0.000000e+000  0.000000e+000  0.000000e+000  0.000000e+000  
0.000000e+000  0.000000e+000  0.000000e+000  0.000000e+000  0.000000e+000  0.000000e+000  0.000000e+000  0.000000e+000  0.000000e+000  0.000000e+000  0.000000e+000  0.000000e+000  0.000000e+000  0.000000e+000  0.000000e+000  0.000000e+000  0.000000e+000  
0.000000e+000  0.000000e+000  0.000000e+000  0.000000e+000  0.000000e+000  0.000000e+000  0.000000e+000  0.000000e+000  0.000000e+000  0.000000e+000  0.000000e+000  0.000000e+000  0.000000e+000  0.000000e+000  0.000000e+000  0.000000e+000  0.000000e+000  
0.000000e+000  0.000000e+000  0.000000e+000  0.000000e+000  0.000000e+000  0.000000e+000  0.000000e+000  0.000000e+000  0.000000e+000  0.000000e+000  0.000000e+000  0.000000e+000  0.000000e+000  0.000000e+000  0.000000e+000  0.000000e+000  0.000000e+000  
0.000000e+000  0.000000e+000  0.000000e+000  0.000000e+000  0.000000e+000  0.000000e+000  0.000000e+000  0.000000e+000  0.000000e+000  0.000000e+000  0.000000e+000  0.000000e+000  0.000000e+000  0.000000e+000  0.000000e+000  0.000000e+000  0.000000e+000  
0.000000e+000  0.000000e+000  0.000000e+000  0.000000e+000  0.000000e+000  0.000000e+000  0.000000e+000  0.000000e+000  0.000000e+000  0.000000e+000  0.000000e+000  0.000000e+000  0.000000e+000  0.000000e+000  0.000000e+000  0.000000e+000  0.000000e+000  
0.000000e+000  0.000000e+000  0.000000e+000  0.000000e+000  0.000000e+000  0.000000e+000  0.000000e+000  0.000000e+000  0.000000e+000  0.000000e+000  0.000000e+000  0.000000e+000  0.000000e+000  0.000000e+000  0.000000e+000  0.000000e+000  0.000000e+000  
0.000000e+000  0.000000e+000  0.000000e+000  0.000000e+000  0.000000e+000  0.000000e+000  0.000000e+000  0.000000e+000  0.000000e+000  0.000000e+000  0.000000e+000  0.000000e+000  0.000000e+000  0.000000e+000  0.000000e+000  0.000000e+000  0.000000e+000  
0.000000e+000  0.000000e+000  0.000000e+000  0.000000e+000  0.000000e+000  0.000000e+000  0.000000e+000  0.000000e+000  0.000000e+000  0.000000e+000  0.000000e+000  0.000000e+000  0.000000e+000  0.000000e+000  0.000000e+000  0.000000e+000  0.000000e+000  
0.000000e+000  0.000000e+000  0.000000e+000  0.000000e+000  0.000000e+000  0.000000e+000  0.000000e+000  0.000000e+000  0.000000e+000  0.000000e+000  0.000000e+000  0.000000e+000  0.000000e+000  0.000000e+000  0.000000e+000  0.000000e+000  0.000000e+000  
0.000000e+000  0.000000e+000  0.000000e+000  0.000000e+000  0.000000e+000  0.000000e+000  0.000000e+000  0.000000e+000  0.000000e+000  0.000000e+000  0.000000e+000  0.000000e+000  0.000000e+000  0.000000e+000  0.000000e+000  0.000000e+000  0.000000e+000  
0.000000e+000  0.000000e+000  0.000000e+000  0.000000e+000  0.000000e+000  0.000000e+000  0.000000e+000  0.000000e+000  0.000000e+000  0.000000e+000  0.000000e+000  0.000000e+000  0.000000e+000  0.000000e+000  0.000000e+000  0.000000e+000  0.000000e+000  
0.000000e+000  0.000000e+000  0.000000e+000  0.000000e+000  0.000000e+000  0.000000e+000  0.000000e+000  0.000000e+000  0.000000e+000  0.000000e+000  0.000000e+000  0.000000e+000  0.000000e+000  0.000000e+000  0.000000e+000  0.000000e+000  0.000000e+000  
0.000000e+000  0.000000e+000  0.000000e+000  0.000000e+000  0.000000e+000  0.000000e+000  0.000000e+000  0.000000e+000  0.000000e+000  0.000000e+000  0.000000e+000  0.000000e+000  0.000000e+000  0.000000e+000  0.000000e+000  0.000000e+000  0.000000e+000  
0.000000e+000  0.000000e+000  0.000000e+000  0.000000e+000  0.000000e+000  0.000000e+000  0.000000e+000  0.000000e+000  0.000000e+000  0.000000e+000  0.000000e+000  0.000000e+000  0.000000e+000  0.000000e+000  0.000000e+000  0.000000e+000  0.000000e+000  
0.000000e+000  0.000000e+000  0.000000e+000  0.000000e+000  0.000000e+000  0.000000e+000  0.000000e+000  0.000000e+000  0.000000e+000  0.000000e+000  0.000000e+000  0.000000e+000  0.000000e+000  0.000000e+000  0.000000e+000  0.000000e+000  0.000000e+000  
0.000000e+000  0.000000e+000  0.000000e+000  0.000000e+000  0.000000e+000  0.000000e+000  0.000000e+000  0.000000e+000  0.000000e+000  0.000000e+000  0.000000e+000  0.000000e+000  0.000000e+000  0.000000e+000  0.000000e+000  0.000000e+000  0.000000e+000  
0.000000e+000  0.000000e+000  0.000000e+000  0.000000e+000  0.000000e+000  0.000000e+000  0.000000e+000  0.000000e+000  0.000000e+000  0.000000e+000  0.000000e+000  0.000000e+000  0.000000e+000  0.000000e+000  0.000000e+000  0.000000e+000  0.000000e+000  
0.000000e+000  0.000000e+000  0.000000e+000  0.000000e+000  0.000000e+000  0.000000e+000  0.000000e+000  0.000000e+000  0.000000e+000  0.000000e+000  0.000000e+000  0.000000e+000  0.000000e+000  0.000000e+000  0.000000e+000  0.000000e+000  0.000000e+000  
0.000000e+000  0.000000e+000  0.000000e+000  0.000000e+000  0.000000e+000  0.000000e+000  0.000000e+000  0.000000e+000  0.000000e+000  0.000000e+000  0.000000e+000  0.000000e+000  0.000000e+000  0.000000e+000  0.000000e+000  0.000000e+000  0.000000e+000  
0.000000e+000  0.000000e+000  0.000000e+000  0.000000e+000  0.000000e+000  0.000000e+000  0.000000e+000  0.000000e+000  0.000000e+000  0.000000e+000  0.000000e+000  0.000000e+000  0.000000e+000  0.000000e+000  0.000000e+000  0.000000e+000  0.000000e+000  
0.000000e+000  0.000000e+000  0.000000e+000  0.000000e+000  0.000000e+000  0.000000e+000  0.000000e+000  0.000000e+000  0.000000e+000  0.000000e+000  0.000000e+000  0.000000e+000  0.000000e+000  0.000000e+000  0.000000e+000  0.000000e+000  0.000000e+000  
0.000000e+000  0.000000e+000  0.000000e+000  0.000000e+000  0.000000e+000  0.000000e+000  0.000000e+000  0.000000e+000  0.000000e+000  0.000000e+000  0.000000e+000  0.000000e+000  0.000000e+000  0.000000e+000  0.000000e+000  0.000000e+000  0.000000e+000  
0.000000e+000  0.000000e+000  0.000000e+000  0.000000e+000  0.000000e+000  0.000000e+000  0.000000e+000  0.000000e+000  0.000000e+000  0.000000e+000  0.000000e+000  0.000000e+000  0.000000e+000  0.000000e+000  0.000000e+000  0.000000e+000  0.000000e+000  
0.000000e+000  0.000000e+000  0.000000e+000  0.000000e+000  0.000000e+000  0.000000e+000  0.000000e+000  0.000000e+000  0.000000e+000  0.000000e+000  0.000000e+000  0.000000e+000  0.000000e+000  0.000000e+000  0.000000e+000  0.000000e+000  0.000000e+000  
0.000000e+000  0.000000e+000  0.000000e+000  0.000000e+000  0.000000e+000  0.000000e+000  0.000000e+000  0.000000e+000  0.000000e+000  0.000000e+000  0.000000e+000  0.000000e+000  0.000000e+000  0.000000e+000  0.000000e+000  0.000000e+000  0.000000e+000  
0.000000e+000  0.000000e+000  0.000000e+000  0.000000e+000  0.000000e+000  0.000000e+000  0.000000e+000  0.000000e+000  0.000000e+000  0.000000e+000  0.000000e+000  0.000000e+000  0.000000e+000  0.000000e+000  0.000000e+000  0.000000e+000  0.000000e+000  
0.000000e+000  0.000000e+000  0.000000e+000  0.000000e+000  0.000000e+000  0.000000e+000  0.000000e+000  0.000000e+000  0.000000e+000  0.000000e+000  0.000000e+000  0.000000e+000  0.000000e+000  0.000000e+000  0.000000e+000  0.000000e+000  0.000000e+000  
0.000000e+000  0.000000e+000  0.000000e+000  0.000000e+000  0.000000e+000  0.000000e+000  0.000000e+000  0.000000e+000  0.000000e+000  0.000000e+000  0.000000e+000  0.000000e+000  0.000000e+000  0.000000e+000  0.000000e+000  0.000000e+000  0.000000e+000  
0.000000e+000  0.000000e+000  0.000000e+000  0.000000e+000  0.000000e+000  0.000000e+000  0.000000e+000  0.000000e+000  0.000000e+000  0.000000e+000  0.000000e+000  0.000000e+000  0.000000e+000  0.000000e+000  0.000000e+000  0.000000e+000  0.000000e+000  
0.000000e+000  0.000000e+000  0.000000e+000  0.000000e+000  0.000000e+000  0.000000e+000  0.000000e+000  0.000000e+000  0.000000e+000  0.000000e+000  0.000000e+000  0.000000e+000  0.000000e+000  0.000000e+000  0.000000e+000  0.000000e+000  0.000000e+000  
0.000000e+000  0.000000e+000  0.000000e+000  0.000000e+000  0.000000e+000  0.000000e+000  0.000000e+000  0.000000e+000  0.000000e+000  0.000000e+000  0.000000e+000  0.000000e+000  0.000000e+000  0.000000e+000  0.000000e+000  0.000000e+000  0.000000e+000  
0.000000e+000  0.000000e+000  0.000000e+000  0.000000e+000  0.000000e+000  0.000000e+000  0.000000e+000  0.000000e+000  0.000000e+000  0.000000e+000  0.000000e+000  0.000000e+000  0.000000e+000  0.000000e+000  0.000000e+000  0.000000e+000  0.000000e+000  
0.000000e+000  0.000000e+000  0.000000e+000  0.000000e+000  0.000000e+000  0.000000e+000  0.000000e+000  0.000000e+000  0.000000e+000  0.000000e+000  0.000000e+000  0.000000e+000  0.000000e+000  0.000000e+000  0.000000e+000  0.000000e+000  0.000000e+000  
0.000000e+000  0.000000e+000  0.000000e+000  0.000000e+000  0.000000e+000  0.000000e+000  0.000000e+000  0.000000e+000  0.000000e+000  0.000000e+000  0.000000e+000  0.000000e+000  0.000000e+000  0.000000e+000  0.000000e+000  0.000000e+000  0.000000e+000  
0.000000e+000  0.000000e+000  0.000000e+000  0.000000e+000  0.000000e+000  0.000000e+000  0.000000e+000  0.000000e+000  0.000000e+000  0.000000e+000  0.000000e+000  0.000000e+000  0.000000e+000  0.000000e+000  0.000000e+000  0.000000e+000  0.000000e+000  
0.000000e+000  0.000000e+000  0.000000e+000  0.000000e+000  0.000000e+000  0.000000e+000  0.000000e+000  0.000000e+000  0.000000e+000  0.000000e+000  0.000000e+000  0.000000e+000  0.000000e+000  0.000000e+000  0.000000e+000  0.000000e+000  0.000000e+000  
0.000000e+000  0.000000e+000  0.000000e+000  0.000000e+000  0.000000e+000  0.000000e+000  0.000000e+000  0.000000e+000  0.000000e+000  0.000000e+000  0.000000e+000  0.000000e+000  0.000000e+000  0.000000e+000  0.000000e+000  0.000000e+000  0.000000e+000  
0.000000e+000  0.000000e+000  0.000000e+000  0.000000e+000  0.000000e+000  0.000000e+000  0.000000e+000  0.000000e+000  0.000000e+000  0.000000e+000  0.000000e+000  0.000000e+000  0.000000e+000  0.000000e+000  0.000000e+000  0.000000e+000  0.000000e+000  
0.000000e+000  0.000000e+000  0.000000e+000  0.000000e+000  0.000000e+000  0.000000e+000  0.000000e+000  0.000000e+000  0.000000e+000  0.000000e+000  0.000000e+000  0.000000e+000  0.000000e+000  0.000000e+000  0.000000e+000  0.000000e+000  0.000000e+000  
0.000000e+000  0.000000e+000  0.000000e+000  0.000000e+000  0.000000e+000  0.000000e+000  0.000000e+000  0.000000e+000  0.000000e+000  0.000000e+000  0.000000e+000  0.000000e+000  0.000000e+000  0.000000e+000  0.000000e+000  0.000000e+000  0.000000e+000  
0.000000e+000  0.000000e+000  0.000000e+000  0.000000e+000  0.000000e+000  0.000000e+000  0.000000e+000  0.000000e+000  0.000000e+000  0.000000e+000  0.000000e+000  0.000000e+000  0.000000e+000  0.000000e+000  0.000000e+000  0.000000e+000  0.000000e+000  
0.000000e+000  0.000000e+000  0.000000e+000  0.000000e+000  0.000000e+000  0.000000e+000  0.000000e+000  0.000000e+000  0.000000e+000  0.000000e+000  0.000000e+000  0.000000e+000  0.000000e+000  0.000000e+000  0.000000e+000  0.000000e+000  0.000000e+000  
0.000000e+000  0.000000e+000  0.000000e+000  0.000000e+000  0.000000e+000  0.000000e+000  0.000000e+000  0.000000e+000  0.000000e+000  0.000000e+000  0.000000e+000  0.000000e+000  0.000000e+000  0.000000e+000  0.000000e+000  0.000000e+000  0.000000e+000  
0.000000e+000  0.000000e+000  0.000000e+000  0.000000e+000  0.000000e+000  0.000000e+000  0.000000e+000  0.000000e+000  0.000000e+000  0.000000e+000  0.000000e+000  0.000000e+000  0.000000e+000  0.000000e+000  0.000000e+000  0.000000e+000  0.000000e+000  
0.000000e+000  0.000000e+000  0.000000e+000  0.000000e+000  0.000000e+000  0.000000e+000  0.000000e+000  0.000000e+000  0.000000e+000  0.000000e+000  0.000000e+000  0.000000e+000  0.000000e+000  0.000000e+000  0.000000e+000  0.000000e+000  0.000000e+000  
0.000000e+000  0.000000e+000  0.000000e+000  0.000000e+000  0.000000e+000  0.000000e+000  0.000000e+000  0.000000e+000  0.000000e+000  0.000000e+000  0.000000e+000  0.000000e+000  0.000000e+000  0.000000e+000  0.000000e+000  0.000000e+000  0.000000e+000  
0.000000e+000  0.000000e+000  0.000000e+000  0.000000e+000  0.000000e+000  0.000000e+000  0.000000e+000  0.000000e+000  0.000000e+000  0.000000e+000  0.000000e+000  0.000000e+000  0.000000e+000  0.000000e+000  0.000000e+000  0.000000e+000  0.000000e+000  
0.000000e+000  0.000000e+000  0.000000e+000  0.000000e+000  0.000000e+000  0.000000e+000  0.000000e+000  0.000000e+000  0.000000e+000  0.000000e+000  0.000000e+000  0.000000e+000  0.000000e+000  0.000000e+000  0.000000e+000  0.000000e+000  0.000000e+000  
0.000000e+000  0.000000e+000  0.000000e+000  0.000000e+000  0.000000e+000  0.000000e+000  0.000000e+000  0.000000e+000  0.000000e+000  0.000000e+000  0.000000e+000  0.000000e+000  0.000000e+000  0.000000e+000  0.000000e+000  0.000000e+000  0.000000e+000  
0.000000e+000  0.000000e+000  0.000000e+000  0.000000e+000  0.000000e+000  0.000000e+000  0.000000e+000  0.000000e+000  0.000000e+000  0.000000e+000  0.000000e+000  0.000000e+000  0.000000e+000  0.000000e+000  0.000000e+000  0.000000e+000  0.000000e+000  
0.000000e+000  0.000000e+000  0.000000e+000  0.000000e+000  0.000000e+000  0.000000e+000  0.000000e+000  0.000000e+000  0.000000e+000  0.000000e+000  0.000000e+000  0.000000e+000  0.000000e+000  0.000000e+000  0.000000e+000  0.000000e+000  0.000000e+000  
0.000000e+000  0.000000e+000  0.000000e+000  0.000000e+000  0.000000e+000  0.000000e+000  0.000000e+000  0.000000e+000  0.000000e+000  0.000000e+000  0.000000e+000  0.000000e+000  0.000000e+000  0.000000e+000  0.000000e+000  0.000000e+000  0.000000e+000  

0.000000e+000  0.000000e+000  0.000000e+000  0.000000e+000  0.000000e+000  0.000000e+000  0.000000e+000  0.000000e+000  0.000000e+000  0.000000e+000  0.000000e+000  0.000000e+000  0.000000e+000  0.000000e+000  0.000000e+000  0.000000e+000  0.000000e+000  
0.000000e+000  0.000000e+000  0.000000e+000  0.000000e+000  0.000000e+000  0.000000e+000  0.000000e+000  0.000000e+000  0.000000e+000  0.000000e+000  0.000000e+000  0.000000e+000  0.000000e+000  0.000000e+000  0.000000e+000  0.000000e+000  0.000000e+000  
0.000000e+000  0.000000e+000  0.000000e+000  0.000000e+000  0.000000e+000  0.000000e+000  0.000000e+000  0.000000e+000  0.000000e+000  0.000000e+000  0.000000e+000  0.000000e+000  0.000000e+000  0.000000e+000  0.000000e+000  0.000000e+000  0.000000e+000  
0.000000e+000  0.000000e+000  0.000000e+000  0.000000e+000  0.000000e+000  0.000000e+000  0.000000e+000  0.000000e+000  0.000000e+000  0.000000e+000  0.000000e+000  0.000000e+000  0.000000e+000  0.000000e+000  0.000000e+000  0.000000e+000  0.000000e+000  
0.000000e+000  0.000000e+000  0.000000e+000  0.000000e+000  0.000000e+000  0.000000e+000  0.000000e+000  0.000000e+000  0.000000e+000  0.000000e+000  0.000000e+000  0.000000e+000  0.000000e+000  0.000000e+000  0.000000e+000  0.000000e+000  0.000000e+000  
0.000000e+000  0.000000e+000  0.000000e+000  0.000000e+000  0.000000e+000  0.000000e+000  0.000000e+000  0.000000e+000  0.000000e+000  0.000000e+000  0.000000e+000  0.000000e+000  0.000000e+000  0.000000e+000  0.000000e+000  0.000000e+000  0.000000e+000  
0.000000e+000  0.000000e+000  0.000000e+000  0.000000e+000  0.000000e+000  0.000000e+000  0.000000e+000  0.000000e+000  0.000000e+000  0.000000e+000  0.000000e+000  0.000000e+000  0.000000e+000  0.000000e+000  0.000000e+000  0.000000e+000  0.000000e+000  
0.000000e+000  0.000000e+000  0.000000e+000  0.000000e+000  0.000000e+000  0.000000e+000  0.000000e+000  0.000000e+000  0.000000e+000  0.000000e+000  0.000000e+000  0.000000e+000  0.000000e+000  0.000000e+000  0.000000e+000  0.000000e+000  0.000000e+000  
0.000000e+000  0.000000e+000  0.000000e+000  0.000000e+000  0.000000e+000  0.000000e+000  0.000000e+000  0.000000e+000  0.000000e+000  0.000000e+000  0.000000e+000  0.000000e+000  0.000000e+000  0.000000e+000  0.000000e+000  0.000000e+000  0.000000e+000  
0.000000e+000  0.000000e+000  0.000000e+000  0.000000e+000  0.000000e+000  0.000000e+000  0.000000e+000  0.000000e+000  0.000000e+000  0.000000e+000  0.000000e+000  0.000000e+000  0.000000e+000  0.000000e+000  0.000000e+000  0.000000e+000  0.000000e+000  
0.000000e+000  0.000000e+000  0.000000e+000  0.000000e+000  0.000000e+000  0.000000e+000  0.000000e+000  0.000000e+000  0.000000e+000  0.000000e+000  0.000000e+000  0.000000e+000  0.000000e+000  0.000000e+000  0.000000e+000  0.000000e+000  0.000000e+000  
0.000000e+000  0.000000e+000  0.000000e+000  0.000000e+000  0.000000e+000  0.000000e+000  0.000000e+000  0.000000e+000  0.000000e+000  0.000000e+000  0.000000e+000  0.000000e+000  0.000000e+000  0.000000e+000  0.000000e+000  0.000000e+000  0.000000e+000  
0.000000e+000  0.000000e+000  0.000000e+000  0.000000e+000  0.000000e+000  0.000000e+000  0.000000e+000  0.000000e+000  0.000000e+000  0.000000e+000  0.000000e+000  0.000000e+000  0.000000e+000  0.000000e+000  0.000000e+000  0.000000e+000  0.000000e+000  
0.000000e+000  0.000000e+000  0.000000e+000  0.000000e+000  0.000000e+000  0.000000e+000  0.000000e+000  0.000000e+000  0.000000e+000  0.000000e+000  0.000000e+000  0.000000e+000  0.000000e+000  0.000000e+000  0.000000e+000  0.000000e+000  0.000000e+000  
0.000000e+000  0.000000e+000  0.000000e+000  0.000000e+000  0.000000e+000  0.000000e+000  0.000000e+000  0.000000e+000  0.000000e+000  0.000000e+000  0.000000e+000  0.000000e+000  0.000000e+000  0.000000e+000  0.000000e+000  0.000000e+000  0.000000e+000  
0.000000e+000  0.000000e+000  0.000000e+000  0.000000e+000  0.000000e+000  0.000000e+000  0.000000e+000  0.000000e+000  0.000000e+000  0.000000e+000  0.000000e+000  0.000000e+000  0.000000e+000  0.000000e+000  0.000000e+000  0.000000e+000  0.000000e+000  
0.000000e+000  0.000000e+000  0.000000e+000  0.000000e+000  0.000000e+000  0.000000e+000  0.000000e+000  0.000000e+000  0.000000e+000  0.000000e+000  0.000000e+000  0.000000e+000  0.000000e+000  0.000000e+000  0.000000e+000  0.000000e+000  0.000000e+000  
0.000000e+000  0.000000e+000  0.000000e+000  0.000000e+000  0.000000e+000  0.000000e+000  0.000000e+000  0.000000e+000  0.000000e+000  0.000000e+000  0.000000e+000  0.000000e+000  0.000000e+000  0.000000e+000  0.000000e+000  0.000000e+000  0.000000e+000  
0.000000e+000  0.000000e+000  0.000000e+000  0.000000e+000  0.000000e+000  0.000000e+000  0.000000e+000  0.000000e+000  0.000000e+000  0.000000e+000  0.000000e+000  0.000000e+000  0.000000e+000  0.000000e+000  0.000000e+000  0.000000e+000  0.000000e+000  
0.000000e+000  0.000000e+000  0.000000e+000  0.000000e+000  0.000000e+000  0.000000e+000  0.000000e+000  0.000000e+000  0.000000e+000  0.000000e+000  0.000000e+000  0.000000e+000  0.000000e+000  0.000000e+000  0.000000e+000  0.000000e+000  0.000000e+000  
0.000000e+000  0.000000e+000  0.000000e+000  0.000000e+000  0.000000e+000  0.000000e+000  0.000000e+000  0.000000e+000  0.000000e+000  0.000000e+000  0.000000e+000  0.000000e+000  0.000000e+000  0.000000e+000  0.000000e+000  0.000000e+000  0.000000e+000  
0.000000e+000  0.000000e+000  0.000000e+000  0.000000e+000  0.000000e+000  0.000000e+000  0.000000e+000  0.000000e+000  0.000000e+000  0.000000e+000  0.000000e+000  0.000000e+000  0.000000e+000  0.000000e+000  0.000000e+000  0.000000e+000  0.000000e+000  
0.000000e+000  0.000000e+000  0.000000e+000  0.000000e+000  0.000000e+000  0.000000e+000  0.000000e+000  0.000000e+000  0.000000e+000  0.000000e+000  0.000000e+000  0.000000e+000  0.000000e+000  0.000000e+000  0.000000e+000  0.000000e+000  0.000000e+000  
0.000000e+000  0.000000e+000  0.000000e+000  0.000000e+000  0.000000e+000  0.000000e+000  0.000000e+000  0.000000e+000  0.000000e+000  0.000000e+000  0.000000e+000  0.000000e+000  0.000000e+000  0.000000e+000  0.000000e+000  0.000000e+000  0.000000e+000  
0.000000e+000  0.000000e+000  0.000000e+000  0.000000e+000  0.000000e+000  0.000000e+000  0.000000e+000  0.000000e+000  0.000000e+000  0.000000e+000  0.000000e+000  0.000000e+000  0.000000e+000  0.000000e+000  0.000000e+000  0.000000e+000  0.000000e+000  
0.000000e+000  0.000000e+000  0.000000e+000  0.000000e+000  0.000000e+000  0.000000e+000  0.000000e+000  0.000000e+000  0.000000e+000  0.000000e+000  0.000000e+000  0.000000e+000  0.000000e+000  0.000000e+000  0.000000e+000  0.000000e+000  0.000000e+000  
0.000000e+000  0.000000e+000  0.000000e+000  0.000000e+000  0.000000e+000  0.000000e+000  0.000000e+000  0.000000e+000  0.000000e+000  0.000000e+000  0.000000e+000  0.000000e+000  0.000000e+000  0.000000e+000  0.000000e+000  0.000000e+000  0.000000e+000  
0.000000e+000  0.000000e+000  0.000000e+000  0.000000e+000  0.000000e+000  0.000000e+000  0.000000e+000  0.000000e+000  0.000000e+000  0.000000e+000  0.000000e+000  0.000000e+000  0.000000e+000  0.000000e+000  0.000000e+000  0.000000e+000  0.000000e+000  
0.000000e+000  0.000000e+000  0.000000e+000  0.000000e+000  0.000000e+000  0.000000e+000  0.000000e+000  0.000000e+000  0.000000e+000  0.000000e+000  0.000000e+000  0.000000e+000  0.000000e+000  0.000000e+000  0.000000e+000  0.000000e+000  0.000000e+000  
0.000000e+000  0.000000e+000  0.000000e+000  0.000000e+000  0.000000e+000  0.000000e+000  0.000000e+000  0.000000e+000  0.000000e+000  0.000000e+000  0.000000e+000  0.000000e+000  0.000000e+000  0.000000e+000  0.000000e+000  0.000000e+000  0.000000e+000  
0.000000e+000  0.000000e+000  0.000000e+000  0.000000e+000  0.000000e+000  0.000000e+000  0.000000e+000  0.000000e+000  0.000000e+000  0.000000e+000  0.000000e+000  0.000000e+000  0.000000e+000  0.000000e+000  0.000000e+000  0.000000e+000  0.000000e+000  
0.000000e+000  0.000000e+000  0.000000e+000  0.000000e+000  0.000000e+000  0.000000e+000  0.000000e+000  0.000000e+000  0.000000e+000  0.000000e+000  0.000000e+000  0.000000e+000  0.000000e+000  0.000000e+000  0.000000e+000  0.000000e+000  0.000000e+000  
0.000000e+000  0.000000e+000  0.000000e+000  0.000000e+000  0.000000e+000  0.000000e+000  0.000000e+000  0.000000e+000  0.000000e+000  0.000000e+000  0.000000e+000  0.000000e+000  0.000000e+000  0.000000e+000  0.000000e+000  0.000000e+000  0.000000e+000  
0.000000e+000  0.000000e+000  0.000000e+000  0.000000e+000  0.000000e+000  0.000000e+000  0.000000e+000  0.000000e+000  0.000000e+000  0.000000e+000  0.000000e+000  0.000000e+000  0.000000e+000  0.000000e+000  0.000000e+000  0.000000e+000  0.000000e+000  
0.000000e+000  0.000000e+000  0.000000e+000  0.000000e+000  0.000000e+000  0.000000e+000  0.000000e+000  0.000000e+000  0.000000e+000  0.000000e+000  0.000000e+000  0.000000e+000  0.000000e+000  0.000000e+000  0.000000e+000  0.000000e+000  0.000000e+000  
0.000000e+000  0.000000e+000  0.000000e+000  0.000000e+000  0.000000e+000  0.000000e+000  0.000000e+000  0.000000e+000  0.000000e+000  0.000000e+000  0.000000e+000  0.000000e+000  0.000000e+000  0.000000e+000  0.000000e+000  0.000000e+000  0.000000e+000  
0.000000e+000  0.000000e+000  0.000000e+000  0.000000e+000  0.000000e+000  0.000000e+000  0.000000e+000  0.000000e+000  0.000000e+000  0.000000e+000  0.000000e+000  0.000000e+000  0.000000e+000  0.000000e+000  0.000000e+000  0.000000e+000  0.000000e+000  
0.000000e+000  0.000000e+000  0.000000e+000  0.000000e+000  0.000000e+000  0.000000e+000  0.000000e+000  0.000000e+000  0.000000e+000  0.000000e+000  0.000000e+000  0.000000e+000  0.000000e+000  0.000000e+000  0.000000e+000  0.000000e+000  0.000000e+000  
0.000000e+000  0.000000e+000  0.000000e+000  0.000000e+000  0.000000e+000  0.000000e+000  0.000000e+000  0.000000e+000  0.000000e+000  0.000000e+000  0.000000e+000  0.000000e+000  0.000000e+000  0.000000e+000  0.000000e+000  0.000000e+000  0.000000e+000  
0.000000e+000  0.000000e+000  0.000000e+000  0.000000e+000  0.000000e+000  0.000000e+000  0.000000e+000  0.000000e+000  0.000000e+000  0.000000e+000  0.000000e+000  0.000000e+000  0.000000e+000  0.000000e+000  0.000000e+000  0.000000e+000  0.000000e+000  
0.000000e+000  0.000000e+000  0.000000e+000  0.000000e+000  0.000000e+000  0.000000e+000  0.000000e+000  0.000000e+000  0.000000e+000  0.000000e+000  0.000000e+000  0.000000e+000  0.000000e+000  0.000000e+000  0.000000e+000  0.000000e+000  0.000000e+000  
0.000000e+000  0.000000e+000  0.000000e+000  0.000000e+000  0.000000e+000  0.000000e+000  0.000000e+000  0.000000e+000  0.000000e+000  0.000000e+000  0.000000e+000  0.000000e+000  0.000000e+000  0.000000e+000  0.000000e+000  0.000000e+000  0.000000e+000  
0.000000e+000  0.000000e+000  0.000000e+000  0.000000e+000  0.000000e+000  0.000000e+000  0.000000e+000  0.000000e+000  0.000000e+000  0.000000e+000  0.000000e+000  0.000000e+000  0.000000e+000  0.000000e+000  0.000000e+000  0.000000e+000  0.000000e+000  
0.000000e+000  0.000000e+000  0.000000e+000  0.000000e+000  0.000000e+000  0.000000e+000  0.000000e+000  0.000000e+000  0.000000e+000  0.000000e+000  0.000000e+000  0.000000e+000  0.000000e+000  0.000000e+000  0.000000e+000  0.000000e+000  0.000000e+000  
0.000000e+000  0.000000e+000  0.000000e+000  0.000000e+000  0.000000e+000  0.000000e+000  0.000000e+000  0.000000e+000  0.000000e+000  0.000000e+000  0.000000e+000  0.000000e+000  0.000000e+000  0.000000e+000  0.000000e+000  0.000000e+000  0.000000e+000  
0.000000e+000  0.000000e+000  0.000000e+000  0.000000e+000  0.000000e+000  0.000000e+000  0.000000e+000  0.000000e+000  0.000000e+000  0.000000e+000  0.000000e+000  0.000000e+000  0.000000e+000  0.000000e+000  0.000000e+000  0.000000e+000  0.000000e+000  
0.000000e+000  0.000000e+000  0.000000e+000  0.000000e+000  0.000000e+000  0.000000e+000  0.000000e+000  0.000000e+000  0.000000e+000  0.000000e+000  0.000000e+000  0.000000e+000  0.000000e+000  0.000000e+000  0.000000e+000  0.000000e+000  0.000000e+000  
0.000000e+000  0.000000e+000  0.000000e+000  0.000000e+000  0.000000e+000  0.000000e+000  0.000000e+000  0.000000e+000  0.000000e+000  0.000000e+000  0.000000e+000  0.000000e+000  0.000000e+000  0.000000e+000  0.000000e+000  0.000000e+000  0.000000e+000  
0.000000e+000  0.000000e+000  0.000000e+000  0.000000e+000  0.000000e+000  0.000000e+000  0.000000e+000  0.000000e+000  0.000000e+000  0.000000e+000  0.000000e+000  0.000000e+000  0.000000e+000  0.000000e+000  0.000000e+000  0.000000e+000  0.000000e+000  
0.000000e+000  0.000000e+000  0.000000e+000  0.000000e+000  0.000000e+000  0.000000e+000  0.000000e+000  0.000000e+000  0.000000e+000  0.000000e+000  0.000000e+000  0.000000e+000  0.000000e+000  0.000000e+000  0.000000e+000  0.000000e+000  0.000000e+000  
0.000000e+000  0.000000e+000  0.000000e+000  0.000000e+000  0.000000e+000  0.000000e+000  0.000000e+000  0.000000e+000  0.000000e+000  0.000000e+000  0.000000e+000  0.000000e+000  0.000000e+000  0.000000e+000  0.000000e+000  0.000000e+000  0.000000e+000  
0.000000e+000  0.000000e+000  0.000000e+000  0.000000e+000  0.000000e+000  0.000000e+000  0.000000e+000  0.000000e+000  0.000000e+000  0.000000e+000  0.000000e+000  0.000000e+000  0.000000e+000  0.000000e+000  0.000000e+000  0.000000e+000  0.000000e+000  
0.000000e+000  0.000000e+000  0.000000e+000  0.000000e+000  0.000000e+000  0.000000e+000  0.000000e+000  0.000000e+000  0.000000e+000  0.000000e+000  0.000000e+000  0.000000e+000  0.000000e+000  0.000000e+000  0.000000e+000  0.000000e+000  0.000000e+000  
0.000000e+000  0.000000e+000  0.000000e+000  0.000000e+000  0.000000e+000  0.000000e+000  0.000000e+000  0.000000e+000  0.000000e+000  0.000000e+000  0.000000e+000  0.000000e+000  0.000000e+000  0.000000e+000  0.000000e+000  0.000000e+000  0.000000e+000  
0.000000e+000  0.000000e+000  0.000000e+000  0.000000e+000  0.000000e+000  0.000000e+000  0.000000e+000  0.000000e+000  0.000000e+000  0.000000e+000  0.000000e+000  0.000000e+000  0.000000e+000  0.000000e+000  0.000000e+000  0.000000e+000  0.000000e+000  
0.000000e+000  0.000000e+000  0.000000e+000  0.000000e+000  0.000000e+000  0.000000e+000  0.000000e+000  0.000000e+000  0.000000e+000  0.000000e+000  0.000000e+000  0.000000e+000  0.000000e+000  0.000000e+000  0.000000e+000  0.000000e+000  0.000000e+000  
0.000000e+000  0.000000e+000  0.000000e+000  0.000000e+000  0.000000e+000  0.000000e+000  0.000000e+000  0.000000e+000  0.000000e+000  0.000000e+000  0.000000e+000  0.000000e+000  0.000000e+000  0.000000e+000  0.000000e+000  0.000000e+000  0.000000e+000  
0.000000e+000  0.000000e+000  0.000000e+000  0.000000e+000  0.000000e+000  0.000000e+000  0.000000e+000  0.000000e+000  0.000000e+000  0.000000e+000  0.000000e+000  0.000000e+000  0.000000e+000  0.000000e+000  0.000000e+000  0.000000e+000  0.000000e+000  
0.000000e+000  0.000000e+000  0.000000e+000  0.000000e+000  0.000000e+000  0.000000e+000  0.000000e+000  0.000000e+000  0.000000e+000  0.000000e+000  0.000000e+000  0.000000e+000  0.000000e+000  0.000000e+000  0.000000e+000  0.000000e+000  0.000000e+000  

0.000000e+000  0.000000e+000  0.000000e+000  0.000000e+000  0.000000e+000  0.000000e+000  0.000000e+000  0.000000e+000  0.000000e+000  0.000000e+000  0.000000e+000  0.000000e+000  0.000000e+000  0.000000e+000  0.000000e+000  0.000000e+000  0.000000e+000  
0.000000e+000  -9.792624e-008  -1.839321e-007  -5.831303e-008  0.000000e+000  0.000000e+000  0.000000e+000  0.000000e+000  0.000000e+000  -1.987436e-005  -3.917224e-005  -5.767702e-005  -1.203465e-004  -1.413884e-004  -1.153907e-004  -6.308197e-005  0.000000e+000  
0.000000e+000  -3.569183e-007  -4.808022e-007  -3.465838e-007  0.000000e+000  0.000000e+000  0.000000e+000  0.000000e+000  0.000000e+000  -4.777281e-005  -9.450884e-005  -1.387407e-004  -2.894967e-004  -3.392543e-004  -2.765651e-004  -1.510173e-004  0.000000e+000  
0.000000e+000  -7.981634e-007  -1.122138e-006  -8.343042e-007  0.000000e+000  0.000000e+000  0.000000e+000  0.000000e+000  0.000000e+000  -7.696819e-005  -1.518761e-004  -2.231645e-004  -4.640041e-004  -5.415439e-004  -4.401577e-004  -2.400631e-004  0.000000e+000  
0.000000e+000  -1.658104e-006  -2.418688e-006  -1.681176e-006  0.000000e+000  0.000000e+000  0.000000e+000  0.000000e+000  0.000000e+000  -1.079401e-004  -2.131237e-004  -3.127036e-004  -6.472957e-004  -7.508296e-004  -6.078114e-004  -3.308243e-004  0.000000e+000  
0.000000e+000  -3.643429e-006  -5.115010e-006  -3.605927e-006  0.000000e+000  0.000000e+000  0.000000e+000  0.000000e+000  0.000000e+000  -1.416285e-004  -2.794758e-004  -4.098130e-004  -8.428947e-004  -9.698877e-004  -7.809122e-004  -4.237474e-004  0.000000e+000  
0.000000e+000  -8.006047e-006  -1.126270e-005  -7.975345e-006  0.000000e+000  0.000000e+000  0.000000e+000  0.000000e+000  0.000000e+000  -1.816325e-004  -3.580145e-004  -5.242872e-004  -1.068792e-003  -1.216402e-003  -9.725354e-004  -5.256798e-004  0.000000e+000  
0.000000e+000  -1.756745e-005  -2.487162e-005  -1.763078e-005  0.000000e+000  0.000000e+000  0.000000e+000  0.000000e+000  0.000000e+000  -2.272689e-004  -4.475074e-004  -6.542604e-004  -1.318322e-003  -1.480434e-003  -1.173502e-003  -6.313115e-004  0.000000e+000  
0.000000e+000  -3.886102e-005  -5.499546e-005  -3.891275e-005  0.000000e+000  0.000000e+000  0.000000e+000  0.000000e+000  0.000000e+000  -2.804931e-004  -5.516371e-004  -8.048163e-004  -1.597473e-003  -1.765372e-003  -1.385343e-003  -7.412736e-004  0.000000e+000  
0.000000e+000  -5.754597e-004  -8.158723e-004  -5.784372e-004  0.000000e+000  0.000000e+000  0.000000e+000  0.000000e+000  0.000000e+000  -7.289667e-004  -1.421481e-003  -2.045976e-003  -3.676510e-003  -3.674235e-003  -2.706710e-003  -1.400206e-003  0.000000e+000  
0.000000e+000  -1.164314e-002  -1.659632e-002  -1.183644e-002  0.000000e+000  0.000000e+000  0.000000e+000  0.000000e+000  0.000000e+000  -2.260723e-003  -4.315604e-003  -6.012093e-003  -8.299081e-003  -6.796779e-003  -4.490485e-003  -2.203543e-003  0.000000e+000  
0.000000e+000  -3.745195e-002  -5.401389e-002  -3.905273e-002  0.000000e+000  0.000000e+000  0.000000e+000  0.000000e+000  0.000000e+000  -3.236073e-003  -6.058244e-003  -8.239511e-003  -9.800143e-003  -7.512978e-003  -4.838765e-003  -2.351128e-003  0.000000e+000  
0.000000e+000  -8.685923e-002  -1.270435e-001  -9.348735e-002  0.000000e+000  0.000000e+000  0.000000e+000  0.000000e+000  0.000000e+000  -4.649330e-003  -8.479864e-003  -1.120474e-002  -1.149786e-002  -8.252241e-003  -5.183758e-003  -2.495167e-003  0.000000e+000  
0.000000e+000  -1.889907e-001  -2.833779e-001  -2.156343e-001  0.000000e+000  0.000000e+000  0.000000e+000  0.000000e+000  0.000000e+000  -6.927131e-003  -1.207134e-002  -1.525036e-002  -1.336891e-002  -8.991701e-003  -5.517680e-003  -2.633566e-003  0.000000e+000  
0.000000e+000  -2.550575e-001  -3.895784e-001  -3.048207e-001  0.000000e+000  0.000000e+000  0.000000e+000  0.000000e+000  0.000000e+000  -8.270674e-003  -1.395916e-002  -1.715465e-002  -1.410106e-002  -9.262410e-003  -5.638160e-003  -2.683338e-003  0.000000e+000  
0.000000e+000  -5.253877e-001  -8.440989e-001  -7.146304e-001  0.000000e+000  0.000000e+000  0.000000e+000  0.000000e+000  0.000000e+000  -1.373449e-002  -2.081428e-002  -2.333314e-002  -1.609824e-002  -9.954932e-003  -5.943988e-003  -2.810562e-003  0.000000e+000  
0.000000e+000  -1.030469e+000  -1.807904e+000  -1.789678e+000  0.000000e+000  0.000000e+000  0.000000e+000  0.000000e+000  0.000000e+000  -2.624621e-002  -3.251074e-002  -3.125069e-002  -1.799737e-002  -1.056726e-002  -6.218437e-003  -2.926697e-003  0.000000e+000  
0.000000e+000  -1.822658e+000  -3.675611e+000  -4.878878e+000  0.000000e+000  0.000000e+000  0.000000e+000  0.000000e+000  0.000000e+000  -5.990604e-002  -5.219287e-002  -3.996129e-002  -1.953239e-002  -1.106010e-002  -6.454210e-003  -3.030172e-003  0.000000e+000  
0.000000e+000  -2.393267e+000  -5.559649e+000  -1.115161e+001  -2.400085e+001  -8.095564e+000  -2.600079e+000  -8.256315e-001  -2.892649e-001  -1.254410e-001  -7.012292e-002  -4.455815e-002  -2.022307e-002  -1.132993e-002  -6.602578e-003  -3.098765e-003  0.000000e+000  
0.000000e+000  -2.468054e+000  -5.888920e+000  -1.277490e+001  -3.339525e+001  -9.533051e+000  -2.820041e+000  -8.593193e-001  -2.946181e-001  -1.265271e-001  -7.039909e-002  -4.466565e-002  -2.040951e-002  -1.150746e-002  -6.725285e-003  -3.159500e-003  0.000000e+000  
0.000000e+000  -1.931978e+000  -3.997986e+000  -5.602697e+000  0.000000e+000  0.000000e+000  0.000000e+000  0.000000e+000  0.000000e+000  -6.110923e-002  -5.263990e-002  -4.024123e-002  -2.009395e-002  -1.159372e-002  -6.822974e-003  -3.212105e-003  0.000000e+000  
0.000000e+000  -1.242260e+000  -2.256959e+000  -2.375337e+000  0.000000e+000  0.000000e+000  0.000000e+000  0.000000e+000  0.000000e+000  -3.025545e-002  -3.583055e-002  -3.338454e-002  -1.929967e-002  -1.159362e-002  -6.902668e-003  -3.261239e-003  0.000000e+000  
0.000000e+000  -7.281179e-001  -1.208866e+000  -1.077871e+000  0.000000e+000  0.000000e+000  0.000000e+000  0.000000e+000  0.000000e+000  -1.717560e-002  -2.481332e-002  -2.679529e-002  -1.823610e-002  -1.151481e-002  -6.956876e-003  -3.301406e-003  0.000000e+000  
0.000000e+000  -4.051590e-001  -6.338796e-001  -5.131037e-001  0.000000e+000  0.000000e+000  0.000000e+000  0.000000e+000  0.000000e+000  -1.096732e-002  -1.788053e-002  -2.132889e-002  -1.707630e-002  -1.138149e-002  -6.989542e-003  -3.333631e-003  0.000000e+000  
0.000000e+000  -2.186231e-001  -3.292126e-001  -2.518875e-001  0.000000e+000  0.000000e+000  0.000000e+000  0.000000e+000  0.000000e+000  -7.682888e-003  -1.345102e-002  -1.710476e-002  -1.594671e-002  -1.121810e-002  -7.005754e-003  -3.358673e-003  0.000000e+000  
0.000000e+000  -1.156347e-001  -1.698951e-001  -1.257212e-001  0.000000e+000  0.000000e+000  0.000000e+000  0.000000e+000  0.000000e+000  -5.780470e-003  -1.055102e-002  -1.397414e-002  -1.493103e-002  -1.104719e-002  -7.010148e-003  -3.377664e-003  0.000000e+000  
0.000000e+000  -5.622117e-002  -8.127348e-002  -5.892529e-002  0.000000e+000  0.000000e+000  0.000000e+000  0.000000e+000  0.000000e+000  -4.505038e-003  -8.440372e-003  -1.149860e-002  -1.397732e-002  -1.086653e-002  -7.006440e-003  -3.392923e-003  0.000000e+000  
0.000000e+000  -2.793858e-002  -3.999778e-002  -2.866677e-002  0.000000e+000  0.000000e+000  0.000000e+000  0.000000e+000  0.000000e+000  -3.762455e-003  -7.151371e-003  -9.910806e-003  -1.327822e-002  -1.072232e-002  -6.999333e-003  -3.402850e-003  0.000000e+000  
0.000000e+000  -1.551681e-002  -2.208547e-002  -1.572483e-002  0.000000e+000  0.000000e+000  0.000000e+000  0.000000e+000  0.000000e+000  -3.369993e-003  -6.452916e-003  -9.027946e-003  -1.285346e-002  -1.062979e-002  -6.993199e-003  -3.408352e-003  0.000000e+000  
0.000000e+000  -1.203226e-002  -1.708778e-002  -1.213638e-002  0.000000e+000  0.000000e+000  0.000000e+000  0.000000e+000  0.000000e+000  -3.246875e-003  -6.231570e-003  -8.745068e-003  -1.271114e-002  -1.059793e-002  -6.990887e-003  -3.410131e-003  0.000000e+000  
0.000000e+000  -1.551673e-002  -2.208553e-002  -1.572482e-002  0.000000e+000  0.000000e+000  0.000000e+000  0.000000e+000  0.000000e+000  -3.370003e-003  -6.452934e-003  -9.027972e-003  -1.285348e-002  -1.062981e-002  -6.993241e-003  -3.408321e-003  0.000000e+000  
0.000000e+000  -2.793858e-002  -3.999787e-002  -2.866672e-002  0.000000e+000  0.000000e+000  0.000000e+000  0.000000e+000  0.000000e+000  -3.762462e-003  -7.151401e-003  -9.910819e-003  -1.327827e-002  -1.072230e-002  -6.999349e-003  -3.402828e-003  0.000000e+000  
0.000000e+000  -5.622116e-002  -8.127349e-002  -5.892533e-002  0.000000e+000  0.000000e+000  0.000000e+000  0.000000e+000  0.000000e+000  -4.505068e-003  -8.440363e-003  -1.149857e-002  -1.397732e-002  -1.086652e-002  -7.006460e-003  -3.392885e-003  0.000000e+000  
0.000000e+000  -1.156347e-001  -1.698952e-001  -1.257211e-001  0.000000e+000  0.000000e+000  0.000000e+000  0.000000e+000  0.000000e+000  -5.780454e-003  -1.055103e-002  -1.397418e-002  -1.493105e-002  -1.104714e-002  -7.010122e-003  -3.377648e-003  0.000000e+000  
0.000000e+000  -2.186232e-001  -3.292125e-001  -2.518875e-001  0.000000e+000  0.000000e+000  0.000000e+000  0.000000e+000  0.000000e+000  -7.682922e-003  -1.345104e-002  -1.710471e-002  -1.594670e-002  -1.121815e-002  -7.005724e-003  -3.358688e-003  0.000000e+000  
0.000000e+000  -4.051591e-001  -6.338796e-001  -5.131036e-001  0.000000e+000  0.000000e+000  0.000000e+000  0.000000e+000  0.000000e+000  -1.096743e-002  -1.788047e-002  -2.132894e-002  -1.707636e-002  -1.138153e-002  -6.989603e-003  -3.333612e-003  0.000000e+000  
0.000000e+000  -7.281177e-001  -1.208867e+000  -1.077871e+000  0.000000e+000  0.000000e+000  0.000000e+000  0.000000e+000  0.000000e+000  -1.717547e-002  -2.481349e-002  -2.679531e-002  -1.823621e-002  -1.151485e-002  -6.956776e-003  -3.301446e-003  0.000000e+000  
0.000000e+000  -1.242260e+000  -2.256959e+000  -2.375337e+000  0.000000e+000  0.000000e+000  0.000000e+000  0.000000e+000  0.000000e+000  -3.025553e-002  -3.583042e-002  -3.338462e-002  -1.929970e-002  -1.159364e-002  -6.902716e-003  -3.261219e-003  0.000000e+000  
0.000000e+000  -1.931978e+000  -3.997986e+000  -5.602697e+000  0.000000e+000  0.000000e+000  0.000000e+000  0.000000e+000  0.000000e+000  -6.110922e-002  -5.263997e-002  -4.024116e-002  -2.009406e-002  -1.159372e-002  -6.822958e-003  -3.212154e-003  0.000000e+000  
0.000000e+000  -2.468054e+000  -5.888920e+000  -1.277490e+001  -3.339525e+001  -9.533051e+000  -2.820041e+000  -8.593194e-001  -2.946181e-001  -1.265270e-001  -7.039914e-002  -4.466575e-002  -2.040942e-002  -1.150742e-002  -6.725309e-003  -3.159478e-003  0.000000e+000  
0.000000e+000  -2.393267e+000  -5.559648e+000  -1.115161e+001  -2.400085e+001  -8.095564e+000  -2.600079e+000  -8.256315e-001  -2.892649e-001  -1.254410e-001  -7.012289e-002  -4.455816e-002  -2.022313e-002  -1.132996e-002  -6.602614e-003  -3.098749e-003  0.000000e+000  
0.000000e+000  -1.822658e+000  -3.675611e+000  -4.878878e+000  0.000000e+000  0.000000e+000  0.000000e+000  0.000000e+000  0.000000e+000  -5.990611e-002  -5.219283e-002  -3.996133e-002  -1.953234e-002  -1.106011e-002  -6.454262e-003  -3.030199e-003  0.000000e+000  
0.000000e+000  -1.030469e+000  -1.807904e+000  -1.789678e+000  0.000000e+000  0.000000e+000  0.000000e+000  0.000000e+000  0.000000e+000  -2.624617e-002  -3.251082e-002  -3.125071e-002  -1.799738e-002  -1.056727e-002  -6.218429e-003  -2.926666e-003  0.000000e+000  
0.000000e+000  -5.253877e-001  -8.440990e-001  -7.146304e-001  0.000000e+000  0.000000e+000  0.000000e+000  0.000000e+000  0.000000e+000  -1.373445e-002  -2.081428e-002  -2.333312e-002  -1.609821e-002  -9.954995e-003  -5.943957e-003  -2.810527e-003  0.000000e+000  
0.000000e+000  -2.550574e-001  -3.895782e-001  -3.048208e-001  0.000000e+000  0.000000e+000  0.000000e+000  0.000000e+000  0.000000e+000  -8.270666e-003  -1.395919e-002  -1.715461e-002  -1.410114e-002  -9.262302e-003  -5.638105e-003  -2.683438e-003  0.000000e+000  
0.000000e+000  -1.889908e-001  -2.833782e-001  -2.156342e-001  0.000000e+000  0.000000e+000  0.000000e+000  0.000000e+000  0.000000e+000  -6.927148e-003  -1.207125e-002  -1.525038e-002  -1.336886e-002  -8.991955e-003  -5.517651e-003  -2.633454e-003  0.000000e+000  
0.000000e+000  -8.685924e-002  -1.270435e-001  -9.348739e-002  0.000000e+000  0.000000e+000  0.000000e+000  0.000000e+000  0.000000e+000  -4.649316e-003  -8.479875e-003  -1.120469e-002  -1.149786e-002  -8.252266e-003  -5.183715e-003  -2.495205e-003  0.000000e+000  
0.000000e+000  -3.745195e-002  -5.401384e-002  -3.905273e-002  0.000000e+000  0.000000e+000  0.000000e+000  0.000000e+000  0.000000e+000  -3.236063e-003  -6.058173e-003  -8.239545e-003  -9.800148e-003  -7.512955e-003  -4.838785e-003  -2.351146e-003  0.000000e+000  
0.000000e+000  -1.164313e-002  -1.659629e-002  -1.183643e-002  0.000000e+000  0.000000e+000  0.000000e+000  0.000000e+000  0.000000e+000  -2.260690e-003  -4.315610e-003  -6.012118e-003  -8.299088e-003  -6.796731e-003  -4.490531e-003  -2.203539e-003  0.000000e+000  
0.000000e+000  -5.754914e-004  -8.158811e-004  -5.784777e-004  0.000000e+000  0.000000e+000  0.000000e+000  0.000000e+000  0.000000e+000  -7.289347e-004  -1.421433e-003  -2.045974e-003  -3.676514e-003  -3.674245e-003  -2.706727e-003  -1.400220e-003  0.000000e+000  
0.000000e+000  -3.882055e-005  -5.498537e-005  -3.890059e-005  0.000000e+000  0.000000e+000  0.000000e+000  0.000000e+000  0.000000e+000  -2.805172e-004  -5.516827e-004  -8.048352e-004  -1.597488e-003  -1.765410e-003  -1.385364e-003  -7.412896e-004  0.000000e+000  
0.000000e+000  -1.757492e-005  -2.489350e-005  -1.757962e-005  0.000000e+000  0.000000e+000  0.000000e+000  0.000000e+000  0.000000e+000  -2.272731e-004  -4.475056e-004  -6.542587e-004  -1.318295e-003  -1.480472e-003  -1.173467e-003  -6.313223e-004  0.000000e+000  
0.000000e+000  -7.982360e-006  -1.129690e-005  -7.991356e-006  0.000000e+000  0.000000e+000  0.000000e+000  0.000000e+000  0.000000e+000  -1.816028e-004  -3.579765e-004  -5.242272e-004  -1.068765e-003  -1.216408e-003  -9.725113e-004  -5.256546e-004  0.000000e+000  
0.000000e+000  -3.636241e-006  -5.059559e-006  -3.623390e-006  0.000000e+000  0.000000e+000  0.000000e+000  0.000000e+000  0.000000e+000  -1.417010e-004  -2.794686e-004  -4.098286e-004  -8.428895e-004  -9.698458e-004  -7.809393e-004  -4.237536e-004  0.000000e+000  
0.000000e+000  -1.654987e-006  -2.462641e-006  -1.736604e-006  0.000000e+000  0.000000e+000  0.000000e+000  0.000000e+000  0.000000e+000  -1.079777e-004  -2.130812e-004  -3.127196e-004  -6.472981e-004  -7.508410e-004  -6.078696e-004  -3.308146e-004  0.000000e+000  
0.000000e+000  -8.233404e-007  -1.133222e-006  -7.782752e-007  0.000000e+000  0.000000e+000  0.000000e+000  0.000000e+000  0.000000e+000  -7.691828e-005  -1.520052e-004  -2.231518e-004  -4.640306e-004  -5.415027e-004  -4.402519e-004  -2.400915e-004  0.000000e+000  
0.000000e+000  -3.969113e-007  -4.765444e-007  -3.839777e-007  0.000000e+000  0.000000e+000  0.000000e+000  0.000000e+000  0.000000e+000  -4.787780e-005  -9.443590e-005  -1.387963e-004  -2.895159e-004  -3.392764e-004  -2.765357e-004  -1.510223e-004  0.000000e+000  
0.000000e+000  -9.941998e-008  -2.276164e-007  -1.171288e-007  0.000000e+000  0.000000e+000  0.000000e+000  0.000000e+000  0.000000e+000  -1.983395e-005  -3.927803e-005  -5.761369e-005  -1.203427e-004  -1.413593e-004  -1.154445e-004  -6.308890e-005  0.000000e+000  
0.000000e+000  0.000000e+000  0.000000e+000  0.000000e+000  0.000000e+000  0.000000e+000  0.000000e+000  0.000000e+000  0.000000e+000  0.000000e+000  0.000000e+000  0.000000e+000  0.000000e+000  0.000000e+000  0.000000e+000  0.000000e+000  0.000000e+000  

