Port monitor named: Port1_h1[4].prt

nx        = 103
ny        = 98
nz        = 36

nu        = 17
nv        = 59
iu        = 12
iv        = 23

idir      = 1
dcut      = 0.000000e+000
icut      = 9
type      = 1
frequency = 4.000000e+009

fcutoff   = 0.000000e+000
alpha     = 0.000000e+000
beta      = 1.413779e+002
accuracy  = 1.766103e-011

type          = QTEM
wave imp.     = 2.538791e+002
wave imp.sig. = 1.157431e-007
line imp.     = 2.136488e+001

ref. port     = 0

0.000000e+000  3.393955e-007  4.879851e-007  3.324329e-007  0.000000e+000  0.000000e+000  0.000000e+000  0.000000e+000  0.000000e+000  2.547695e-002  5.044560e-002  7.441820e-002  1.596026e-001  1.975662e-001  1.687882e-001  9.504259e-002  0.000000e+000  
0.000000e+000  4.716969e-007  6.583041e-007  4.754264e-007  0.000000e+000  0.000000e+000  0.000000e+000  0.000000e+000  0.000000e+000  2.578210e-002  5.104391e-002  7.528659e-002  1.612574e-001  1.991887e-001  1.698993e-001  9.557639e-002  0.000000e+000  
0.000000e+000  8.873016e-007  1.257071e-006  8.932525e-007  0.000000e+000  0.000000e+000  0.000000e+000  0.000000e+000  0.000000e+000  2.664121e-002  5.272768e-002  7.772933e-002  1.658942e-001  2.037148e-001  1.729889e-001  9.705800e-002  0.000000e+000  
0.000000e+000  1.819277e-006  2.583205e-006  1.817863e-006  0.000000e+000  0.000000e+000  0.000000e+000  0.000000e+000  0.000000e+000  2.803722e-002  5.546205e-002  8.169191e-002  1.733566e-001  2.109328e-001  1.778852e-001  9.939706e-002  0.000000e+000  
0.000000e+000  3.841355e-006  5.419030e-006  3.834588e-006  0.000000e+000  0.000000e+000  0.000000e+000  0.000000e+000  0.000000e+000  3.002488e-002  5.935142e-002  8.731942e-002  1.838274e-001  2.209251e-001  1.846007e-001  1.025874e-001  0.000000e+000  
0.000000e+000  8.215204e-006  1.161786e-005  8.219471e-006  0.000000e+000  0.000000e+000  0.000000e+000  0.000000e+000  0.000000e+000  3.277012e-002  6.471604e-002  9.506465e-002  1.980014e-001  2.342118e-001  1.934214e-001  1.067473e-001  0.000000e+000  
0.000000e+000  1.815645e-005  2.569719e-005  1.818155e-005  0.000000e+000  0.000000e+000  0.000000e+000  0.000000e+000  0.000000e+000  3.649581e-002  7.198335e-002  1.055257e-001  2.167068e-001  2.513323e-001  2.046038e-001  1.119699e-001  0.000000e+000  
0.000000e+000  4.012669e-005  5.678774e-005  4.018106e-005  0.000000e+000  0.000000e+000  0.000000e+000  0.000000e+000  0.000000e+000  4.131437e-002  8.136046e-002  1.189728e-001  2.400414e-001  2.720751e-001  2.178876e-001  1.181012e-001  0.000000e+000  
0.000000e+000  1.921582e-004  2.722006e-004  1.928069e-004  0.000000e+000  0.000000e+000  0.000000e+000  0.000000e+000  0.000000e+000  6.073124e-002  1.190360e-001  1.727470e-001  3.298822e-001  3.492120e-001  2.661538e-001  1.400724e-001  0.000000e+000  
0.000000e+000  3.971651e-003  5.645570e-003  4.014073e-003  0.000000e+000  0.000000e+000  0.000000e+000  0.000000e+000  0.000000e+000  1.658556e-001  3.197030e-001  4.518373e-001  7.008877e-001  6.065688e-001  4.039921e-001  1.968112e-001  0.000000e+000  
0.000000e+000  4.917456e-002  7.063551e-002  5.082927e-002  0.000000e+000  0.000000e+000  0.000000e+000  0.000000e+000  0.000000e+000  4.396920e-001  8.214433e-001  1.111791e+000  1.225336e+000  8.435316e-001  4.952786e-001  2.263880e-001  0.000000e+000  
0.000000e+000  9.488986e-002  1.379708e-001  1.008002e-001  0.000000e+000  0.000000e+000  0.000000e+000  0.000000e+000  0.000000e+000  5.882584e-001  1.078163e+000  1.429291e+000  1.417056e+000  9.184360e-001  5.215204e-001  2.342507e-001  0.000000e+000  
0.000000e+000  1.991297e-001  2.959669e-001  2.226607e-001  0.000000e+000  0.000000e+000  0.000000e+000  0.000000e+000  0.000000e+000  8.407069e-001  1.481685e+000  1.890731e+000  1.632013e+000  9.899412e-001  5.436684e-001  2.401174e-001  0.000000e+000  
0.000000e+000  3.503535e-001  5.369298e-001  4.226198e-001  0.000000e+000  0.000000e+000  0.000000e+000  0.000000e+000  0.000000e+000  1.159332e+000  1.927946e+000  2.339822e+000  1.791361e+000  1.034148e+000  5.551558e-001  2.424856e-001  0.000000e+000  
0.000000e+000  5.498774e-001  8.665692e-001  7.133673e-001  0.000000e+000  0.000000e+000  0.000000e+000  0.000000e+000  0.000000e+000  1.585399e+000  2.472847e+000  2.847071e+000  1.952705e+000  1.075688e+000  5.650016e-001  2.441577e-001  0.000000e+000  
0.000000e+000  1.104987e+000  1.880017e+000  1.773071e+000  0.000000e+000  0.000000e+000  0.000000e+000  0.000000e+000  0.000000e+000  2.944335e+000  3.810193e+000  3.825155e+000  2.180619e+000  1.121736e+000  5.718807e-001  2.435983e-001  0.000000e+000  
0.000000e+000  2.034671e+000  3.895520e+000  4.727098e+000  0.000000e+000  0.000000e+000  0.000000e+000  0.000000e+000  0.000000e+000  6.502951e+000  6.050453e+000  4.970915e+000  2.369543e+000  1.147467e+000  5.699934e-001  2.397115e-001  0.000000e+000  
0.000000e+000  3.019831e+000  6.681175e+000  1.227792e+001  2.116852e+001  2.771335e+001  2.872231e+001  2.917326e+001  2.577642e+001  1.379596e+001  8.595499e+000  5.813439e+000  2.461944e+000  1.147250e+000  5.597297e-001  2.331799e-001  0.000000e+000  
0.000000e+000  3.452387e+000  7.827347e+000  1.453925e+001  2.480890e+001  2.868913e+001  2.909432e+001  2.850747e+001  2.464937e+001  1.503903e+001  9.343523e+000  6.085601e+000  2.473794e+000  1.130503e+000  5.450652e-001  2.254994e-001  0.000000e+000  
0.000000e+000  3.293012e+000  7.474512e+000  1.451735e+001  3.253961e+001  3.190380e+001  3.011631e+001  2.995007e+001  2.693053e+001  1.396226e+001  8.647084e+000  5.813495e+000  2.411082e+000  1.096461e+000  5.244106e-001  2.157164e-001  0.000000e+000  
0.000000e+000  2.527118e+000  5.177840e+000  7.583031e+000  0.000000e+000  0.000000e+000  0.000000e+000  0.000000e+000  0.000000e+000  7.264041e+000  6.371286e+000  5.045838e+000  2.272852e+000  1.042919e+000  4.964846e-001  2.032585e-001  0.000000e+000  
0.000000e+000  1.627718e+000  2.959248e+000  3.188386e+000  0.000000e+000  0.000000e+000  0.000000e+000  0.000000e+000  0.000000e+000  3.598813e+000  4.302404e+000  4.060598e+000  2.065172e+000  9.679694e-001  4.603117e-001  1.877663e-001  0.000000e+000  
0.000000e+000  9.568396e-001  1.592808e+000  1.438610e+000  0.000000e+000  0.000000e+000  0.000000e+000  0.000000e+000  0.000000e+000  2.018742e+000  2.916364e+000  3.141759e+000  1.819104e+000  8.767965e-001  4.177156e-001  1.699718e-001  0.000000e+000  
0.000000e+000  5.339457e-001  8.374440e-001  6.827360e-001  0.000000e+000  0.000000e+000  0.000000e+000  0.000000e+000  0.000000e+000  1.246501e+000  2.015770e+000  2.373604e+000  1.554548e+000  7.723786e-001  3.693484e-001  1.500636e-001  0.000000e+000  
0.000000e+000  2.892324e-001  4.364792e-001  3.354111e-001  0.000000e+000  0.000000e+000  0.000000e+000  0.000000e+000  0.000000e+000  8.183736e-001  1.412439e+000  1.759235e+000  1.284975e+000  6.576218e-001  3.159674e-001  1.282735e-001  0.000000e+000  
0.000000e+000  1.451237e-001  2.133395e-001  1.580670e-001  0.000000e+000  0.000000e+000  0.000000e+000  0.000000e+000  0.000000e+000  5.339800e-001  9.589410e-001  1.239487e+000  9.999599e-001  5.267690e-001  2.544636e-001  1.032717e-001  0.000000e+000  
0.000000e+000  6.862684e-002  9.930194e-002  7.209121e-002  0.000000e+000  0.000000e+000  0.000000e+000  0.000000e+000  0.000000e+000  3.331459e-001  6.114363e-001  8.077373e-001  7.050956e-001  3.805851e-001  1.847754e-001  7.499106e-002  0.000000e+000  
0.000000e+000  3.003568e-002  4.308343e-002  3.094751e-002  0.000000e+000  0.000000e+000  0.000000e+000  0.000000e+000  0.000000e+000  1.835430e-001  3.405959e-001  4.552388e-001  4.189091e-001  2.299651e-001  1.120655e-001  4.548858e-002  0.000000e+000  
0.000000e+000  8.412175e-003  1.201966e-002  8.594584e-003  0.000000e+000  0.000000e+000  0.000000e+000  0.000000e+000  0.000000e+000  5.869836e-002  1.094309e-001  1.470154e-001  1.388999e-001  7.691234e-002  3.755455e-002  1.524554e-002  0.000000e+000  
0.000000e+000  -8.412185e-003  -1.201965e-002  -8.594586e-003  0.000000e+000  0.000000e+000  0.000000e+000  0.000000e+000  0.000000e+000  -5.869836e-002  -1.094309e-001  -1.470154e-001  -1.388999e-001  -7.691234e-002  -3.755454e-002  -1.524555e-002  0.000000e+000  
0.000000e+000  -3.003567e-002  -4.308343e-002  -3.094752e-002  0.000000e+000  0.000000e+000  0.000000e+000  0.000000e+000  0.000000e+000  -1.835430e-001  -3.405959e-001  -4.552388e-001  -4.189091e-001  -2.299651e-001  -1.120656e-001  -4.548858e-002  0.000000e+000  
0.000000e+000  -6.862684e-002  -9.930195e-002  -7.209120e-002  0.000000e+000  0.000000e+000  0.000000e+000  0.000000e+000  0.000000e+000  -3.331459e-001  -6.114363e-001  -8.077373e-001  -7.050956e-001  -3.805851e-001  -1.847754e-001  -7.499107e-002  0.000000e+000  
0.000000e+000  -1.451237e-001  -2.133395e-001  -1.580670e-001  0.000000e+000  0.000000e+000  0.000000e+000  0.000000e+000  0.000000e+000  -5.339800e-001  -9.589410e-001  -1.239487e+000  -9.999599e-001  -5.267690e-001  -2.544636e-001  -1.032717e-001  0.000000e+000  
0.000000e+000  -2.892324e-001  -4.364793e-001  -3.354111e-001  0.000000e+000  0.000000e+000  0.000000e+000  0.000000e+000  0.000000e+000  -8.183736e-001  -1.412439e+000  -1.759235e+000  -1.284975e+000  -6.576217e-001  -3.159674e-001  -1.282735e-001  0.000000e+000  
0.000000e+000  -5.339457e-001  -8.374440e-001  -6.827360e-001  0.000000e+000  0.000000e+000  0.000000e+000  0.000000e+000  0.000000e+000  -1.246501e+000  -2.015770e+000  -2.373604e+000  -1.554548e+000  -7.723786e-001  -3.693484e-001  -1.500636e-001  0.000000e+000  
0.000000e+000  -9.568396e-001  -1.592808e+000  -1.438610e+000  0.000000e+000  0.000000e+000  0.000000e+000  0.000000e+000  0.000000e+000  -2.018742e+000  -2.916364e+000  -3.141759e+000  -1.819104e+000  -8.767965e-001  -4.177156e-001  -1.699718e-001  0.000000e+000  
0.000000e+000  -1.627718e+000  -2.959248e+000  -3.188386e+000  0.000000e+000  0.000000e+000  0.000000e+000  0.000000e+000  0.000000e+000  -3.598813e+000  -4.302404e+000  -4.060598e+000  -2.065172e+000  -9.679694e-001  -4.603117e-001  -1.877663e-001  0.000000e+000  
0.000000e+000  -2.527118e+000  -5.177840e+000  -7.583031e+000  0.000000e+000  0.000000e+000  0.000000e+000  0.000000e+000  0.000000e+000  -7.264041e+000  -6.371286e+000  -5.045838e+000  -2.272852e+000  -1.042919e+000  -4.964846e-001  -2.032584e-001  0.000000e+000  
0.000000e+000  -3.293012e+000  -7.474512e+000  -1.451735e+001  -3.253961e+001  -3.190380e+001  -3.011631e+001  -2.995007e+001  -2.693053e+001  -1.396226e+001  -8.647084e+000  -5.813495e+000  -2.411082e+000  -1.096461e+000  -5.244106e-001  -2.157164e-001  0.000000e+000  
0.000000e+000  -3.452387e+000  -7.827347e+000  -1.453925e+001  -2.480890e+001  -2.868913e+001  -2.909432e+001  -2.850747e+001  -2.464937e+001  -1.503903e+001  -9.343523e+000  -6.085601e+000  -2.473794e+000  -1.130503e+000  -5.450652e-001  -2.254994e-001  0.000000e+000  
0.000000e+000  -3.019831e+000  -6.681175e+000  -1.227793e+001  -2.116852e+001  -2.771335e+001  -2.872231e+001  -2.917326e+001  -2.577642e+001  -1.379596e+001  -8.595499e+000  -5.813439e+000  -2.461944e+000  -1.147250e+000  -5.597297e-001  -2.331799e-001  0.000000e+000  
0.000000e+000  -2.034671e+000  -3.895520e+000  -4.727098e+000  0.000000e+000  0.000000e+000  0.000000e+000  0.000000e+000  0.000000e+000  -6.502951e+000  -6.050453e+000  -4.970915e+000  -2.369543e+000  -1.147467e+000  -5.699934e-001  -2.397115e-001  0.000000e+000  
0.000000e+000  -1.104987e+000  -1.880017e+000  -1.773071e+000  0.000000e+000  0.000000e+000  0.000000e+000  0.000000e+000  0.000000e+000  -2.944335e+000  -3.810193e+000  -3.825155e+000  -2.180619e+000  -1.121736e+000  -5.718807e-001  -2.435983e-001  0.000000e+000  
0.000000e+000  -5.498775e-001  -8.665693e-001  -7.133673e-001  0.000000e+000  0.000000e+000  0.000000e+000  0.000000e+000  0.000000e+000  -1.585399e+000  -2.472847e+000  -2.847071e+000  -1.952705e+000  -1.075688e+000  -5.650016e-001  -2.441577e-001  0.000000e+000  
0.000000e+000  -3.503534e-001  -5.369296e-001  -4.226199e-001  0.000000e+000  0.000000e+000  0.000000e+000  0.000000e+000  0.000000e+000  -1.159332e+000  -1.927946e+000  -2.339822e+000  -1.791361e+000  -1.034148e+000  -5.551558e-001  -2.424857e-001  0.000000e+000  
0.000000e+000  -1.991297e-001  -2.959670e-001  -2.226607e-001  0.000000e+000  0.000000e+000  0.000000e+000  0.000000e+000  0.000000e+000  -8.407069e-001  -1.481685e+000  -1.890731e+000  -1.632013e+000  -9.899413e-001  -5.436684e-001  -2.401174e-001  0.000000e+000  
0.000000e+000  -9.488986e-002  -1.379708e-001  -1.008002e-001  0.000000e+000  0.000000e+000  0.000000e+000  0.000000e+000  0.000000e+000  -5.882584e-001  -1.078163e+000  -1.429291e+000  -1.417056e+000  -9.184360e-001  -5.215204e-001  -2.342507e-001  0.000000e+000  
0.000000e+000  -4.917456e-002  -7.063551e-002  -5.082927e-002  0.000000e+000  0.000000e+000  0.000000e+000  0.000000e+000  0.000000e+000  -4.396920e-001  -8.214432e-001  -1.111791e+000  -1.225336e+000  -8.435316e-001  -4.952786e-001  -2.263880e-001  0.000000e+000  
0.000000e+000  -3.971650e-003  -5.645569e-003  -4.014072e-003  0.000000e+000  0.000000e+000  0.000000e+000  0.000000e+000  0.000000e+000  -1.658556e-001  -3.197030e-001  -4.518373e-001  -7.008877e-001  -6.065688e-001  -4.039921e-001  -1.968112e-001  0.000000e+000  
0.000000e+000  -1.921598e-004  -2.722011e-004  -1.928081e-004  0.000000e+000  0.000000e+000  0.000000e+000  0.000000e+000  0.000000e+000  -6.073124e-002  -1.190360e-001  -1.727470e-001  -3.298822e-001  -3.492120e-001  -2.661538e-001  -1.400724e-001  0.000000e+000  
0.000000e+000  -4.012098e-005  -5.678393e-005  -4.018571e-005  0.000000e+000  0.000000e+000  0.000000e+000  0.000000e+000  0.000000e+000  -4.131437e-002  -8.136047e-002  -1.189728e-001  -2.400414e-001  -2.720751e-001  -2.178876e-001  -1.181012e-001  0.000000e+000  
0.000000e+000  -1.816016e-005  -2.569572e-005  -1.817355e-005  0.000000e+000  0.000000e+000  0.000000e+000  0.000000e+000  0.000000e+000  -3.649582e-002  -7.198336e-002  -1.055257e-001  -2.167068e-001  -2.513323e-001  -2.046038e-001  -1.119699e-001  0.000000e+000  
0.000000e+000  -8.213242e-006  -1.162855e-005  -8.219297e-006  0.000000e+000  0.000000e+000  0.000000e+000  0.000000e+000  0.000000e+000  -3.277010e-002  -6.471604e-002  -9.506464e-002  -1.980014e-001  -2.342118e-001  -1.934214e-001  -1.067473e-001  0.000000e+000  
0.000000e+000  -3.840848e-006  -5.406443e-006  -3.829783e-006  0.000000e+000  0.000000e+000  0.000000e+000  0.000000e+000  0.000000e+000  -3.002489e-002  -5.935142e-002  -8.731942e-002  -1.838274e-001  -2.209251e-001  -1.846007e-001  -1.025874e-001  0.000000e+000  
0.000000e+000  -1.815701e-006  -2.587377e-006  -1.831991e-006  0.000000e+000  0.000000e+000  0.000000e+000  0.000000e+000  0.000000e+000  -2.803723e-002  -5.546203e-002  -8.169191e-002  -1.733566e-001  -2.109328e-001  -1.778852e-001  -9.939705e-002  0.000000e+000  
0.000000e+000  -8.854326e-007  -1.259027e-006  -8.814262e-007  0.000000e+000  0.000000e+000  0.000000e+000  0.000000e+000  0.000000e+000  -2.664120e-002  -5.272770e-002  -7.772932e-002  -1.658942e-001  -2.037148e-001  -1.729890e-001  -9.705800e-002  0.000000e+000  
0.000000e+000  -4.765866e-007  -6.522457e-007  -4.727239e-007  0.000000e+000  0.000000e+000  0.000000e+000  0.000000e+000  0.000000e+000  -2.578212e-002  -5.104389e-002  -7.528660e-002  -1.612574e-001  -1.991887e-001  -1.698992e-001  -9.557639e-002  0.000000e+000  
0.000000e+000  -3.396738e-007  -4.956851e-007  -3.427939e-007  0.000000e+000  0.000000e+000  0.000000e+000  0.000000e+000  0.000000e+000  -2.547694e-002  -5.044562e-002  -7.441819e-002  -1.596026e-001  -1.975662e-001  -1.687882e-001  -9.504259e-002  0.000000e+000  
0.000000e+000  0.000000e+000  0.000000e+000  0.000000e+000  0.000000e+000  0.000000e+000  0.000000e+000  0.000000e+000  0.000000e+000  0.000000e+000  0.000000e+000  0.000000e+000  0.000000e+000  0.000000e+000  0.000000e+000  0.000000e+000  0.000000e+000  

0.000000e+000  0.000000e+000  0.000000e+000  0.000000e+000  0.000000e+000  0.000000e+000  0.000000e+000  0.000000e+000  0.000000e+000  0.000000e+000  0.000000e+000  0.000000e+000  0.000000e+000  0.000000e+000  0.000000e+000  0.000000e+000  0.000000e+000  
-1.346641e-001  -1.346640e-001  -1.346638e-001  -1.346637e-001  0.000000e+000  0.000000e+000  0.000000e+000  0.000000e+000  -2.748155e-002  -2.711339e-002  -2.639163e-002  -2.365931e-002  -1.443995e-002  -4.613436e-003  2.115602e-003  5.348412e-003  0.000000e+000  
-3.216200e-001  -3.216195e-001  -3.216190e-001  -3.216185e-001  0.000000e+000  0.000000e+000  0.000000e+000  0.000000e+000  -6.596364e-002  -6.507234e-002  -6.332537e-002  -5.671573e-002  -3.449929e-002  -1.092600e-002  5.166257e-003  1.288298e-002  0.000000e+000  
-5.083601e-001  -5.083592e-001  -5.083578e-001  -5.083569e-001  0.000000e+000  0.000000e+000  0.000000e+000  0.000000e+000  -1.053272e-001  -1.038788e-001  -1.010419e-001  -9.031970e-002  -5.456531e-002  -1.697163e-002  8.529850e-003  2.071245e-002  0.000000e+000  
-6.947596e-001  -6.947576e-001  -6.947547e-001  -6.947527e-001  0.000000e+000  0.000000e+000  0.000000e+000  0.000000e+000  -1.461217e-001  -1.440595e-001  -1.400242e-001  -1.247969e-001  -7.462859e-002  -2.258524e-002  1.239134e-002  2.900780e-002  0.000000e+000  
-8.806943e-001  -8.806900e-001  -8.806840e-001  -8.806798e-001  0.000000e+000  0.000000e+000  0.000000e+000  0.000000e+000  -1.889503e-001  -1.861897e-001  -1.807952e-001  -1.604825e-001  -9.466047e-002  -2.758799e-002  1.693970e-002  3.793920e-002  0.000000e+000  
-1.077790e+000  -1.077780e+000  -1.077767e+000  -1.077758e+000  0.000000e+000  0.000000e+000  0.000000e+000  0.000000e+000  -2.374801e-001  -2.338454e-001  -2.267557e-001  -2.001394e-001  -1.158672e-001  -3.202098e-002  2.274360e-002  4.832080e-002  0.000000e+000  
-1.274076e+000  -1.274056e+000  -1.274026e+000  -1.274006e+000  0.000000e+000  0.000000e+000  0.000000e+000  0.000000e+000  -2.900465e-001  -2.853457e-001  -2.761977e-001  -2.419842e-001  -1.368564e-001  -3.527077e-002  2.978527e-002  5.981308e-002  0.000000e+000  
-1.469418e+000  -1.469373e+000  -1.469308e+000  -1.469262e+000  0.000000e+000  0.000000e+000  0.000000e+000  0.000000e+000  -3.478179e-001  -3.417801e-001  -3.300647e-001  -2.864545e-001  -1.574417e-001  -3.702982e-002  3.831470e-002  7.261213e-002  0.000000e+000  
-2.482146e+000  -2.481472e+000  -2.480514e+000  -2.479833e+000  0.000000e+000  0.000000e+000  0.000000e+000  0.000000e+000  -7.627958e-001  -7.433526e-001  -7.062384e-001  -5.716140e-001  -2.547262e-001  -1.577485e-002  1.122058e-001  1.648870e-001  0.000000e+000  
-3.463596e+000  -3.450045e+000  -3.430562e+000  -3.416528e+000  0.000000e+000  0.000000e+000  0.000000e+000  0.000000e+000  -1.765598e+000  -1.680447e+000  -1.524428e+000  -9.892162e-001  -2.360998e-001  1.338035e-001  2.763039e-001  3.224742e-001  0.000000e+000  
-3.689490e+000  -3.646495e+000  -3.583166e+000  -3.536169e+000  0.000000e+000  0.000000e+000  0.000000e+000  0.000000e+000  -2.241487e+000  -2.096551e+000  -1.846105e+000  -1.038286e+000  -1.745450e-001  1.922921e-001  3.208095e-001  3.593169e-001  0.000000e+000  
-3.961209e+000  -3.863171e+000  -3.714576e+000  -3.599968e+000  0.000000e+000  0.000000e+000  0.000000e+000  0.000000e+000  -2.871717e+000  -2.625438e+000  -2.231775e+000  -1.057727e+000  -8.929737e-002  2.608933e-001  3.693619e-001  3.980942e-001  0.000000e+000  
-4.340799e+000  -4.134091e+000  -3.804724e+000  -3.531408e+000  0.000000e+000  0.000000e+000  0.000000e+000  0.000000e+000  -3.763351e+000  -3.311588e+000  -2.678859e+000  -1.018209e+000  2.515994e-002  3.398118e-001  4.215771e-001  4.384342e-001  0.000000e+000  
-4.543219e+000  -4.271079e+000  -3.821476e+000  -3.424928e+000  0.000000e+000  0.000000e+000  0.000000e+000  0.000000e+000  -4.222447e+000  -3.619657e+000  -2.848742e+000  -9.770915e-001  7.705840e-002  3.720880e-001  4.420166e-001  4.538927e-001  0.000000e+000  
-5.293493e+000  -4.772950e+000  -3.822637e+000  -2.828991e+000  0.000000e+000  0.000000e+000  0.000000e+000  0.000000e+000  -5.887423e+000  -4.565641e+000  -3.264858e+000  -7.837134e-001  2.400391e-001  4.648847e-001  4.984760e-001  4.957455e-001  0.000000e+000  
-6.631983e+000  -5.760154e+000  -3.870180e+000  -1.100343e+000  0.000000e+000  0.000000e+000  0.000000e+000  0.000000e+000  -8.954959e+000  -5.493635e+000  -3.314623e+000  -4.081256e-001  4.404874e-001  5.661316e-001  5.569181e-001  5.379405e-001  0.000000e+000  
-8.957349e+000  -7.901377e+000  -4.915851e+000  3.175508e+000  0.000000e+000  0.000000e+000  0.000000e+000  0.000000e+000  -1.317827e+001  -5.071279e+000  -2.242176e+000  2.004148e-001  6.747636e-001  6.735566e-001  6.162831e-001  5.798353e-001  0.000000e+000  
-1.148534e+001  -1.094406e+001  -9.509993e+000  -6.680628e+000  -2.126561e+000  -9.063904e-001  -4.412333e-001  -1.273420e+000  -2.708634e+000  -1.096514e+000  -1.264137e-001  7.941318e-001  8.651050e-001  7.560759e-001  6.606063e-001  6.106038e-001  0.000000e+000  
-1.435481e+001  -1.455343e+001  -1.499304e+001  -1.501730e+001  -5.348914e+000  -1.330042e+000  -5.239499e-002  1.750902e+000  4.655836e+000  3.259406e+000  2.356213e+000  1.435869e+000  1.060288e+000  8.386673e-001  7.041992e-001  6.405092e-001  0.000000e+000  
-1.709099e+001  -1.800230e+001  -2.073546e+001  -2.898924e+001  0.000000e+000  0.000000e+000  0.000000e+000  0.000000e+000  1.559687e+001  7.323753e+000  4.512866e+000  2.040055e+000  1.251616e+000  9.196373e-001  7.464874e-001  6.692439e-001  0.000000e+000  
-1.941866e+001  -2.044040e+001  -2.296098e+001  -2.795432e+001  0.000000e+000  0.000000e+000  0.000000e+000  0.000000e+000  1.236910e+001  8.047868e+000  5.608697e+000  2.579253e+000  1.448518e+000  1.004927e+000  7.908378e-001  6.991480e-001  0.000000e+000  
-2.094498e+001  -2.170717e+001  -2.325965e+001  -2.524776e+001  0.000000e+000  0.000000e+000  0.000000e+000  0.000000e+000  9.285899e+000  7.423026e+000  5.788913e+000  2.963640e+000  1.623902e+000  1.084295e+000  8.321900e-001  7.268730e-001  0.000000e+000  
-2.187017e+001  -2.235064e+001  -2.320885e+001  -2.406767e+001  0.000000e+000  0.000000e+000  0.000000e+000  0.000000e+000  7.548722e+000  6.638265e+000  5.576483e+000  3.214538e+000  1.774134e+000  1.156135e+000  8.698739e-001  7.520475e-001  0.000000e+000  
-2.241191e+001  -2.268994e+001  -2.314551e+001  -2.354013e+001  0.000000e+000  0.000000e+000  0.000000e+000  0.000000e+000  6.471287e+000  5.966534e+000  5.255219e+000  3.366139e+000  1.898422e+000  1.219231e+000  9.032949e-001  7.743300e-001  0.000000e+000  
-2.272668e+001  -2.287996e+001  -2.311731e+001  -2.330594e+001  0.000000e+000  0.000000e+000  0.000000e+000  0.000000e+000  5.761043e+000  5.447151e+000  4.946613e+000  3.450486e+000  1.997743e+000  1.272721e+000  9.319450e-001  7.934166e-001  0.000000e+000  
-2.292594e+001  -2.300242e+001  -2.311644e+001  -2.320240e+001  0.000000e+000  0.000000e+000  0.000000e+000  0.000000e+000  5.232448e+000  5.024082e+000  4.663545e+000  3.495297e+000  2.082529e+000  1.321160e+000  9.582030e-001  8.109095e-001  0.000000e+000  
-2.303331e+001  -2.307189e+001  -2.312810e+001  -2.316924e+001  0.000000e+000  0.000000e+000  0.000000e+000  0.000000e+000  4.901665e+000  4.746451e+000  4.465454e+000  3.511647e+000  2.140456e+000  1.355981e+000  9.772869e-001  8.236295e-001  0.000000e+000  
-2.308661e+001  -2.310823e+001  -2.313929e+001  -2.316164e+001  0.000000e+000  0.000000e+000  0.000000e+000  0.000000e+000  4.719047e+000  4.589520e+000  4.349686e+000  3.515681e+000  2.174087e+000  1.376942e+000  9.888667e-001  8.313522e-001  0.000000e+000  
-2.310279e+001  -2.311961e+001  -2.314364e+001  -2.316083e+001  0.000000e+000  0.000000e+000  0.000000e+000  0.000000e+000  4.660583e+000  4.538784e+000  4.311714e+000  3.516112e+000  2.185104e+000  1.383938e+000  9.927479e-001  8.339416e-001  0.000000e+000  
-2.308661e+001  -2.310823e+001  -2.313929e+001  -2.316164e+001  0.000000e+000  0.000000e+000  0.000000e+000  0.000000e+000  4.719047e+000  4.589520e+000  4.349686e+000  3.515681e+000  2.174087e+000  1.376942e+000  9.888667e-001  8.313522e-001  0.000000e+000  
-2.303331e+001  -2.307189e+001  -2.312810e+001  -2.316924e+001  0.000000e+000  0.000000e+000  0.000000e+000  0.000000e+000  4.901665e+000  4.746451e+000  4.465454e+000  3.511647e+000  2.140456e+000  1.355981e+000  9.772869e-001  8.236295e-001  0.000000e+000  
-2.292594e+001  -2.300242e+001  -2.311644e+001  -2.320240e+001  0.000000e+000  0.000000e+000  0.000000e+000  0.000000e+000  5.232448e+000  5.024082e+000  4.663545e+000  3.495297e+000  2.082529e+000  1.321160e+000  9.582030e-001  8.109095e-001  0.000000e+000  
-2.272668e+001  -2.287996e+001  -2.311731e+001  -2.330594e+001  0.000000e+000  0.000000e+000  0.000000e+000  0.000000e+000  5.761043e+000  5.447151e+000  4.946613e+000  3.450486e+000  1.997743e+000  1.272721e+000  9.319450e-001  7.934166e-001  0.000000e+000  
-2.241191e+001  -2.268994e+001  -2.314551e+001  -2.354013e+001  0.000000e+000  0.000000e+000  0.000000e+000  0.000000e+000  6.471287e+000  5.966534e+000  5.255219e+000  3.366139e+000  1.898422e+000  1.219231e+000  9.032949e-001  7.743300e-001  0.000000e+000  
-2.187017e+001  -2.235064e+001  -2.320885e+001  -2.406767e+001  0.000000e+000  0.000000e+000  0.000000e+000  0.000000e+000  7.548722e+000  6.638265e+000  5.576483e+000  3.214538e+000  1.774134e+000  1.156135e+000  8.698739e-001  7.520475e-001  0.000000e+000  
-2.094498e+001  -2.170717e+001  -2.325965e+001  -2.524776e+001  0.000000e+000  0.000000e+000  0.000000e+000  0.000000e+000  9.285899e+000  7.423026e+000  5.788913e+000  2.963640e+000  1.623902e+000  1.084295e+000  8.321900e-001  7.268730e-001  0.000000e+000  
-1.941866e+001  -2.044040e+001  -2.296098e+001  -2.795432e+001  0.000000e+000  0.000000e+000  0.000000e+000  0.000000e+000  1.236910e+001  8.047868e+000  5.608697e+000  2.579253e+000  1.448518e+000  1.004927e+000  7.908378e-001  6.991480e-001  0.000000e+000  
-1.709099e+001  -1.800230e+001  -2.073546e+001  -2.898924e+001  0.000000e+000  0.000000e+000  0.000000e+000  0.000000e+000  1.559687e+001  7.323753e+000  4.512866e+000  2.040055e+000  1.251616e+000  9.196373e-001  7.464874e-001  6.692439e-001  0.000000e+000  
-1.435481e+001  -1.455343e+001  -1.499304e+001  -1.501730e+001  -5.348914e+000  -1.330042e+000  -5.239500e-002  1.750902e+000  4.655836e+000  3.259406e+000  2.356213e+000  1.435869e+000  1.060288e+000  8.386673e-001  7.041992e-001  6.405092e-001  0.000000e+000  
-1.148534e+001  -1.094406e+001  -9.509993e+000  -6.680628e+000  -2.126561e+000  -9.063904e-001  -4.412332e-001  -1.273420e+000  -2.708634e+000  -1.096514e+000  -1.264137e-001  7.941318e-001  8.651050e-001  7.560759e-001  6.606063e-001  6.106038e-001  0.000000e+000  
-8.957349e+000  -7.901377e+000  -4.915851e+000  3.175508e+000  0.000000e+000  0.000000e+000  0.000000e+000  0.000000e+000  -1.317827e+001  -5.071279e+000  -2.242176e+000  2.004148e-001  6.747636e-001  6.735566e-001  6.162831e-001  5.798353e-001  0.000000e+000  
-6.631983e+000  -5.760154e+000  -3.870180e+000  -1.100343e+000  0.000000e+000  0.000000e+000  0.000000e+000  0.000000e+000  -8.954959e+000  -5.493635e+000  -3.314623e+000  -4.081256e-001  4.404874e-001  5.661316e-001  5.569181e-001  5.379405e-001  0.000000e+000  
-5.293493e+000  -4.772950e+000  -3.822637e+000  -2.828991e+000  0.000000e+000  0.000000e+000  0.000000e+000  0.000000e+000  -5.887423e+000  -4.565641e+000  -3.264858e+000  -7.837134e-001  2.400391e-001  4.648847e-001  4.984760e-001  4.957454e-001  0.000000e+000  
-4.543219e+000  -4.271079e+000  -3.821476e+000  -3.424928e+000  0.000000e+000  0.000000e+000  0.000000e+000  0.000000e+000  -4.222447e+000  -3.619657e+000  -2.848742e+000  -9.770915e-001  7.705840e-002  3.720880e-001  4.420166e-001  4.538927e-001  0.000000e+000  
-4.340799e+000  -4.134091e+000  -3.804724e+000  -3.531408e+000  0.000000e+000  0.000000e+000  0.000000e+000  0.000000e+000  -3.763351e+000  -3.311588e+000  -2.678859e+000  -1.018209e+000  2.515993e-002  3.398118e-001  4.215771e-001  4.384342e-001  0.000000e+000  
-3.961209e+000  -3.863171e+000  -3.714576e+000  -3.599968e+000  0.000000e+000  0.000000e+000  0.000000e+000  0.000000e+000  -2.871717e+000  -2.625438e+000  -2.231775e+000  -1.057727e+000  -8.929737e-002  2.608933e-001  3.693619e-001  3.980942e-001  0.000000e+000  
-3.689490e+000  -3.646495e+000  -3.583166e+000  -3.536169e+000  0.000000e+000  0.000000e+000  0.000000e+000  0.000000e+000  -2.241487e+000  -2.096551e+000  -1.846105e+000  -1.038286e+000  -1.745450e-001  1.922921e-001  3.208095e-001  3.593169e-001  0.000000e+000  
-3.463596e+000  -3.450045e+000  -3.430562e+000  -3.416528e+000  0.000000e+000  0.000000e+000  0.000000e+000  0.000000e+000  -1.765598e+000  -1.680447e+000  -1.524428e+000  -9.892162e-001  -2.360998e-001  1.338035e-001  2.763039e-001  3.224742e-001  0.000000e+000  
-2.482146e+000  -2.481472e+000  -2.480514e+000  -2.479833e+000  0.000000e+000  0.000000e+000  0.000000e+000  0.000000e+000  -7.627958e-001  -7.433526e-001  -7.062384e-001  -5.716140e-001  -2.547262e-001  -1.577485e-002  1.122058e-001  1.648870e-001  0.000000e+000  
-1.469418e+000  -1.469373e+000  -1.469308e+000  -1.469262e+000  0.000000e+000  0.000000e+000  0.000000e+000  0.000000e+000  -3.478179e-001  -3.417801e-001  -3.300647e-001  -2.864545e-001  -1.574417e-001  -3.702982e-002  3.831470e-002  7.261213e-002  0.000000e+000  
-1.274076e+000  -1.274056e+000  -1.274026e+000  -1.274006e+000  0.000000e+000  0.000000e+000  0.000000e+000  0.000000e+000  -2.900465e-001  -2.853457e-001  -2.761977e-001  -2.419841e-001  -1.368564e-001  -3.527077e-002  2.978527e-002  5.981308e-002  0.000000e+000  
-1.077790e+000  -1.077780e+000  -1.077767e+000  -1.077758e+000  0.000000e+000  0.000000e+000  0.000000e+000  0.000000e+000  -2.374801e-001  -2.338454e-001  -2.267557e-001  -2.001394e-001  -1.158672e-001  -3.202098e-002  2.274360e-002  4.832080e-002  0.000000e+000  
-8.806943e-001  -8.806900e-001  -8.806840e-001  -8.806797e-001  0.000000e+000  0.000000e+000  0.000000e+000  0.000000e+000  -1.889503e-001  -1.861897e-001  -1.807952e-001  -1.604825e-001  -9.466047e-002  -2.758799e-002  1.693970e-002  3.793920e-002  0.000000e+000  
-6.947596e-001  -6.947576e-001  -6.947547e-001  -6.947527e-001  0.000000e+000  0.000000e+000  0.000000e+000  0.000000e+000  -1.461217e-001  -1.440594e-001  -1.400242e-001  -1.247969e-001  -7.462859e-002  -2.258524e-002  1.239134e-002  2.900780e-002  0.000000e+000  
-5.083601e-001  -5.083591e-001  -5.083578e-001  -5.083569e-001  0.000000e+000  0.000000e+000  0.000000e+000  0.000000e+000  -1.053272e-001  -1.038789e-001  -1.010419e-001  -9.031970e-002  -5.456531e-002  -1.697163e-002  8.529851e-003  2.071245e-002  0.000000e+000  
-3.216200e-001  -3.216195e-001  -3.216190e-001  -3.216185e-001  0.000000e+000  0.000000e+000  0.000000e+000  0.000000e+000  -6.596365e-002  -6.507232e-002  -6.332539e-002  -5.671573e-002  -3.449929e-002  -1.092600e-002  5.166256e-003  1.288298e-002  0.000000e+000  
-1.346641e-001  -1.346640e-001  -1.346638e-001  -1.346637e-001  0.000000e+000  0.000000e+000  0.000000e+000  0.000000e+000  -2.748155e-002  -2.711341e-002  -2.639161e-002  -2.365931e-002  -1.443995e-002  -4.613438e-003  2.115604e-003  5.348412e-003  0.000000e+000  
0.000000e+000  0.000000e+000  0.000000e+000  0.000000e+000  0.000000e+000  0.000000e+000  0.000000e+000  0.000000e+000  0.000000e+000  0.000000e+000  0.000000e+000  0.000000e+000  0.000000e+000  0.000000e+000  0.000000e+000  0.000000e+000  0.000000e+000  

0.000000e+000  0.000000e+000  0.000000e+000  0.000000e+000  0.000000e+000  0.000000e+000  0.000000e+000  0.000000e+000  0.000000e+000  0.000000e+000  0.000000e+000  0.000000e+000  0.000000e+000  0.000000e+000  0.000000e+000  0.000000e+000  0.000000e+000  
0.000000e+000  0.000000e+000  0.000000e+000  0.000000e+000  0.000000e+000  0.000000e+000  0.000000e+000  0.000000e+000  0.000000e+000  0.000000e+000  0.000000e+000  0.000000e+000  0.000000e+000  0.000000e+000  0.000000e+000  0.000000e+000  0.000000e+000  
0.000000e+000  0.000000e+000  0.000000e+000  0.000000e+000  0.000000e+000  0.000000e+000  0.000000e+000  0.000000e+000  0.000000e+000  0.000000e+000  0.000000e+000  0.000000e+000  0.000000e+000  0.000000e+000  0.000000e+000  0.000000e+000  0.000000e+000  
0.000000e+000  0.000000e+000  0.000000e+000  0.000000e+000  0.000000e+000  0.000000e+000  0.000000e+000  0.000000e+000  0.000000e+000  0.000000e+000  0.000000e+000  0.000000e+000  0.000000e+000  0.000000e+000  0.000000e+000  0.000000e+000  0.000000e+000  
0.000000e+000  0.000000e+000  0.000000e+000  0.000000e+000  0.000000e+000  0.000000e+000  0.000000e+000  0.000000e+000  0.000000e+000  0.000000e+000  0.000000e+000  0.000000e+000  0.000000e+000  0.000000e+000  0.000000e+000  0.000000e+000  0.000000e+000  
0.000000e+000  0.000000e+000  0.000000e+000  0.000000e+000  0.000000e+000  0.000000e+000  0.000000e+000  0.000000e+000  0.000000e+000  0.000000e+000  0.000000e+000  0.000000e+000  0.000000e+000  0.000000e+000  0.000000e+000  0.000000e+000  0.000000e+000  
0.000000e+000  0.000000e+000  0.000000e+000  0.000000e+000  0.000000e+000  0.000000e+000  0.000000e+000  0.000000e+000  0.000000e+000  0.000000e+000  0.000000e+000  0.000000e+000  0.000000e+000  0.000000e+000  0.000000e+000  0.000000e+000  0.000000e+000  
0.000000e+000  0.000000e+000  0.000000e+000  0.000000e+000  0.000000e+000  0.000000e+000  0.000000e+000  0.000000e+000  0.000000e+000  0.000000e+000  0.000000e+000  0.000000e+000  0.000000e+000  0.000000e+000  0.000000e+000  0.000000e+000  0.000000e+000  
0.000000e+000  0.000000e+000  0.000000e+000  0.000000e+000  0.000000e+000  0.000000e+000  0.000000e+000  0.000000e+000  0.000000e+000  0.000000e+000  0.000000e+000  0.000000e+000  0.000000e+000  0.000000e+000  0.000000e+000  0.000000e+000  0.000000e+000  
0.000000e+000  0.000000e+000  0.000000e+000  0.000000e+000  0.000000e+000  0.000000e+000  0.000000e+000  0.000000e+000  0.000000e+000  0.000000e+000  0.000000e+000  0.000000e+000  0.000000e+000  0.000000e+000  0.000000e+000  0.000000e+000  0.000000e+000  
0.000000e+000  0.000000e+000  0.000000e+000  0.000000e+000  0.000000e+000  0.000000e+000  0.000000e+000  0.000000e+000  0.000000e+000  0.000000e+000  0.000000e+000  0.000000e+000  0.000000e+000  0.000000e+000  0.000000e+000  0.000000e+000  0.000000e+000  
0.000000e+000  0.000000e+000  0.000000e+000  0.000000e+000  0.000000e+000  0.000000e+000  0.000000e+000  0.000000e+000  0.000000e+000  0.000000e+000  0.000000e+000  0.000000e+000  0.000000e+000  0.000000e+000  0.000000e+000  0.000000e+000  0.000000e+000  
0.000000e+000  0.000000e+000  0.000000e+000  0.000000e+000  0.000000e+000  0.000000e+000  0.000000e+000  0.000000e+000  0.000000e+000  0.000000e+000  0.000000e+000  0.000000e+000  0.000000e+000  0.000000e+000  0.000000e+000  0.000000e+000  0.000000e+000  
0.000000e+000  0.000000e+000  0.000000e+000  0.000000e+000  0.000000e+000  0.000000e+000  0.000000e+000  0.000000e+000  0.000000e+000  0.000000e+000  0.000000e+000  0.000000e+000  0.000000e+000  0.000000e+000  0.000000e+000  0.000000e+000  0.000000e+000  
0.000000e+000  0.000000e+000  0.000000e+000  0.000000e+000  0.000000e+000  0.000000e+000  0.000000e+000  0.000000e+000  0.000000e+000  0.000000e+000  0.000000e+000  0.000000e+000  0.000000e+000  0.000000e+000  0.000000e+000  0.000000e+000  0.000000e+000  
0.000000e+000  0.000000e+000  0.000000e+000  0.000000e+000  0.000000e+000  0.000000e+000  0.000000e+000  0.000000e+000  0.000000e+000  0.000000e+000  0.000000e+000  0.000000e+000  0.000000e+000  0.000000e+000  0.000000e+000  0.000000e+000  0.000000e+000  
0.000000e+000  0.000000e+000  0.000000e+000  0.000000e+000  0.000000e+000  0.000000e+000  0.000000e+000  0.000000e+000  0.000000e+000  0.000000e+000  0.000000e+000  0.000000e+000  0.000000e+000  0.000000e+000  0.000000e+000  0.000000e+000  0.000000e+000  
0.000000e+000  0.000000e+000  0.000000e+000  0.000000e+000  0.000000e+000  0.000000e+000  0.000000e+000  0.000000e+000  0.000000e+000  0.000000e+000  0.000000e+000  0.000000e+000  0.000000e+000  0.000000e+000  0.000000e+000  0.000000e+000  0.000000e+000  
0.000000e+000  0.000000e+000  0.000000e+000  0.000000e+000  0.000000e+000  0.000000e+000  0.000000e+000  0.000000e+000  0.000000e+000  0.000000e+000  0.000000e+000  0.000000e+000  0.000000e+000  0.000000e+000  0.000000e+000  0.000000e+000  0.000000e+000  
0.000000e+000  0.000000e+000  0.000000e+000  0.000000e+000  0.000000e+000  0.000000e+000  0.000000e+000  0.000000e+000  0.000000e+000  0.000000e+000  0.000000e+000  0.000000e+000  0.000000e+000  0.000000e+000  0.000000e+000  0.000000e+000  0.000000e+000  
0.000000e+000  0.000000e+000  0.000000e+000  0.000000e+000  0.000000e+000  0.000000e+000  0.000000e+000  0.000000e+000  0.000000e+000  0.000000e+000  0.000000e+000  0.000000e+000  0.000000e+000  0.000000e+000  0.000000e+000  0.000000e+000  0.000000e+000  
0.000000e+000  0.000000e+000  0.000000e+000  0.000000e+000  0.000000e+000  0.000000e+000  0.000000e+000  0.000000e+000  0.000000e+000  0.000000e+000  0.000000e+000  0.000000e+000  0.000000e+000  0.000000e+000  0.000000e+000  0.000000e+000  0.000000e+000  
0.000000e+000  0.000000e+000  0.000000e+000  0.000000e+000  0.000000e+000  0.000000e+000  0.000000e+000  0.000000e+000  0.000000e+000  0.000000e+000  0.000000e+000  0.000000e+000  0.000000e+000  0.000000e+000  0.000000e+000  0.000000e+000  0.000000e+000  
0.000000e+000  0.000000e+000  0.000000e+000  0.000000e+000  0.000000e+000  0.000000e+000  0.000000e+000  0.000000e+000  0.000000e+000  0.000000e+000  0.000000e+000  0.000000e+000  0.000000e+000  0.000000e+000  0.000000e+000  0.000000e+000  0.000000e+000  
0.000000e+000  0.000000e+000  0.000000e+000  0.000000e+000  0.000000e+000  0.000000e+000  0.000000e+000  0.000000e+000  0.000000e+000  0.000000e+000  0.000000e+000  0.000000e+000  0.000000e+000  0.000000e+000  0.000000e+000  0.000000e+000  0.000000e+000  
0.000000e+000  0.000000e+000  0.000000e+000  0.000000e+000  0.000000e+000  0.000000e+000  0.000000e+000  0.000000e+000  0.000000e+000  0.000000e+000  0.000000e+000  0.000000e+000  0.000000e+000  0.000000e+000  0.000000e+000  0.000000e+000  0.000000e+000  
0.000000e+000  0.000000e+000  0.000000e+000  0.000000e+000  0.000000e+000  0.000000e+000  0.000000e+000  0.000000e+000  0.000000e+000  0.000000e+000  0.000000e+000  0.000000e+000  0.000000e+000  0.000000e+000  0.000000e+000  0.000000e+000  0.000000e+000  
0.000000e+000  0.000000e+000  0.000000e+000  0.000000e+000  0.000000e+000  0.000000e+000  0.000000e+000  0.000000e+000  0.000000e+000  0.000000e+000  0.000000e+000  0.000000e+000  0.000000e+000  0.000000e+000  0.000000e+000  0.000000e+000  0.000000e+000  
0.000000e+000  0.000000e+000  0.000000e+000  0.000000e+000  0.000000e+000  0.000000e+000  0.000000e+000  0.000000e+000  0.000000e+000  0.000000e+000  0.000000e+000  0.000000e+000  0.000000e+000  0.000000e+000  0.000000e+000  0.000000e+000  0.000000e+000  
0.000000e+000  0.000000e+000  0.000000e+000  0.000000e+000  0.000000e+000  0.000000e+000  0.000000e+000  0.000000e+000  0.000000e+000  0.000000e+000  0.000000e+000  0.000000e+000  0.000000e+000  0.000000e+000  0.000000e+000  0.000000e+000  0.000000e+000  
0.000000e+000  0.000000e+000  0.000000e+000  0.000000e+000  0.000000e+000  0.000000e+000  0.000000e+000  0.000000e+000  0.000000e+000  0.000000e+000  0.000000e+000  0.000000e+000  0.000000e+000  0.000000e+000  0.000000e+000  0.000000e+000  0.000000e+000  
0.000000e+000  0.000000e+000  0.000000e+000  0.000000e+000  0.000000e+000  0.000000e+000  0.000000e+000  0.000000e+000  0.000000e+000  0.000000e+000  0.000000e+000  0.000000e+000  0.000000e+000  0.000000e+000  0.000000e+000  0.000000e+000  0.000000e+000  
0.000000e+000  0.000000e+000  0.000000e+000  0.000000e+000  0.000000e+000  0.000000e+000  0.000000e+000  0.000000e+000  0.000000e+000  0.000000e+000  0.000000e+000  0.000000e+000  0.000000e+000  0.000000e+000  0.000000e+000  0.000000e+000  0.000000e+000  
0.000000e+000  0.000000e+000  0.000000e+000  0.000000e+000  0.000000e+000  0.000000e+000  0.000000e+000  0.000000e+000  0.000000e+000  0.000000e+000  0.000000e+000  0.000000e+000  0.000000e+000  0.000000e+000  0.000000e+000  0.000000e+000  0.000000e+000  
0.000000e+000  0.000000e+000  0.000000e+000  0.000000e+000  0.000000e+000  0.000000e+000  0.000000e+000  0.000000e+000  0.000000e+000  0.000000e+000  0.000000e+000  0.000000e+000  0.000000e+000  0.000000e+000  0.000000e+000  0.000000e+000  0.000000e+000  
0.000000e+000  0.000000e+000  0.000000e+000  0.000000e+000  0.000000e+000  0.000000e+000  0.000000e+000  0.000000e+000  0.000000e+000  0.000000e+000  0.000000e+000  0.000000e+000  0.000000e+000  0.000000e+000  0.000000e+000  0.000000e+000  0.000000e+000  
0.000000e+000  0.000000e+000  0.000000e+000  0.000000e+000  0.000000e+000  0.000000e+000  0.000000e+000  0.000000e+000  0.000000e+000  0.000000e+000  0.000000e+000  0.000000e+000  0.000000e+000  0.000000e+000  0.000000e+000  0.000000e+000  0.000000e+000  
0.000000e+000  0.000000e+000  0.000000e+000  0.000000e+000  0.000000e+000  0.000000e+000  0.000000e+000  0.000000e+000  0.000000e+000  0.000000e+000  0.000000e+000  0.000000e+000  0.000000e+000  0.000000e+000  0.000000e+000  0.000000e+000  0.000000e+000  
0.000000e+000  0.000000e+000  0.000000e+000  0.000000e+000  0.000000e+000  0.000000e+000  0.000000e+000  0.000000e+000  0.000000e+000  0.000000e+000  0.000000e+000  0.000000e+000  0.000000e+000  0.000000e+000  0.000000e+000  0.000000e+000  0.000000e+000  
0.000000e+000  0.000000e+000  0.000000e+000  0.000000e+000  0.000000e+000  0.000000e+000  0.000000e+000  0.000000e+000  0.000000e+000  0.000000e+000  0.000000e+000  0.000000e+000  0.000000e+000  0.000000e+000  0.000000e+000  0.000000e+000  0.000000e+000  
0.000000e+000  0.000000e+000  0.000000e+000  0.000000e+000  0.000000e+000  0.000000e+000  0.000000e+000  0.000000e+000  0.000000e+000  0.000000e+000  0.000000e+000  0.000000e+000  0.000000e+000  0.000000e+000  0.000000e+000  0.000000e+000  0.000000e+000  
0.000000e+000  0.000000e+000  0.000000e+000  0.000000e+000  0.000000e+000  0.000000e+000  0.000000e+000  0.000000e+000  0.000000e+000  0.000000e+000  0.000000e+000  0.000000e+000  0.000000e+000  0.000000e+000  0.000000e+000  0.000000e+000  0.000000e+000  
0.000000e+000  0.000000e+000  0.000000e+000  0.000000e+000  0.000000e+000  0.000000e+000  0.000000e+000  0.000000e+000  0.000000e+000  0.000000e+000  0.000000e+000  0.000000e+000  0.000000e+000  0.000000e+000  0.000000e+000  0.000000e+000  0.000000e+000  
0.000000e+000  0.000000e+000  0.000000e+000  0.000000e+000  0.000000e+000  0.000000e+000  0.000000e+000  0.000000e+000  0.000000e+000  0.000000e+000  0.000000e+000  0.000000e+000  0.000000e+000  0.000000e+000  0.000000e+000  0.000000e+000  0.000000e+000  
0.000000e+000  0.000000e+000  0.000000e+000  0.000000e+000  0.000000e+000  0.000000e+000  0.000000e+000  0.000000e+000  0.000000e+000  0.000000e+000  0.000000e+000  0.000000e+000  0.000000e+000  0.000000e+000  0.000000e+000  0.000000e+000  0.000000e+000  
0.000000e+000  0.000000e+000  0.000000e+000  0.000000e+000  0.000000e+000  0.000000e+000  0.000000e+000  0.000000e+000  0.000000e+000  0.000000e+000  0.000000e+000  0.000000e+000  0.000000e+000  0.000000e+000  0.000000e+000  0.000000e+000  0.000000e+000  
0.000000e+000  0.000000e+000  0.000000e+000  0.000000e+000  0.000000e+000  0.000000e+000  0.000000e+000  0.000000e+000  0.000000e+000  0.000000e+000  0.000000e+000  0.000000e+000  0.000000e+000  0.000000e+000  0.000000e+000  0.000000e+000  0.000000e+000  
0.000000e+000  0.000000e+000  0.000000e+000  0.000000e+000  0.000000e+000  0.000000e+000  0.000000e+000  0.000000e+000  0.000000e+000  0.000000e+000  0.000000e+000  0.000000e+000  0.000000e+000  0.000000e+000  0.000000e+000  0.000000e+000  0.000000e+000  
0.000000e+000  0.000000e+000  0.000000e+000  0.000000e+000  0.000000e+000  0.000000e+000  0.000000e+000  0.000000e+000  0.000000e+000  0.000000e+000  0.000000e+000  0.000000e+000  0.000000e+000  0.000000e+000  0.000000e+000  0.000000e+000  0.000000e+000  
0.000000e+000  0.000000e+000  0.000000e+000  0.000000e+000  0.000000e+000  0.000000e+000  0.000000e+000  0.000000e+000  0.000000e+000  0.000000e+000  0.000000e+000  0.000000e+000  0.000000e+000  0.000000e+000  0.000000e+000  0.000000e+000  0.000000e+000  
0.000000e+000  0.000000e+000  0.000000e+000  0.000000e+000  0.000000e+000  0.000000e+000  0.000000e+000  0.000000e+000  0.000000e+000  0.000000e+000  0.000000e+000  0.000000e+000  0.000000e+000  0.000000e+000  0.000000e+000  0.000000e+000  0.000000e+000  
0.000000e+000  0.000000e+000  0.000000e+000  0.000000e+000  0.000000e+000  0.000000e+000  0.000000e+000  0.000000e+000  0.000000e+000  0.000000e+000  0.000000e+000  0.000000e+000  0.000000e+000  0.000000e+000  0.000000e+000  0.000000e+000  0.000000e+000  
0.000000e+000  0.000000e+000  0.000000e+000  0.000000e+000  0.000000e+000  0.000000e+000  0.000000e+000  0.000000e+000  0.000000e+000  0.000000e+000  0.000000e+000  0.000000e+000  0.000000e+000  0.000000e+000  0.000000e+000  0.000000e+000  0.000000e+000  
0.000000e+000  0.000000e+000  0.000000e+000  0.000000e+000  0.000000e+000  0.000000e+000  0.000000e+000  0.000000e+000  0.000000e+000  0.000000e+000  0.000000e+000  0.000000e+000  0.000000e+000  0.000000e+000  0.000000e+000  0.000000e+000  0.000000e+000  
0.000000e+000  0.000000e+000  0.000000e+000  0.000000e+000  0.000000e+000  0.000000e+000  0.000000e+000  0.000000e+000  0.000000e+000  0.000000e+000  0.000000e+000  0.000000e+000  0.000000e+000  0.000000e+000  0.000000e+000  0.000000e+000  0.000000e+000  
0.000000e+000  0.000000e+000  0.000000e+000  0.000000e+000  0.000000e+000  0.000000e+000  0.000000e+000  0.000000e+000  0.000000e+000  0.000000e+000  0.000000e+000  0.000000e+000  0.000000e+000  0.000000e+000  0.000000e+000  0.000000e+000  0.000000e+000  
0.000000e+000  0.000000e+000  0.000000e+000  0.000000e+000  0.000000e+000  0.000000e+000  0.000000e+000  0.000000e+000  0.000000e+000  0.000000e+000  0.000000e+000  0.000000e+000  0.000000e+000  0.000000e+000  0.000000e+000  0.000000e+000  0.000000e+000  
0.000000e+000  0.000000e+000  0.000000e+000  0.000000e+000  0.000000e+000  0.000000e+000  0.000000e+000  0.000000e+000  0.000000e+000  0.000000e+000  0.000000e+000  0.000000e+000  0.000000e+000  0.000000e+000  0.000000e+000  0.000000e+000  0.000000e+000  
0.000000e+000  0.000000e+000  0.000000e+000  0.000000e+000  0.000000e+000  0.000000e+000  0.000000e+000  0.000000e+000  0.000000e+000  0.000000e+000  0.000000e+000  0.000000e+000  0.000000e+000  0.000000e+000  0.000000e+000  0.000000e+000  0.000000e+000  

0.000000e+000  0.000000e+000  0.000000e+000  0.000000e+000  0.000000e+000  0.000000e+000  0.000000e+000  0.000000e+000  0.000000e+000  0.000000e+000  0.000000e+000  0.000000e+000  0.000000e+000  0.000000e+000  0.000000e+000  0.000000e+000  0.000000e+000  
0.000000e+000  0.000000e+000  0.000000e+000  0.000000e+000  0.000000e+000  0.000000e+000  0.000000e+000  0.000000e+000  0.000000e+000  0.000000e+000  0.000000e+000  0.000000e+000  0.000000e+000  0.000000e+000  0.000000e+000  0.000000e+000  0.000000e+000  
0.000000e+000  0.000000e+000  0.000000e+000  0.000000e+000  0.000000e+000  0.000000e+000  0.000000e+000  0.000000e+000  0.000000e+000  0.000000e+000  0.000000e+000  0.000000e+000  0.000000e+000  0.000000e+000  0.000000e+000  0.000000e+000  0.000000e+000  
0.000000e+000  0.000000e+000  0.000000e+000  0.000000e+000  0.000000e+000  0.000000e+000  0.000000e+000  0.000000e+000  0.000000e+000  0.000000e+000  0.000000e+000  0.000000e+000  0.000000e+000  0.000000e+000  0.000000e+000  0.000000e+000  0.000000e+000  
0.000000e+000  0.000000e+000  0.000000e+000  0.000000e+000  0.000000e+000  0.000000e+000  0.000000e+000  0.000000e+000  0.000000e+000  0.000000e+000  0.000000e+000  0.000000e+000  0.000000e+000  0.000000e+000  0.000000e+000  0.000000e+000  0.000000e+000  
0.000000e+000  0.000000e+000  0.000000e+000  0.000000e+000  0.000000e+000  0.000000e+000  0.000000e+000  0.000000e+000  0.000000e+000  0.000000e+000  0.000000e+000  0.000000e+000  0.000000e+000  0.000000e+000  0.000000e+000  0.000000e+000  0.000000e+000  
0.000000e+000  0.000000e+000  0.000000e+000  0.000000e+000  0.000000e+000  0.000000e+000  0.000000e+000  0.000000e+000  0.000000e+000  0.000000e+000  0.000000e+000  0.000000e+000  0.000000e+000  0.000000e+000  0.000000e+000  0.000000e+000  0.000000e+000  
0.000000e+000  0.000000e+000  0.000000e+000  0.000000e+000  0.000000e+000  0.000000e+000  0.000000e+000  0.000000e+000  0.000000e+000  0.000000e+000  0.000000e+000  0.000000e+000  0.000000e+000  0.000000e+000  0.000000e+000  0.000000e+000  0.000000e+000  
0.000000e+000  0.000000e+000  0.000000e+000  0.000000e+000  0.000000e+000  0.000000e+000  0.000000e+000  0.000000e+000  0.000000e+000  0.000000e+000  0.000000e+000  0.000000e+000  0.000000e+000  0.000000e+000  0.000000e+000  0.000000e+000  0.000000e+000  
0.000000e+000  0.000000e+000  0.000000e+000  0.000000e+000  0.000000e+000  0.000000e+000  0.000000e+000  0.000000e+000  0.000000e+000  0.000000e+000  0.000000e+000  0.000000e+000  0.000000e+000  0.000000e+000  0.000000e+000  0.000000e+000  0.000000e+000  
0.000000e+000  0.000000e+000  0.000000e+000  0.000000e+000  0.000000e+000  0.000000e+000  0.000000e+000  0.000000e+000  0.000000e+000  0.000000e+000  0.000000e+000  0.000000e+000  0.000000e+000  0.000000e+000  0.000000e+000  0.000000e+000  0.000000e+000  
0.000000e+000  0.000000e+000  0.000000e+000  0.000000e+000  0.000000e+000  0.000000e+000  0.000000e+000  0.000000e+000  0.000000e+000  0.000000e+000  0.000000e+000  0.000000e+000  0.000000e+000  0.000000e+000  0.000000e+000  0.000000e+000  0.000000e+000  
0.000000e+000  0.000000e+000  0.000000e+000  0.000000e+000  0.000000e+000  0.000000e+000  0.000000e+000  0.000000e+000  0.000000e+000  0.000000e+000  0.000000e+000  0.000000e+000  0.000000e+000  0.000000e+000  0.000000e+000  0.000000e+000  0.000000e+000  
0.000000e+000  0.000000e+000  0.000000e+000  0.000000e+000  0.000000e+000  0.000000e+000  0.000000e+000  0.000000e+000  0.000000e+000  0.000000e+000  0.000000e+000  0.000000e+000  0.000000e+000  0.000000e+000  0.000000e+000  0.000000e+000  0.000000e+000  
0.000000e+000  0.000000e+000  0.000000e+000  0.000000e+000  0.000000e+000  0.000000e+000  0.000000e+000  0.000000e+000  0.000000e+000  0.000000e+000  0.000000e+000  0.000000e+000  0.000000e+000  0.000000e+000  0.000000e+000  0.000000e+000  0.000000e+000  
0.000000e+000  0.000000e+000  0.000000e+000  0.000000e+000  0.000000e+000  0.000000e+000  0.000000e+000  0.000000e+000  0.000000e+000  0.000000e+000  0.000000e+000  0.000000e+000  0.000000e+000  0.000000e+000  0.000000e+000  0.000000e+000  0.000000e+000  
0.000000e+000  0.000000e+000  0.000000e+000  0.000000e+000  0.000000e+000  0.000000e+000  0.000000e+000  0.000000e+000  0.000000e+000  0.000000e+000  0.000000e+000  0.000000e+000  0.000000e+000  0.000000e+000  0.000000e+000  0.000000e+000  0.000000e+000  
0.000000e+000  0.000000e+000  0.000000e+000  0.000000e+000  0.000000e+000  0.000000e+000  0.000000e+000  0.000000e+000  0.000000e+000  0.000000e+000  0.000000e+000  0.000000e+000  0.000000e+000  0.000000e+000  0.000000e+000  0.000000e+000  0.000000e+000  
0.000000e+000  0.000000e+000  0.000000e+000  0.000000e+000  0.000000e+000  0.000000e+000  0.000000e+000  0.000000e+000  0.000000e+000  0.000000e+000  0.000000e+000  0.000000e+000  0.000000e+000  0.000000e+000  0.000000e+000  0.000000e+000  0.000000e+000  
0.000000e+000  0.000000e+000  0.000000e+000  0.000000e+000  0.000000e+000  0.000000e+000  0.000000e+000  0.000000e+000  0.000000e+000  0.000000e+000  0.000000e+000  0.000000e+000  0.000000e+000  0.000000e+000  0.000000e+000  0.000000e+000  0.000000e+000  
0.000000e+000  0.000000e+000  0.000000e+000  0.000000e+000  0.000000e+000  0.000000e+000  0.000000e+000  0.000000e+000  0.000000e+000  0.000000e+000  0.000000e+000  0.000000e+000  0.000000e+000  0.000000e+000  0.000000e+000  0.000000e+000  0.000000e+000  
0.000000e+000  0.000000e+000  0.000000e+000  0.000000e+000  0.000000e+000  0.000000e+000  0.000000e+000  0.000000e+000  0.000000e+000  0.000000e+000  0.000000e+000  0.000000e+000  0.000000e+000  0.000000e+000  0.000000e+000  0.000000e+000  0.000000e+000  
0.000000e+000  0.000000e+000  0.000000e+000  0.000000e+000  0.000000e+000  0.000000e+000  0.000000e+000  0.000000e+000  0.000000e+000  0.000000e+000  0.000000e+000  0.000000e+000  0.000000e+000  0.000000e+000  0.000000e+000  0.000000e+000  0.000000e+000  
0.000000e+000  0.000000e+000  0.000000e+000  0.000000e+000  0.000000e+000  0.000000e+000  0.000000e+000  0.000000e+000  0.000000e+000  0.000000e+000  0.000000e+000  0.000000e+000  0.000000e+000  0.000000e+000  0.000000e+000  0.000000e+000  0.000000e+000  
0.000000e+000  0.000000e+000  0.000000e+000  0.000000e+000  0.000000e+000  0.000000e+000  0.000000e+000  0.000000e+000  0.000000e+000  0.000000e+000  0.000000e+000  0.000000e+000  0.000000e+000  0.000000e+000  0.000000e+000  0.000000e+000  0.000000e+000  
0.000000e+000  0.000000e+000  0.000000e+000  0.000000e+000  0.000000e+000  0.000000e+000  0.000000e+000  0.000000e+000  0.000000e+000  0.000000e+000  0.000000e+000  0.000000e+000  0.000000e+000  0.000000e+000  0.000000e+000  0.000000e+000  0.000000e+000  
0.000000e+000  0.000000e+000  0.000000e+000  0.000000e+000  0.000000e+000  0.000000e+000  0.000000e+000  0.000000e+000  0.000000e+000  0.000000e+000  0.000000e+000  0.000000e+000  0.000000e+000  0.000000e+000  0.000000e+000  0.000000e+000  0.000000e+000  
0.000000e+000  0.000000e+000  0.000000e+000  0.000000e+000  0.000000e+000  0.000000e+000  0.000000e+000  0.000000e+000  0.000000e+000  0.000000e+000  0.000000e+000  0.000000e+000  0.000000e+000  0.000000e+000  0.000000e+000  0.000000e+000  0.000000e+000  
0.000000e+000  0.000000e+000  0.000000e+000  0.000000e+000  0.000000e+000  0.000000e+000  0.000000e+000  0.000000e+000  0.000000e+000  0.000000e+000  0.000000e+000  0.000000e+000  0.000000e+000  0.000000e+000  0.000000e+000  0.000000e+000  0.000000e+000  
0.000000e+000  0.000000e+000  0.000000e+000  0.000000e+000  0.000000e+000  0.000000e+000  0.000000e+000  0.000000e+000  0.000000e+000  0.000000e+000  0.000000e+000  0.000000e+000  0.000000e+000  0.000000e+000  0.000000e+000  0.000000e+000  0.000000e+000  
0.000000e+000  0.000000e+000  0.000000e+000  0.000000e+000  0.000000e+000  0.000000e+000  0.000000e+000  0.000000e+000  0.000000e+000  0.000000e+000  0.000000e+000  0.000000e+000  0.000000e+000  0.000000e+000  0.000000e+000  0.000000e+000  0.000000e+000  
0.000000e+000  0.000000e+000  0.000000e+000  0.000000e+000  0.000000e+000  0.000000e+000  0.000000e+000  0.000000e+000  0.000000e+000  0.000000e+000  0.000000e+000  0.000000e+000  0.000000e+000  0.000000e+000  0.000000e+000  0.000000e+000  0.000000e+000  
0.000000e+000  0.000000e+000  0.000000e+000  0.000000e+000  0.000000e+000  0.000000e+000  0.000000e+000  0.000000e+000  0.000000e+000  0.000000e+000  0.000000e+000  0.000000e+000  0.000000e+000  0.000000e+000  0.000000e+000  0.000000e+000  0.000000e+000  
0.000000e+000  0.000000e+000  0.000000e+000  0.000000e+000  0.000000e+000  0.000000e+000  0.000000e+000  0.000000e+000  0.000000e+000  0.000000e+000  0.000000e+000  0.000000e+000  0.000000e+000  0.000000e+000  0.000000e+000  0.000000e+000  0.000000e+000  
0.000000e+000  0.000000e+000  0.000000e+000  0.000000e+000  0.000000e+000  0.000000e+000  0.000000e+000  0.000000e+000  0.000000e+000  0.000000e+000  0.000000e+000  0.000000e+000  0.000000e+000  0.000000e+000  0.000000e+000  0.000000e+000  0.000000e+000  
0.000000e+000  0.000000e+000  0.000000e+000  0.000000e+000  0.000000e+000  0.000000e+000  0.000000e+000  0.000000e+000  0.000000e+000  0.000000e+000  0.000000e+000  0.000000e+000  0.000000e+000  0.000000e+000  0.000000e+000  0.000000e+000  0.000000e+000  
0.000000e+000  0.000000e+000  0.000000e+000  0.000000e+000  0.000000e+000  0.000000e+000  0.000000e+000  0.000000e+000  0.000000e+000  0.000000e+000  0.000000e+000  0.000000e+000  0.000000e+000  0.000000e+000  0.000000e+000  0.000000e+000  0.000000e+000  
0.000000e+000  0.000000e+000  0.000000e+000  0.000000e+000  0.000000e+000  0.000000e+000  0.000000e+000  0.000000e+000  0.000000e+000  0.000000e+000  0.000000e+000  0.000000e+000  0.000000e+000  0.000000e+000  0.000000e+000  0.000000e+000  0.000000e+000  
0.000000e+000  0.000000e+000  0.000000e+000  0.000000e+000  0.000000e+000  0.000000e+000  0.000000e+000  0.000000e+000  0.000000e+000  0.000000e+000  0.000000e+000  0.000000e+000  0.000000e+000  0.000000e+000  0.000000e+000  0.000000e+000  0.000000e+000  
0.000000e+000  0.000000e+000  0.000000e+000  0.000000e+000  0.000000e+000  0.000000e+000  0.000000e+000  0.000000e+000  0.000000e+000  0.000000e+000  0.000000e+000  0.000000e+000  0.000000e+000  0.000000e+000  0.000000e+000  0.000000e+000  0.000000e+000  
0.000000e+000  0.000000e+000  0.000000e+000  0.000000e+000  0.000000e+000  0.000000e+000  0.000000e+000  0.000000e+000  0.000000e+000  0.000000e+000  0.000000e+000  0.000000e+000  0.000000e+000  0.000000e+000  0.000000e+000  0.000000e+000  0.000000e+000  
0.000000e+000  0.000000e+000  0.000000e+000  0.000000e+000  0.000000e+000  0.000000e+000  0.000000e+000  0.000000e+000  0.000000e+000  0.000000e+000  0.000000e+000  0.000000e+000  0.000000e+000  0.000000e+000  0.000000e+000  0.000000e+000  0.000000e+000  
0.000000e+000  0.000000e+000  0.000000e+000  0.000000e+000  0.000000e+000  0.000000e+000  0.000000e+000  0.000000e+000  0.000000e+000  0.000000e+000  0.000000e+000  0.000000e+000  0.000000e+000  0.000000e+000  0.000000e+000  0.000000e+000  0.000000e+000  
0.000000e+000  0.000000e+000  0.000000e+000  0.000000e+000  0.000000e+000  0.000000e+000  0.000000e+000  0.000000e+000  0.000000e+000  0.000000e+000  0.000000e+000  0.000000e+000  0.000000e+000  0.000000e+000  0.000000e+000  0.000000e+000  0.000000e+000  
0.000000e+000  0.000000e+000  0.000000e+000  0.000000e+000  0.000000e+000  0.000000e+000  0.000000e+000  0.000000e+000  0.000000e+000  0.000000e+000  0.000000e+000  0.000000e+000  0.000000e+000  0.000000e+000  0.000000e+000  0.000000e+000  0.000000e+000  
0.000000e+000  0.000000e+000  0.000000e+000  0.000000e+000  0.000000e+000  0.000000e+000  0.000000e+000  0.000000e+000  0.000000e+000  0.000000e+000  0.000000e+000  0.000000e+000  0.000000e+000  0.000000e+000  0.000000e+000  0.000000e+000  0.000000e+000  
0.000000e+000  0.000000e+000  0.000000e+000  0.000000e+000  0.000000e+000  0.000000e+000  0.000000e+000  0.000000e+000  0.000000e+000  0.000000e+000  0.000000e+000  0.000000e+000  0.000000e+000  0.000000e+000  0.000000e+000  0.000000e+000  0.000000e+000  
0.000000e+000  0.000000e+000  0.000000e+000  0.000000e+000  0.000000e+000  0.000000e+000  0.000000e+000  0.000000e+000  0.000000e+000  0.000000e+000  0.000000e+000  0.000000e+000  0.000000e+000  0.000000e+000  0.000000e+000  0.000000e+000  0.000000e+000  
0.000000e+000  0.000000e+000  0.000000e+000  0.000000e+000  0.000000e+000  0.000000e+000  0.000000e+000  0.000000e+000  0.000000e+000  0.000000e+000  0.000000e+000  0.000000e+000  0.000000e+000  0.000000e+000  0.000000e+000  0.000000e+000  0.000000e+000  
0.000000e+000  0.000000e+000  0.000000e+000  0.000000e+000  0.000000e+000  0.000000e+000  0.000000e+000  0.000000e+000  0.000000e+000  0.000000e+000  0.000000e+000  0.000000e+000  0.000000e+000  0.000000e+000  0.000000e+000  0.000000e+000  0.000000e+000  
0.000000e+000  0.000000e+000  0.000000e+000  0.000000e+000  0.000000e+000  0.000000e+000  0.000000e+000  0.000000e+000  0.000000e+000  0.000000e+000  0.000000e+000  0.000000e+000  0.000000e+000  0.000000e+000  0.000000e+000  0.000000e+000  0.000000e+000  
0.000000e+000  0.000000e+000  0.000000e+000  0.000000e+000  0.000000e+000  0.000000e+000  0.000000e+000  0.000000e+000  0.000000e+000  0.000000e+000  0.000000e+000  0.000000e+000  0.000000e+000  0.000000e+000  0.000000e+000  0.000000e+000  0.000000e+000  
0.000000e+000  0.000000e+000  0.000000e+000  0.000000e+000  0.000000e+000  0.000000e+000  0.000000e+000  0.000000e+000  0.000000e+000  0.000000e+000  0.000000e+000  0.000000e+000  0.000000e+000  0.000000e+000  0.000000e+000  0.000000e+000  0.000000e+000  
0.000000e+000  0.000000e+000  0.000000e+000  0.000000e+000  0.000000e+000  0.000000e+000  0.000000e+000  0.000000e+000  0.000000e+000  0.000000e+000  0.000000e+000  0.000000e+000  0.000000e+000  0.000000e+000  0.000000e+000  0.000000e+000  0.000000e+000  
0.000000e+000  0.000000e+000  0.000000e+000  0.000000e+000  0.000000e+000  0.000000e+000  0.000000e+000  0.000000e+000  0.000000e+000  0.000000e+000  0.000000e+000  0.000000e+000  0.000000e+000  0.000000e+000  0.000000e+000  0.000000e+000  0.000000e+000  
0.000000e+000  0.000000e+000  0.000000e+000  0.000000e+000  0.000000e+000  0.000000e+000  0.000000e+000  0.000000e+000  0.000000e+000  0.000000e+000  0.000000e+000  0.000000e+000  0.000000e+000  0.000000e+000  0.000000e+000  0.000000e+000  0.000000e+000  
0.000000e+000  0.000000e+000  0.000000e+000  0.000000e+000  0.000000e+000  0.000000e+000  0.000000e+000  0.000000e+000  0.000000e+000  0.000000e+000  0.000000e+000  0.000000e+000  0.000000e+000  0.000000e+000  0.000000e+000  0.000000e+000  0.000000e+000  
0.000000e+000  0.000000e+000  0.000000e+000  0.000000e+000  0.000000e+000  0.000000e+000  0.000000e+000  0.000000e+000  0.000000e+000  0.000000e+000  0.000000e+000  0.000000e+000  0.000000e+000  0.000000e+000  0.000000e+000  0.000000e+000  0.000000e+000  
0.000000e+000  0.000000e+000  0.000000e+000  0.000000e+000  0.000000e+000  0.000000e+000  0.000000e+000  0.000000e+000  0.000000e+000  0.000000e+000  0.000000e+000  0.000000e+000  0.000000e+000  0.000000e+000  0.000000e+000  0.000000e+000  0.000000e+000  

0.000000e+000  0.000000e+000  0.000000e+000  0.000000e+000  0.000000e+000  0.000000e+000  0.000000e+000  0.000000e+000  0.000000e+000  0.000000e+000  0.000000e+000  0.000000e+000  0.000000e+000  0.000000e+000  0.000000e+000  0.000000e+000  0.000000e+000  
0.000000e+000  0.000000e+000  0.000000e+000  0.000000e+000  0.000000e+000  0.000000e+000  0.000000e+000  0.000000e+000  0.000000e+000  0.000000e+000  0.000000e+000  0.000000e+000  0.000000e+000  0.000000e+000  0.000000e+000  0.000000e+000  0.000000e+000  
0.000000e+000  0.000000e+000  0.000000e+000  0.000000e+000  0.000000e+000  0.000000e+000  0.000000e+000  0.000000e+000  0.000000e+000  0.000000e+000  0.000000e+000  0.000000e+000  0.000000e+000  0.000000e+000  0.000000e+000  0.000000e+000  0.000000e+000  
0.000000e+000  0.000000e+000  0.000000e+000  0.000000e+000  0.000000e+000  0.000000e+000  0.000000e+000  0.000000e+000  0.000000e+000  0.000000e+000  0.000000e+000  0.000000e+000  0.000000e+000  0.000000e+000  0.000000e+000  0.000000e+000  0.000000e+000  
0.000000e+000  0.000000e+000  0.000000e+000  0.000000e+000  0.000000e+000  0.000000e+000  0.000000e+000  0.000000e+000  0.000000e+000  0.000000e+000  0.000000e+000  0.000000e+000  0.000000e+000  0.000000e+000  0.000000e+000  0.000000e+000  0.000000e+000  
0.000000e+000  0.000000e+000  0.000000e+000  0.000000e+000  0.000000e+000  0.000000e+000  0.000000e+000  0.000000e+000  0.000000e+000  0.000000e+000  0.000000e+000  0.000000e+000  0.000000e+000  0.000000e+000  0.000000e+000  0.000000e+000  0.000000e+000  
0.000000e+000  0.000000e+000  0.000000e+000  0.000000e+000  0.000000e+000  0.000000e+000  0.000000e+000  0.000000e+000  0.000000e+000  0.000000e+000  0.000000e+000  0.000000e+000  0.000000e+000  0.000000e+000  0.000000e+000  0.000000e+000  0.000000e+000  
0.000000e+000  0.000000e+000  0.000000e+000  0.000000e+000  0.000000e+000  0.000000e+000  0.000000e+000  0.000000e+000  0.000000e+000  0.000000e+000  0.000000e+000  0.000000e+000  0.000000e+000  0.000000e+000  0.000000e+000  0.000000e+000  0.000000e+000  
0.000000e+000  0.000000e+000  0.000000e+000  0.000000e+000  0.000000e+000  0.000000e+000  0.000000e+000  0.000000e+000  0.000000e+000  0.000000e+000  0.000000e+000  0.000000e+000  0.000000e+000  0.000000e+000  0.000000e+000  0.000000e+000  0.000000e+000  
0.000000e+000  0.000000e+000  0.000000e+000  0.000000e+000  0.000000e+000  0.000000e+000  0.000000e+000  0.000000e+000  0.000000e+000  0.000000e+000  0.000000e+000  0.000000e+000  0.000000e+000  0.000000e+000  0.000000e+000  0.000000e+000  0.000000e+000  
0.000000e+000  0.000000e+000  0.000000e+000  0.000000e+000  0.000000e+000  0.000000e+000  0.000000e+000  0.000000e+000  0.000000e+000  0.000000e+000  0.000000e+000  0.000000e+000  0.000000e+000  0.000000e+000  0.000000e+000  0.000000e+000  0.000000e+000  
0.000000e+000  0.000000e+000  0.000000e+000  0.000000e+000  0.000000e+000  0.000000e+000  0.000000e+000  0.000000e+000  0.000000e+000  0.000000e+000  0.000000e+000  0.000000e+000  0.000000e+000  0.000000e+000  0.000000e+000  0.000000e+000  0.000000e+000  
0.000000e+000  0.000000e+000  0.000000e+000  0.000000e+000  0.000000e+000  0.000000e+000  0.000000e+000  0.000000e+000  0.000000e+000  0.000000e+000  0.000000e+000  0.000000e+000  0.000000e+000  0.000000e+000  0.000000e+000  0.000000e+000  0.000000e+000  
0.000000e+000  0.000000e+000  0.000000e+000  0.000000e+000  0.000000e+000  0.000000e+000  0.000000e+000  0.000000e+000  0.000000e+000  0.000000e+000  0.000000e+000  0.000000e+000  0.000000e+000  0.000000e+000  0.000000e+000  0.000000e+000  0.000000e+000  
0.000000e+000  0.000000e+000  0.000000e+000  0.000000e+000  0.000000e+000  0.000000e+000  0.000000e+000  0.000000e+000  0.000000e+000  0.000000e+000  0.000000e+000  0.000000e+000  0.000000e+000  0.000000e+000  0.000000e+000  0.000000e+000  0.000000e+000  
0.000000e+000  0.000000e+000  0.000000e+000  0.000000e+000  0.000000e+000  0.000000e+000  0.000000e+000  0.000000e+000  0.000000e+000  0.000000e+000  0.000000e+000  0.000000e+000  0.000000e+000  0.000000e+000  0.000000e+000  0.000000e+000  0.000000e+000  
0.000000e+000  0.000000e+000  0.000000e+000  0.000000e+000  0.000000e+000  0.000000e+000  0.000000e+000  0.000000e+000  0.000000e+000  0.000000e+000  0.000000e+000  0.000000e+000  0.000000e+000  0.000000e+000  0.000000e+000  0.000000e+000  0.000000e+000  
0.000000e+000  0.000000e+000  0.000000e+000  0.000000e+000  0.000000e+000  0.000000e+000  0.000000e+000  0.000000e+000  0.000000e+000  0.000000e+000  0.000000e+000  0.000000e+000  0.000000e+000  0.000000e+000  0.000000e+000  0.000000e+000  0.000000e+000  
0.000000e+000  0.000000e+000  0.000000e+000  0.000000e+000  0.000000e+000  0.000000e+000  0.000000e+000  0.000000e+000  0.000000e+000  0.000000e+000  0.000000e+000  0.000000e+000  0.000000e+000  0.000000e+000  0.000000e+000  0.000000e+000  0.000000e+000  
0.000000e+000  0.000000e+000  0.000000e+000  0.000000e+000  0.000000e+000  0.000000e+000  0.000000e+000  0.000000e+000  0.000000e+000  0.000000e+000  0.000000e+000  0.000000e+000  0.000000e+000  0.000000e+000  0.000000e+000  0.000000e+000  0.000000e+000  
0.000000e+000  0.000000e+000  0.000000e+000  0.000000e+000  0.000000e+000  0.000000e+000  0.000000e+000  0.000000e+000  0.000000e+000  0.000000e+000  0.000000e+000  0.000000e+000  0.000000e+000  0.000000e+000  0.000000e+000  0.000000e+000  0.000000e+000  
0.000000e+000  0.000000e+000  0.000000e+000  0.000000e+000  0.000000e+000  0.000000e+000  0.000000e+000  0.000000e+000  0.000000e+000  0.000000e+000  0.000000e+000  0.000000e+000  0.000000e+000  0.000000e+000  0.000000e+000  0.000000e+000  0.000000e+000  
0.000000e+000  0.000000e+000  0.000000e+000  0.000000e+000  0.000000e+000  0.000000e+000  0.000000e+000  0.000000e+000  0.000000e+000  0.000000e+000  0.000000e+000  0.000000e+000  0.000000e+000  0.000000e+000  0.000000e+000  0.000000e+000  0.000000e+000  
0.000000e+000  0.000000e+000  0.000000e+000  0.000000e+000  0.000000e+000  0.000000e+000  0.000000e+000  0.000000e+000  0.000000e+000  0.000000e+000  0.000000e+000  0.000000e+000  0.000000e+000  0.000000e+000  0.000000e+000  0.000000e+000  0.000000e+000  
0.000000e+000  0.000000e+000  0.000000e+000  0.000000e+000  0.000000e+000  0.000000e+000  0.000000e+000  0.000000e+000  0.000000e+000  0.000000e+000  0.000000e+000  0.000000e+000  0.000000e+000  0.000000e+000  0.000000e+000  0.000000e+000  0.000000e+000  
0.000000e+000  0.000000e+000  0.000000e+000  0.000000e+000  0.000000e+000  0.000000e+000  0.000000e+000  0.000000e+000  0.000000e+000  0.000000e+000  0.000000e+000  0.000000e+000  0.000000e+000  0.000000e+000  0.000000e+000  0.000000e+000  0.000000e+000  
0.000000e+000  0.000000e+000  0.000000e+000  0.000000e+000  0.000000e+000  0.000000e+000  0.000000e+000  0.000000e+000  0.000000e+000  0.000000e+000  0.000000e+000  0.000000e+000  0.000000e+000  0.000000e+000  0.000000e+000  0.000000e+000  0.000000e+000  
0.000000e+000  0.000000e+000  0.000000e+000  0.000000e+000  0.000000e+000  0.000000e+000  0.000000e+000  0.000000e+000  0.000000e+000  0.000000e+000  0.000000e+000  0.000000e+000  0.000000e+000  0.000000e+000  0.000000e+000  0.000000e+000  0.000000e+000  
0.000000e+000  0.000000e+000  0.000000e+000  0.000000e+000  0.000000e+000  0.000000e+000  0.000000e+000  0.000000e+000  0.000000e+000  0.000000e+000  0.000000e+000  0.000000e+000  0.000000e+000  0.000000e+000  0.000000e+000  0.000000e+000  0.000000e+000  
0.000000e+000  0.000000e+000  0.000000e+000  0.000000e+000  0.000000e+000  0.000000e+000  0.000000e+000  0.000000e+000  0.000000e+000  0.000000e+000  0.000000e+000  0.000000e+000  0.000000e+000  0.000000e+000  0.000000e+000  0.000000e+000  0.000000e+000  
0.000000e+000  0.000000e+000  0.000000e+000  0.000000e+000  0.000000e+000  0.000000e+000  0.000000e+000  0.000000e+000  0.000000e+000  0.000000e+000  0.000000e+000  0.000000e+000  0.000000e+000  0.000000e+000  0.000000e+000  0.000000e+000  0.000000e+000  
0.000000e+000  0.000000e+000  0.000000e+000  0.000000e+000  0.000000e+000  0.000000e+000  0.000000e+000  0.000000e+000  0.000000e+000  0.000000e+000  0.000000e+000  0.000000e+000  0.000000e+000  0.000000e+000  0.000000e+000  0.000000e+000  0.000000e+000  
0.000000e+000  0.000000e+000  0.000000e+000  0.000000e+000  0.000000e+000  0.000000e+000  0.000000e+000  0.000000e+000  0.000000e+000  0.000000e+000  0.000000e+000  0.000000e+000  0.000000e+000  0.000000e+000  0.000000e+000  0.000000e+000  0.000000e+000  
0.000000e+000  0.000000e+000  0.000000e+000  0.000000e+000  0.000000e+000  0.000000e+000  0.000000e+000  0.000000e+000  0.000000e+000  0.000000e+000  0.000000e+000  0.000000e+000  0.000000e+000  0.000000e+000  0.000000e+000  0.000000e+000  0.000000e+000  
0.000000e+000  0.000000e+000  0.000000e+000  0.000000e+000  0.000000e+000  0.000000e+000  0.000000e+000  0.000000e+000  0.000000e+000  0.000000e+000  0.000000e+000  0.000000e+000  0.000000e+000  0.000000e+000  0.000000e+000  0.000000e+000  0.000000e+000  
0.000000e+000  0.000000e+000  0.000000e+000  0.000000e+000  0.000000e+000  0.000000e+000  0.000000e+000  0.000000e+000  0.000000e+000  0.000000e+000  0.000000e+000  0.000000e+000  0.000000e+000  0.000000e+000  0.000000e+000  0.000000e+000  0.000000e+000  
0.000000e+000  0.000000e+000  0.000000e+000  0.000000e+000  0.000000e+000  0.000000e+000  0.000000e+000  0.000000e+000  0.000000e+000  0.000000e+000  0.000000e+000  0.000000e+000  0.000000e+000  0.000000e+000  0.000000e+000  0.000000e+000  0.000000e+000  
0.000000e+000  0.000000e+000  0.000000e+000  0.000000e+000  0.000000e+000  0.000000e+000  0.000000e+000  0.000000e+000  0.000000e+000  0.000000e+000  0.000000e+000  0.000000e+000  0.000000e+000  0.000000e+000  0.000000e+000  0.000000e+000  0.000000e+000  
0.000000e+000  0.000000e+000  0.000000e+000  0.000000e+000  0.000000e+000  0.000000e+000  0.000000e+000  0.000000e+000  0.000000e+000  0.000000e+000  0.000000e+000  0.000000e+000  0.000000e+000  0.000000e+000  0.000000e+000  0.000000e+000  0.000000e+000  
0.000000e+000  0.000000e+000  0.000000e+000  0.000000e+000  0.000000e+000  0.000000e+000  0.000000e+000  0.000000e+000  0.000000e+000  0.000000e+000  0.000000e+000  0.000000e+000  0.000000e+000  0.000000e+000  0.000000e+000  0.000000e+000  0.000000e+000  
0.000000e+000  0.000000e+000  0.000000e+000  0.000000e+000  0.000000e+000  0.000000e+000  0.000000e+000  0.000000e+000  0.000000e+000  0.000000e+000  0.000000e+000  0.000000e+000  0.000000e+000  0.000000e+000  0.000000e+000  0.000000e+000  0.000000e+000  
0.000000e+000  0.000000e+000  0.000000e+000  0.000000e+000  0.000000e+000  0.000000e+000  0.000000e+000  0.000000e+000  0.000000e+000  0.000000e+000  0.000000e+000  0.000000e+000  0.000000e+000  0.000000e+000  0.000000e+000  0.000000e+000  0.000000e+000  
0.000000e+000  0.000000e+000  0.000000e+000  0.000000e+000  0.000000e+000  0.000000e+000  0.000000e+000  0.000000e+000  0.000000e+000  0.000000e+000  0.000000e+000  0.000000e+000  0.000000e+000  0.000000e+000  0.000000e+000  0.000000e+000  0.000000e+000  
0.000000e+000  0.000000e+000  0.000000e+000  0.000000e+000  0.000000e+000  0.000000e+000  0.000000e+000  0.000000e+000  0.000000e+000  0.000000e+000  0.000000e+000  0.000000e+000  0.000000e+000  0.000000e+000  0.000000e+000  0.000000e+000  0.000000e+000  
0.000000e+000  0.000000e+000  0.000000e+000  0.000000e+000  0.000000e+000  0.000000e+000  0.000000e+000  0.000000e+000  0.000000e+000  0.000000e+000  0.000000e+000  0.000000e+000  0.000000e+000  0.000000e+000  0.000000e+000  0.000000e+000  0.000000e+000  
0.000000e+000  0.000000e+000  0.000000e+000  0.000000e+000  0.000000e+000  0.000000e+000  0.000000e+000  0.000000e+000  0.000000e+000  0.000000e+000  0.000000e+000  0.000000e+000  0.000000e+000  0.000000e+000  0.000000e+000  0.000000e+000  0.000000e+000  
0.000000e+000  0.000000e+000  0.000000e+000  0.000000e+000  0.000000e+000  0.000000e+000  0.000000e+000  0.000000e+000  0.000000e+000  0.000000e+000  0.000000e+000  0.000000e+000  0.000000e+000  0.000000e+000  0.000000e+000  0.000000e+000  0.000000e+000  
0.000000e+000  0.000000e+000  0.000000e+000  0.000000e+000  0.000000e+000  0.000000e+000  0.000000e+000  0.000000e+000  0.000000e+000  0.000000e+000  0.000000e+000  0.000000e+000  0.000000e+000  0.000000e+000  0.000000e+000  0.000000e+000  0.000000e+000  
0.000000e+000  0.000000e+000  0.000000e+000  0.000000e+000  0.000000e+000  0.000000e+000  0.000000e+000  0.000000e+000  0.000000e+000  0.000000e+000  0.000000e+000  0.000000e+000  0.000000e+000  0.000000e+000  0.000000e+000  0.000000e+000  0.000000e+000  
0.000000e+000  0.000000e+000  0.000000e+000  0.000000e+000  0.000000e+000  0.000000e+000  0.000000e+000  0.000000e+000  0.000000e+000  0.000000e+000  0.000000e+000  0.000000e+000  0.000000e+000  0.000000e+000  0.000000e+000  0.000000e+000  0.000000e+000  
0.000000e+000  0.000000e+000  0.000000e+000  0.000000e+000  0.000000e+000  0.000000e+000  0.000000e+000  0.000000e+000  0.000000e+000  0.000000e+000  0.000000e+000  0.000000e+000  0.000000e+000  0.000000e+000  0.000000e+000  0.000000e+000  0.000000e+000  
0.000000e+000  0.000000e+000  0.000000e+000  0.000000e+000  0.000000e+000  0.000000e+000  0.000000e+000  0.000000e+000  0.000000e+000  0.000000e+000  0.000000e+000  0.000000e+000  0.000000e+000  0.000000e+000  0.000000e+000  0.000000e+000  0.000000e+000  
0.000000e+000  0.000000e+000  0.000000e+000  0.000000e+000  0.000000e+000  0.000000e+000  0.000000e+000  0.000000e+000  0.000000e+000  0.000000e+000  0.000000e+000  0.000000e+000  0.000000e+000  0.000000e+000  0.000000e+000  0.000000e+000  0.000000e+000  
0.000000e+000  0.000000e+000  0.000000e+000  0.000000e+000  0.000000e+000  0.000000e+000  0.000000e+000  0.000000e+000  0.000000e+000  0.000000e+000  0.000000e+000  0.000000e+000  0.000000e+000  0.000000e+000  0.000000e+000  0.000000e+000  0.000000e+000  
0.000000e+000  0.000000e+000  0.000000e+000  0.000000e+000  0.000000e+000  0.000000e+000  0.000000e+000  0.000000e+000  0.000000e+000  0.000000e+000  0.000000e+000  0.000000e+000  0.000000e+000  0.000000e+000  0.000000e+000  0.000000e+000  0.000000e+000  
0.000000e+000  0.000000e+000  0.000000e+000  0.000000e+000  0.000000e+000  0.000000e+000  0.000000e+000  0.000000e+000  0.000000e+000  0.000000e+000  0.000000e+000  0.000000e+000  0.000000e+000  0.000000e+000  0.000000e+000  0.000000e+000  0.000000e+000  
0.000000e+000  0.000000e+000  0.000000e+000  0.000000e+000  0.000000e+000  0.000000e+000  0.000000e+000  0.000000e+000  0.000000e+000  0.000000e+000  0.000000e+000  0.000000e+000  0.000000e+000  0.000000e+000  0.000000e+000  0.000000e+000  0.000000e+000  
0.000000e+000  0.000000e+000  0.000000e+000  0.000000e+000  0.000000e+000  0.000000e+000  0.000000e+000  0.000000e+000  0.000000e+000  0.000000e+000  0.000000e+000  0.000000e+000  0.000000e+000  0.000000e+000  0.000000e+000  0.000000e+000  0.000000e+000  
0.000000e+000  0.000000e+000  0.000000e+000  0.000000e+000  0.000000e+000  0.000000e+000  0.000000e+000  0.000000e+000  0.000000e+000  0.000000e+000  0.000000e+000  0.000000e+000  0.000000e+000  0.000000e+000  0.000000e+000  0.000000e+000  0.000000e+000  

-5.291723e+000  -5.291723e+000  -5.291723e+000  -5.291723e+000  0.000000e+000  0.000000e+000  0.000000e+000  0.000000e+000  -3.851466e-001  -3.845408e-001  -3.833413e-001  -3.787264e-001  -3.612008e-001  -3.376182e-001  -3.174708e-001  -3.061261e-001  0.000000e+000  
-5.289521e+000  -5.289521e+000  -5.289521e+000  -5.289521e+000  0.000000e+000  0.000000e+000  0.000000e+000  0.000000e+000  -3.856882e-001  -3.850752e-001  -3.838615e-001  -3.791927e-001  -3.614854e-001  -3.377091e-001  -3.174291e-001  -3.060207e-001  0.000000e+000  
-5.283406e+000  -5.283406e+000  -5.283406e+000  -5.283406e+000  0.000000e+000  0.000000e+000  0.000000e+000  0.000000e+000  -3.872000e-001  -3.865665e-001  -3.853127e-001  -3.804924e-001  -3.622760e-001  -3.379595e-001  -3.173107e-001  -3.057254e-001  0.000000e+000  
-5.273741e+000  -5.273741e+000  -5.273741e+000  -5.273741e+000  0.000000e+000  0.000000e+000  0.000000e+000  0.000000e+000  -3.896138e-001  -3.889471e-001  -3.876284e-001  -3.825624e-001  -3.635265e-001  -3.383484e-001  -3.171152e-001  -3.052506e-001  0.000000e+000  
-5.260533e+000  -5.260533e+000  -5.260533e+000  -5.260533e+000  0.000000e+000  0.000000e+000  0.000000e+000  0.000000e+000  -3.929626e-001  -3.922487e-001  -3.908374e-001  -3.854224e-001  -3.652368e-001  -3.388660e-001  -3.168311e-001  -3.045858e-001  0.000000e+000  
-5.243257e+000  -5.243258e+000  -5.243258e+000  -5.243258e+000  0.000000e+000  0.000000e+000  0.000000e+000  0.000000e+000  -3.974304e-001  -3.966512e-001  -3.951124e-001  -3.892170e-001  -3.674750e-001  -3.395182e-001  -3.164305e-001  -3.036886e-001  0.000000e+000  
-5.221466e+000  -5.221466e+000  -5.221466e+000  -5.221467e+000  0.000000e+000  0.000000e+000  0.000000e+000  0.000000e+000  -4.032185e-001  -4.023507e-001  -4.006390e-001  -3.940950e-001  -3.702989e-001  -3.402985e-001  -3.158760e-001  -3.025108e-001  0.000000e+000  
-5.195705e+000  -5.195706e+000  -5.195707e+000  -5.195707e+000  0.000000e+000  0.000000e+000  0.000000e+000  0.000000e+000  -4.102877e-001  -4.093054e-001  -4.073708e-001  -3.999928e-001  -3.736344e-001  -3.411580e-001  -3.151499e-001  -3.010528e-001  0.000000e+000  
-5.102496e+000  -5.102499e+000  -5.102503e+000  -5.102506e+000  0.000000e+000  0.000000e+000  0.000000e+000  0.000000e+000  -4.368839e-001  -4.354398e-001  -4.326093e-001  -4.218965e-001  -3.856728e-001  -3.439890e-001  -3.122197e-001  -2.955001e-001  0.000000e+000  
-4.837803e+000  -4.837865e+000  -4.837953e+000  -4.838015e+000  0.000000e+000  0.000000e+000  0.000000e+000  0.000000e+000  -5.349486e-001  -5.310047e-001  -5.234026e-001  -4.953816e-001  -4.184182e-001  -3.460152e-001  -2.977932e-001  -2.743012e-001  0.000000e+000  
-4.618363e+000  -4.619131e+000  -4.620231e+000  -4.621022e+000  0.000000e+000  0.000000e+000  0.000000e+000  0.000000e+000  -6.699604e-001  -6.595047e-001  -6.399714e-001  -5.710213e-001  -4.364692e-001  -3.357821e-001  -2.766643e-001  -2.496421e-001  0.000000e+000  
-4.544039e+000  -4.545523e+000  -4.547674e+000  -4.549238e+000  0.000000e+000  0.000000e+000  0.000000e+000  0.000000e+000  -7.245944e-001  -7.106057e-001  -6.849675e-001  -5.963267e-001  -4.407224e-001  -3.310947e-001  -2.688448e-001  -2.408842e-001  0.000000e+000  
-4.464583e+000  -4.467708e+000  -4.472323e+000  -4.475766e+000  0.000000e+000  0.000000e+000  0.000000e+000  0.000000e+000  -7.945904e-001  -7.745982e-001  -7.393640e-001  -6.221054e-001  -4.428977e-001  -3.247354e-001  -2.598420e-001  -2.311812e-001  0.000000e+000  
-4.405147e+000  -4.410671e+000  -4.419051e+000  -4.425551e+000  0.000000e+000  0.000000e+000  0.000000e+000  0.000000e+000  -8.577063e-001  -8.301365e-001  -7.842897e-001  -6.391794e-001  -4.424748e-001  -3.190362e-001  -2.527719e-001  -2.238284e-001  0.000000e+000  
-4.343093e+000  -4.351802e+000  -4.365344e+000  -4.376261e+000  0.000000e+000  0.000000e+000  0.000000e+000  0.000000e+000  -9.286760e-001  -8.909731e-001  -8.321679e-001  -6.555991e-001  -4.411788e-001  -3.127823e-001  -2.453429e-001  -2.161999e-001  0.000000e+000  
-4.239602e+000  -4.257350e+000  -4.286872e+000  -4.313643e+000  0.000000e+000  0.000000e+000  0.000000e+000  0.000000e+000  -1.072613e+000  -1.002589e+000  -9.119796e-001  -6.747538e-001  -4.353092e-001  -3.014172e-001  -2.331569e-001  -2.040808e-001  0.000000e+000  
-4.112677e+000  -4.146247e+000  -4.208254e+000  -4.278187e+000  0.000000e+000  0.000000e+000  0.000000e+000  0.000000e+000  -1.291554e+000  -1.136888e+000  -9.930016e-001  -6.847251e-001  -4.245393e-001  -2.875770e-001  -2.195423e-001  -1.909302e-001  0.000000e+000  
-3.965445e+000  -4.017947e+000  -4.128756e+000  -4.308204e+000  -4.160303e+000  -3.509278e+000  -2.845944e+000  -2.175766e+000  -1.573493e+000  -1.245346e+000  -1.040942e+000  -6.804316e-001  -4.101045e-001  -2.731691e-001  -2.063598e-001  -1.785274e-001  0.000000e+000  
-3.803939e+000  -3.868932e+000  -4.014911e+000  -4.277361e+000  -4.179262e+000  -3.518975e+000  -2.851798e+000  -2.198437e+000  -1.622953e+000  -1.265381e+000  -1.043228e+000  -6.658655e-001  -3.942421e-001  -2.593066e-001  -1.942478e-001  -1.673322e-001  0.000000e+000  
-3.599202e+000  -3.666421e+000  -3.824798e+000  -4.162521e+000  -4.247278e+000  -3.534906e+000  -2.850290e+000  -2.165626e+000  -1.537392e+000  -1.205558e+000  -1.000000e+000  -6.395343e-001  -3.748014e-001  -2.439299e-001  -1.813367e-001  -1.555888e-001  0.000000e+000  
-3.337431e+000  -3.390872e+000  -3.502933e+000  -3.672349e+000  0.000000e+000  0.000000e+000  0.000000e+000  0.000000e+000  -1.237218e+000  -1.064565e+000  -9.131116e-001  -6.002572e-001  -3.507056e-001  -2.262257e-001  -1.669659e-001  -1.427051e-001  0.000000e+000  
-3.020074e+000  -3.055042e+000  -3.119502e+000  -3.190270e+000  0.000000e+000  0.000000e+000  0.000000e+000  0.000000e+000  -9.878151e-001  -9.022736e-001  -7.999997e-001  -5.482378e-001  -3.214918e-001  -2.059584e-001  -1.510164e-001  -1.286047e-001  0.000000e+000  
-2.674065e+000  -2.694783e+000  -2.729564e+000  -2.761333e+000  0.000000e+000  0.000000e+000  0.000000e+000  0.000000e+000  -8.005726e-001  -7.525863e-001  -6.832594e-001  -4.884684e-001  -2.887414e-001  -1.840906e-001  -1.342329e-001  -1.139453e-001  0.000000e+000  
-2.310622e+000  -2.322232e+000  -2.340537e+000  -2.355561e+000  0.000000e+000  0.000000e+000  0.000000e+000  0.000000e+000  -6.483548e-001  -6.187240e-001  -5.708051e-001  -4.236406e-001  -2.529615e-001  -1.607741e-001  -1.166895e-001  -9.877810e-002  0.000000e+000  
-1.936984e+000  -1.943289e+000  -1.952833e+000  -1.960197e+000  0.000000e+000  0.000000e+000  0.000000e+000  0.000000e+000  -5.178610e-001  -4.984068e-001  -4.648299e-001  -3.557565e-001  -2.146755e-001  -1.361852e-001  -9.847212e-002  -8.316157e-002  0.000000e+000  
-1.531580e+000  -1.534748e+000  -1.539414e+000  -1.542879e+000  0.000000e+000  0.000000e+000  0.000000e+000  0.000000e+000  -3.937669e-001  -3.810730e-001  -3.582766e-001  -2.814277e-001  -1.716397e-001  -1.087675e-001  -7.839546e-002  -6.606912e-002  0.000000e+000  
-1.096101e+000  -1.097600e+000  -1.099772e+000  -1.101351e+000  0.000000e+000  0.000000e+000  0.000000e+000  0.000000e+000  -2.738636e-001  -2.659439e-001  -2.514084e-001  -2.013282e-001  -1.239142e-001  -7.848980e-002  -5.643557e-002  -4.748477e-002  0.000000e+000  
-6.583862e-001  -6.590428e-001  -6.599852e-001  -6.606627e-001  0.000000e+000  0.000000e+000  0.000000e+000  0.000000e+000  -1.615396e-001  -1.571763e-001  -1.490794e-001  -1.208542e-001  -7.486138e-002  -4.741414e-002  -3.403835e-002  -2.860892e-002  0.000000e+000  
-2.195726e-001  -2.197565e-001  -2.200194e-001  -2.202075e-001  0.000000e+000  0.000000e+000  0.000000e+000  0.000000e+000  -5.339999e-002  -5.200458e-002  -4.940310e-002  -4.028802e-002  -2.503794e-002  -1.585815e-002  -1.137577e-002  -9.556085e-003  0.000000e+000  
2.195726e-001  2.197565e-001  2.200194e-001  2.202075e-001  0.000000e+000  0.000000e+000  0.000000e+000  0.000000e+000  5.339999e-002  5.200458e-002  4.940310e-002  4.028802e-002  2.503794e-002  1.585815e-002  1.137577e-002  9.556085e-003  0.000000e+000  
6.583862e-001  6.590428e-001  6.599852e-001  6.606627e-001  0.000000e+000  0.000000e+000  0.000000e+000  0.000000e+000  1.615396e-001  1.571763e-001  1.490794e-001  1.208542e-001  7.486138e-002  4.741414e-002  3.403835e-002  2.860892e-002  0.000000e+000  
1.096101e+000  1.097600e+000  1.099772e+000  1.101351e+000  0.000000e+000  0.000000e+000  0.000000e+000  0.000000e+000  2.738636e-001  2.659439e-001  2.514084e-001  2.013282e-001  1.239142e-001  7.848980e-002  5.643557e-002  4.748477e-002  0.000000e+000  
1.531580e+000  1.534748e+000  1.539414e+000  1.542879e+000  0.000000e+000  0.000000e+000  0.000000e+000  0.000000e+000  3.937669e-001  3.810730e-001  3.582766e-001  2.814277e-001  1.716397e-001  1.087675e-001  7.839546e-002  6.606912e-002  0.000000e+000  
1.936984e+000  1.943289e+000  1.952833e+000  1.960197e+000  0.000000e+000  0.000000e+000  0.000000e+000  0.000000e+000  5.178610e-001  4.984068e-001  4.648299e-001  3.557565e-001  2.146755e-001  1.361852e-001  9.847212e-002  8.316157e-002  0.000000e+000  
2.310622e+000  2.322232e+000  2.340537e+000  2.355561e+000  0.000000e+000  0.000000e+000  0.000000e+000  0.000000e+000  6.483548e-001  6.187240e-001  5.708051e-001  4.236406e-001  2.529615e-001  1.607741e-001  1.166895e-001  9.877810e-002  0.000000e+000  
2.674065e+000  2.694783e+000  2.729564e+000  2.761333e+000  0.000000e+000  0.000000e+000  0.000000e+000  0.000000e+000  8.005726e-001  7.525863e-001  6.832594e-001  4.884684e-001  2.887414e-001  1.840906e-001  1.342329e-001  1.139453e-001  0.000000e+000  
3.020074e+000  3.055042e+000  3.119502e+000  3.190270e+000  0.000000e+000  0.000000e+000  0.000000e+000  0.000000e+000  9.878151e-001  9.022736e-001  7.999997e-001  5.482378e-001  3.214918e-001  2.059584e-001  1.510164e-001  1.286047e-001  0.000000e+000  
3.337431e+000  3.390872e+000  3.502933e+000  3.672349e+000  0.000000e+000  0.000000e+000  0.000000e+000  0.000000e+000  1.237218e+000  1.064565e+000  9.131116e-001  6.002572e-001  3.507056e-001  2.262257e-001  1.669659e-001  1.427051e-001  0.000000e+000  
3.599202e+000  3.666421e+000  3.824798e+000  4.162521e+000  4.247278e+000  3.534906e+000  2.850290e+000  2.165626e+000  1.537392e+000  1.205558e+000  1.000000e+000  6.395343e-001  3.748014e-001  2.439299e-001  1.813367e-001  1.555888e-001  0.000000e+000  
3.803939e+000  3.868932e+000  4.014911e+000  4.277361e+000  4.179262e+000  3.518975e+000  2.851798e+000  2.198437e+000  1.622953e+000  1.265381e+000  1.043228e+000  6.658655e-001  3.942421e-001  2.593066e-001  1.942478e-001  1.673322e-001  0.000000e+000  
3.965445e+000  4.017947e+000  4.128756e+000  4.308204e+000  4.160303e+000  3.509278e+000  2.845944e+000  2.175766e+000  1.573493e+000  1.245346e+000  1.040942e+000  6.804316e-001  4.101045e-001  2.731691e-001  2.063598e-001  1.785274e-001  0.000000e+000  
4.112677e+000  4.146247e+000  4.208254e+000  4.278187e+000  0.000000e+000  0.000000e+000  0.000000e+000  0.000000e+000  1.291554e+000  1.136888e+000  9.930016e-001  6.847251e-001  4.245393e-001  2.875770e-001  2.195423e-001  1.909302e-001  0.000000e+000  
4.239602e+000  4.257350e+000  4.286872e+000  4.313643e+000  0.000000e+000  0.000000e+000  0.000000e+000  0.000000e+000  1.072613e+000  1.002589e+000  9.119796e-001  6.747538e-001  4.353092e-001  3.014172e-001  2.331569e-001  2.040808e-001  0.000000e+000  
4.343093e+000  4.351802e+000  4.365344e+000  4.376261e+000  0.000000e+000  0.000000e+000  0.000000e+000  0.000000e+000  9.286760e-001  8.909731e-001  8.321679e-001  6.555991e-001  4.411788e-001  3.127823e-001  2.453429e-001  2.161999e-001  0.000000e+000  
4.405147e+000  4.410671e+000  4.419051e+000  4.425551e+000  0.000000e+000  0.000000e+000  0.000000e+000  0.000000e+000  8.577063e-001  8.301365e-001  7.842897e-001  6.391794e-001  4.424748e-001  3.190362e-001  2.527719e-001  2.238284e-001  0.000000e+000  
4.464583e+000  4.467708e+000  4.472323e+000  4.475766e+000  0.000000e+000  0.000000e+000  0.000000e+000  0.000000e+000  7.945904e-001  7.745982e-001  7.393640e-001  6.221054e-001  4.428977e-001  3.247354e-001  2.598420e-001  2.311812e-001  0.000000e+000  
4.544039e+000  4.545523e+000  4.547674e+000  4.549238e+000  0.000000e+000  0.000000e+000  0.000000e+000  0.000000e+000  7.245944e-001  7.106057e-001  6.849675e-001  5.963267e-001  4.407224e-001  3.310947e-001  2.688448e-001  2.408842e-001  0.000000e+000  
4.618363e+000  4.619131e+000  4.620231e+000  4.621022e+000  0.000000e+000  0.000000e+000  0.000000e+000  0.000000e+000  6.699604e-001  6.595047e-001  6.399714e-001  5.710213e-001  4.364692e-001  3.357821e-001  2.766643e-001  2.496421e-001  0.000000e+000  
4.837803e+000  4.837865e+000  4.837953e+000  4.838015e+000  0.000000e+000  0.000000e+000  0.000000e+000  0.000000e+000  5.349486e-001  5.310047e-001  5.234026e-001  4.953816e-001  4.184182e-001  3.460152e-001  2.977932e-001  2.743012e-001  0.000000e+000  
5.102496e+000  5.102499e+000  5.102503e+000  5.102506e+000  0.000000e+000  0.000000e+000  0.000000e+000  0.000000e+000  4.368839e-001  4.354398e-001  4.326093e-001  4.218965e-001  3.856728e-001  3.439890e-001  3.122197e-001  2.955001e-001  0.000000e+000  
5.195705e+000  5.195706e+000  5.195707e+000  5.195707e+000  0.000000e+000  0.000000e+000  0.000000e+000  0.000000e+000  4.102877e-001  4.093054e-001  4.073708e-001  3.999928e-001  3.736344e-001  3.411580e-001  3.151499e-001  3.010528e-001  0.000000e+000  
5.221466e+000  5.221466e+000  5.221466e+000  5.221467e+000  0.000000e+000  0.000000e+000  0.000000e+000  0.000000e+000  4.032185e-001  4.023507e-001  4.006390e-001  3.940950e-001  3.702989e-001  3.402985e-001  3.158760e-001  3.025108e-001  0.000000e+000  
5.243257e+000  5.243258e+000  5.243258e+000  5.243258e+000  0.000000e+000  0.000000e+000  0.000000e+000  0.000000e+000  3.974304e-001  3.966512e-001  3.951124e-001  3.892170e-001  3.674750e-001  3.395182e-001  3.164305e-001  3.036886e-001  0.000000e+000  
5.260533e+000  5.260533e+000  5.260533e+000  5.260533e+000  0.000000e+000  0.000000e+000  0.000000e+000  0.000000e+000  3.929626e-001  3.922487e-001  3.908374e-001  3.854224e-001  3.652368e-001  3.388660e-001  3.168311e-001  3.045858e-001  0.000000e+000  
5.273741e+000  5.273741e+000  5.273741e+000  5.273741e+000  0.000000e+000  0.000000e+000  0.000000e+000  0.000000e+000  3.896138e-001  3.889471e-001  3.876284e-001  3.825624e-001  3.635265e-001  3.383484e-001  3.171152e-001  3.052506e-001  0.000000e+000  
5.283406e+000  5.283406e+000  5.283406e+000  5.283406e+000  0.000000e+000  0.000000e+000  0.000000e+000  0.000000e+000  3.871999e-001  3.865665e-001  3.853127e-001  3.804924e-001  3.622760e-001  3.379595e-001  3.173107e-001  3.057254e-001  0.000000e+000  
5.289521e+000  5.289521e+000  5.289521e+000  5.289521e+000  0.000000e+000  0.000000e+000  0.000000e+000  0.000000e+000  3.856882e-001  3.850752e-001  3.838615e-001  3.791927e-001  3.614854e-001  3.377091e-001  3.174291e-001  3.060207e-001  0.000000e+000  
5.291723e+000  5.291723e+000  5.291723e+000  5.291723e+000  0.000000e+000  0.000000e+000  0.000000e+000  0.000000e+000  3.851466e-001  3.845408e-001  3.833413e-001  3.787264e-001  3.612008e-001  3.376182e-001  3.174708e-001  3.061261e-001  0.000000e+000  
0.000000e+000  0.000000e+000  0.000000e+000  0.000000e+000  0.000000e+000  0.000000e+000  0.000000e+000  0.000000e+000  0.000000e+000  0.000000e+000  0.000000e+000  0.000000e+000  0.000000e+000  0.000000e+000  0.000000e+000  0.000000e+000  0.000000e+000  

